SLURM job running in:  /work-zfs/lhc/heshy/JHUGen/xsecs/JHUGen_interference/JHUGenerator
  ****************************************
 
       NNPDFDriver version 1.0.3
   Grid: ./pdfs/NNPDF30_lo_as_0130.LHgrid                                                                    
  ****************************************
 
                                                                                          
   ***************************************************************************************
   *                                JHU Generator v6.9.9                                 *
   ***************************************************************************************
   *                                                                                     *
   *   Spin and parity determination of single-produced resonances at hadron colliders   *
   *                                                                                     *
   *          I. Anderson, S. Bolognesi, F. Caola, Y. Gao, A. Gritsan, Z. Guo,           *
   *        C. Martin, K. Melnikov, R.Rontsch, H. Roskes, U. Sarica, M. Schulze,         *
   *                   N. Tran, A. Whitbeck, M. Xiao, C. You, Y. Zhou                    *
   *                Phys.Rev. D81 (2010) 075022;  arXiv:1001.3396 [hep-ph],              *
   *                Phys.Rev. D86 (2012) 095031;  arXiv:1208.4018 [hep-ph],              *
   *                Phys.Rev. D89 (2014) 035007;  arXiv:1309.4819 [hep-ph].              *
   *                                                                                     *
   ***************************************************************************************
                                                                                          
   
   Command line: ./JHUGen Unweighted=0 VegasNc0=99999999 VegasNc1=99999999 VegasNc2=99999999 PDFSet=3 Interf=0 ghz1=0,0 ghz4=1,0
   
   Input Parameter:
    Collider: P-P, sqrt(s)=13000.00
    Resonance: spin=0, mass= 125.00 width=   0.00407
    DecayMode1: 0  DecayMode2: 0
    Z-boson: mass=91.188, width=2.4952
    Random seed:   936105139
    To reproduce results using this seed, JHUGen should be compiled with the same compiler:
      GNU Fortran (GCC) 4.9.3
    
    OffXVV: TTT
    WidthScheme:   2
    PChannel: 0
    PDFSet:   3
    Unweighted: F
    Interference: F
    Intermediate off-shell photons: F
    
    spin-0-VV couplings: 
      generate_as=F
      ghg2=  0.10000000E+01  0.00000000E+00i
      ghg3=  0.00000000E+00  0.00000000E+00i
      ghg4=  0.00000000E+00  0.00000000E+00i
      ghz1=  0.00000000E+00  0.00000000E+00i
      ghz2=  0.00000000E+00  0.00000000E+00i
      ghz3=  0.00000000E+00  0.00000000E+00i
      ghz4=  0.10000000E+01  0.00000000E+00i
      Lambda=  1000.0
    
    LHE output: ./data/output.lhe
    Histogram output: ./data/output.dat
    Log file: ./data/output.log
    
  Running

  Input parameters for vegas:  ndim= 11   ncall= 97656250.
                              it=    0    itmx=    5
                              acc=-1.00    
                              mds=  1     nd=  50
                              (xl,xu)= (  0.00000     ,  1.00000     )
                                       (  0.00000     ,  1.00000     )
                                       (  0.00000     ,  1.00000     )
                                       (  0.00000     ,  1.00000     )
                                       (  0.00000     ,  1.00000     )
                                       (  0.00000     ,  1.00000     )
                                       (  0.00000     ,  1.00000     )
                                       (  0.00000     ,  1.00000     )
                                       (  0.00000     ,  1.00000     )
                                       (  0.00000     ,  1.00000     )
                                       (  0.00000     ,  1.00000     )

#********** Integration by Vegas (iteration       1) ************
#                                                               *
#  integral  =  1.0784643       accum. integral =  1.0784643    *
#  std. dev. = 0.92251258E-02   accum. std. dev = 0.92251258E-02*
#   min/max. wt. =    0.00000            0.214236E-02           *
#                                                               *
#*************   chi**2/iteration =  0.000       ****************


#********** Integration by Vegas (iteration       2) ************
#                                                               *
#  integral  =  1.0955295       accum. integral =  1.0954531    *
#  std. dev. = 0.62834354E-03   accum. std. dev = 0.62207205E-03*
#   min/max. wt. =    0.00000            0.111113E-04           *
#                                                               *
#*************   chi**2/iteration =  3.350       ****************


#********** Integration by Vegas (iteration       3) ************
#                                                               *
#  integral  =  1.0955997       accum. integral =  1.0955963    *
#  std. dev. = 0.96445581E-04   accum. std. dev = 0.94827957E-04*
#   min/max. wt. =    0.00000            0.237977E-06           *
#                                                               *
#*************   chi**2/iteration =  1.694       ****************


#********** Integration by Vegas (iteration       4) ************
#                                                               *
#  integral  =  1.0954637       accum. integral =  1.0955048    *
#  std. dev. = 0.63921060E-04   accum. std. dev = 0.52885513E-04*
#   min/max. wt. =    0.00000            0.204151E-06           *
#                                                               *
#*************   chi**2/iteration =  1.575       ****************


#********** Integration by Vegas (iteration       5) ************
#                                                               *
#  integral  =  1.0954915       accum. integral =  1.0954989    *
#  std. dev. = 0.59633094E-04   accum. std. dev = 0.39530622E-04*
#   min/max. wt. =    0.00000            0.274573E-06           *
#                                                               *
#*************   chi**2/iteration =  1.186       ****************

 ****************************************************
 * Writing out vegas grid to ./data/output.grid                                                      
 ****************************************************

  Input parameters for vegas:  ndim= 11   ncall= 97656250.
                              it=    0    itmx=    2
                              acc=-1.00    
                              mds=  1     nd=  50
                              (xl,xu)= (  0.00000     ,  1.00000     )
                                       (  0.00000     ,  1.00000     )
                                       (  0.00000     ,  1.00000     )
                                       (  0.00000     ,  1.00000     )
                                       (  0.00000     ,  1.00000     )
                                       (  0.00000     ,  1.00000     )
                                       (  0.00000     ,  1.00000     )
                                       (  0.00000     ,  1.00000     )
                                       (  0.00000     ,  1.00000     )
                                       (  0.00000     ,  1.00000     )
                                       (  0.00000     ,  1.00000     )

#********** Integration by Vegas (iteration       1) ************
#                                                               *
#  integral  =  1.0954935       accum. integral =  1.0954935    *
#  std. dev. = 0.60987691E-04   accum. std. dev = 0.60987691E-04*
#   min/max. wt. =    0.00000            0.293266E-06           *
#                                                               *
#*************   chi**2/iteration =  0.000       ****************


#********** Integration by Vegas (iteration       2) ************
#                                                               *
#  integral  =  1.0953621       accum. integral =  1.0954288    *
#  std. dev. = 0.61900612E-04   accum. std. dev = 0.43443941E-04*
#   min/max. wt. =    0.00000            0.310737E-06           *
#                                                               *
#*************   chi**2/iteration =  2.285       ****************

 Done
