SLURM job running in:  /tmp/tmp.Y2kCCs9MJf
  ****************************************
 
       NNPDFDriver version 1.0.3
   Grid: ./pdfs/NNPDF30_lo_as_0130.LHgrid                                                                    
  ****************************************
 
  
  ***************************************************************************************
  *                                JHU Generator v7.0.2                                 *
  ***************************************************************************************
  *                                                                                     *
  *   Spin and parity determination of single-produced resonances at hadron colliders   *
  *                                                                                     *
  *          I. Anderson, S. Bolognesi, F. Caola, Y. Gao, A. Gritsan, Z. Guo,           *
  *        C. Martin, K. Melnikov, R. Rontsch, H. Roskes, U. Sarica, M. Schulze,        *
  *                   N. Tran, A. Whitbeck, M. Xiao, C. You, Y. Zhou                    *
  *              Phys.Rev. D81 (2010) 075022;  arXiv:1001.3396  [hep-ph],               *
  *              Phys.Rev. D86 (2012) 095031;  arXiv:1208.4018  [hep-ph],               *
  *              Phys.Rev. D89 (2014) 035007;  arXiv:1309.4819  [hep-ph],               *
  *              Phys.Rev. D94 (2016) 055023;  arXiv:1606.03107 [hep-ph].               *
  *                                                                                     *
  ***************************************************************************************
  
   
   Command line: /work-zfs/lhc/heshy/JHUGen/xsecs/JHUGen_interference/JHUGenerator/xsecs/../JHUGen Unweighted=0 VegasNc0=99999999 VegasNc1=99999999 VegasNc2=99999999 PDFSet=3 Interf=0 ghz1=0,0 ghz1_prime2=-12110.2,0 ghz1_prime2=-12110.2,0
   
   Input Parameter:
    Collider: P-P, sqrt(s)=13000.00
    Resonance: spin=0, mass= 125.00 width=   0.00407
    DecayMode1: 0  DecayMode2: 0
    Z-boson: mass=91.188, width=2.4952
    Random seed:   481232623
    To reproduce results using this seed, JHUGen should be compiled with the same compiler:
      GNU Fortran (GCC) 4.9.3
    
    OffXVV: TTT
    WidthScheme:   2
    PChannel: 0
    PDFSet:   3
    Unweighted: F
    Interference: F
    Intermediate off-shell photons: F
    
    spin-0-VV couplings: 
      generate_as=F
      ghg2=  0.10000000E+01  0.00000000E+00i
      ghz1_prime2= -0.12110200E+05  0.00000000E+00i,    Lambda_z1=  1.0000E+04
      Lambda=  1000.0
    
    LHE output: ./data/output.lhe
    Histogram output: ./data/output.dat
    Log file: ./data/output.log
    
  Running

  Input parameters for vegas:  ndim= 11   ncall= 99999999.
                              it=    0    itmx=    5
                              acc=-1.00    
                              mds=  0     nd=  50
                              (xl,xu)= (  0.00000     ,  1.00000     )
                                       (  0.00000     ,  1.00000     )
                                       (  0.00000     ,  1.00000     )
                                       (  0.00000     ,  1.00000     )
                                       (  0.00000     ,  1.00000     )
                                       (  0.00000     ,  1.00000     )
                                       (  0.00000     ,  1.00000     )
                                       (  0.00000     ,  1.00000     )
                                       (  0.00000     ,  1.00000     )
                                       (  0.00000     ,  1.00000     )
                                       (  0.00000     ,  1.00000     )

#********** Integration by Vegas (iteration       1) ************
#                                                               *
#  integral  =  7.1461424       accum. integral =  7.1461424    *
#  std. dev. = 0.58010017E-01   accum. std. dev = 0.58010017E-01*
#   min/max. wt. =    0.00000            0.523883E-02           *
#                                                               *
#*************   chi**2/iteration =  0.000       ****************


#********** Integration by Vegas (iteration       2) ************
#                                                               *
#  integral  =  7.1526573       accum. integral =  7.1526240    *
#  std. dev. = 0.41622763E-02   accum. std. dev = 0.41497324E-02*
#   min/max. wt. =    0.00000            0.371464E-04           *
#                                                               *
#*************   chi**2/iteration = 0.1252E-01   ****************


#********** Integration by Vegas (iteration       3) ************
#                                                               *
#  integral  =  7.1482127       accum. integral =  7.1483605    *
#  std. dev. = 0.77252587E-03   accum. std. dev = 0.75955742E-03*
#   min/max. wt. =    0.00000            0.879644E-06           *
#                                                               *
#*************   chi**2/iteration = 0.5521       ****************


#********** Integration by Vegas (iteration       4) ************
#                                                               *
#  integral  =  7.1503756       accum. integral =  7.1499118    *
#  std. dev. = 0.41536458E-03   accum. std. dev = 0.36439629E-03*
#   min/max. wt. =    0.00000            0.746516E-06           *
#                                                               *
#*************   chi**2/iteration =  2.173       ****************


#********** Integration by Vegas (iteration       5) ************
#                                                               *
#  integral  =  7.1503743       accum. integral =  7.1501402    *
#  std. dev. = 0.36908826E-03   accum. std. dev = 0.25929910E-03*
#   min/max. wt. =    0.00000            0.142881E-05           *
#                                                               *
#*************   chi**2/iteration =  1.829       ****************

At line 280 of file /home-2/jroskes1@jhu.edu/work-zfs/heshy/JHUGen/xsecs/JHUGen_interference/JHUGenerator/vegas/vegas.f (unit = 11, file = '')
Fortran runtime error: File './data/output.grid' does not exist
