SLURM job running in:  /tmp/tmp.EH4ZPSg3SG
  ****************************************
 
       NNPDFDriver version 1.0.3
   Grid: ./pdfs/NNPDF30_lo_as_0130.LHgrid                                                                    
  ****************************************
 
  
  ***************************************************************************************
  *                                JHU Generator v7.0.2                                 *
  ***************************************************************************************
  *                                                                                     *
  *   Spin and parity determination of single-produced resonances at hadron colliders   *
  *                                                                                     *
  *          I. Anderson, S. Bolognesi, F. Caola, Y. Gao, A. Gritsan, Z. Guo,           *
  *        C. Martin, K. Melnikov, R. Rontsch, H. Roskes, U. Sarica, M. Schulze,        *
  *                   N. Tran, A. Whitbeck, M. Xiao, C. You, Y. Zhou                    *
  *              Phys.Rev. D81 (2010) 075022;  arXiv:1001.3396  [hep-ph],               *
  *              Phys.Rev. D86 (2012) 095031;  arXiv:1208.4018  [hep-ph],               *
  *              Phys.Rev. D89 (2014) 035007;  arXiv:1309.4819  [hep-ph],               *
  *              Phys.Rev. D94 (2016) 055023;  arXiv:1606.03107 [hep-ph].               *
  *                                                                                     *
  ***************************************************************************************
  
   
   Command line: ./JHUGen Unweighted=0 VegasNc0=99999999 VegasNc1=99999999 VegasNc2=99999999 PDFSet=3 Interf=0 ghz1=0,0 ghz2=1.663195,0 ghz1_prime2=-12110.2,0
   
   Input Parameter:
    Collider: P-P, sqrt(s)=13000.00
    Resonance: spin=0, mass= 125.00 width=   0.00407
    DecayMode1: 0  DecayMode2: 0
    Z-boson: mass=91.188, width=2.4952
    Random seed:   668932942
    To reproduce results using this seed, JHUGen should be compiled with the same compiler:
      GNU Fortran (GCC) 4.9.3
    
    OffXVV: TTT
    WidthScheme:   2
    PChannel: 0
    PDFSet:   3
    Unweighted: F
    Interference: F
    Intermediate off-shell photons: F
    
    spin-0-VV couplings: 
      generate_as=F
      ghg2=  0.10000000E+01  0.00000000E+00i
      ghz2=  0.16631950E+01  0.00000000E+00i
      ghz1_prime2= -0.12110200E+05  0.00000000E+00i,    Lambda_z1=  1.0000E+04
      Lambda=  1000.0
    
    LHE output: ./data/output.lhe
    Histogram output: ./data/output.dat
    Log file: ./data/output.log
    
  Running

  Input parameters for vegas:  ndim= 11   ncall= 99999999.
                              it=    0    itmx=    5
                              acc=-1.00    
                              mds=  0     nd=  50
                              (xl,xu)= (  0.00000     ,  1.00000     )
                                       (  0.00000     ,  1.00000     )
                                       (  0.00000     ,  1.00000     )
                                       (  0.00000     ,  1.00000     )
                                       (  0.00000     ,  1.00000     )
                                       (  0.00000     ,  1.00000     )
                                       (  0.00000     ,  1.00000     )
                                       (  0.00000     ,  1.00000     )
                                       (  0.00000     ,  1.00000     )
                                       (  0.00000     ,  1.00000     )
                                       (  0.00000     ,  1.00000     )

#********** Integration by Vegas (iteration       1) ************
#                                                               *
#  integral  =  2.3312461       accum. integral =  2.3312461    *
#  std. dev. = 0.26491381E-01   accum. std. dev = 0.26491381E-01*
#   min/max. wt. =    0.00000            0.590311E-02           *
#                                                               *
#*************   chi**2/iteration =  0.000       ****************


#********** Integration by Vegas (iteration       2) ************
#                                                               *
#  integral  =  2.3318007       accum. integral =  2.3317978    *
#  std. dev. = 0.19246697E-02   accum. std. dev = 0.19193842E-02*
#   min/max. wt. =    0.00000            0.601654E-04           *
#                                                               *
#*************   chi**2/iteration = 0.4355E-03   ****************


#********** Integration by Vegas (iteration       3) ************
#                                                               *
#  integral  =  2.3306839       accum. integral =  2.3307270    *
#  std. dev. = 0.38513180E-03   accum. std. dev = 0.37769066E-03*
#   min/max. wt. =    0.00000            0.113653E-05           *
#                                                               *
#*************   chi**2/iteration = 0.1621       ****************


#********** Integration by Vegas (iteration       4) ************
#                                                               *
#  integral  =  2.3307998       accum. integral =  2.3307812    *
#  std. dev. = 0.22154829E-03   accum. std. dev = 0.19111557E-03*
#   min/max. wt. =    0.00000            0.758186E-06           *
#                                                               *
#*************   chi**2/iteration = 0.1173       ****************


#********** Integration by Vegas (iteration       5) ************
#                                                               *
#  integral  =  2.3309806       accum. integral =  2.3308749    *
#  std. dev. = 0.20286833E-03   accum. std. dev = 0.13911096E-03*
#   min/max. wt. =    0.00000            0.736891E-06           *
#                                                               *
#*************   chi**2/iteration = 0.2160       ****************

 ****************************************************
 * Writing out vegas grid to ./data/output.grid                                                      
 ****************************************************

  Input parameters for vegas:  ndim= 11   ncall= 99999999.
                              it=    0    itmx=    2
                              acc=-1.00    
                              mds=  0     nd=  50
                              (xl,xu)= (  0.00000     ,  1.00000     )
                                       (  0.00000     ,  1.00000     )
                                       (  0.00000     ,  1.00000     )
                                       (  0.00000     ,  1.00000     )
                                       (  0.00000     ,  1.00000     )
                                       (  0.00000     ,  1.00000     )
                                       (  0.00000     ,  1.00000     )
                                       (  0.00000     ,  1.00000     )
                                       (  0.00000     ,  1.00000     )
                                       (  0.00000     ,  1.00000     )
                                       (  0.00000     ,  1.00000     )

#********** Integration by Vegas (iteration       1) ************
#                                                               *
#  integral  =  2.3309251       accum. integral =  2.3309251    *
#  std. dev. = 0.19965728E-03   accum. std. dev = 0.19965728E-03*
#   min/max. wt. =    0.00000            0.738580E-06           *
#                                                               *
#*************   chi**2/iteration =  0.000       ****************


#********** Integration by Vegas (iteration       2) ************
#                                                               *
#  integral  =  2.3307382       accum. integral =  2.3308315    *
#  std. dev. = 0.19931013E-03   accum. std. dev = 0.14105613E-03*
#   min/max. wt. =    0.00000            0.700736E-06           *
#                                                               *
#*************   chi**2/iteration = 0.4383       ****************

 Done
