SLURM job running in:  /tmp/tmp.NefHWNXijA
  ****************************************
 
       NNPDFDriver version 1.0.3
   Grid: ./pdfs/NNPDF30_lo_as_0130.LHgrid                                                                    
  ****************************************
 
  
  ***************************************************************************************
  *                                JHU Generator v7.0.2                                 *
  ***************************************************************************************
  *                                                                                     *
  *   Spin and parity determination of single-produced resonances at hadron colliders   *
  *                                                                                     *
  *          I. Anderson, S. Bolognesi, F. Caola, Y. Gao, A. Gritsan, Z. Guo,           *
  *        C. Martin, K. Melnikov, R. Rontsch, H. Roskes, U. Sarica, M. Schulze,        *
  *                   N. Tran, A. Whitbeck, M. Xiao, C. You, Y. Zhou                    *
  *              Phys.Rev. D81 (2010) 075022;  arXiv:1001.3396  [hep-ph],               *
  *              Phys.Rev. D86 (2012) 095031;  arXiv:1208.4018  [hep-ph],               *
  *              Phys.Rev. D89 (2014) 035007;  arXiv:1309.4819  [hep-ph],               *
  *              Phys.Rev. D94 (2016) 055023;  arXiv:1606.03107 [hep-ph].               *
  *                                                                                     *
  ***************************************************************************************
  
   
   Command line: ./JHUGen Unweighted=0 VegasNc0=99999999 VegasNc1=99999999 VegasNc2=99999999 PDFSet=3 Interf=0 ghz1=1,0
   
   Input Parameter:
    Collider: P-P, sqrt(s)=13000.00
    Resonance: spin=0, mass= 125.00 width=   0.00407
    DecayMode1: 0  DecayMode2: 0
    Z-boson: mass=91.188, width=2.4952
    Random seed:   965798927
    To reproduce results using this seed, JHUGen should be compiled with the same compiler:
      GNU Fortran (GCC) 4.9.3
    
    OffXVV: TTT
    WidthScheme:   2
    PChannel: 0
    PDFSet:   3
    Unweighted: F
    Interference: F
    Intermediate off-shell photons: F
    
    spin-0-VV couplings: 
      generate_as=F
      ghg2=  0.10000000E+01  0.00000000E+00i
      ghz1=  0.10000000E+01  0.00000000E+00i
      Lambda=  1000.0
    
    LHE output: ./data/output.lhe
    Histogram output: ./data/output.dat
    Log file: ./data/output.log
    
  Running

  Input parameters for vegas:  ndim= 11   ncall= 99999999.
                              it=    0    itmx=    5
                              acc=-1.00    
                              mds=  0     nd=  50
                              (xl,xu)= (  0.00000     ,  1.00000     )
                                       (  0.00000     ,  1.00000     )
                                       (  0.00000     ,  1.00000     )
                                       (  0.00000     ,  1.00000     )
                                       (  0.00000     ,  1.00000     )
                                       (  0.00000     ,  1.00000     )
                                       (  0.00000     ,  1.00000     )
                                       (  0.00000     ,  1.00000     )
                                       (  0.00000     ,  1.00000     )
                                       (  0.00000     ,  1.00000     )
                                       (  0.00000     ,  1.00000     )

#********** Integration by Vegas (iteration       1) ************
#                                                               *
#  integral  =  7.0823086       accum. integral =  7.0823086    *
#  std. dev. = 0.60357160E-01   accum. std. dev = 0.60357160E-01*
#   min/max. wt. =    0.00000            0.118631E-01           *
#                                                               *
#*************   chi**2/iteration =  0.000       ****************


#********** Integration by Vegas (iteration       2) ************
#                                                               *
#  integral  =  7.1474716       accum. integral =  7.1471696    *
#  std. dev. = 0.41560683E-02   accum. std. dev = 0.41275699E-02*
#   min/max. wt. =    0.00000            0.127452E-03           *
#                                                               *
#*************   chi**2/iteration =  1.148       ****************


#********** Integration by Vegas (iteration       3) ************
#                                                               *
#  integral  =  7.1511127       accum. integral =  7.1509856    *
#  std. dev. = 0.75703983E-03   accum. std. dev = 0.74223376E-03*
#   min/max. wt. =    0.00000            0.165793E-05           *
#                                                               *
#*************   chi**2/iteration =  1.012       ****************


#********** Integration by Vegas (iteration       4) ************
#                                                               *
#  integral  =  7.1504492       accum. integral =  7.1505832    *
#  std. dev. = 0.42970231E-03   accum. std. dev = 0.37127015E-03*
#   min/max. wt. =    0.00000            0.892177E-06           *
#                                                               *
#*************   chi**2/iteration = 0.8043       ****************


#********** Integration by Vegas (iteration       5) ************
#                                                               *
#  integral  =  7.1515687       accum. integral =  7.1510480    *
#  std. dev. = 0.39399170E-03   accum. std. dev = 0.27001225E-03*
#   min/max. wt. =    0.00000            0.134352E-05           *
#                                                               *
#*************   chi**2/iteration =  1.432       ****************

 ****************************************************
 * Writing out vegas grid to ./data/output.grid                                                      
 ****************************************************

  Input parameters for vegas:  ndim= 11   ncall= 99999999.
                              it=    0    itmx=    2
                              acc=-1.00    
                              mds=  0     nd=  50
                              (xl,xu)= (  0.00000     ,  1.00000     )
                                       (  0.00000     ,  1.00000     )
                                       (  0.00000     ,  1.00000     )
                                       (  0.00000     ,  1.00000     )
                                       (  0.00000     ,  1.00000     )
                                       (  0.00000     ,  1.00000     )
                                       (  0.00000     ,  1.00000     )
                                       (  0.00000     ,  1.00000     )
                                       (  0.00000     ,  1.00000     )
                                       (  0.00000     ,  1.00000     )
                                       (  0.00000     ,  1.00000     )

#********** Integration by Vegas (iteration       1) ************
#                                                               *
#  integral  =  7.1509699       accum. integral =  7.1509699    *
#  std. dev. = 0.39087402E-03   accum. std. dev = 0.39087402E-03*
#   min/max. wt. =    0.00000            0.144319E-05           *
#                                                               *
#*************   chi**2/iteration =  0.000       ****************


#********** Integration by Vegas (iteration       2) ************
#                                                               *
#  integral  =  7.1509934       accum. integral =  7.1509816    *
#  std. dev. = 0.39225008E-03   accum. std. dev = 0.27687490E-03*
#   min/max. wt. =    0.00000            0.155157E-05           *
#                                                               *
#*************   chi**2/iteration = 0.1806E-02   ****************

 Done
