SLURM job running in:  /tmp/tmp.F0BcgsjYNe
  ****************************************
 
       NNPDFDriver version 1.0.3
   Grid: ./pdfs/NNPDF30_lo_as_0130.LHgrid                                                                    
  ****************************************
 
  
  ***************************************************************************************
  *                                JHU Generator v7.0.2                                 *
  ***************************************************************************************
  *                                                                                     *
  *   Spin and parity determination of single-produced resonances at hadron colliders   *
  *                                                                                     *
  *          I. Anderson, S. Bolognesi, F. Caola, Y. Gao, A. Gritsan, Z. Guo,           *
  *        C. Martin, K. Melnikov, R. Rontsch, H. Roskes, U. Sarica, M. Schulze,        *
  *                   N. Tran, A. Whitbeck, M. Xiao, C. You, Y. Zhou                    *
  *              Phys.Rev. D81 (2010) 075022;  arXiv:1001.3396  [hep-ph],               *
  *              Phys.Rev. D86 (2012) 095031;  arXiv:1208.4018  [hep-ph],               *
  *              Phys.Rev. D89 (2014) 035007;  arXiv:1309.4819  [hep-ph],               *
  *              Phys.Rev. D94 (2016) 055023;  arXiv:1606.03107 [hep-ph].               *
  *                                                                                     *
  ***************************************************************************************
  
   
   Command line: ./JHUGen Unweighted=0 VegasNc0=99999999 VegasNc1=99999999 VegasNc2=99999999 PDFSet=3 Interf=0 ghz1=0,0 ghz4=2.55502,0 ghz1_prime2=-12110.2,0
   
   Input Parameter:
    Collider: P-P, sqrt(s)=13000.00
    Resonance: spin=0, mass= 125.00 width=   0.00407
    DecayMode1: 0  DecayMode2: 0
    Z-boson: mass=91.188, width=2.4952
    Random seed:   965798930
    To reproduce results using this seed, JHUGen should be compiled with the same compiler:
      GNU Fortran (GCC) 4.9.3
    
    OffXVV: TTT
    WidthScheme:   2
    PChannel: 0
    PDFSet:   3
    Unweighted: F
    Interference: F
    Intermediate off-shell photons: F
    
    spin-0-VV couplings: 
      generate_as=F
      ghg2=  0.10000000E+01  0.00000000E+00i
      ghz4=  0.25550200E+01  0.00000000E+00i
      ghz1_prime2= -0.12110200E+05  0.00000000E+00i,    Lambda_z1=  1.0000E+04
      Lambda=  1000.0
    
    LHE output: ./data/output.lhe
    Histogram output: ./data/output.dat
    Log file: ./data/output.log
    
  Running

  Input parameters for vegas:  ndim= 11   ncall= 99999999.
                              it=    0    itmx=    5
                              acc=-1.00    
                              mds=  0     nd=  50
                              (xl,xu)= (  0.00000     ,  1.00000     )
                                       (  0.00000     ,  1.00000     )
                                       (  0.00000     ,  1.00000     )
                                       (  0.00000     ,  1.00000     )
                                       (  0.00000     ,  1.00000     )
                                       (  0.00000     ,  1.00000     )
                                       (  0.00000     ,  1.00000     )
                                       (  0.00000     ,  1.00000     )
                                       (  0.00000     ,  1.00000     )
                                       (  0.00000     ,  1.00000     )
                                       (  0.00000     ,  1.00000     )

#********** Integration by Vegas (iteration       1) ************
#                                                               *
#  integral  =  14.527760       accum. integral =  14.527760    *
#  std. dev. = 0.11878206       accum. std. dev = 0.11878206    *
#   min/max. wt. =    0.00000            0.161349E-01           *
#                                                               *
#*************   chi**2/iteration =  0.000       ****************


#********** Integration by Vegas (iteration       2) ************
#                                                               *
#  integral  =  14.301355       accum. integral =  14.302350    *
#  std. dev. = 0.77718825E-02   accum. std. dev = 0.78163964E-02*
#   min/max. wt. =    0.00000            0.879020E-04           *
#                                                               *
#*************   chi**2/iteration =  3.670       ****************


#********** Integration by Vegas (iteration       3) ************
#                                                               *
#  integral  =  14.300194       accum. integral =  14.300267    *
#  std. dev. = 0.14525634E-02   accum. std. dev = 0.14353805E-02*
#   min/max. wt. =    0.00000            0.188409E-05           *
#                                                               *
#*************   chi**2/iteration =  1.883       ****************


#********** Integration by Vegas (iteration       4) ************
#                                                               *
#  integral  =  14.301528       accum. integral =  14.301215    *
#  std. dev. = 0.82040338E-03   accum. std. dev = 0.71415681E-03*
#   min/max. wt. =    0.00000            0.223376E-05           *
#                                                               *
#*************   chi**2/iteration =  1.452       ****************


#********** Integration by Vegas (iteration       5) ************
#                                                               *
#  integral  =  14.300896       accum. integral =  14.301063    *
#  std. dev. = 0.74543932E-03   accum. std. dev = 0.51626222E-03*
#   min/max. wt. =    0.00000            0.272117E-05           *
#                                                               *
#*************   chi**2/iteration =  1.115       ****************

 ****************************************************
 * Writing out vegas grid to ./data/output.grid                                                      
 ****************************************************

  Input parameters for vegas:  ndim= 11   ncall= 99999999.
                              it=    0    itmx=    2
                              acc=-1.00    
                              mds=  0     nd=  50
                              (xl,xu)= (  0.00000     ,  1.00000     )
                                       (  0.00000     ,  1.00000     )
                                       (  0.00000     ,  1.00000     )
                                       (  0.00000     ,  1.00000     )
                                       (  0.00000     ,  1.00000     )
                                       (  0.00000     ,  1.00000     )
                                       (  0.00000     ,  1.00000     )
                                       (  0.00000     ,  1.00000     )
                                       (  0.00000     ,  1.00000     )
                                       (  0.00000     ,  1.00000     )
                                       (  0.00000     ,  1.00000     )

#********** Integration by Vegas (iteration       1) ************
#                                                               *
#  integral  =  14.301503       accum. integral =  14.301503    *
#  std. dev. = 0.73697097E-03   accum. std. dev = 0.73697097E-03*
#   min/max. wt. =    0.00000            0.307306E-05           *
#                                                               *
#*************   chi**2/iteration = 0.1047E-03   ****************


#********** Integration by Vegas (iteration       2) ************
#                                                               *
#  integral  =  14.301741       accum. integral =  14.301622    *
#  std. dev. = 0.73865356E-03   accum. std. dev = 0.52171105E-03*
#   min/max. wt. =    0.00000            0.311006E-05           *
#                                                               *
#*************   chi**2/iteration = 0.5236E-01   ****************

 Done
