SLURM job running in:  /tmp/tmp.szu33k2Lxv
  ****************************************
 
       NNPDFDriver version 1.0.3
   Grid: ./pdfs/NNPDF30_lo_as_0130.LHgrid                                                                    
  ****************************************
 
  
  ***************************************************************************************
  *                                JHU Generator v7.0.2                                 *
  ***************************************************************************************
  *                                                                                     *
  *   Spin and parity determination of single-produced resonances at hadron colliders   *
  *                                                                                     *
  *          I. Anderson, S. Bolognesi, F. Caola, Y. Gao, A. Gritsan, Z. Guo,           *
  *        C. Martin, K. Melnikov, R. Rontsch, H. Roskes, U. Sarica, M. Schulze,        *
  *                   N. Tran, A. Whitbeck, M. Xiao, C. You, Y. Zhou                    *
  *              Phys.Rev. D81 (2010) 075022;  arXiv:1001.3396  [hep-ph],               *
  *              Phys.Rev. D86 (2012) 095031;  arXiv:1208.4018  [hep-ph],               *
  *              Phys.Rev. D89 (2014) 035007;  arXiv:1309.4819  [hep-ph],               *
  *              Phys.Rev. D94 (2016) 055023;  arXiv:1606.03107 [hep-ph].               *
  *                                                                                     *
  ***************************************************************************************
  
   
   Command line: ./JHUGen Unweighted=0 VegasNc0=99999999 VegasNc1=99999999 VegasNc2=99999999 PDFSet=3 Interf=0 ghz1=0,0 ghz2=1.663195,0 ghz4=2.55502,0
   
   Input Parameter:
    Collider: P-P, sqrt(s)=13000.00
    Resonance: spin=0, mass= 125.00 width=   0.00407
    DecayMode1: 0  DecayMode2: 0
    Z-boson: mass=91.188, width=2.4952
    Random seed:   965798928
    To reproduce results using this seed, JHUGen should be compiled with the same compiler:
      GNU Fortran (GCC) 4.9.3
    
    OffXVV: TTT
    WidthScheme:   2
    PChannel: 0
    PDFSet:   3
    Unweighted: F
    Interference: F
    Intermediate off-shell photons: F
    
    spin-0-VV couplings: 
      generate_as=F
      ghg2=  0.10000000E+01  0.00000000E+00i
      ghz2=  0.16631950E+01  0.00000000E+00i
      ghz4=  0.25550200E+01  0.00000000E+00i
      Lambda=  1000.0
    
    LHE output: ./data/output.lhe
    Histogram output: ./data/output.dat
    Log file: ./data/output.log
    
  Running

  Input parameters for vegas:  ndim= 11   ncall= 99999999.
                              it=    0    itmx=    5
                              acc=-1.00    
                              mds=  0     nd=  50
                              (xl,xu)= (  0.00000     ,  1.00000     )
                                       (  0.00000     ,  1.00000     )
                                       (  0.00000     ,  1.00000     )
                                       (  0.00000     ,  1.00000     )
                                       (  0.00000     ,  1.00000     )
                                       (  0.00000     ,  1.00000     )
                                       (  0.00000     ,  1.00000     )
                                       (  0.00000     ,  1.00000     )
                                       (  0.00000     ,  1.00000     )
                                       (  0.00000     ,  1.00000     )
                                       (  0.00000     ,  1.00000     )

#********** Integration by Vegas (iteration       1) ************
#                                                               *
#  integral  =  14.095710       accum. integral =  14.095710    *
#  std. dev. = 0.10635760       accum. std. dev = 0.10635760    *
#   min/max. wt. =    0.00000            0.203022E-01           *
#                                                               *
#*************   chi**2/iteration =  0.000       ****************


#********** Integration by Vegas (iteration       2) ************
#                                                               *
#  integral  =  14.310447       accum. integral =  14.309343    *
#  std. dev. = 0.77618590E-02   accum. std. dev = 0.76840162E-02*
#   min/max. wt. =    0.00000            0.126196E-03           *
#                                                               *
#*************   chi**2/iteration =  3.990       ****************


#********** Integration by Vegas (iteration       3) ************
#                                                               *
#  integral  =  14.303726       accum. integral =  14.303936    *
#  std. dev. = 0.15267084E-02   accum. std. dev = 0.14908454E-02*
#   min/max. wt. =    0.00000            0.242329E-05           *
#                                                               *
#*************   chi**2/iteration =  2.243       ****************


#********** Integration by Vegas (iteration       4) ************
#                                                               *
#  integral  =  14.301132       accum. integral =  14.301984    *
#  std. dev. = 0.98927068E-03   accum. std. dev = 0.82265626E-03*
#   min/max. wt. =    0.00000            0.211465E-05           *
#                                                               *
#*************   chi**2/iteration =  2.311       ****************


#********** Integration by Vegas (iteration       5) ************
#                                                               *
#  integral  =  14.301894       accum. integral =  14.301944    *
#  std. dev. = 0.91923642E-03   accum. std. dev = 0.61250354E-03*
#   min/max. wt. =    0.00000            0.342600E-05           *
#                                                               *
#*************   chi**2/iteration =  1.732       ****************

 ****************************************************
 * Writing out vegas grid to ./data/output.grid                                                      
 ****************************************************

  Input parameters for vegas:  ndim= 11   ncall= 99999999.
                              it=    0    itmx=    2
                              acc=-1.00    
                              mds=  0     nd=  50
                              (xl,xu)= (  0.00000     ,  1.00000     )
                                       (  0.00000     ,  1.00000     )
                                       (  0.00000     ,  1.00000     )
                                       (  0.00000     ,  1.00000     )
                                       (  0.00000     ,  1.00000     )
                                       (  0.00000     ,  1.00000     )
                                       (  0.00000     ,  1.00000     )
                                       (  0.00000     ,  1.00000     )
                                       (  0.00000     ,  1.00000     )
                                       (  0.00000     ,  1.00000     )
                                       (  0.00000     ,  1.00000     )

#********** Integration by Vegas (iteration       1) ************
#                                                               *
#  integral  =  14.301192       accum. integral =  14.301192    *
#  std. dev. = 0.90885603E-03   accum. std. dev = 0.90885603E-03*
#   min/max. wt. =    0.00000            0.336915E-05           *
#                                                               *
#*************   chi**2/iteration =  0.000       ****************


#********** Integration by Vegas (iteration       2) ************
#                                                               *
#  integral  =  14.301943       accum. integral =  14.301567    *
#  std. dev. = 0.90944154E-03   accum. std. dev = 0.64286518E-03*
#   min/max. wt. =    0.00000            0.351607E-05           *
#                                                               *
#*************   chi**2/iteration = 0.3409       ****************

 Done
