SLURM job running in:  /work-zfs/lhc/heshy/JHUGen/xsecs/JHUGen_interference/JHUGenerator
  ****************************************
 
       NNPDFDriver version 1.0.3
   Grid: ./pdfs/NNPDF30_lo_as_0130.LHgrid                                                                    
  ****************************************
 
                                                                                          
   ***************************************************************************************
   *                                JHU Generator v6.9.9                                 *
   ***************************************************************************************
   *                                                                                     *
   *   Spin and parity determination of single-produced resonances at hadron colliders   *
   *                                                                                     *
   *          I. Anderson, S. Bolognesi, F. Caola, Y. Gao, A. Gritsan, Z. Guo,           *
   *        C. Martin, K. Melnikov, R.Rontsch, H. Roskes, U. Sarica, M. Schulze,         *
   *                   N. Tran, A. Whitbeck, M. Xiao, C. You, Y. Zhou                    *
   *                Phys.Rev. D81 (2010) 075022;  arXiv:1001.3396 [hep-ph],              *
   *                Phys.Rev. D86 (2012) 095031;  arXiv:1208.4018 [hep-ph],              *
   *                Phys.Rev. D89 (2014) 035007;  arXiv:1309.4819 [hep-ph].              *
   *                                                                                     *
   ***************************************************************************************
                                                                                          
   
   Command line: ./JHUGen Unweighted=0 VegasNc0=99999999 VegasNc1=99999999 VegasNc2=99999999 PDFSet=3 Interf=0 ghz1=0,0 ghz1_prime2=1,0
   
   Input Parameter:
    Collider: P-P, sqrt(s)=13000.00
    Resonance: spin=0, mass= 125.00 width=   0.00407
    DecayMode1: 0  DecayMode2: 0
    Z-boson: mass=91.188, width=2.4952
    Random seed:   423208183
    To reproduce results using this seed, JHUGen should be compiled with the same compiler:
      GNU Fortran (GCC) 4.9.3
    
    OffXVV: TTT
    WidthScheme:   2
    PChannel: 0
    PDFSet:   3
    Unweighted: F
    Interference: F
    Intermediate off-shell photons: F
    
    spin-0-VV couplings: 
      generate_as=F
      ghg2=  0.10000000E+01  0.00000000E+00i
      ghg3=  0.00000000E+00  0.00000000E+00i
      ghg4=  0.00000000E+00  0.00000000E+00i
      ghz1=  0.00000000E+00  0.00000000E+00i
      ghz2=  0.00000000E+00  0.00000000E+00i
      ghz3=  0.00000000E+00  0.00000000E+00i
      ghz4=  0.00000000E+00  0.00000000E+00i
      ghz1_prime2=  0.10000000E+01  0.00000000E+00i,    Lambda_z1=  1.0000E+04
      Lambda=  1000.0
    
    LHE output: ./data/output.lhe
    Histogram output: ./data/output.dat
    Log file: ./data/output.log
    
  Running

  Input parameters for vegas:  ndim= 11   ncall= 97656250.
                              it=    0    itmx=    5
                              acc=-1.00    
                              mds=  1     nd=  50
                              (xl,xu)= (  0.00000     ,  1.00000     )
                                       (  0.00000     ,  1.00000     )
                                       (  0.00000     ,  1.00000     )
                                       (  0.00000     ,  1.00000     )
                                       (  0.00000     ,  1.00000     )
                                       (  0.00000     ,  1.00000     )
                                       (  0.00000     ,  1.00000     )
                                       (  0.00000     ,  1.00000     )
                                       (  0.00000     ,  1.00000     )
                                       (  0.00000     ,  1.00000     )
                                       (  0.00000     ,  1.00000     )

#********** Integration by Vegas (iteration       1) ************
#                                                               *
#  integral  = 0.48337211E-07   accum. integral = 0.48337211E-07*
#  std. dev. = 0.38434527E-09   accum. std. dev = 0.38434527E-09*
#   min/max. wt. =    0.00000            0.410564E-10           *
#                                                               *
#*************   chi**2/iteration =  0.000       ****************


#********** Integration by Vegas (iteration       2) ************
#                                                               *
#  integral  = 0.48780131E-07   accum. integral = 0.48777869E-07*
#  std. dev. = 0.27792957E-10   accum. std. dev = 0.27596309E-10*
#   min/max. wt. =    0.00000            0.259750E-12           *
#                                                               *
#*************   chi**2/iteration =  1.308       ****************


#********** Integration by Vegas (iteration       3) ************
#                                                               *
#  integral  = 0.48753643E-07   accum. integral = 0.48754023E-07*
#  std. dev. = 0.34998376E-11   accum. std. dev = 0.34630186E-11*
#   min/max. wt. =    0.00000            0.597092E-14           *
#                                                               *
#*************   chi**2/iteration =  1.031       ****************


#********** Integration by Vegas (iteration       4) ************
#                                                               *
#  integral  = 0.48756879E-07   accum. integral = 0.48756049E-07*
#  std. dev. = 0.22234835E-11   accum. std. dev = 0.18686839E-11*
#   min/max. wt. =    0.00000            0.523959E-14           *
#                                                               *
#*************   chi**2/iteration = 0.8467       ****************


#********** Integration by Vegas (iteration       5) ************
#                                                               *
#  integral  = 0.48757744E-07   accum. integral = 0.48756801E-07*
#  std. dev. = 0.20964112E-11   accum. std. dev = 0.13942514E-11*
#   min/max. wt. =    0.00000            0.932182E-14           *
#                                                               *
#*************   chi**2/iteration = 0.7258       ****************

 ****************************************************
 * Writing out vegas grid to ./data/output.grid                                                      
 ****************************************************

  Input parameters for vegas:  ndim= 11   ncall= 97656250.
                              it=    0    itmx=    2
                              acc=-1.00    
                              mds=  1     nd=  50
                              (xl,xu)= (  0.00000     ,  1.00000     )
                                       (  0.00000     ,  1.00000     )
                                       (  0.00000     ,  1.00000     )
                                       (  0.00000     ,  1.00000     )
                                       (  0.00000     ,  1.00000     )
                                       (  0.00000     ,  1.00000     )
                                       (  0.00000     ,  1.00000     )
                                       (  0.00000     ,  1.00000     )
                                       (  0.00000     ,  1.00000     )
                                       (  0.00000     ,  1.00000     )
                                       (  0.00000     ,  1.00000     )

#********** Integration by Vegas (iteration       1) ************
#                                                               *
#  integral  = 0.48751515E-07   accum. integral = 0.48751515E-07*
#  std. dev. = 0.21271938E-11   accum. std. dev = 0.21271938E-11*
#   min/max. wt. =    0.00000            0.121056E-13           *
#                                                               *
#*************   chi**2/iteration =  0.000       ****************


#********** Integration by Vegas (iteration       2) ************
#                                                               *
#  integral  = 0.48757053E-07   accum. integral = 0.48754258E-07*
#  std. dev. = 0.21473634E-11   accum. std. dev = 0.15112345E-11*
#   min/max. wt. =    0.00000            0.148062E-13           *
#                                                               *
#*************   chi**2/iteration =  3.353       ****************

 Done
