SLURM job running in:  /work-zfs/lhc/heshy/JHUGen/xsecs/JHUGen_interference/JHUGenerator
  ****************************************
 
       NNPDFDriver version 1.0.3
   Grid: ./pdfs/NNPDF30_lo_as_0130.LHgrid                                                                    
  ****************************************
 
                                                                                          
   ***************************************************************************************
   *                                JHU Generator v6.9.9                                 *
   ***************************************************************************************
   *                                                                                     *
   *   Spin and parity determination of single-produced resonances at hadron colliders   *
   *                                                                                     *
   *          I. Anderson, S. Bolognesi, F. Caola, Y. Gao, A. Gritsan, Z. Guo,           *
   *        C. Martin, K. Melnikov, R.Rontsch, H. Roskes, U. Sarica, M. Schulze,         *
   *                   N. Tran, A. Whitbeck, M. Xiao, C. You, Y. Zhou                    *
   *                Phys.Rev. D81 (2010) 075022;  arXiv:1001.3396 [hep-ph],              *
   *                Phys.Rev. D86 (2012) 095031;  arXiv:1208.4018 [hep-ph],              *
   *                Phys.Rev. D89 (2014) 035007;  arXiv:1309.4819 [hep-ph].              *
   *                                                                                     *
   ***************************************************************************************
                                                                                          
   
   Command line: ./JHUGen Unweighted=0 VegasNc0=99999999 VegasNc1=99999999 VegasNc2=99999999 PDFSet=3 Interf=0 ghz1=1,0 ghz1_prime2=-12100.42,0
   
   Input Parameter:
    Collider: P-P, sqrt(s)=13000.00
    Resonance: spin=0, mass= 125.00 width=   0.00407
    DecayMode1: 0  DecayMode2: 0
    Z-boson: mass=91.188, width=2.4952
    Random seed:   193084384
    To reproduce results using this seed, JHUGen should be compiled with the same compiler:
      GNU Fortran (GCC) 4.9.3
    
    OffXVV: TTT
    WidthScheme:   2
    PChannel: 0
    PDFSet:   3
    Unweighted: F
    Interference: F
    Intermediate off-shell photons: F
    
    spin-0-VV couplings: 
      generate_as=F
      ghg2=  0.10000000E+01  0.00000000E+00i
      ghg3=  0.00000000E+00  0.00000000E+00i
      ghg4=  0.00000000E+00  0.00000000E+00i
      ghz1=  0.10000000E+01  0.00000000E+00i
      ghz2=  0.00000000E+00  0.00000000E+00i
      ghz3=  0.00000000E+00  0.00000000E+00i
      ghz4=  0.00000000E+00  0.00000000E+00i
      ghz1_prime2= -0.12100420E+05  0.00000000E+00i,    Lambda_z1=  1.0000E+04
      Lambda=  1000.0
    
    LHE output: ./data/output.lhe
    Histogram output: ./data/output.dat
    Log file: ./data/output.log
    
  Running

  Input parameters for vegas:  ndim= 11   ncall= 97656250.
                              it=    0    itmx=    5
                              acc=-1.00    
                              mds=  1     nd=  50
                              (xl,xu)= (  0.00000     ,  1.00000     )
                                       (  0.00000     ,  1.00000     )
                                       (  0.00000     ,  1.00000     )
                                       (  0.00000     ,  1.00000     )
                                       (  0.00000     ,  1.00000     )
                                       (  0.00000     ,  1.00000     )
                                       (  0.00000     ,  1.00000     )
                                       (  0.00000     ,  1.00000     )
                                       (  0.00000     ,  1.00000     )
                                       (  0.00000     ,  1.00000     )
                                       (  0.00000     ,  1.00000     )

#********** Integration by Vegas (iteration       1) ************
#                                                               *
#  integral  = 0.22310970       accum. integral = 0.22310970    *
#  std. dev. = 0.10194377E-01   accum. std. dev = 0.10194377E-01*
#   min/max. wt. =    0.00000            0.613405E-02           *
#                                                               *
#*************   chi**2/iteration =  0.000       ****************


#********** Integration by Vegas (iteration       2) ************
#                                                               *
#  integral  = 0.23738153       accum. integral = 0.23732698    *
#  std. dev. = 0.67183992E-03   accum. std. dev = 0.65070959E-03*
#   min/max. wt. =    0.00000            0.210800E-03           *
#                                                               *
#*************   chi**2/iteration =  1.830       ****************


#********** Integration by Vegas (iteration       3) ************
#                                                               *
#  integral  = 0.23732549       accum. integral = 0.23732550    *
#  std. dev. = 0.40401064E-04   accum. std. dev = 0.39542325E-04*
#   min/max. wt. =    0.00000            0.270795E-06           *
#                                                               *
#*************   chi**2/iteration = 0.8969       ****************


#********** Integration by Vegas (iteration       4) ************
#                                                               *
#  integral  = 0.23724955       accum. integral = 0.23727100    *
#  std. dev. = 0.25286835E-04   accum. std. dev = 0.21114506E-04*
#   min/max. wt. =    0.00000            0.100272E-06           *
#                                                               *
#*************   chi**2/iteration =  1.466       ****************


#********** Integration by Vegas (iteration       5) ************
#                                                               *
#  integral  = 0.23727563       accum. integral = 0.23727316    *
#  std. dev. = 0.22887647E-04   accum. std. dev = 0.15460407E-04*
#   min/max. wt. =    0.00000            0.941110E-07           *
#                                                               *
#*************   chi**2/iteration =  1.098       ****************

 ****************************************************
 * Writing out vegas grid to ./data/output.grid                                                      
 ****************************************************

  Input parameters for vegas:  ndim= 11   ncall= 97656250.
                              it=    0    itmx=    2
                              acc=-1.00    
                              mds=  1     nd=  50
                              (xl,xu)= (  0.00000     ,  1.00000     )
                                       (  0.00000     ,  1.00000     )
                                       (  0.00000     ,  1.00000     )
                                       (  0.00000     ,  1.00000     )
                                       (  0.00000     ,  1.00000     )
                                       (  0.00000     ,  1.00000     )
                                       (  0.00000     ,  1.00000     )
                                       (  0.00000     ,  1.00000     )
                                       (  0.00000     ,  1.00000     )
                                       (  0.00000     ,  1.00000     )
                                       (  0.00000     ,  1.00000     )

#********** Integration by Vegas (iteration       1) ************
#                                                               *
#  integral  = 0.23725419       accum. integral = 0.23725419    *
#  std. dev. = 0.22579863E-04   accum. std. dev = 0.22579863E-04*
#   min/max. wt. =    0.00000            0.984099E-07           *
#                                                               *
#*************   chi**2/iteration =  0.000       ****************


#********** Integration by Vegas (iteration       2) ************
#                                                               *
#  integral  = 0.23730243       accum. integral = 0.23727827    *
#  std. dev. = 0.22624901E-04   accum. std. dev = 0.15982277E-04*
#   min/max. wt. =    0.00000            0.137139E-06           *
#                                                               *
#*************   chi**2/iteration =  2.276       ****************

 Done
