SLURM job running in:  /tmp/tmp.jc2KYlPUAa
  ****************************************
 
       NNPDFDriver version 1.0.3
   Grid: ./pdfs/NNPDF30_lo_as_0130.LHgrid                                                                    
  ****************************************
 
  
  ***************************************************************************************
  *                                JHU Generator v7.0.2                                 *
  ***************************************************************************************
  *                                                                                     *
  *   Spin and parity determination of single-produced resonances at hadron colliders   *
  *                                                                                     *
  *          I. Anderson, S. Bolognesi, F. Caola, Y. Gao, A. Gritsan, Z. Guo,           *
  *        C. Martin, K. Melnikov, R. Rontsch, H. Roskes, U. Sarica, M. Schulze,        *
  *                   N. Tran, A. Whitbeck, M. Xiao, C. You, Y. Zhou                    *
  *              Phys.Rev. D81 (2010) 075022;  arXiv:1001.3396  [hep-ph],               *
  *              Phys.Rev. D86 (2012) 095031;  arXiv:1208.4018  [hep-ph],               *
  *              Phys.Rev. D89 (2014) 035007;  arXiv:1309.4819  [hep-ph],               *
  *              Phys.Rev. D94 (2016) 055023;  arXiv:1606.03107 [hep-ph].               *
  *                                                                                     *
  ***************************************************************************************
  
   
   Command line: /work-zfs/lhc/heshy/JHUGen/xsecs/JHUGen_interference/JHUGenerator/xsecs/../JHUGen Unweighted=0 VegasNc0=99999999 VegasNc1=99999999 VegasNc2=99999999 PDFSet=3 Interf=0 ghz1=0,0 ghzgs1_prime2=1,0
   
   Input Parameter:
    Collider: P-P, sqrt(s)=13000.00
    Resonance: spin=0, mass= 125.00 width=   0.00407
    DecayMode1: 0  DecayMode2: 0
    Z-boson: mass=91.188, width=2.4952
    Random seed:   481232638
    To reproduce results using this seed, JHUGen should be compiled with the same compiler:
      GNU Fortran (GCC) 4.9.3
    
    OffXVV: TTT
    WidthScheme:   2
    PChannel: 0
    PDFSet:   3
    Unweighted: F
    Interference: F
    Intermediate off-shell photons: T
    
    spin-0-VV couplings: 
      generate_as=F
      ghg2=  0.10000000E+01  0.00000000E+00i
      m(gammastar) >=     4.00 GeV
      ghzgs1_prime2=  0.10000000E+01  0.00000000E+00i,  Lambda_zgs1=  1.0000E+04
      Lambda=  1000.0
    
    LHE output: ./data/output.lhe
    Histogram output: ./data/output.dat
    Log file: ./data/output.log
    
  Running

  Input parameters for vegas:  ndim= 11   ncall= 99999999.
                              it=    0    itmx=    5
                              acc=-1.00    
                              mds=  0     nd=  50
                              (xl,xu)= (  0.00000     ,  1.00000     )
                                       (  0.00000     ,  1.00000     )
                                       (  0.00000     ,  1.00000     )
                                       (  0.00000     ,  1.00000     )
                                       (  0.00000     ,  1.00000     )
                                       (  0.00000     ,  1.00000     )
                                       (  0.00000     ,  1.00000     )
                                       (  0.00000     ,  1.00000     )
                                       (  0.00000     ,  1.00000     )
                                       (  0.00000     ,  1.00000     )
                                       (  0.00000     ,  1.00000     )

#********** Integration by Vegas (iteration       1) ************
#                                                               *
#  integral  = 0.12310159E-06   accum. integral = 0.12310159E-06*
#  std. dev. = 0.12261788E-08   accum. std. dev = 0.12261788E-08*
#   min/max. wt. =    0.00000            0.365849E-09           *
#                                                               *
#*************   chi**2/iteration =  0.000       ****************


#********** Integration by Vegas (iteration       2) ************
#                                                               *
#  integral  = 0.12324369E-06   accum. integral = 0.12324305E-06*
#  std. dev. = 0.82619829E-10   accum. std. dev = 0.82385834E-10*
#   min/max. wt. =    0.00000            0.338578E-11           *
#                                                               *
#*************   chi**2/iteration = 0.1334E-01   ****************


#********** Integration by Vegas (iteration       3) ************
#                                                               *
#  integral  = 0.12334836E-06   accum. integral = 0.12334522E-06*
#  std. dev. = 0.14471076E-10   accum. std. dev = 0.14239950E-10*
#   min/max. wt. =    0.00000            0.418190E-13           *
#                                                               *
#*************   chi**2/iteration = 0.7980       ****************


#********** Integration by Vegas (iteration       4) ************
#                                                               *
#  integral  = 0.12335769E-06   accum. integral = 0.12335425E-06*
#  std. dev. = 0.87949134E-11   accum. std. dev = 0.74791416E-11*
#   min/max. wt. =    0.00000            0.234969E-13           *
#                                                               *
#*************   chi**2/iteration = 0.7168       ****************


#********** Integration by Vegas (iteration       5) ************
#                                                               *
#  integral  = 0.12336039E-06   accum. integral = 0.12335704E-06*
#  std. dev. = 0.81986249E-11   accum. std. dev = 0.55243273E-11*
#   min/max. wt. =    0.00000            0.345376E-13           *
#                                                               *
#*************   chi**2/iteration = 0.6141       ****************

At line 280 of file /home-2/jroskes1@jhu.edu/work-zfs/heshy/JHUGen/xsecs/JHUGen_interference/JHUGenerator/vegas/vegas.f (unit = 11, file = '')
Fortran runtime error: File './data/output.grid' does not exist
