SLURM job running in:  /work-zfs/lhc/heshy/JHUGen/xsecs/JHUGen_interference/JHUGenerator/xsecs
  ****************************************
 
       NNPDFDriver version 1.0.3
   Grid: ./pdfs/NNPDF30_lo_as_0130.LHgrid                                                                    
  ****************************************
 
  
  ***************************************************************************************
  *                                JHU Generator v7.0.2                                 *
  ***************************************************************************************
  *                                                                                     *
  *   Spin and parity determination of single-produced resonances at hadron colliders   *
  *                                                                                     *
  *          I. Anderson, S. Bolognesi, F. Caola, Y. Gao, A. Gritsan, Z. Guo,           *
  *        C. Martin, K. Melnikov, R. Rontsch, H. Roskes, U. Sarica, M. Schulze,        *
  *                   N. Tran, A. Whitbeck, M. Xiao, C. You, Y. Zhou                    *
  *              Phys.Rev. D81 (2010) 075022;  arXiv:1001.3396  [hep-ph],               *
  *              Phys.Rev. D86 (2012) 095031;  arXiv:1208.4018  [hep-ph],               *
  *              Phys.Rev. D89 (2014) 035007;  arXiv:1309.4819  [hep-ph],               *
  *              Phys.Rev. D94 (2016) 055023;  arXiv:1606.03107 [hep-ph].               *
  *                                                                                     *
  ***************************************************************************************
  
   
   Command line: /work-zfs/lhc/heshy/JHUGen/xsecs/JHUGen_interference/JHUGenerator/xsecs/../JHUGen Unweighted=0 VegasNc0=99999999 VegasNc1=99999999 VegasNc2=99999999 PDFSet=3 DataFile=workdir/HWW_a3 DecayMode1=11 DecayMode2=11 ghz1=0,0 ghz4=1,0
   
   Input Parameter:
    Collider: P-P, sqrt(s)=13000.00
    Resonance: spin=0, mass= 125.00 width=   0.00407
    DecayMode1:11  DecayMode2:11
    W-boson: mass=80.399, width=2.0850
    Random seed:   346529483
    To reproduce results using this seed, JHUGen should be compiled with the same compiler:
      GNU Fortran (GCC) 4.9.3
    
    OffXVV: TTT
    WidthScheme:   2
    PChannel: 0
    PDFSet:   3
    Unweighted: F
    Interference: F
    
    spin-0-VV couplings: 
      generate_as=F
      ghg2=  0.10000000E+01  0.00000000E+00i
      ghz4=  0.10000000E+01  0.00000000E+00i
      Lambda=  1000.0
    
    LHE output: workdir/HWW_a3.lhe
    Histogram output: workdir/HWW_a3.dat
    Log file: workdir/HWW_a3.log
    
  Running

  Input parameters for vegas:  ndim= 11   ncall= 99999999.
                              it=    0    itmx=    5
                              acc=-1.00    
                              mds=  0     nd=  50
                              (xl,xu)= (  0.00000     ,  1.00000     )
                                       (  0.00000     ,  1.00000     )
                                       (  0.00000     ,  1.00000     )
                                       (  0.00000     ,  1.00000     )
                                       (  0.00000     ,  1.00000     )
                                       (  0.00000     ,  1.00000     )
                                       (  0.00000     ,  1.00000     )
                                       (  0.00000     ,  1.00000     )
                                       (  0.00000     ,  1.00000     )
                                       (  0.00000     ,  1.00000     )
                                       (  0.00000     ,  1.00000     )

#********** Integration by Vegas (iteration       1) ************
#                                                               *
#  integral  =  99.969626       accum. integral =  99.969626    *
#  std. dev. = 0.71538183       accum. std. dev = 0.71538183    *
#   min/max. wt. =    0.00000            0.762043E-01           *
#                                                               *
#*************   chi**2/iteration =  0.000       ****************


#********** Integration by Vegas (iteration       2) ************
#                                                               *
#  integral  =  100.78191       accum. integral =  100.77716    *
#  std. dev. = 0.55297461E-01   accum. std. dev = 0.54913884E-01*
#   min/max. wt. =    0.00000            0.792349E-03           *
#                                                               *
#*************   chi**2/iteration =  1.270       ****************


#********** Integration by Vegas (iteration       3) ************
#                                                               *
#  integral  =  100.78256       accum. integral =  100.78222    *
#  std. dev. = 0.14176716E-01   accum. std. dev = 0.13693269E-01*
#   min/max. wt. =    0.00000            0.360773E-04           *
#                                                               *
#*************   chi**2/iteration = 0.6382       ****************


#********** Integration by Vegas (iteration       4) ************
#                                                               *
#  integral  =  100.79430       accum. integral =  100.78945    *
#  std. dev. = 0.11256701E-01   accum. std. dev = 0.86871979E-02*
#   min/max. wt. =    0.00000            0.421999E-04           *
#                                                               *
#*************   chi**2/iteration = 0.5798       ****************


#********** Integration by Vegas (iteration       5) ************
#                                                               *
#  integral  =  100.79582       accum. integral =  100.79192    *
#  std. dev. = 0.10924186E-01   accum. std. dev = 0.67966683E-02*
#   min/max. wt. =    0.00000            0.470431E-04           *
#                                                               *
#*************   chi**2/iteration = 0.4866       ****************

 ****************************************************
 * Writing out vegas grid to workdir/HWW_a3.grid                                                     
 ****************************************************

  Input parameters for vegas:  ndim= 11   ncall= 99999999.
                              it=    0    itmx=    2
                              acc=-1.00    
                              mds=  0     nd=  50
                              (xl,xu)= (  0.00000     ,  1.00000     )
                                       (  0.00000     ,  1.00000     )
                                       (  0.00000     ,  1.00000     )
                                       (  0.00000     ,  1.00000     )
                                       (  0.00000     ,  1.00000     )
                                       (  0.00000     ,  1.00000     )
                                       (  0.00000     ,  1.00000     )
                                       (  0.00000     ,  1.00000     )
                                       (  0.00000     ,  1.00000     )
                                       (  0.00000     ,  1.00000     )
                                       (  0.00000     ,  1.00000     )

#********** Integration by Vegas (iteration       1) ************
#                                                               *
#  integral  =  100.78332       accum. integral =  100.78332    *
#  std. dev. = 0.10884968E-01   accum. std. dev = 0.10884968E-01*
#   min/max. wt. =    0.00000            0.537428E-04           *
#                                                               *
#*************   chi**2/iteration = 0.3070E-04   ****************


#********** Integration by Vegas (iteration       2) ************
#                                                               *
#  integral  =  100.79938       accum. integral =  100.79135    *
#  std. dev. = 0.10889875E-01   accum. std. dev = 0.76985693E-02*
#   min/max. wt. =    0.00000            0.554077E-04           *
#                                                               *
#*************   chi**2/iteration =  1.087       ****************

 Done
