SLURM job running in:  /work-zfs/lhc/heshy/JHUGen/xsecs/JHUGen_interference/JHUGenerator/xsecs
  ****************************************
 
       NNPDFDriver version 1.0.3
   Grid: ./pdfs/NNPDF30_lo_as_0130.LHgrid                                                                    
  ****************************************
 
  
  ***************************************************************************************
  *                                JHU Generator v7.0.2                                 *
  ***************************************************************************************
  *                                                                                     *
  *   Spin and parity determination of single-produced resonances at hadron colliders   *
  *                                                                                     *
  *          I. Anderson, S. Bolognesi, F. Caola, Y. Gao, A. Gritsan, Z. Guo,           *
  *        C. Martin, K. Melnikov, R. Rontsch, H. Roskes, U. Sarica, M. Schulze,        *
  *                   N. Tran, A. Whitbeck, M. Xiao, C. You, Y. Zhou                    *
  *              Phys.Rev. D81 (2010) 075022;  arXiv:1001.3396  [hep-ph],               *
  *              Phys.Rev. D86 (2012) 095031;  arXiv:1208.4018  [hep-ph],               *
  *              Phys.Rev. D89 (2014) 035007;  arXiv:1309.4819  [hep-ph],               *
  *              Phys.Rev. D94 (2016) 055023;  arXiv:1606.03107 [hep-ph].               *
  *                                                                                     *
  ***************************************************************************************
  
   
   Command line: /work-zfs/lhc/heshy/JHUGen/xsecs/JHUGen_interference/JHUGenerator/xsecs/../JHUGen Unweighted=0 VegasNc0=99999999 VegasNc1=99999999 VegasNc2=99999999 PDFSet=3 DataFile=workdir/HZZ_L1L1Zg Interf=0 ghz1=0,0 ghz1_prime2=-12100.42,0 ghz1_prime2=-12100.42,0
   
   Input Parameter:
    Collider: P-P, sqrt(s)=13000.00
    Resonance: spin=0, mass= 125.00 width=   0.00407
    DecayMode1: 0  DecayMode2: 0
    Z-boson: mass=91.188, width=2.4952
    Random seed:   523039773
    To reproduce results using this seed, JHUGen should be compiled with the same compiler:
      GNU Fortran (GCC) 4.9.3
    
    OffXVV: TTT
    WidthScheme:   2
    PChannel: 0
    PDFSet:   3
    Unweighted: F
    Interference: F
    Intermediate off-shell photons: F
    
    spin-0-VV couplings: 
      generate_as=F
      ghg2=  0.10000000E+01  0.00000000E+00i
      ghz1_prime2= -0.12100420E+05  0.00000000E+00i,    Lambda_z1=  1.0000E+04
      Lambda=  1000.0
    
    LHE output: workdir/HZZ_L1L1Zg.lhe
    Histogram output: workdir/HZZ_L1L1Zg.dat
    Log file: workdir/HZZ_L1L1Zg.log
    
  Running

  Input parameters for vegas:  ndim= 11   ncall= 99999999.
                              it=    0    itmx=    5
                              acc=-1.00    
                              mds=  0     nd=  50
                              (xl,xu)= (  0.00000     ,  1.00000     )
                                       (  0.00000     ,  1.00000     )
                                       (  0.00000     ,  1.00000     )
                                       (  0.00000     ,  1.00000     )
                                       (  0.00000     ,  1.00000     )
                                       (  0.00000     ,  1.00000     )
                                       (  0.00000     ,  1.00000     )
                                       (  0.00000     ,  1.00000     )
                                       (  0.00000     ,  1.00000     )
                                       (  0.00000     ,  1.00000     )
                                       (  0.00000     ,  1.00000     )

#********** Integration by Vegas (iteration       1) ************
#                                                               *
#  integral  =  7.0521108       accum. integral =  7.0521108    *
#  std. dev. = 0.56866015E-01   accum. std. dev = 0.56866015E-01*
#   min/max. wt. =    0.00000            0.526850E-02           *
#                                                               *
#*************   chi**2/iteration =  0.000       ****************


#********** Integration by Vegas (iteration       2) ************
#                                                               *
#  integral  =  7.1318991       accum. integral =  7.1314823    *
#  std. dev. = 0.41678869E-02   accum. std. dev = 0.41337964E-02*
#   min/max. wt. =    0.00000            0.389752E-04           *
#                                                               *
#*************   chi**2/iteration =  1.934       ****************


#********** Integration by Vegas (iteration       3) ************
#                                                               *
#  integral  =  7.1381365       accum. integral =  7.1379147    *
#  std. dev. = 0.77265941E-03   accum. std. dev = 0.75640939E-03*
#   min/max. wt. =    0.00000            0.883086E-06           *
#                                                               *
#*************   chi**2/iteration =  2.210       ****************


#********** Integration by Vegas (iteration       4) ************
#                                                               *
#  integral  =  7.1393598       accum. integral =  7.1390283    *
#  std. dev. = 0.41450271E-03   accum. std. dev = 0.36265929E-03*
#   min/max. wt. =    0.00000            0.848717E-06           *
#                                                               *
#*************   chi**2/iteration =  2.405       ****************


#********** Integration by Vegas (iteration       5) ************
#                                                               *
#  integral  =  7.1384312       accum. integral =  7.1387336    *
#  std. dev. = 0.36846620E-03   accum. std. dev = 0.25822412E-03*
#   min/max. wt. =    0.00000            0.121515E-05           *
#                                                               *
#*************   chi**2/iteration =  2.136       ****************

 ****************************************************
 * Writing out vegas grid to workdir/HZZ_L1L1Zg.grid                                                 
 ****************************************************

  Input parameters for vegas:  ndim= 11   ncall= 99999999.
                              it=    0    itmx=    2
                              acc=-1.00    
                              mds=  0     nd=  50
                              (xl,xu)= (  0.00000     ,  1.00000     )
                                       (  0.00000     ,  1.00000     )
                                       (  0.00000     ,  1.00000     )
                                       (  0.00000     ,  1.00000     )
                                       (  0.00000     ,  1.00000     )
                                       (  0.00000     ,  1.00000     )
                                       (  0.00000     ,  1.00000     )
                                       (  0.00000     ,  1.00000     )
                                       (  0.00000     ,  1.00000     )
                                       (  0.00000     ,  1.00000     )
                                       (  0.00000     ,  1.00000     )

#********** Integration by Vegas (iteration       1) ************
#                                                               *
#  integral  =  7.1383197       accum. integral =  7.1383197    *
#  std. dev. = 0.36389061E-03   accum. std. dev = 0.36389061E-03*
#   min/max. wt. =    0.00000            0.187592E-05           *
#                                                               *
#*************   chi**2/iteration = 0.1610E-03   ****************


#********** Integration by Vegas (iteration       2) ************
#                                                               *
#  integral  =  7.1393422       accum. integral =  7.1388299    *
#  std. dev. = 0.36471170E-03   accum. std. dev = 0.25759937E-03*
#   min/max. wt. =    0.00000            0.164322E-05           *
#                                                               *
#*************   chi**2/iteration =  3.935       ****************

 Done
