SLURM job running in:  /work-zfs/lhc/heshy/JHUGen/xsecs/JHUGen_interference/JHUGenerator/xsecs
  ****************************************
 
       NNPDFDriver version 1.0.3
   Grid: ./pdfs/NNPDF30_lo_as_0130.LHgrid                                                                    
  ****************************************
 
  
  ***************************************************************************************
  *                                JHU Generator v7.0.2                                 *
  ***************************************************************************************
  *                                                                                     *
  *   Spin and parity determination of single-produced resonances at hadron colliders   *
  *                                                                                     *
  *          I. Anderson, S. Bolognesi, F. Caola, Y. Gao, A. Gritsan, Z. Guo,           *
  *        C. Martin, K. Melnikov, R. Rontsch, H. Roskes, U. Sarica, M. Schulze,        *
  *                   N. Tran, A. Whitbeck, M. Xiao, C. You, Y. Zhou                    *
  *              Phys.Rev. D81 (2010) 075022;  arXiv:1001.3396  [hep-ph],               *
  *              Phys.Rev. D86 (2012) 095031;  arXiv:1208.4018  [hep-ph],               *
  *              Phys.Rev. D89 (2014) 035007;  arXiv:1309.4819  [hep-ph],               *
  *              Phys.Rev. D94 (2016) 055023;  arXiv:1606.03107 [hep-ph].               *
  *                                                                                     *
  ***************************************************************************************
  
   
   Command line: /work-zfs/lhc/heshy/JHUGen/xsecs/JHUGen_interference/JHUGenerator/xsecs/../JHUGen Unweighted=0 VegasNc0=99999999 VegasNc1=99999999 VegasNc2=99999999 PDFSet=3 DataFile=workdir/HZZ_a1 Interf=0 ghz1=1,0
   
   Input Parameter:
    Collider: P-P, sqrt(s)=13000.00
    Resonance: spin=0, mass= 125.00 width=   0.00407
    DecayMode1: 0  DecayMode2: 0
    Z-boson: mass=91.188, width=2.4952
    Random seed:   848963507
    To reproduce results using this seed, JHUGen should be compiled with the same compiler:
      GNU Fortran (GCC) 4.9.3
    
    OffXVV: TTT
    WidthScheme:   2
    PChannel: 0
    PDFSet:   3
    Unweighted: F
    Interference: F
    Intermediate off-shell photons: F
    
    spin-0-VV couplings: 
      generate_as=F
      ghg2=  0.10000000E+01  0.00000000E+00i
      ghz1=  0.10000000E+01  0.00000000E+00i
      Lambda=  1000.0
    
    LHE output: workdir/HZZ_a1.lhe
    Histogram output: workdir/HZZ_a1.dat
    Log file: workdir/HZZ_a1.log
    
  Running

  Input parameters for vegas:  ndim= 11   ncall= 99999999.
                              it=    0    itmx=    5
                              acc=-1.00    
                              mds=  0     nd=  50
                              (xl,xu)= (  0.00000     ,  1.00000     )
                                       (  0.00000     ,  1.00000     )
                                       (  0.00000     ,  1.00000     )
                                       (  0.00000     ,  1.00000     )
                                       (  0.00000     ,  1.00000     )
                                       (  0.00000     ,  1.00000     )
                                       (  0.00000     ,  1.00000     )
                                       (  0.00000     ,  1.00000     )
                                       (  0.00000     ,  1.00000     )
                                       (  0.00000     ,  1.00000     )
                                       (  0.00000     ,  1.00000     )

#********** Integration by Vegas (iteration       1) ************
#                                                               *
#  integral  =  7.2291987       accum. integral =  7.2291987    *
#  std. dev. = 0.63244611E-01   accum. std. dev = 0.63244611E-01*
#   min/max. wt. =    0.00000            0.166774E-01           *
#                                                               *
#*************   chi**2/iteration = -.1776E-08   ****************


#********** Integration by Vegas (iteration       2) ************
#                                                               *
#  integral  =  7.1549294       accum. integral =  7.1552654    *
#  std. dev. = 0.42195659E-02   accum. std. dev = 0.42319178E-02*
#   min/max. wt. =    0.00000            0.111289E-03           *
#                                                               *
#*************   chi**2/iteration =  1.386       ****************


#********** Integration by Vegas (iteration       3) ************
#                                                               *
#  integral  =  7.1504501       accum. integral =  7.1506017    *
#  std. dev. = 0.75849169E-03   accum. std. dev = 0.74936446E-03*
#   min/max. wt. =    0.00000            0.165647E-05           *
#                                                               *
#*************   chi**2/iteration =  1.325       ****************


#********** Integration by Vegas (iteration       4) ************
#                                                               *
#  integral  =  7.1517053       accum. integral =  7.1514304    *
#  std. dev. = 0.42995297E-03   accum. std. dev = 0.37362468E-03*
#   min/max. wt. =    0.00000            0.109734E-05           *
#                                                               *
#*************   chi**2/iteration =  1.429       ****************


#********** Integration by Vegas (iteration       5) ************
#                                                               *
#  integral  =  7.1514993       accum. integral =  7.1514630    *
#  std. dev. = 0.39349979E-03   accum. std. dev = 0.27115532E-03*
#   min/max. wt. =    0.00000            0.141413E-05           *
#                                                               *
#*************   chi**2/iteration =  1.077       ****************

 ****************************************************
 * Writing out vegas grid to workdir/HZZ_a1.grid                                                     
 ****************************************************

  Input parameters for vegas:  ndim= 11   ncall= 99999999.
                              it=    0    itmx=    2
                              acc=-1.00    
                              mds=  0     nd=  50
                              (xl,xu)= (  0.00000     ,  1.00000     )
                                       (  0.00000     ,  1.00000     )
                                       (  0.00000     ,  1.00000     )
                                       (  0.00000     ,  1.00000     )
                                       (  0.00000     ,  1.00000     )
                                       (  0.00000     ,  1.00000     )
                                       (  0.00000     ,  1.00000     )
                                       (  0.00000     ,  1.00000     )
                                       (  0.00000     ,  1.00000     )
                                       (  0.00000     ,  1.00000     )
                                       (  0.00000     ,  1.00000     )

#********** Integration by Vegas (iteration       1) ************
#                                                               *
#  integral  =  7.1518219       accum. integral =  7.1518219    *
#  std. dev. = 0.38985999E-03   accum. std. dev = 0.38985999E-03*
#   min/max. wt. =    0.00000            0.132409E-05           *
#                                                               *
#*************   chi**2/iteration =  0.000       ****************


#********** Integration by Vegas (iteration       2) ************
#                                                               *
#  integral  =  7.1515865       accum. integral =  7.1517044    *
#  std. dev. = 0.39054630E-03   accum. std. dev = 0.27591496E-03*
#   min/max. wt. =    0.00000            0.163046E-05           *
#                                                               *
#*************   chi**2/iteration = 0.1818       ****************

 Done
