SLURM job running in:  /work-zfs/lhc/heshy/JHUGen/xsecs/JHUGen_interference/JHUGenerator/xsecs
  ****************************************
 
       NNPDFDriver version 1.0.3
   Grid: ./pdfs/NNPDF30_lo_as_0130.LHgrid                                                                    
  ****************************************
 
  
  ***************************************************************************************
  *                                JHU Generator v7.0.2                                 *
  ***************************************************************************************
  *                                                                                     *
  *   Spin and parity determination of single-produced resonances at hadron colliders   *
  *                                                                                     *
  *          I. Anderson, S. Bolognesi, F. Caola, Y. Gao, A. Gritsan, Z. Guo,           *
  *        C. Martin, K. Melnikov, R. Rontsch, H. Roskes, U. Sarica, M. Schulze,        *
  *                   N. Tran, A. Whitbeck, M. Xiao, C. You, Y. Zhou                    *
  *              Phys.Rev. D81 (2010) 075022;  arXiv:1001.3396  [hep-ph],               *
  *              Phys.Rev. D86 (2012) 095031;  arXiv:1208.4018  [hep-ph],               *
  *              Phys.Rev. D89 (2014) 035007;  arXiv:1309.4819  [hep-ph],               *
  *              Phys.Rev. D94 (2016) 055023;  arXiv:1606.03107 [hep-ph].               *
  *                                                                                     *
  ***************************************************************************************
  
   
   Command line: /work-zfs/lhc/heshy/JHUGen/xsecs/JHUGen_interference/JHUGenerator/xsecs/../JHUGen Unweighted=0 VegasNc0=99999999 VegasNc1=99999999 VegasNc2=99999999 PDFSet=3 DataFile=workdir/HZZ_a2L1Zg Interf=0 ghz1=0,0 ghz2=1.65684,0 ghz1_prime2=-12100.42,0
   
   Input Parameter:
    Collider: P-P, sqrt(s)=13000.00
    Resonance: spin=0, mass= 125.00 width=   0.00407
    DecayMode1: 0  DecayMode2: 0
    Z-boson: mass=91.188, width=2.4952
    Random seed:   952052446
    To reproduce results using this seed, JHUGen should be compiled with the same compiler:
      GNU Fortran (GCC) 4.9.3
    
    OffXVV: TTT
    WidthScheme:   2
    PChannel: 0
    PDFSet:   3
    Unweighted: F
    Interference: F
    Intermediate off-shell photons: F
    
    spin-0-VV couplings: 
      generate_as=F
      ghg2=  0.10000000E+01  0.00000000E+00i
      ghz2=  0.16568400E+01  0.00000000E+00i
      ghz1_prime2= -0.12100420E+05  0.00000000E+00i,    Lambda_z1=  1.0000E+04
      Lambda=  1000.0
    
    LHE output: workdir/HZZ_a2L1Zg.lhe
    Histogram output: workdir/HZZ_a2L1Zg.dat
    Log file: workdir/HZZ_a2L1Zg.log
    
  Running

  Input parameters for vegas:  ndim= 11   ncall= 99999999.
                              it=    0    itmx=    5
                              acc=-1.00    
                              mds=  0     nd=  50
                              (xl,xu)= (  0.00000     ,  1.00000     )
                                       (  0.00000     ,  1.00000     )
                                       (  0.00000     ,  1.00000     )
                                       (  0.00000     ,  1.00000     )
                                       (  0.00000     ,  1.00000     )
                                       (  0.00000     ,  1.00000     )
                                       (  0.00000     ,  1.00000     )
                                       (  0.00000     ,  1.00000     )
                                       (  0.00000     ,  1.00000     )
                                       (  0.00000     ,  1.00000     )
                                       (  0.00000     ,  1.00000     )

#********** Integration by Vegas (iteration       1) ************
#                                                               *
#  integral  =  2.3503775       accum. integral =  2.3503775    *
#  std. dev. = 0.27683261E-01   accum. std. dev = 0.27683261E-01*
#   min/max. wt. =    0.00000            0.573419E-02           *
#                                                               *
#*************   chi**2/iteration = 0.2318E-08   ****************


#********** Integration by Vegas (iteration       2) ************
#                                                               *
#  integral  =  2.3224038       accum. integral =  2.3225357    *
#  std. dev. = 0.18828679E-02   accum. std. dev = 0.18897698E-02*
#   min/max. wt. =    0.00000            0.478764E-04           *
#                                                               *
#*************   chi**2/iteration =  1.027       ****************


#********** Integration by Vegas (iteration       3) ************
#                                                               *
#  integral  =  2.3202363       accum. integral =  2.3203286    *
#  std. dev. = 0.38394335E-03   accum. std. dev = 0.37790441E-03*
#   min/max. wt. =    0.00000            0.996017E-06           *
#                                                               *
#*************   chi**2/iteration =  1.230       ****************


#********** Integration by Vegas (iteration       4) ************
#                                                               *
#  integral  =  2.3200665       accum. integral =  2.3201340    *
#  std. dev. = 0.22145545E-03   accum. std. dev = 0.19151213E-03*
#   min/max. wt. =    0.00000            0.590323E-06           *
#                                                               *
#*************   chi**2/iteration = 0.9412       ****************


#********** Integration by Vegas (iteration       5) ************
#                                                               *
#  integral  =  2.3205625       accum. integral =  2.3203352    *
#  std. dev. = 0.20289876E-03   accum. std. dev = 0.13939678E-03*
#   min/max. wt. =    0.00000            0.705756E-06           *
#                                                               *
#*************   chi**2/iteration =  1.295       ****************

 ****************************************************
 * Writing out vegas grid to workdir/HZZ_a2L1Zg.grid                                                 
 ****************************************************

  Input parameters for vegas:  ndim= 11   ncall= 99999999.
                              it=    0    itmx=    2
                              acc=-1.00    
                              mds=  0     nd=  50
                              (xl,xu)= (  0.00000     ,  1.00000     )
                                       (  0.00000     ,  1.00000     )
                                       (  0.00000     ,  1.00000     )
                                       (  0.00000     ,  1.00000     )
                                       (  0.00000     ,  1.00000     )
                                       (  0.00000     ,  1.00000     )
                                       (  0.00000     ,  1.00000     )
                                       (  0.00000     ,  1.00000     )
                                       (  0.00000     ,  1.00000     )
                                       (  0.00000     ,  1.00000     )
                                       (  0.00000     ,  1.00000     )

#********** Integration by Vegas (iteration       1) ************
#                                                               *
#  integral  =  2.3201222       accum. integral =  2.3201222    *
#  std. dev. = 0.19992770E-03   accum. std. dev = 0.19992770E-03*
#   min/max. wt. =    0.00000            0.814111E-06           *
#                                                               *
#*************   chi**2/iteration =  0.000       ****************


#********** Integration by Vegas (iteration       2) ************
#                                                               *
#  integral  =  2.3203660       accum. integral =  2.3202441    *
#  std. dev. = 0.19996089E-03   accum. std. dev = 0.14138197E-03*
#   min/max. wt. =    0.00000            0.798264E-06           *
#                                                               *
#*************   chi**2/iteration = 0.7427       ****************

 Done
