SLURM job running in:  /work-zfs/lhc/heshy/JHUGen/xsecs/JHUGen_interference/JHUGenerator/xsecs
  ****************************************
 
       NNPDFDriver version 1.0.3
   Grid: ./pdfs/NNPDF30_lo_as_0130.LHgrid                                                                    
  ****************************************
 
  
  ***************************************************************************************
  *                                JHU Generator v7.0.2                                 *
  ***************************************************************************************
  *                                                                                     *
  *   Spin and parity determination of single-produced resonances at hadron colliders   *
  *                                                                                     *
  *          I. Anderson, S. Bolognesi, F. Caola, Y. Gao, A. Gritsan, Z. Guo,           *
  *        C. Martin, K. Melnikov, R. Rontsch, H. Roskes, U. Sarica, M. Schulze,        *
  *                   N. Tran, A. Whitbeck, M. Xiao, C. You, Y. Zhou                    *
  *              Phys.Rev. D81 (2010) 075022;  arXiv:1001.3396  [hep-ph],               *
  *              Phys.Rev. D86 (2012) 095031;  arXiv:1208.4018  [hep-ph],               *
  *              Phys.Rev. D89 (2014) 035007;  arXiv:1309.4819  [hep-ph],               *
  *              Phys.Rev. D94 (2016) 055023;  arXiv:1606.03107 [hep-ph].               *
  *                                                                                     *
  ***************************************************************************************
  
   
   Command line: /work-zfs/lhc/heshy/JHUGen/xsecs/JHUGen_interference/JHUGenerator/xsecs/../JHUGen Unweighted=0 VegasNc0=99999999 VegasNc1=99999999 VegasNc2=99999999 PDFSet=3 DataFile=workdir/HZZ_a3L1Zg Interf=0 ghz1=0,0 ghz4=2.55052,0 ghz1_prime2=-12100.42,0
   
   Input Parameter:
    Collider: P-P, sqrt(s)=13000.00
    Resonance: spin=0, mass= 125.00 width=   0.00407
    DecayMode1: 0  DecayMode2: 0
    Z-boson: mass=91.188, width=2.4952
    Random seed:   807603654
    To reproduce results using this seed, JHUGen should be compiled with the same compiler:
      GNU Fortran (GCC) 4.9.3
    
    OffXVV: TTT
    WidthScheme:   2
    PChannel: 0
    PDFSet:   3
    Unweighted: F
    Interference: F
    Intermediate off-shell photons: F
    
    spin-0-VV couplings: 
      generate_as=F
      ghg2=  0.10000000E+01  0.00000000E+00i
      ghz4=  0.25505200E+01  0.00000000E+00i
      ghz1_prime2= -0.12100420E+05  0.00000000E+00i,    Lambda_z1=  1.0000E+04
      Lambda=  1000.0
    
    LHE output: workdir/HZZ_a3L1Zg.lhe
    Histogram output: workdir/HZZ_a3L1Zg.dat
    Log file: workdir/HZZ_a3L1Zg.log
    
  Running

  Input parameters for vegas:  ndim= 11   ncall= 99999999.
                              it=    0    itmx=    5
                              acc=-1.00    
                              mds=  0     nd=  50
                              (xl,xu)= (  0.00000     ,  1.00000     )
                                       (  0.00000     ,  1.00000     )
                                       (  0.00000     ,  1.00000     )
                                       (  0.00000     ,  1.00000     )
                                       (  0.00000     ,  1.00000     )
                                       (  0.00000     ,  1.00000     )
                                       (  0.00000     ,  1.00000     )
                                       (  0.00000     ,  1.00000     )
                                       (  0.00000     ,  1.00000     )
                                       (  0.00000     ,  1.00000     )
                                       (  0.00000     ,  1.00000     )

#********** Integration by Vegas (iteration       1) ************
#                                                               *
#  integral  =  14.271892       accum. integral =  14.271892    *
#  std. dev. = 0.11292085       accum. std. dev = 0.11292085    *
#   min/max. wt. =    0.00000            0.116337E-01           *
#                                                               *
#*************   chi**2/iteration =  0.000       ****************


#********** Integration by Vegas (iteration       2) ************
#                                                               *
#  integral  =  14.259005       accum. integral =  14.259066    *
#  std. dev. = 0.78120020E-02   accum. std. dev = 0.77968636E-02*
#   min/max. wt. =    0.00000            0.106069E-03           *
#                                                               *
#*************   chi**2/iteration = 0.1296E-01   ****************


#********** Integration by Vegas (iteration       3) ************
#                                                               *
#  integral  =  14.264824       accum. integral =  14.264631    *
#  std. dev. = 0.14525223E-02   accum. std. dev = 0.14279940E-02*
#   min/max. wt. =    0.00000            0.217451E-05           *
#                                                               *
#*************   chi**2/iteration = 0.2698       ****************


#********** Integration by Vegas (iteration       4) ************
#                                                               *
#  integral  =  14.263563       accum. integral =  14.263826    *
#  std. dev. = 0.81768647E-03   accum. std. dev = 0.70963066E-03*
#   min/max. wt. =    0.00000            0.202760E-05           *
#                                                               *
#*************   chi**2/iteration = 0.3203       ****************


#********** Integration by Vegas (iteration       5) ************
#                                                               *
#  integral  =  14.265753       accum. integral =  14.264745    *
#  std. dev. = 0.74310629E-03   accum. std. dev = 0.51320183E-03*
#   min/max. wt. =    0.00000            0.264630E-05           *
#                                                               *
#*************   chi**2/iteration =  1.119       ****************

 ****************************************************
 * Writing out vegas grid to workdir/HZZ_a3L1Zg.grid                                                 
 ****************************************************

  Input parameters for vegas:  ndim= 11   ncall= 99999999.
                              it=    0    itmx=    2
                              acc=-1.00    
                              mds=  0     nd=  50
                              (xl,xu)= (  0.00000     ,  1.00000     )
                                       (  0.00000     ,  1.00000     )
                                       (  0.00000     ,  1.00000     )
                                       (  0.00000     ,  1.00000     )
                                       (  0.00000     ,  1.00000     )
                                       (  0.00000     ,  1.00000     )
                                       (  0.00000     ,  1.00000     )
                                       (  0.00000     ,  1.00000     )
                                       (  0.00000     ,  1.00000     )
                                       (  0.00000     ,  1.00000     )
                                       (  0.00000     ,  1.00000     )

#********** Integration by Vegas (iteration       1) ************
#                                                               *
#  integral  =  14.266036       accum. integral =  14.266036    *
#  std. dev. = 0.73482471E-03   accum. std. dev = 0.73482471E-03*
#   min/max. wt. =    0.00000            0.295287E-05           *
#                                                               *
#*************   chi**2/iteration = 0.5264E-04   ****************


#********** Integration by Vegas (iteration       2) ************
#                                                               *
#  integral  =  14.264335       accum. integral =  14.265187    *
#  std. dev. = 0.73605660E-03   accum. std. dev = 0.52003448E-03*
#   min/max. wt. =    0.00000            0.319368E-05           *
#                                                               *
#*************   chi**2/iteration =  2.673       ****************

 Done
