SLURM job running in:  /work-zfs/lhc/heshy/JHUGen/xsecs/JHUGen_interference/JHUGenerator/xsecs
  ****************************************
 
       NNPDFDriver version 1.0.3
   Grid: ./pdfs/NNPDF30_lo_as_0130.LHgrid                                                                    
  ****************************************
 
  
  ***************************************************************************************
  *                                JHU Generator v7.0.2                                 *
  ***************************************************************************************
  *                                                                                     *
  *   Spin and parity determination of single-produced resonances at hadron colliders   *
  *                                                                                     *
  *          I. Anderson, S. Bolognesi, F. Caola, Y. Gao, A. Gritsan, Z. Guo,           *
  *        C. Martin, K. Melnikov, R. Rontsch, H. Roskes, U. Sarica, M. Schulze,        *
  *                   N. Tran, A. Whitbeck, M. Xiao, C. You, Y. Zhou                    *
  *              Phys.Rev. D81 (2010) 075022;  arXiv:1001.3396  [hep-ph],               *
  *              Phys.Rev. D86 (2012) 095031;  arXiv:1208.4018  [hep-ph],               *
  *              Phys.Rev. D89 (2014) 035007;  arXiv:1309.4819  [hep-ph],               *
  *              Phys.Rev. D94 (2016) 055023;  arXiv:1606.03107 [hep-ph].               *
  *                                                                                     *
  ***************************************************************************************
  
   
   Command line: /work-zfs/lhc/heshy/JHUGen/xsecs/JHUGen_interference/JHUGenerator/xsecs/../JHUGen Unweighted=0 VegasNc0=99999999 VegasNc1=99999999 VegasNc2=99999999 PDFSet=3 DataFile=workdir/HZZ_a3 Interf=0 ghz1=0,0 ghz4=1,0
   
   Input Parameter:
    Collider: P-P, sqrt(s)=13000.00
    Resonance: spin=0, mass= 125.00 width=   0.00407
    DecayMode1: 0  DecayMode2: 0
    Z-boson: mass=91.188, width=2.4952
    Random seed:   166999105
    To reproduce results using this seed, JHUGen should be compiled with the same compiler:
      GNU Fortran (GCC) 4.9.3
    
    OffXVV: TTT
    WidthScheme:   2
    PChannel: 0
    PDFSet:   3
    Unweighted: F
    Interference: F
    Intermediate off-shell photons: F
    
    spin-0-VV couplings: 
      generate_as=F
      ghg2=  0.10000000E+01  0.00000000E+00i
      ghz4=  0.10000000E+01  0.00000000E+00i
      Lambda=  1000.0
    
    LHE output: workdir/HZZ_a3.lhe
    Histogram output: workdir/HZZ_a3.dat
    Log file: workdir/HZZ_a3.log
    
  Running

  Input parameters for vegas:  ndim= 11   ncall= 99999999.
                              it=    0    itmx=    5
                              acc=-1.00    
                              mds=  0     nd=  50
                              (xl,xu)= (  0.00000     ,  1.00000     )
                                       (  0.00000     ,  1.00000     )
                                       (  0.00000     ,  1.00000     )
                                       (  0.00000     ,  1.00000     )
                                       (  0.00000     ,  1.00000     )
                                       (  0.00000     ,  1.00000     )
                                       (  0.00000     ,  1.00000     )
                                       (  0.00000     ,  1.00000     )
                                       (  0.00000     ,  1.00000     )
                                       (  0.00000     ,  1.00000     )
                                       (  0.00000     ,  1.00000     )

#********** Integration by Vegas (iteration       1) ************
#                                                               *
#  integral  =  1.0852606       accum. integral =  1.0852606    *
#  std. dev. = 0.95312728E-02   accum. std. dev = 0.95312728E-02*
#   min/max. wt. =    0.00000            0.163567E-02           *
#                                                               *
#*************   chi**2/iteration =  0.000       ****************


#********** Integration by Vegas (iteration       2) ************
#                                                               *
#  integral  =  1.0960264       accum. integral =  1.0959784    *
#  std. dev. = 0.64401883E-03   accum. std. dev = 0.63943412E-03*
#   min/max. wt. =    0.00000            0.139647E-04           *
#                                                               *
#*************   chi**2/iteration =  1.256       ****************


#********** Integration by Vegas (iteration       3) ************
#                                                               *
#  integral  =  1.0952995       accum. integral =  1.0953259    *
#  std. dev. = 0.12927053E-03   accum. std. dev = 0.12637037E-03*
#   min/max. wt. =    0.00000            0.233631E-06           *
#                                                               *
#*************   chi**2/iteration =  1.167       ****************


#********** Integration by Vegas (iteration       4) ************
#                                                               *
#  integral  =  1.0954087       accum. integral =  1.0953824    *
#  std. dev. = 0.86456670E-04   accum. std. dev = 0.71265200E-04*
#   min/max. wt. =    0.00000            0.191095E-06           *
#                                                               *
#*************   chi**2/iteration = 0.8743       ****************


#********** Integration by Vegas (iteration       5) ************
#                                                               *
#  integral  =  1.0955110       accum. integral =  1.0954386    *
#  std. dev. = 0.81109480E-04   accum. std. dev = 0.53507240E-04*
#   min/max. wt. =    0.00000            0.256121E-06           *
#                                                               *
#*************   chi**2/iteration =  1.010       ****************

 ****************************************************
 * Writing out vegas grid to workdir/HZZ_a3.grid                                                     
 ****************************************************

  Input parameters for vegas:  ndim= 11   ncall= 99999999.
                              it=    0    itmx=    2
                              acc=-1.00    
                              mds=  0     nd=  50
                              (xl,xu)= (  0.00000     ,  1.00000     )
                                       (  0.00000     ,  1.00000     )
                                       (  0.00000     ,  1.00000     )
                                       (  0.00000     ,  1.00000     )
                                       (  0.00000     ,  1.00000     )
                                       (  0.00000     ,  1.00000     )
                                       (  0.00000     ,  1.00000     )
                                       (  0.00000     ,  1.00000     )
                                       (  0.00000     ,  1.00000     )
                                       (  0.00000     ,  1.00000     )
                                       (  0.00000     ,  1.00000     )

#********** Integration by Vegas (iteration       1) ************
#                                                               *
#  integral  =  1.0953500       accum. integral =  1.0953500    *
#  std. dev. = 0.80302659E-04   accum. std. dev = 0.80302659E-04*
#   min/max. wt. =    0.00000            0.331942E-06           *
#                                                               *
#*************   chi**2/iteration =  0.000       ****************


#********** Integration by Vegas (iteration       2) ************
#                                                               *
#  integral  =  1.0956080       accum. integral =  1.0954790    *
#  std. dev. = 0.80297121E-04   accum. std. dev = 0.56780596E-04*
#   min/max. wt. =    0.00000            0.313427E-06           *
#                                                               *
#*************   chi**2/iteration =  5.153       ****************

 Done
