SLURM job running in:  /work-zfs/lhc/heshy/JHUGen/xsecs/JHUGen_interference/JHUGenerator/xsecs
  ****************************************
 
       NNPDFDriver version 1.0.3
   Grid: ./pdfs/NNPDF30_lo_as_0130.LHgrid                                                                    
  ****************************************
 
  
  ***************************************************************************************
  *                                JHU Generator v7.0.2                                 *
  ***************************************************************************************
  *                                                                                     *
  *   Spin and parity determination of single-produced resonances at hadron colliders   *
  *                                                                                     *
  *          I. Anderson, S. Bolognesi, F. Caola, Y. Gao, A. Gritsan, Z. Guo,           *
  *        C. Martin, K. Melnikov, R. Rontsch, H. Roskes, U. Sarica, M. Schulze,        *
  *                   N. Tran, A. Whitbeck, M. Xiao, C. You, Y. Zhou                    *
  *              Phys.Rev. D81 (2010) 075022;  arXiv:1001.3396  [hep-ph],               *
  *              Phys.Rev. D86 (2012) 095031;  arXiv:1208.4018  [hep-ph],               *
  *              Phys.Rev. D89 (2014) 035007;  arXiv:1309.4819  [hep-ph],               *
  *              Phys.Rev. D94 (2016) 055023;  arXiv:1606.03107 [hep-ph].               *
  *                                                                                     *
  ***************************************************************************************
  
   
   Command line: /work-zfs/lhc/heshy/JHUGen/xsecs/JHUGen_interference/JHUGenerator/xsecs/../JHUGen Unweighted=0 VegasNc0=99999999 VegasNc1=99999999 VegasNc2=99999999 PDFSet=3 DataFile=workdir/HZZ_L1 Interf=0 ghz1=0,0 ghz1_prime2=1,0
   
   Input Parameter:
    Collider: P-P, sqrt(s)=13000.00
    Resonance: spin=0, mass= 125.00 width=   0.00407
    DecayMode1: 0  DecayMode2: 0
    Z-boson: mass=91.188, width=2.4952
    Random seed:   350427280
    To reproduce results using this seed, JHUGen should be compiled with the same compiler:
      GNU Fortran (GCC) 4.9.3
    
    OffXVV: TTT
    WidthScheme:   2
    PChannel: 0
    PDFSet:   3
    Unweighted: F
    Interference: F
    Intermediate off-shell photons: F
    
    spin-0-VV couplings: 
      generate_as=F
      ghg2=  0.10000000E+01  0.00000000E+00i
      ghz1_prime2=  0.10000000E+01  0.00000000E+00i,    Lambda_z1=  1.0000E+04
      Lambda=  1000.0
    
    LHE output: workdir/HZZ_L1.lhe
    Histogram output: workdir/HZZ_L1.dat
    Log file: workdir/HZZ_L1.log
    
  Running

  Input parameters for vegas:  ndim= 11   ncall= 99999999.
                              it=    0    itmx=    5
                              acc=-1.00    
                              mds=  0     nd=  50
                              (xl,xu)= (  0.00000     ,  1.00000     )
                                       (  0.00000     ,  1.00000     )
                                       (  0.00000     ,  1.00000     )
                                       (  0.00000     ,  1.00000     )
                                       (  0.00000     ,  1.00000     )
                                       (  0.00000     ,  1.00000     )
                                       (  0.00000     ,  1.00000     )
                                       (  0.00000     ,  1.00000     )
                                       (  0.00000     ,  1.00000     )
                                       (  0.00000     ,  1.00000     )
                                       (  0.00000     ,  1.00000     )

#********** Integration by Vegas (iteration       1) ************
#                                                               *
#  integral  = 0.48881916E-07   accum. integral = 0.48881916E-07*
#  std. dev. = 0.39324425E-09   accum. std. dev = 0.39324425E-09*
#   min/max. wt. =    0.00000            0.440510E-10           *
#                                                               *
#*************   chi**2/iteration =  0.000       ****************


#********** Integration by Vegas (iteration       2) ************
#                                                               *
#  integral  = 0.48734471E-07   accum. integral = 0.48735242E-07*
#  std. dev. = 0.28417949E-10   accum. std. dev = 0.28386497E-10*
#   min/max. wt. =    0.00000            0.307223E-12           *
#                                                               *
#*************   chi**2/iteration = 0.1401       ****************


#********** Integration by Vegas (iteration       3) ************
#                                                               *
#  integral  = 0.48753635E-07   accum. integral = 0.48753020E-07*
#  std. dev. = 0.52744232E-11   accum. std. dev = 0.51893460E-11*
#   min/max. wt. =    0.00000            0.581735E-14           *
#                                                               *
#*************   chi**2/iteration = 0.2731       ****************


#********** Integration by Vegas (iteration       4) ************
#                                                               *
#  integral  = 0.48756882E-07   accum. integral = 0.48755995E-07*
#  std. dev. = 0.28312838E-11   accum. std. dev = 0.24863044E-11*
#   min/max. wt. =    0.00000            0.557323E-14           *
#                                                               *
#*************   chi**2/iteration = 0.3244       ****************


#********** Integration by Vegas (iteration       5) ************
#                                                               *
#  integral  = 0.48754464E-07   accum. integral = 0.48755239E-07*
#  std. dev. = 0.25154643E-11   accum. std. dev = 0.17685933E-11*
#   min/max. wt. =    0.00000            0.842454E-14           *
#                                                               *
#*************   chi**2/iteration = 0.2902       ****************

 ****************************************************
 * Writing out vegas grid to workdir/HZZ_L1.grid                                                     
 ****************************************************

  Input parameters for vegas:  ndim= 11   ncall= 99999999.
                              it=    0    itmx=    2
                              acc=-1.00    
                              mds=  0     nd=  50
                              (xl,xu)= (  0.00000     ,  1.00000     )
                                       (  0.00000     ,  1.00000     )
                                       (  0.00000     ,  1.00000     )
                                       (  0.00000     ,  1.00000     )
                                       (  0.00000     ,  1.00000     )
                                       (  0.00000     ,  1.00000     )
                                       (  0.00000     ,  1.00000     )
                                       (  0.00000     ,  1.00000     )
                                       (  0.00000     ,  1.00000     )
                                       (  0.00000     ,  1.00000     )
                                       (  0.00000     ,  1.00000     )

#********** Integration by Vegas (iteration       1) ************
#                                                               *
#  integral  = 0.48755742E-07   accum. integral = 0.48755742E-07*
#  std. dev. = 0.24828556E-11   accum. std. dev = 0.24828556E-11*
#   min/max. wt. =    0.00000            0.984772E-14           *
#                                                               *
#*************   chi**2/iteration =  0.000       ****************


#********** Integration by Vegas (iteration       2) ************
#                                                               *
#  integral  = 0.48755370E-07   accum. integral = 0.48755556E-07*
#  std. dev. = 0.24890783E-11   accum. std. dev = 0.17578400E-11*
#   min/max. wt. =    0.00000            0.116092E-13           *
#                                                               *
#*************   chi**2/iteration = 0.1121E-01   ****************

 Done
