SLURM job running in:  /tmp/tmp.Z5SrF2elkt
  ****************************************
 
       NNPDFDriver version 1.0.3
   Grid: ./pdfs/NNPDF30_lo_as_0130.LHgrid                                                                    
  ****************************************
 extending no. of histograms for vbf tests
 
  
  ***************************************************************************************
  *                                JHU Generator v7.0.2                                 *
  ***************************************************************************************
  *                                                                                     *
  *   Spin and parity determination of single-produced resonances at hadron colliders   *
  *                                                                                     *
  *          I. Anderson, S. Bolognesi, F. Caola, Y. Gao, A. Gritsan, Z. Guo,           *
  *        C. Martin, K. Melnikov, R. Rontsch, H. Roskes, U. Sarica, M. Schulze,        *
  *                   N. Tran, A. Whitbeck, M. Xiao, C. You, Y. Zhou                    *
  *              Phys.Rev. D81 (2010) 075022;  arXiv:1001.3396  [hep-ph],               *
  *              Phys.Rev. D86 (2012) 095031;  arXiv:1208.4018  [hep-ph],               *
  *              Phys.Rev. D89 (2014) 035007;  arXiv:1309.4819  [hep-ph],               *
  *              Phys.Rev. D94 (2016) 055023;  arXiv:1606.03107 [hep-ph].               *
  *                                                                                     *
  ***************************************************************************************
  
   
   Command line: ./JHUGen Unweighted=0 VegasNc0=99999999 VegasNc1=99999999 VegasNc2=99999999 PDFSet=3 Process=60 deltaRcut=0 pTjetcut=0 ghz1=0,0 ghz4=0.297979,0 ghz1_prime2=-2158.21,0
   
   Input Parameter:
    Collider: P-P, sqrt(s)=13000.00
    Resonance: spin=0, mass= 125.00 width=   0.00407
    Z-boson: mass=91.188, width=2.4952
    W-boson: mass=80.399, width=2.0850
    Jet cuts:
            pT >=     0.00 GeV
        DeltaR >=     0.00
           mJJ >=     0.00 GeV
    Random seed:    30552822
    To reproduce results using this seed, JHUGen should be compiled with the same compiler:
      GNU Fortran (GCC) 4.9.3
    
    WidthScheme:   2
    PDFSet:   3
    Unweighted: F
    Intermediate off-shell photons: F
    
    spin-0-VV couplings: 
      generate_as=F
      ghg2=  0.10000000E+01  0.00000000E+00i
      ghz4=  0.29797900E+00  0.00000000E+00i
      ghz1_prime2= -0.21582100E+04  0.00000000E+00i,    Lambda_z1=  1.0000E+04
      Lambda=  1000.0
    
    LHE output: ./data/output.lhe
    Histogram output: ./data/output.dat
    Log file: ./data/output.log
    
  Running

  Input parameters for vegas:  ndim=  9   ncall= 99999999.
                              it=    0    itmx=   15
                              acc=-1.00    
                              mds=  0     nd=  50
                              (xl,xu)= (  0.00000     ,  1.00000     )
                                       (  0.00000     ,  1.00000     )
                                       (  0.00000     ,  1.00000     )
                                       (  0.00000     ,  1.00000     )
                                       (  0.00000     ,  1.00000     )
                                       (  0.00000     ,  1.00000     )
                                       (  0.00000     ,  1.00000     )
                                       (  0.00000     ,  1.00000     )
                                       (  0.00000     ,  1.00000     )

#********** Integration by Vegas (iteration       1) ************
#                                                               *
#  integral  =  1385.7787       accum. integral =  1385.7787    *
#  std. dev. =  49.975758       accum. std. dev =  49.975758    *
#   min/max. wt. =    0.00000             33.4176               *
#                                                               *
#*************   chi**2/iteration =  0.000       ****************


#********** Integration by Vegas (iteration       2) ************
#                                                               *
#  integral  =  1811.6085       accum. integral =  1603.1729    *
#  std. dev. =  63.972297       accum. std. dev =  40.692701    *
#   min/max. wt. =    0.00000             49.9261               *
#                                                               *
#*************   chi**2/iteration =  27.34       ****************


#********** Integration by Vegas (iteration       3) ************
#                                                               *
#  integral  =  1936.5685       accum. integral =  1907.8798    *
#  std. dev. =  14.992715       accum. std. dev =  12.785649    *
#   min/max. wt. =    0.00000             10.3091               *
#                                                               *
#*************   chi**2/iteration =  38.64       ****************


#********** Integration by Vegas (iteration       4) ************
#                                                               *
#  integral  =  1941.0577       accum. integral =  1938.3561    *
#  std. dev. =  4.2773588       accum. std. dev =  3.7662820    *
#   min/max. wt. =    0.00000             1.95114               *
#                                                               *
#*************   chi**2/iteration =  26.11       ****************


#********** Integration by Vegas (iteration       5) ************
#                                                               *
#  integral  =  1937.7436       accum. integral =  1937.8344    *
#  std. dev. =  1.7075112       accum. std. dev =  1.4762109    *
#   min/max. wt. =    0.00000            0.167292               *
#                                                               *
#*************   chi**2/iteration =  18.91       ****************


#********** Integration by Vegas (iteration       6) ************
#                                                               *
#  integral  =  1938.8569       accum. integral =  1938.4904    *
#  std. dev. =  1.1787000       accum. std. dev = 0.89418470    *
#   min/max. wt. =    0.00000            0.700537E-01           *
#                                                               *
#*************   chi**2/iteration =  14.84       ****************


#********** Integration by Vegas (iteration       7) ************
#                                                               *
#  integral  =  1939.2364       accum. integral =  1938.8160    *
#  std. dev. =  1.0728195       accum. std. dev = 0.67671979    *
#   min/max. wt. =    0.00000            0.720548E-01           *
#                                                               *
#*************   chi**2/iteration =  12.22       ****************


#********** Integration by Vegas (iteration       8) ************
#                                                               *
#  integral  =  1938.3785       accum. integral =  1938.6762    *
#  std. dev. =  1.0341802       accum. std. dev = 0.56161945    *
#   min/max. wt. =  -0.282639E-08        0.635877E-01           *
#                                                               *
#*************   chi**2/iteration =  10.37       ****************


#********** Integration by Vegas (iteration       9) ************
#                                                               *
#  integral  =  1939.5408       accum. integral =  1938.8909    *
#  std. dev. =  1.0175764       accum. std. dev = 0.48920441    *
#   min/max. wt. =    0.00000            0.577156E-01           *
#                                                               *
#*************   chi**2/iteration =  9.060       ****************


#********** Integration by Vegas (iteration      10) ************
#                                                               *
#  integral  =  1938.1984       accum. integral =  1938.7521    *
#  std. dev. =  1.0120997       accum. std. dev = 0.43903419    *
#   min/max. wt. =    0.00000            0.465991E-01           *
#                                                               *
#*************   chi**2/iteration =  8.040       ****************


#********** Integration by Vegas (iteration      11) ************
#                                                               *
#  integral  =  1939.4189       accum. integral =  1938.8639    *
#  std. dev. =  1.0103110       accum. std. dev = 0.40175887    *
#   min/max. wt. =    0.00000            0.616908E-01           *
#                                                               *
#*************   chi**2/iteration =  7.231       ****************


#********** Integration by Vegas (iteration      12) ************
#                                                               *
#  integral  =  1939.7074       accum. integral =  1938.9837    *
#  std. dev. =  1.0169652       accum. std. dev = 0.37307912    *
#   min/max. wt. =    0.00000            0.549154E-01           *
#                                                               *
#*************   chi**2/iteration =  6.597       ****************


#********** Integration by Vegas (iteration      13) ************
#                                                               *
#  integral  =  1939.4150       accum. integral =  1939.0372    *
#  std. dev. =  1.0181123       accum. std. dev = 0.34990560    *
#   min/max. wt. =    0.00000            0.581350E-01           *
#                                                               *
#*************   chi**2/iteration =  6.036       ****************


#********** Integration by Vegas (iteration      14) ************
#                                                               *
#  integral  =  1939.5982       accum. integral =  1939.0989    *
#  std. dev. =  1.0195837       accum. std. dev = 0.33067632    *
#   min/max. wt. =    0.00000            0.365113E-01           *
#                                                               *
#*************   chi**2/iteration =  5.573       ****************


#********** Integration by Vegas (iteration      15) ************
#                                                               *
#  integral  =  1938.5175       accum. integral =  1939.0438    *
#  std. dev. =  1.0451690       accum. std. dev = 0.31509921    *
#   min/max. wt. =  -0.500425E-10        0.167163               *
#                                                               *
#*************   chi**2/iteration =  5.180       ****************

 ****************************************************
 * Writing out vegas grid to ./data/output.grid                                                      
 ****************************************************

  Input parameters for vegas:  ndim=  9   ncall= 99999999.
                              it=    0    itmx=    2
                              acc=-1.00    
                              mds=  0     nd=  50
                              (xl,xu)= (  0.00000     ,  1.00000     )
                                       (  0.00000     ,  1.00000     )
                                       (  0.00000     ,  1.00000     )
                                       (  0.00000     ,  1.00000     )
                                       (  0.00000     ,  1.00000     )
                                       (  0.00000     ,  1.00000     )
                                       (  0.00000     ,  1.00000     )
                                       (  0.00000     ,  1.00000     )
                                       (  0.00000     ,  1.00000     )

#********** Integration by Vegas (iteration       1) ************
#                                                               *
#  integral  =  1939.4356       accum. integral =  1939.4356    *
#  std. dev. =  1.0270487       accum. std. dev =  1.0270487    *
#   min/max. wt. =    0.00000            0.550737E-01           *
#                                                               *
#*************   chi**2/iteration =  0.000       ****************


#********** Integration by Vegas (iteration       2) ************
#                                                               *
#  integral  =  1939.9181       accum. integral =  1939.6777    *
#  std. dev. =  1.0237370       accum. std. dev = 0.72505911    *
#   min/max. wt. =    0.00000            0.694293E-01           *
#                                                               *
#*************   chi**2/iteration = 0.1106       ****************

 Done
