SLURM job running in:  /tmp/tmp.DOi9K2Z0L2
  ****************************************
 
       NNPDFDriver version 1.0.3
   Grid: ./pdfs/NNPDF30_lo_as_0130.LHgrid                                                                    
  ****************************************
 extending no. of histograms for vbf tests
 
  
  ***************************************************************************************
  *                                JHU Generator v7.0.2                                 *
  ***************************************************************************************
  *                                                                                     *
  *   Spin and parity determination of single-produced resonances at hadron colliders   *
  *                                                                                     *
  *          I. Anderson, S. Bolognesi, F. Caola, Y. Gao, A. Gritsan, Z. Guo,           *
  *        C. Martin, K. Melnikov, R. Rontsch, H. Roskes, U. Sarica, M. Schulze,        *
  *                   N. Tran, A. Whitbeck, M. Xiao, C. You, Y. Zhou                    *
  *              Phys.Rev. D81 (2010) 075022;  arXiv:1001.3396  [hep-ph],               *
  *              Phys.Rev. D86 (2012) 095031;  arXiv:1208.4018  [hep-ph],               *
  *              Phys.Rev. D89 (2014) 035007;  arXiv:1309.4819  [hep-ph],               *
  *              Phys.Rev. D94 (2016) 055023;  arXiv:1606.03107 [hep-ph].               *
  *                                                                                     *
  ***************************************************************************************
  
   
   Command line: /work-zfs/lhc/heshy/JHUGen/xsecs/JHUGen_interference/JHUGenerator/xsecs/../JHUGen Unweighted=0 VegasNc0=99999999 VegasNc1=99999999 VegasNc2=99999999 PDFSet=3 Process=60 deltaRcut=0 pTjetcut=0 ghz1=0,0 ghz1_prime2=-2158.21,0 ghz1_prime2=-2158.21,0
   
   Input Parameter:
    Collider: P-P, sqrt(s)=13000.00
    Resonance: spin=0, mass= 125.00 width=   0.00407
    Z-boson: mass=91.188, width=2.4952
    W-boson: mass=80.399, width=2.0850
    Jet cuts:
            pT >=     0.00 GeV
        DeltaR >=     0.00
           mJJ >=     0.00 GeV
    Random seed:   772103649
    To reproduce results using this seed, JHUGen should be compiled with the same compiler:
      GNU Fortran (GCC) 4.9.3
    
    WidthScheme:   2
    PDFSet:   3
    Unweighted: F
    Intermediate off-shell photons: F
    
    spin-0-VV couplings: 
      generate_as=F
      ghg2=  0.10000000E+01  0.00000000E+00i
      ghz1_prime2= -0.21582100E+04  0.00000000E+00i,    Lambda_z1=  1.0000E+04
      Lambda=  1000.0
    
    LHE output: ./data/output.lhe
    Histogram output: ./data/output.dat
    Log file: ./data/output.log
    
  Running

  Input parameters for vegas:  ndim=  9   ncall= 99999999.
                              it=    0    itmx=   15
                              acc=-1.00    
                              mds=  0     nd=  50
                              (xl,xu)= (  0.00000     ,  1.00000     )
                                       (  0.00000     ,  1.00000     )
                                       (  0.00000     ,  1.00000     )
                                       (  0.00000     ,  1.00000     )
                                       (  0.00000     ,  1.00000     )
                                       (  0.00000     ,  1.00000     )
                                       (  0.00000     ,  1.00000     )
                                       (  0.00000     ,  1.00000     )
                                       (  0.00000     ,  1.00000     )

#********** Integration by Vegas (iteration       1) ************
#                                                               *
#  integral  =  923.87096       accum. integral =  923.87096    *
#  std. dev. =  131.31478       accum. std. dev =  131.31478    *
#   min/max. wt. =    0.00000             84.1335               *
#                                                               *
#*************   chi**2/iteration = -.6751E-11   ****************


#********** Integration by Vegas (iteration       2) ************
#                                                               *
#  integral  =  896.97606       accum. integral =  897.61997    *
#  std. dev. =  19.967562       accum. std. dev =  20.025015    *
#   min/max. wt. =  -0.104142E-08         8.51839               *
#                                                               *
#*************   chi**2/iteration = 0.4211E-01   ****************


#********** Integration by Vegas (iteration       3) ************
#                                                               *
#  integral  =  975.88874       accum. integral =  959.35353    *
#  std. dev. =  11.107762       accum. std. dev =  9.4295450    *
#   min/max. wt. =    0.00000             8.84887               *
#                                                               *
#*************   chi**2/iteration =  5.757       ****************


#********** Integration by Vegas (iteration       4) ************
#                                                               *
#  integral  =  969.86167       accum. integral =  969.35812    *
#  std. dev. =  2.1994883       accum. std. dev =  2.0849699    *
#   min/max. wt. =  -0.874617E-10        0.256987               *
#                                                               *
#*************   chi**2/iteration =  4.149       ****************


#********** Integration by Vegas (iteration       5) ************
#                                                               *
#  integral  =  970.24491       accum. integral =  970.14785    *
#  std. dev. = 0.75269554       accum. std. dev = 0.69394256    *
#   min/max. wt. =    0.00000            0.920249E-01           *
#                                                               *
#*************   chi**2/iteration =  3.115       ****************


#********** Integration by Vegas (iteration       6) ************
#                                                               *
#  integral  =  970.65725       accum. integral =  970.45571    *
#  std. dev. = 0.57496470       accum. std. dev = 0.43825845    *
#   min/max. wt. =    0.00000            0.298442E-01           *
#                                                               *
#*************   chi**2/iteration =  2.536       ****************


#********** Integration by Vegas (iteration       7) ************
#                                                               *
#  integral  =  969.92278       accum. integral =  970.22898    *
#  std. dev. = 0.51904066       accum. std. dev = 0.33311223    *
#   min/max. wt. =    0.00000            0.357889E-01           *
#                                                               *
#*************   chi**2/iteration =  2.206       ****************


#********** Integration by Vegas (iteration       8) ************
#                                                               *
#  integral  =  970.00325       accum. integral =  970.15897    *
#  std. dev. = 0.50499492       accum. std. dev = 0.27725249    *
#   min/max. wt. =  -0.596766E-08        0.166765E-01           *
#                                                               *
#*************   chi**2/iteration =  1.904       ****************


#********** Integration by Vegas (iteration       9) ************
#                                                               *
#  integral  =  970.33946       accum. integral =  970.20331    *
#  std. dev. = 0.49301295       accum. std. dev = 0.24120230    *
#   min/max. wt. =    0.00000            0.245519E-01           *
#                                                               *
#*************   chi**2/iteration =  1.673       ****************


#********** Integration by Vegas (iteration      10) ************
#                                                               *
#  integral  =  970.87182       accum. integral =  970.33453    *
#  std. dev. = 0.49467335       accum. std. dev = 0.21653129    *
#   min/max. wt. =  -0.206888E-09        0.257212E-01           *
#                                                               *
#*************   chi**2/iteration =  1.650       ****************


#********** Integration by Vegas (iteration      11) ************
#                                                               *
#  integral  =  969.78526       accum. integral =  970.24380    *
#  std. dev. = 0.49215800       accum. std. dev = 0.19804067    *
#   min/max. wt. =    0.00000            0.194748E-01           *
#                                                               *
#*************   chi**2/iteration =  1.588       ****************


#********** Integration by Vegas (iteration      12) ************
#                                                               *
#  integral  =  970.44503       accum. integral =  970.27235    *
#  std. dev. = 0.49229622       accum. std. dev = 0.18362093    *
#   min/max. wt. =  -0.373151E-09        0.175142E-01           *
#                                                               *
#*************   chi**2/iteration =  1.455       ****************


#********** Integration by Vegas (iteration      13) ************
#                                                               *
#  integral  =  969.71151       accum. integral =  970.20317    *
#  std. dev. = 0.49392373       accum. std. dev = 0.17204285    *
#   min/max. wt. =  -0.212369E-07        0.137073E-01           *
#                                                               *
#*************   chi**2/iteration =  1.427       ****************


#********** Integration by Vegas (iteration      14) ************
#                                                               *
#  integral  =  970.74262       accum. integral =  970.26118    *
#  std. dev. = 0.50029372       accum. std. dev = 0.16263922    *
#   min/max. wt. =  -0.171987E-09        0.159995E-01           *
#                                                               *
#*************   chi**2/iteration =  1.397       ****************


#********** Integration by Vegas (iteration      15) ************
#                                                               *
#  integral  =  970.01617       accum. integral =  970.23724    *
#  std. dev. = 0.49822103       accum. std. dev = 0.15457323    *
#   min/max. wt. =  -0.509478E-07        0.166014E-01           *
#                                                               *
#*************   chi**2/iteration =  1.312       ****************

 ****************************************************
 * Writing out vegas grid to ./data/output.grid                                                      
 ****************************************************

  Input parameters for vegas:  ndim=  9   ncall= 99999999.
                              it=    0    itmx=    2
                              acc=-1.00    
                              mds=  0     nd=  50
                              (xl,xu)= (  0.00000     ,  1.00000     )
                                       (  0.00000     ,  1.00000     )
                                       (  0.00000     ,  1.00000     )
                                       (  0.00000     ,  1.00000     )
                                       (  0.00000     ,  1.00000     )
                                       (  0.00000     ,  1.00000     )
                                       (  0.00000     ,  1.00000     )
                                       (  0.00000     ,  1.00000     )
                                       (  0.00000     ,  1.00000     )

#********** Integration by Vegas (iteration       1) ************
#                                                               *
#  integral  =  971.34374       accum. integral =  971.34374    *
#  std. dev. = 0.50507002       accum. std. dev = 0.50507002    *
#   min/max. wt. =    0.00000            0.267925E-01           *
#                                                               *
#*************   chi**2/iteration =  0.000       ****************


#********** Integration by Vegas (iteration       2) ************
#                                                               *
#  integral  =  970.15409       accum. integral =  970.75395    *
#  std. dev. = 0.50873566       accum. std. dev = 0.35842582    *
#   min/max. wt. =    0.00000            0.235828E-01           *
#                                                               *
#*************   chi**2/iteration =  2.751       ****************

 Done
