SLURM job running in:  /tmp/tmp.82UOlSHCIM
  ****************************************
 
       NNPDFDriver version 1.0.3
   Grid: ./pdfs/NNPDF30_lo_as_0130.LHgrid                                                                    
  ****************************************
 extending no. of histograms for vbf tests
 
  
  ***************************************************************************************
  *                                JHU Generator v7.0.2                                 *
  ***************************************************************************************
  *                                                                                     *
  *   Spin and parity determination of single-produced resonances at hadron colliders   *
  *                                                                                     *
  *          I. Anderson, S. Bolognesi, F. Caola, Y. Gao, A. Gritsan, Z. Guo,           *
  *        C. Martin, K. Melnikov, R. Rontsch, H. Roskes, U. Sarica, M. Schulze,        *
  *                   N. Tran, A. Whitbeck, M. Xiao, C. You, Y. Zhou                    *
  *              Phys.Rev. D81 (2010) 075022;  arXiv:1001.3396  [hep-ph],               *
  *              Phys.Rev. D86 (2012) 095031;  arXiv:1208.4018  [hep-ph],               *
  *              Phys.Rev. D89 (2014) 035007;  arXiv:1309.4819  [hep-ph],               *
  *              Phys.Rev. D94 (2016) 055023;  arXiv:1606.03107 [hep-ph].               *
  *                                                                                     *
  ***************************************************************************************
  
   
   Command line: ./JHUGen Unweighted=0 VegasNc0=99999999 VegasNc1=99999999 VegasNc2=99999999 PDFSet=3 Process=60 deltaRcut=0 pTjetcut=0 ghz1=0,0 ghz1_prime2=1,0
   
   Input Parameter:
    Collider: P-P, sqrt(s)=13000.00
    Resonance: spin=0, mass= 125.00 width=   0.00407
    Z-boson: mass=91.188, width=2.4952
    W-boson: mass=80.399, width=2.0850
    Jet cuts:
            pT >=     0.00 GeV
        DeltaR >=     0.00
           mJJ >=     0.00 GeV
    Random seed:   982513701
    To reproduce results using this seed, JHUGen should be compiled with the same compiler:
      GNU Fortran (GCC) 4.9.3
    
    WidthScheme:   2
    PDFSet:   3
    Unweighted: F
    Intermediate off-shell photons: F
    
    spin-0-VV couplings: 
      generate_as=F
      ghg2=  0.10000000E+01  0.00000000E+00i
      ghz1_prime2=  0.10000000E+01  0.00000000E+00i,    Lambda_z1=  1.0000E+04
      Lambda=  1000.0
    
    LHE output: ./data/output.lhe
    Histogram output: ./data/output.dat
    Log file: ./data/output.log
    
  Running

  Input parameters for vegas:  ndim=  9   ncall= 99999999.
                              it=    0    itmx=   15
                              acc=-1.00    
                              mds=  0     nd=  50
                              (xl,xu)= (  0.00000     ,  1.00000     )
                                       (  0.00000     ,  1.00000     )
                                       (  0.00000     ,  1.00000     )
                                       (  0.00000     ,  1.00000     )
                                       (  0.00000     ,  1.00000     )
                                       (  0.00000     ,  1.00000     )
                                       (  0.00000     ,  1.00000     )
                                       (  0.00000     ,  1.00000     )
                                       (  0.00000     ,  1.00000     )

#********** Integration by Vegas (iteration       1) ************
#                                                               *
#  integral  = 0.16172161E-03   accum. integral = 0.16172161E-03*
#  std. dev. = 0.14814848E-04   accum. std. dev = 0.14814848E-04*
#   min/max. wt. =    0.00000            0.102391E-04           *
#                                                               *
#*************   chi**2/iteration =  0.000       ****************


#********** Integration by Vegas (iteration       2) ************
#                                                               *
#  integral  = 0.23589683E-03   accum. integral = 0.17761284E-03*
#  std. dev. = 0.41385391E-04   accum. std. dev = 0.16422496E-04*
#   min/max. wt. =    0.00000            0.399875E-04           *
#                                                               *
#*************   chi**2/iteration =  3.431       ****************


#********** Integration by Vegas (iteration       3) ************
#                                                               *
#  integral  = 0.20377178E-03   accum. integral = 0.20306861E-03*
#  std. dev. = 0.27501554E-05   accum. std. dev = 0.26993524E-05*
#   min/max. wt. =    0.00000            0.126547E-05           *
#                                                               *
#*************   chi**2/iteration =  2.935       ****************


#********** Integration by Vegas (iteration       4) ************
#                                                               *
#  integral  = 0.20873262E-03   accum. integral = 0.20857307E-03*
#  std. dev. = 0.47312257E-06   accum. std. dev = 0.45642397E-06*
#   min/max. wt. =    0.00000            0.141373E-06           *
#                                                               *
#*************   chi**2/iteration =  3.333       ****************


#********** Integration by Vegas (iteration       5) ************
#                                                               *
#  integral  = 0.20804882E-03   accum. integral = 0.20810899E-03*
#  std. dev. = 0.16738660E-06   accum. std. dev = 0.15520044E-06*
#   min/max. wt. =    0.00000            0.166849E-07           *
#                                                               *
#*************   chi**2/iteration =  2.771       ****************


#********** Integration by Vegas (iteration       6) ************
#                                                               *
#  integral  = 0.20853162E-03   accum. integral = 0.20837265E-03*
#  std. dev. = 0.12257221E-06   accum. std. dev = 0.95458617E-07*
#   min/max. wt. =  -0.656788E-14        0.724600E-08           *
#                                                               *
#*************   chi**2/iteration =  3.124       ****************


#********** Integration by Vegas (iteration       7) ************
#                                                               *
#  integral  = 0.20849536E-03   accum. integral = 0.20842540E-03*
#  std. dev. = 0.11148172E-06   accum. std. dev = 0.72224961E-07*
#   min/max. wt. =    0.00000            0.418880E-08           *
#                                                               *
#*************   chi**2/iteration =  2.711       ****************


#********** Integration by Vegas (iteration       8) ************
#                                                               *
#  integral  = 0.20830502E-03   accum. integral = 0.20838730E-03*
#  std. dev. = 0.10732037E-06   accum. std. dev = 0.59795907E-07*
#   min/max. wt. =  -0.817167E-21        0.368997E-08           *
#                                                               *
#*************   chi**2/iteration =  2.443       ****************


#********** Integration by Vegas (iteration       9) ************
#                                                               *
#  integral  = 0.20833880E-03   accum. integral = 0.20837535E-03*
#  std. dev. = 0.10561035E-06   accum. std. dev = 0.51967050E-07*
#   min/max. wt. =    0.00000            0.336727E-08           *
#                                                               *
#*************   chi**2/iteration =  2.153       ****************


#********** Integration by Vegas (iteration      10) ************
#                                                               *
#  integral  = 0.20844539E-03   accum. integral = 0.20838930E-03*
#  std. dev. = 0.10518098E-06   accum. std. dev = 0.46549272E-07*
#   min/max. wt. =    0.00000            0.514188E-08           *
#                                                               *
#*************   chi**2/iteration =  1.950       ****************


#********** Integration by Vegas (iteration      11) ************
#                                                               *
#  integral  = 0.20835160E-03   accum. integral = 0.20838300E-03*
#  std. dev. = 0.10479554E-06   accum. std. dev = 0.42516586E-07*
#   min/max. wt. =  -0.564433E-12        0.400483E-08           *
#                                                               *
#*************   chi**2/iteration =  1.764       ****************


#********** Integration by Vegas (iteration      12) ************
#                                                               *
#  integral  = 0.20827033E-03   accum. integral = 0.20836690E-03*
#  std. dev. = 0.10479708E-06   accum. std. dev = 0.39382304E-07*
#   min/max. wt. =  -0.293194E-14        0.389160E-08           *
#                                                               *
#*************   chi**2/iteration =  1.693       ****************


#********** Integration by Vegas (iteration      13) ************
#                                                               *
#  integral  = 0.20807989E-03   accum. integral = 0.20833133E-03*
#  std. dev. = 0.10525739E-06   accum. std. dev = 0.36876192E-07*
#   min/max. wt. =    0.00000            0.471172E-08           *
#                                                               *
#*************   chi**2/iteration =  2.098       ****************


#********** Integration by Vegas (iteration      14) ************
#                                                               *
#  integral  = 0.20827273E-03   accum. integral = 0.20832486E-03*
#  std. dev. = 0.10533807E-06   accum. std. dev = 0.34797506E-07*
#   min/max. wt. =  -0.497633E-21        0.594807E-08           *
#                                                               *
#*************   chi**2/iteration =  1.957       ****************


#********** Integration by Vegas (iteration      15) ************
#                                                               *
#  integral  = 0.20859847E-03   accum. integral = 0.20835198E-03*
#  std. dev. = 0.10564836E-06   accum. std. dev = 0.33043737E-07*
#   min/max. wt. =    0.00000            0.715612E-08           *
#                                                               *
#*************   chi**2/iteration =  2.253       ****************

 ****************************************************
 * Writing out vegas grid to ./data/output.grid                                                      
 ****************************************************

  Input parameters for vegas:  ndim=  9   ncall= 99999999.
                              it=    0    itmx=    2
                              acc=-1.00    
                              mds=  0     nd=  50
                              (xl,xu)= (  0.00000     ,  1.00000     )
                                       (  0.00000     ,  1.00000     )
                                       (  0.00000     ,  1.00000     )
                                       (  0.00000     ,  1.00000     )
                                       (  0.00000     ,  1.00000     )
                                       (  0.00000     ,  1.00000     )
                                       (  0.00000     ,  1.00000     )
                                       (  0.00000     ,  1.00000     )
                                       (  0.00000     ,  1.00000     )

#********** Integration by Vegas (iteration       1) ************
#                                                               *
#  integral  = 0.20834048E-03   accum. integral = 0.20834048E-03*
#  std. dev. = 0.10512818E-06   accum. std. dev = 0.10512818E-06*
#   min/max. wt. =    0.00000            0.458487E-08           *
#                                                               *
#*************   chi**2/iteration =  0.000       ****************


#********** Integration by Vegas (iteration       2) ************
#                                                               *
#  integral  = 0.20822121E-03   accum. integral = 0.20828188E-03*
#  std. dev. = 0.10690848E-06   accum. std. dev = 0.74957991E-07*
#   min/max. wt. =    0.00000            0.960125E-08           *
#                                                               *
#*************   chi**2/iteration = 0.6321       ****************

 Done
