SLURM job running in:  /tmp/tmp.fxB4DfSTja
  ****************************************
 
       NNPDFDriver version 1.0.3
   Grid: ./pdfs/NNPDF30_lo_as_0130.LHgrid                                                                    
  ****************************************
 extending no. of histograms for vbf tests
 
  
  ***************************************************************************************
  *                                JHU Generator v7.0.2                                 *
  ***************************************************************************************
  *                                                                                     *
  *   Spin and parity determination of single-produced resonances at hadron colliders   *
  *                                                                                     *
  *          I. Anderson, S. Bolognesi, F. Caola, Y. Gao, A. Gritsan, Z. Guo,           *
  *        C. Martin, K. Melnikov, R. Rontsch, H. Roskes, U. Sarica, M. Schulze,        *
  *                   N. Tran, A. Whitbeck, M. Xiao, C. You, Y. Zhou                    *
  *              Phys.Rev. D81 (2010) 075022;  arXiv:1001.3396  [hep-ph],               *
  *              Phys.Rev. D86 (2012) 095031;  arXiv:1208.4018  [hep-ph],               *
  *              Phys.Rev. D89 (2014) 035007;  arXiv:1309.4819  [hep-ph],               *
  *              Phys.Rev. D94 (2016) 055023;  arXiv:1606.03107 [hep-ph].               *
  *                                                                                     *
  ***************************************************************************************
  
   
   Command line: ./JHUGen Unweighted=0 VegasNc0=99999999 VegasNc1=99999999 VegasNc2=99999999 PDFSet=3 Process=60 deltaRcut=0 pTjetcut=0 ghz1=1,0 ghz1_prime2=-2158.21,0
   
   Input Parameter:
    Collider: P-P, sqrt(s)=13000.00
    Resonance: spin=0, mass= 125.00 width=   0.00407
    Z-boson: mass=91.188, width=2.4952
    W-boson: mass=80.399, width=2.0850
    Jet cuts:
            pT >=     0.00 GeV
        DeltaR >=     0.00
           mJJ >=     0.00 GeV
    Random seed:   839939504
    To reproduce results using this seed, JHUGen should be compiled with the same compiler:
      GNU Fortran (GCC) 4.9.3
    
    WidthScheme:   2
    PDFSet:   3
    Unweighted: F
    Intermediate off-shell photons: F
    
    spin-0-VV couplings: 
      generate_as=F
      ghg2=  0.10000000E+01  0.00000000E+00i
      ghz1=  0.10000000E+01  0.00000000E+00i
      ghz1_prime2= -0.21582100E+04  0.00000000E+00i,    Lambda_z1=  1.0000E+04
      Lambda=  1000.0
    
    LHE output: ./data/output.lhe
    Histogram output: ./data/output.dat
    Log file: ./data/output.log
    
  Running

  Input parameters for vegas:  ndim=  9   ncall= 99999999.
                              it=    0    itmx=   15
                              acc=-1.00    
                              mds=  0     nd=  50
                              (xl,xu)= (  0.00000     ,  1.00000     )
                                       (  0.00000     ,  1.00000     )
                                       (  0.00000     ,  1.00000     )
                                       (  0.00000     ,  1.00000     )
                                       (  0.00000     ,  1.00000     )
                                       (  0.00000     ,  1.00000     )
                                       (  0.00000     ,  1.00000     )
                                       (  0.00000     ,  1.00000     )
                                       (  0.00000     ,  1.00000     )

#********** Integration by Vegas (iteration       1) ************
#                                                               *
#  integral  =  2403.4634       accum. integral =  2403.4634    *
#  std. dev. =  287.87103       accum. std. dev =  287.87103    *
#   min/max. wt. =    0.00000             266.087               *
#                                                               *
#*************   chi**2/iteration =  0.000       ****************


#********** Integration by Vegas (iteration       2) ************
#                                                               *
#  integral  =  2735.4912       accum. integral =  2675.2416    *
#  std. dev. =  154.26440       accum. std. dev =  131.37109    *
#   min/max. wt. =    0.00000             117.191               *
#                                                               *
#*************   chi**2/iteration = 0.9478       ****************


#********** Integration by Vegas (iteration       3) ************
#                                                               *
#  integral  =  2791.5246       accum. integral =  2787.3494    *
#  std. dev. =  27.486182       accum. std. dev =  25.610637    *
#   min/max. wt. =  -0.197453E-12         17.7900               *
#                                                               *
#*************   chi**2/iteration = 0.8046       ****************


#********** Integration by Vegas (iteration       4) ************
#                                                               *
#  integral  =  2859.1642       accum. integral =  2854.8923    *
#  std. dev. =  6.9516631       accum. std. dev =  6.3737449    *
#   min/max. wt. =    0.00000             2.07349               *
#                                                               *
#*************   chi**2/iteration =  2.882       ****************


#********** Integration by Vegas (iteration       5) ************
#                                                               *
#  integral  =  2864.6998       accum. integral =  2863.4762    *
#  std. dev. =  2.5503324       accum. std. dev =  2.2788987    *
#   min/max. wt. =    0.00000            0.838760               *
#                                                               *
#*************   chi**2/iteration =  2.615       ****************


#********** Integration by Vegas (iteration       6) ************
#                                                               *
#  integral  =  2861.3795       accum. integral =  2862.1049    *
#  std. dev. =  1.7333327       accum. std. dev =  1.3508584    *
#   min/max. wt. =    0.00000            0.246021               *
#                                                               *
#*************   chi**2/iteration =  2.169       ****************


#********** Integration by Vegas (iteration       7) ************
#                                                               *
#  integral  =  2861.2068       accum. integral =  2861.6934    *
#  std. dev. =  1.5242947       accum. std. dev = 0.99978411    *
#   min/max. wt. =    0.00000            0.144384               *
#                                                               *
#*************   chi**2/iteration =  1.821       ****************


#********** Integration by Vegas (iteration       8) ************
#                                                               *
#  integral  =  2856.8253       accum. integral =  2860.0520    *
#  std. dev. =  1.4443870       accum. std. dev = 0.81709663    *
#   min/max. wt. =    0.00000            0.961538E-01           *
#                                                               *
#*************   chi**2/iteration =  2.682       ****************


#********** Integration by Vegas (iteration       9) ************
#                                                               *
#  integral  =  2861.9508       accum. integral =  2860.5425    *
#  std. dev. =  1.4237048       accum. std. dev = 0.70592983    *
#   min/max. wt. =    0.00000            0.881664E-01           *
#                                                               *
#*************   chi**2/iteration =  2.506       ****************


#********** Integration by Vegas (iteration      10) ************
#                                                               *
#  integral  =  2861.5175       accum. integral =  2860.7415    *
#  std. dev. =  1.4286031       accum. std. dev = 0.63135795    *
#   min/max. wt. =    0.00000            0.982277E-01           *
#                                                               *
#*************   chi**2/iteration =  2.259       ****************


#********** Integration by Vegas (iteration      11) ************
#                                                               *
#  integral  =  2863.9326       accum. integral =  2861.2838    *
#  std. dev. =  1.4276704       accum. std. dev = 0.57643894    *
#   min/max. wt. =    0.00000            0.132698               *
#                                                               *
#*************   chi**2/iteration =  2.457       ****************


#********** Integration by Vegas (iteration      12) ************
#                                                               *
#  integral  =  2862.0045       accum. integral =  2861.3900    *
#  std. dev. =  1.4149689       accum. std. dev = 0.53319668    *
#   min/max. wt. =  -0.114256E-12        0.607461E-01           *
#                                                               *
#*************   chi**2/iteration =  2.247       ****************


#********** Integration by Vegas (iteration      13) ************
#                                                               *
#  integral  =  2861.6029       accum. integral =  2861.4168    *
#  std. dev. =  1.4297490       accum. std. dev = 0.49916872    *
#   min/max. wt. =    0.00000            0.962460E-01           *
#                                                               *
#*************   chi**2/iteration =  2.055       ****************


#********** Integration by Vegas (iteration      14) ************
#                                                               *
#  integral  =  2861.8095       accum. integral =  2861.4592    *
#  std. dev. =  1.4595390       accum. std. dev = 0.47204062    *
#   min/max. wt. =    0.00000            0.159379               *
#                                                               *
#*************   chi**2/iteration =  1.898       ****************


#********** Integration by Vegas (iteration      15) ************
#                                                               *
#  integral  =  2861.1519       accum. integral =  2861.4290    *
#  std. dev. =  1.4512452       accum. std. dev = 0.44868787    *
#   min/max. wt. =  -0.128993E-07        0.713825E-01           *
#                                                               *
#*************   chi**2/iteration =  1.761       ****************

 ****************************************************
 * Writing out vegas grid to ./data/output.grid                                                      
 ****************************************************

  Input parameters for vegas:  ndim=  9   ncall= 99999999.
                              it=    0    itmx=    2
                              acc=-1.00    
                              mds=  0     nd=  50
                              (xl,xu)= (  0.00000     ,  1.00000     )
                                       (  0.00000     ,  1.00000     )
                                       (  0.00000     ,  1.00000     )
                                       (  0.00000     ,  1.00000     )
                                       (  0.00000     ,  1.00000     )
                                       (  0.00000     ,  1.00000     )
                                       (  0.00000     ,  1.00000     )
                                       (  0.00000     ,  1.00000     )
                                       (  0.00000     ,  1.00000     )

#********** Integration by Vegas (iteration       1) ************
#                                                               *
#  integral  =  2862.6613       accum. integral =  2862.6613    *
#  std. dev. =  1.4441832       accum. std. dev =  1.4441832    *
#   min/max. wt. =    0.00000            0.653441E-01           *
#                                                               *
#*************   chi**2/iteration =  0.000       ****************


#********** Integration by Vegas (iteration       2) ************
#                                                               *
#  integral  =  2863.6008       accum. integral =  2863.1253    *
#  std. dev. =  1.4624950       accum. std. dev =  1.0276069    *
#   min/max. wt. =    0.00000            0.785048E-01           *
#                                                               *
#*************   chi**2/iteration = 0.2087       ****************

 Done
