SLURM job running in:  /tmp/tmp.DDR818Qau1
  ****************************************
 
       NNPDFDriver version 1.0.3
   Grid: ./pdfs/NNPDF30_lo_as_0130.LHgrid                                                                    
  ****************************************
 extending no. of histograms for vbf tests
 
  
  ***************************************************************************************
  *                                JHU Generator v7.0.2                                 *
  ***************************************************************************************
  *                                                                                     *
  *   Spin and parity determination of single-produced resonances at hadron colliders   *
  *                                                                                     *
  *          I. Anderson, S. Bolognesi, F. Caola, Y. Gao, A. Gritsan, Z. Guo,           *
  *        C. Martin, K. Melnikov, R. Rontsch, H. Roskes, U. Sarica, M. Schulze,        *
  *                   N. Tran, A. Whitbeck, M. Xiao, C. You, Y. Zhou                    *
  *              Phys.Rev. D81 (2010) 075022;  arXiv:1001.3396  [hep-ph],               *
  *              Phys.Rev. D86 (2012) 095031;  arXiv:1208.4018  [hep-ph],               *
  *              Phys.Rev. D89 (2014) 035007;  arXiv:1309.4819  [hep-ph],               *
  *              Phys.Rev. D94 (2016) 055023;  arXiv:1606.03107 [hep-ph].               *
  *                                                                                     *
  ***************************************************************************************
  
   
   Command line: ./JHUGen Unweighted=0 VegasNc0=99999999 VegasNc1=99999999 VegasNc2=99999999 PDFSet=3 Process=60 deltaRcut=0 pTjetcut=0 ghz1=1,0
   
   Input Parameter:
    Collider: P-P, sqrt(s)=13000.00
    Resonance: spin=0, mass= 125.00 width=   0.00407
    Z-boson: mass=91.188, width=2.4952
    W-boson: mass=80.399, width=2.0850
    Jet cuts:
            pT >=     0.00 GeV
        DeltaR >=     0.00
           mJJ >=     0.00 GeV
    Random seed:   982513708
    To reproduce results using this seed, JHUGen should be compiled with the same compiler:
      GNU Fortran (GCC) 4.9.3
    
    WidthScheme:   2
    PDFSet:   3
    Unweighted: F
    Intermediate off-shell photons: F
    
    spin-0-VV couplings: 
      generate_as=F
      ghg2=  0.10000000E+01  0.00000000E+00i
      ghz1=  0.10000000E+01  0.00000000E+00i
      Lambda=  1000.0
    
    LHE output: ./data/output.lhe
    Histogram output: ./data/output.dat
    Log file: ./data/output.log
    
  Running

  Input parameters for vegas:  ndim=  9   ncall= 99999999.
                              it=    0    itmx=   15
                              acc=-1.00    
                              mds=  0     nd=  50
                              (xl,xu)= (  0.00000     ,  1.00000     )
                                       (  0.00000     ,  1.00000     )
                                       (  0.00000     ,  1.00000     )
                                       (  0.00000     ,  1.00000     )
                                       (  0.00000     ,  1.00000     )
                                       (  0.00000     ,  1.00000     )
                                       (  0.00000     ,  1.00000     )
                                       (  0.00000     ,  1.00000     )
                                       (  0.00000     ,  1.00000     )

#********** Integration by Vegas (iteration       1) ************
#                                                               *
#  integral  =  796.94841       accum. integral =  796.94841    *
#  std. dev. =  149.27490       accum. std. dev =  149.27490    *
#   min/max. wt. =    0.00000             146.643               *
#                                                               *
#*************   chi**2/iteration = 0.5224E-11   ****************


#********** Integration by Vegas (iteration       2) ************
#                                                               *
#  integral  =  853.42645       accum. integral =  851.27997    *
#  std. dev. =  31.773134       accum. std. dev =  30.149978    *
#   min/max. wt. =    0.00000             17.7023               *
#                                                               *
#*************   chi**2/iteration = 0.1282       ****************


#********** Integration by Vegas (iteration       3) ************
#                                                               *
#  integral  =  1019.3368       accum. integral =  902.35993    *
#  std. dev. =  56.327791       accum. std. dev =  27.263037    *
#   min/max. wt. =    0.00000             50.4650               *
#                                                               *
#*************   chi**2/iteration =  4.072       ****************


#********** Integration by Vegas (iteration       4) ************
#                                                               *
#  integral  =  974.15999       accum. integral =  969.94962    *
#  std. dev. =  7.4071687       accum. std. dev =  6.7528843    *
#   min/max. wt. =  -0.707150E-14         3.01771               *
#                                                               *
#*************   chi**2/iteration =  4.675       ****************


#********** Integration by Vegas (iteration       5) ************
#                                                               *
#  integral  =  969.46397       accum. integral =  969.48293    *
#  std. dev. =  1.4416559       accum. std. dev =  1.3504980    *
#   min/max. wt. =    0.00000            0.372729               *
#                                                               *
#*************   chi**2/iteration =  3.424       ****************


#********** Integration by Vegas (iteration       6) ************
#                                                               *
#  integral  =  969.30957       accum. integral =  969.35511    *
#  std. dev. = 0.84344846       accum. std. dev = 0.69763755    *
#   min/max. wt. =    0.00000            0.873786E-01           *
#                                                               *
#*************   chi**2/iteration =  2.699       ****************


#********** Integration by Vegas (iteration       7) ************
#                                                               *
#  integral  =  968.47351       accum. integral =  968.87316    *
#  std. dev. = 0.65893304       accum. std. dev = 0.47225116    *
#   min/max. wt. =    0.00000            0.435730E-01           *
#                                                               *
#*************   chi**2/iteration =  2.369       ****************


#********** Integration by Vegas (iteration       8) ************
#                                                               *
#  integral  =  969.10408       accum. integral =  968.96093    *
#  std. dev. = 0.62261212       accum. std. dev = 0.37334969    *
#   min/max. wt. =    0.00000            0.400309E-01           *
#                                                               *
#*************   chi**2/iteration =  2.027       ****************


#********** Integration by Vegas (iteration       9) ************
#                                                               *
#  integral  =  967.97211       accum. integral =  968.67455    *
#  std. dev. = 0.60045968       accum. std. dev = 0.31562714    *
#   min/max. wt. =    0.00000            0.306257E-01           *
#                                                               *
#*************   chi**2/iteration =  2.016       ****************


#********** Integration by Vegas (iteration      10) ************
#                                                               *
#  integral  =  968.29125       accum. integral =  968.58876    *
#  std. dev. = 0.60197344       accum. std. dev = 0.27875077    *
#   min/max. wt. =  -0.108051E-09        0.639614E-01           *
#                                                               *
#*************   chi**2/iteration =  1.819       ****************


#********** Integration by Vegas (iteration      11) ************
#                                                               *
#  integral  =  968.45453       accum. integral =  968.56388    *
#  std. dev. = 0.59707197       accum. std. dev = 0.25209285    *
#   min/max. wt. =    0.00000            0.207516E-01           *
#                                                               *
#*************   chi**2/iteration =  1.635       ****************


#********** Integration by Vegas (iteration      12) ************
#                                                               *
#  integral  =  967.77616       accum. integral =  968.44548    *
#  std. dev. = 0.61081793       accum. std. dev = 0.23274910    *
#   min/max. wt. =  -0.375290E-08        0.889779E-01           *
#                                                               *
#*************   chi**2/iteration =  1.615       ****************


#********** Integration by Vegas (iteration      13) ************
#                                                               *
#  integral  =  969.08369       accum. integral =  968.53035    *
#  std. dev. = 0.60546902       accum. std. dev = 0.21703731    *
#   min/max. wt. =  -0.466276E-09        0.271200E-01           *
#                                                               *
#*************   chi**2/iteration =  1.559       ****************


#********** Integration by Vegas (iteration      14) ************
#                                                               *
#  integral  =  969.24030       accum. integral =  968.61429    *
#  std. dev. = 0.60309693       accum. std. dev = 0.20406082    *
#   min/max. wt. =    0.00000            0.400497E-01           *
#                                                               *
#*************   chi**2/iteration =  1.533       ****************


#********** Integration by Vegas (iteration      15) ************
#                                                               *
#  integral  =  967.79187       accum. integral =  968.52935    *
#  std. dev. = 0.61012082       accum. std. dev = 0.19342662    *
#   min/max. wt. =    0.00000            0.929966E-01           *
#                                                               *
#*************   chi**2/iteration =  1.540       ****************

 ****************************************************
 * Writing out vegas grid to ./data/output.grid                                                      
 ****************************************************

  Input parameters for vegas:  ndim=  9   ncall= 99999999.
                              it=    0    itmx=    2
                              acc=-1.00    
                              mds=  0     nd=  50
                              (xl,xu)= (  0.00000     ,  1.00000     )
                                       (  0.00000     ,  1.00000     )
                                       (  0.00000     ,  1.00000     )
                                       (  0.00000     ,  1.00000     )
                                       (  0.00000     ,  1.00000     )
                                       (  0.00000     ,  1.00000     )
                                       (  0.00000     ,  1.00000     )
                                       (  0.00000     ,  1.00000     )
                                       (  0.00000     ,  1.00000     )

#********** Integration by Vegas (iteration       1) ************
#                                                               *
#  integral  =  968.94325       accum. integral =  968.94325    *
#  std. dev. = 0.61028459       accum. std. dev = 0.61028459    *
#   min/max. wt. =  -0.248904E-08        0.322570E-01           *
#                                                               *
#*************   chi**2/iteration = -.3126E-06   ****************


#********** Integration by Vegas (iteration       2) ************
#                                                               *
#  integral  =  968.19385       accum. integral =  968.56900    *
#  std. dev. = 0.61054141       accum. std. dev = 0.43162707    *
#   min/max. wt. =    0.00000            0.656610E-01           *
#                                                               *
#*************   chi**2/iteration = 0.7529       ****************

 Done
