SLURM job running in:  /tmp/tmp.xnkss5zSrP
  ****************************************
 
       NNPDFDriver version 1.0.3
   Grid: ./pdfs/NNPDF30_lo_as_0130.LHgrid                                                                    
  ****************************************
 extending no. of histograms for vbf tests
 
  
  ***************************************************************************************
  *                                JHU Generator v7.0.2                                 *
  ***************************************************************************************
  *                                                                                     *
  *   Spin and parity determination of single-produced resonances at hadron colliders   *
  *                                                                                     *
  *          I. Anderson, S. Bolognesi, F. Caola, Y. Gao, A. Gritsan, Z. Guo,           *
  *        C. Martin, K. Melnikov, R. Rontsch, H. Roskes, U. Sarica, M. Schulze,        *
  *                   N. Tran, A. Whitbeck, M. Xiao, C. You, Y. Zhou                    *
  *              Phys.Rev. D81 (2010) 075022;  arXiv:1001.3396  [hep-ph],               *
  *              Phys.Rev. D86 (2012) 095031;  arXiv:1208.4018  [hep-ph],               *
  *              Phys.Rev. D89 (2014) 035007;  arXiv:1309.4819  [hep-ph],               *
  *              Phys.Rev. D94 (2016) 055023;  arXiv:1606.03107 [hep-ph].               *
  *                                                                                     *
  ***************************************************************************************
  
   
   Command line: /work-zfs/lhc/heshy/JHUGen/xsecs/JHUGen_interference/JHUGenerator/xsecs/../JHUGen Unweighted=0 VegasNc0=99999999 VegasNc1=99999999 VegasNc2=99999999 PDFSet=3 Process=60 deltaRcut=0 pTjetcut=0 ghz1=0,0 ghz4=0.297979018705,0 ghz1_prime2=-2158.21307286,0
   
   Input Parameter:
    Collider: P-P, sqrt(s)=13000.00
    Resonance: spin=0, mass= 125.00 width=   0.00407
    Z-boson: mass=91.188, width=2.4952
    W-boson: mass=80.399, width=2.0850
    Jet cuts:
            pT >=     0.00 GeV
        DeltaR >=     0.00
           mJJ >=     0.00 GeV
    Random seed:   528781106
    To reproduce results using this seed, JHUGen should be compiled with the same compiler:
      GNU Fortran (GCC) 4.9.3
    
    WidthScheme:   2
    PDFSet:   3
    Unweighted: F
    Intermediate off-shell photons: F
    
    spin-0-VV couplings: 
      generate_as=F
      ghg2=  0.10000000E+01  0.00000000E+00i
      ghz4=  0.29797902E+00  0.00000000E+00i
      ghz1_prime2= -0.21582131E+04  0.00000000E+00i,    Lambda_z1=  1.0000E+04
      Lambda=  1000.0
    
    LHE output: ./data/output.lhe
    Histogram output: ./data/output.dat
    Log file: ./data/output.log
    
  Running

  Input parameters for vegas:  ndim=  9   ncall= 99999999.
                              it=    0    itmx=   15
                              acc=-1.00    
                              mds=  0     nd=  50
                              (xl,xu)= (  0.00000     ,  1.00000     )
                                       (  0.00000     ,  1.00000     )
                                       (  0.00000     ,  1.00000     )
                                       (  0.00000     ,  1.00000     )
                                       (  0.00000     ,  1.00000     )
                                       (  0.00000     ,  1.00000     )
                                       (  0.00000     ,  1.00000     )
                                       (  0.00000     ,  1.00000     )
                                       (  0.00000     ,  1.00000     )

#********** Integration by Vegas (iteration       1) ************
#                                                               *
#  integral  =  1585.1991       accum. integral =  1585.1991    *
#  std. dev. =  97.183115       accum. std. dev =  97.183115    *
#   min/max. wt. =    0.00000             63.5153               *
#                                                               *
#*************   chi**2/iteration =  0.000       ****************


#********** Integration by Vegas (iteration       1) ************
#                                                               *
#  integral  =  1436.6532       accum. integral =  1436.6532    *
#  std. dev. =  80.925372       accum. std. dev =  80.925372    *
#   min/max. wt. =    0.00000             58.8099               *
#                                                               *
#*************   chi**2/iteration =  0.000       ****************


#********** Integration by Vegas (iteration       2) ************
#                                                               *
#  integral  =  1802.0791       accum. integral =  1785.8953    *
#  std. dev. =  31.372672       accum. std. dev =  28.421484    *
#   min/max. wt. =    0.00000             14.6357               *
#                                                               *
#*************   chi**2/iteration =  4.017       ****************


#********** Integration by Vegas (iteration       2) ************
#                                                               *
#  integral  =  1743.5811       accum. integral =  1711.0936    *
#  std. dev. =  33.791671       accum. std. dev =  29.276263    *
#   min/max. wt. =    0.00000             19.5503               *
#                                                               *
#*************   chi**2/iteration =  10.39       ****************


#********** Integration by Vegas (iteration       3) ************
#                                                               *
#  integral  =  1920.7219       accum. integral =  1913.0124    *
#  std. dev. =  7.9215895       accum. std. dev =  7.1073268    *
#   min/max. wt. =    0.00000             2.46171               *
#                                                               *
#*************   chi**2/iteration =  11.53       ****************


#********** Integration by Vegas (iteration       3) ************
#                                                               *
#  integral  =  1935.5411       accum. integral =  1892.2786    *
#  std. dev. =  17.332866       accum. std. dev =  13.819481    *
#   min/max. wt. =    0.00000             10.0240               *
#                                                               *
#*************   chi**2/iteration =  25.01       ****************


#********** Integration by Vegas (iteration       4) ************
#                                                               *
#  integral  =  1940.2024       accum. integral =  1936.7818    *
#  std. dev. =  2.9474703       accum. std. dev =  2.5816222    *
#   min/max. wt. =    0.00000            0.895127               *
#                                                               *
#*************   chi**2/iteration =  11.40       ****************


#********** Integration by Vegas (iteration       4) ************
#                                                               *
#  integral  =  1944.4385       accum. integral =  1940.9376    *
#  std. dev. =  4.1963785       accum. std. dev =  3.7041288    *
#   min/max. wt. =    0.00000            0.594898               *
#                                                               *
#*************   chi**2/iteration =  19.72       ****************


#********** Integration by Vegas (iteration       5) ************
#                                                               *
#  integral  =  1938.8761       accum. integral =  1938.4513    *
#  std. dev. =  1.3892812       accum. std. dev =  1.1786996    *
#   min/max. wt. =    0.00000            0.121481               *
#                                                               *
#*************   chi**2/iteration =  8.447       ****************


#********** Integration by Vegas (iteration       5) ************
#                                                               *
#  integral  =  1941.0456       accum. integral =  1941.0320    *
#  std. dev. =  1.5374074       accum. std. dev =  1.3408779    *
#   min/max. wt. =    0.00000            0.146497               *
#                                                               *
#*************   chi**2/iteration =  14.24       ****************


#********** Integration by Vegas (iteration       6) ************
#                                                               *
#  integral  =  1938.7501       accum. integral =  1938.6143    *
#  std. dev. =  1.1322818       accum. std. dev = 0.80176748    *
#   min/max. wt. =    0.00000            0.714088E-01           *
#                                                               *
#*************   chi**2/iteration =  6.646       ****************


#********** Integration by Vegas (iteration       6) ************
#                                                               *
#  integral  =  1939.0547       accum. integral =  1939.8605    *
#  std. dev. =  1.1906650       accum. std. dev = 0.86635378    *
#   min/max. wt. =  -0.712364E-07        0.786414E-01           *
#                                                               *
#*************   chi**2/iteration =  11.37       ****************


#********** Integration by Vegas (iteration       7) ************
#                                                               *
#  integral  =  1939.0855       accum. integral =  1938.7953    *
#  std. dev. =  1.0592104       accum. std. dev = 0.63319962    *
#   min/max. wt. =  -0.356244E-08        0.650424E-01           *
#                                                               *
#*************   chi**2/iteration =  5.491       ****************


#********** Integration by Vegas (iteration       7) ************
#                                                               *
#  integral  =  1939.4100       accum. integral =  1939.6685    *
#  std. dev. =  1.0634384       accum. std. dev = 0.66179248    *
#   min/max. wt. =    0.00000            0.656765E-01           *
#                                                               *
#*************   chi**2/iteration =  9.336       ****************


#********** Integration by Vegas (iteration       8) ************
#                                                               *
#  integral  =  1939.0125       accum. integral =  1938.8585    *
#  std. dev. =  1.0246859       accum. std. dev = 0.53566678    *
#   min/max. wt. =  -0.381442E-09        0.456351E-01           *
#                                                               *
#*************   chi**2/iteration =  4.668       ****************


#********** Integration by Vegas (iteration       8) ************
#                                                               *
#  integral  =  1938.7573       accum. integral =  1939.3845    *
#  std. dev. =  1.0315508       accum. std. dev = 0.55249122    *
#   min/max. wt. =    0.00000            0.614876E-01           *
#                                                               *
#*************   chi**2/iteration =  7.987       ****************


#********** Integration by Vegas (iteration       9) ************
#                                                               *
#  integral  =  1939.3678       accum. integral =  1938.9744    *
#  std. dev. =  1.0183252       accum. std. dev = 0.47246922    *
#   min/max. wt. =    0.00000            0.784197E-01           *
#                                                               *
#*************   chi**2/iteration =  4.081       ****************


#********** Integration by Vegas (iteration       9) ************
#                                                               *
#  integral  =  1938.3074       accum. integral =  1939.1219    *
#  std. dev. =  1.0140096       accum. std. dev = 0.48273811    *
#   min/max. wt. =    0.00000            0.528850E-01           *
#                                                               *
#*************   chi**2/iteration =  7.038       ****************


#********** Integration by Vegas (iteration      10) ************
#                                                               *
#  integral  =  1939.2209       accum. integral =  1939.0211    *
#  std. dev. =  1.0047184       accum. std. dev = 0.42657145    *
#   min/max. wt. =    0.00000            0.309069E-01           *
#                                                               *
#*************   chi**2/iteration =  3.613       ****************


#********** Integration by Vegas (iteration      10) ************
#                                                               *
#  integral  =  1939.5841       accum. integral =  1939.2129    *
#  std. dev. =  1.0117031       accum. std. dev = 0.43426583    *
#   min/max. wt. =  -0.716480E-08        0.640766E-01           *
#                                                               *
#*************   chi**2/iteration =  6.228       ****************


#********** Integration by Vegas (iteration      11) ************
#                                                               *
#  integral  =  1938.9107       accum. integral =  1939.0038    *
#  std. dev. =  1.0154398       accum. std. dev = 0.39269202    *
#   min/max. wt. =    0.00000            0.659721E-01           *
#                                                               *
#*************   chi**2/iteration =  3.238       ****************


#********** Integration by Vegas (iteration      11) ************
#                                                               *
#  integral  =  1938.8247       accum. integral =  1939.1483    *
#  std. dev. =  1.0041859       accum. std. dev = 0.39769635    *
#   min/max. wt. =    0.00000            0.375229E-01           *
#                                                               *
#*************   chi**2/iteration =  5.584       ****************


#********** Integration by Vegas (iteration      12) ************
#                                                               *
#  integral  =  1939.1133       accum. integral =  1939.0188    *
#  std. dev. =  1.0093765       accum. std. dev = 0.36556643    *
#   min/max. wt. =    0.00000            0.483306E-01           *
#                                                               *
#*************   chi**2/iteration =  2.933       ****************


#********** Integration by Vegas (iteration      12) ************
#                                                               *
#  integral  =  1938.3608       accum. integral =  1939.0377    *
#  std. dev. =  1.0135139       accum. std. dev = 0.36965420    *
#   min/max. wt. =    0.00000            0.494869E-01           *
#                                                               *
#*************   chi**2/iteration =  5.100       ****************


#********** Integration by Vegas (iteration      13) ************
#                                                               *
#  integral  =  1937.3297       accum. integral =  1938.8156    *
#  std. dev. =  1.0082443       accum. std. dev = 0.34340274    *
#   min/max. wt. =    0.00000            0.318252E-01           *
#                                                               *
#*************   chi**2/iteration =  2.894       ****************


#********** Integration by Vegas (iteration      13) ************
#                                                               *
#  integral  =  1939.2351       accum. integral =  1939.0618    *
#  std. dev. =  1.0203758       accum. std. dev = 0.34716902    *
#   min/max. wt. =  -0.308578E-17        0.680357E-01           *
#                                                               *
#*************   chi**2/iteration =  4.658       ****************


#********** Integration by Vegas (iteration      14) ************
#                                                               *
#  integral  =  1938.9046       accum. integral =  1938.8250    *
#  std. dev. =  1.0190342       accum. std. dev = 0.32522968    *
#   min/max. wt. =    0.00000            0.491351E-01           *
#                                                               *
#*************   chi**2/iteration =  2.664       ****************


#********** Integration by Vegas (iteration      14) ************
#                                                               *
#  integral  =  1939.3214       accum. integral =  1939.0900    *
#  std. dev. =  1.0201769       accum. std. dev = 0.32838457    *
#   min/max. wt. =    0.00000            0.388251E-01           *
#                                                               *
#*************   chi**2/iteration =  4.289       ****************


#********** Integration by Vegas (iteration      15) ************
#                                                               *
#  integral  =  1939.4735       accum. integral =  1938.8860    *
#  std. dev. =  1.0276330       accum. std. dev = 0.30993381    *
#   min/max. wt. =  -0.128008E-12        0.397202E-01           *
#                                                               *
#*************   chi**2/iteration =  2.495       ****************

 ****************************************************
 * Writing out vegas grid to ./data/output.grid                                                      
 ****************************************************

  Input parameters for vegas:  ndim=  9   ncall= 99999999.
                              it=    0    itmx=    2
                              acc=-1.00    
                              mds=  0     nd=  50
                              (xl,xu)= (  0.00000     ,  1.00000     )
                                       (  0.00000     ,  1.00000     )
                                       (  0.00000     ,  1.00000     )
                                       (  0.00000     ,  1.00000     )
                                       (  0.00000     ,  1.00000     )
                                       (  0.00000     ,  1.00000     )
                                       (  0.00000     ,  1.00000     )
                                       (  0.00000     ,  1.00000     )
                                       (  0.00000     ,  1.00000     )

#********** Integration by Vegas (iteration      15) ************
#                                                               *
#  integral  =  1939.6897       accum. integral =  1939.1471    *
#  std. dev. =  1.0359586       accum. std. dev = 0.31284771    *
#   min/max. wt. =    0.00000            0.688457E-01           *
#                                                               *
#*************   chi**2/iteration =  3.992       ****************

 ****************************************************
 * Writing out vegas grid to ./data/output.grid                                                      
 ****************************************************

  Input parameters for vegas:  ndim=  9   ncall= 99999999.
                              it=    0    itmx=    2
                              acc=-1.00    
                              mds=  0     nd=  50
                              (xl,xu)= (  0.00000     ,  1.00000     )
                                       (  0.00000     ,  1.00000     )
                                       (  0.00000     ,  1.00000     )
                                       (  0.00000     ,  1.00000     )
                                       (  0.00000     ,  1.00000     )
                                       (  0.00000     ,  1.00000     )
                                       (  0.00000     ,  1.00000     )
                                       (  0.00000     ,  1.00000     )
                                       (  0.00000     ,  1.00000     )

#********** Integration by Vegas (iteration       1) ************
#                                                               *
#  integral  =  1939.9412       accum. integral =  1939.9412    *
#  std. dev. =  1.0363033       accum. std. dev =  1.0363033    *
#   min/max. wt. =    0.00000            0.463830E-01           *
#                                                               *
#*************   chi**2/iteration = -.4336E-06   ****************


#********** Integration by Vegas (iteration       1) ************
#                                                               *
#  integral  =  1940.4724       accum. integral =  1940.4724    *
#  std. dev. =  1.0431470       accum. std. dev =  1.0431470    *
#   min/max. wt. =    0.00000            0.579377E-01           *
#                                                               *
#*************   chi**2/iteration = 0.4279E-06   ****************


#********** Integration by Vegas (iteration       2) ************
#                                                               *
#  integral  =  1941.3514       accum. integral =  1940.6223    *
#  std. dev. =  1.0729335       accum. std. dev = 0.74539992    *
#   min/max. wt. =    0.00000            0.194141               *
#                                                               *
#*************   chi**2/iteration = 0.8929       ****************

 Done

#********** Integration by Vegas (iteration       2) ************
#                                                               *
#  integral  =  1937.6528       accum. integral =  1939.0770    *
#  std. dev. =  1.0522651       accum. std. dev = 0.74081433    *
#   min/max. wt. =    0.00000            0.907944E-01           *
#                                                               *
#*************   chi**2/iteration =  3.618       ****************

 Done
