SLURM job running in:  /tmp/tmp.IG6JOdiHAi
  ****************************************
 
       NNPDFDriver version 1.0.3
   Grid: ./pdfs/NNPDF30_lo_as_0130.LHgrid                                                                    
  ****************************************
 extending no. of histograms for vbf tests
 
  
  ***************************************************************************************
  *                                JHU Generator v7.0.2                                 *
  ***************************************************************************************
  *                                                                                     *
  *   Spin and parity determination of single-produced resonances at hadron colliders   *
  *                                                                                     *
  *          I. Anderson, S. Bolognesi, F. Caola, Y. Gao, A. Gritsan, Z. Guo,           *
  *        C. Martin, K. Melnikov, R. Rontsch, H. Roskes, U. Sarica, M. Schulze,        *
  *                   N. Tran, A. Whitbeck, M. Xiao, C. You, Y. Zhou                    *
  *              Phys.Rev. D81 (2010) 075022;  arXiv:1001.3396  [hep-ph],               *
  *              Phys.Rev. D86 (2012) 095031;  arXiv:1208.4018  [hep-ph],               *
  *              Phys.Rev. D89 (2014) 035007;  arXiv:1309.4819  [hep-ph],               *
  *              Phys.Rev. D94 (2016) 055023;  arXiv:1606.03107 [hep-ph].               *
  *                                                                                     *
  ***************************************************************************************
  
   
   Command line: ./JHUGen Unweighted=0 VegasNc0=99999999 VegasNc1=99999999 VegasNc2=99999999 PDFSet=3 Process=60 deltaRcut=0 pTjetcut=0 ghz1=0,0 ghz2=1,0
   
   Input Parameter:
    Collider: P-P, sqrt(s)=13000.00
    Resonance: spin=0, mass= 125.00 width=   0.00407
    Z-boson: mass=91.188, width=2.4952
    W-boson: mass=80.399, width=2.0850
    Jet cuts:
            pT >=     0.00 GeV
        DeltaR >=     0.00
           mJJ >=     0.00 GeV
    Random seed:   982513712
    To reproduce results using this seed, JHUGen should be compiled with the same compiler:
      GNU Fortran (GCC) 4.9.3
    
    WidthScheme:   2
    PDFSet:   3
    Unweighted: F
    Intermediate off-shell photons: F
    
    spin-0-VV couplings: 
      generate_as=F
      ghg2=  0.10000000E+01  0.00000000E+00i
      ghz2=  0.10000000E+01  0.00000000E+00i
      Lambda=  1000.0
    
    LHE output: ./data/output.lhe
    Histogram output: ./data/output.dat
    Log file: ./data/output.log
    
  Running

  Input parameters for vegas:  ndim=  9   ncall= 99999999.
                              it=    0    itmx=   15
                              acc=-1.00    
                              mds=  0     nd=  50
                              (xl,xu)= (  0.00000     ,  1.00000     )
                                       (  0.00000     ,  1.00000     )
                                       (  0.00000     ,  1.00000     )
                                       (  0.00000     ,  1.00000     )
                                       (  0.00000     ,  1.00000     )
                                       (  0.00000     ,  1.00000     )
                                       (  0.00000     ,  1.00000     )
                                       (  0.00000     ,  1.00000     )
                                       (  0.00000     ,  1.00000     )

#********** Integration by Vegas (iteration       1) ************
#                                                               *
#  integral  =  86790.863       accum. integral =  86790.863    *
#  std. dev. =  73359.773       accum. std. dev =  73359.773    *
#   min/max. wt. =    0.00000             73323.1               *
#                                                               *
#*************   chi**2/iteration =  0.000       ****************


#********** Integration by Vegas (iteration       2) ************
#                                                               *
#  integral  =  13346.276       accum. integral =  13602.255    *
#  std. dev. =  667.15233       accum. std. dev =  3098.4239    *
#   min/max. wt. =    0.00000             466.647               *
#                                                               *
#*************   chi**2/iteration =  1.950       ****************


#********** Integration by Vegas (iteration       3) ************
#                                                               *
#  integral  =  13467.238       accum. integral =  13500.166    *
#  std. dev. =  381.65830       accum. std. dev =  1263.9480    *
#   min/max. wt. =    0.00000             376.667               *
#                                                               *
#*************   chi**2/iteration =  1.430       ****************


#********** Integration by Vegas (iteration       4) ************
#                                                               *
#  integral  =  13140.376       accum. integral =  13153.728    *
#  std. dev. =  63.573521       accum. std. dev =  213.16862    *
#   min/max. wt. =  -0.127024E-10         22.5483               *
#                                                               *
#*************   chi**2/iteration =  1.278       ****************


#********** Integration by Vegas (iteration       5) ************
#                                                               *
#  integral  =  13094.084       accum. integral =  13095.507    *
#  std. dev. =  9.7180445       accum. std. dev =  29.760539    *
#   min/max. wt. =    0.00000             2.76593               *
#                                                               *
#*************   chi**2/iteration =  1.197       ****************


#********** Integration by Vegas (iteration       6) ************
#                                                               *
#  integral  =  13111.109       accum. integral =  13106.816    *
#  std. dev. =  5.9230527       accum. std. dev =  14.398243    *
#   min/max. wt. =  -0.526096E-11        0.378078               *
#                                                               *
#*************   chi**2/iteration =  1.172       ****************


#********** Integration by Vegas (iteration       7) ************
#                                                               *
#  integral  =  13110.575       accum. integral =  13108.701    *
#  std. dev. =  5.0274594       accum. std. dev =  9.5073762    *
#   min/max. wt. =    0.00000            0.783787               *
#                                                               *
#*************   chi**2/iteration =  1.124       ****************


#********** Integration by Vegas (iteration       8) ************
#                                                               *
#  integral  =  13107.289       accum. integral =  13108.198    *
#  std. dev. =  4.7835899       accum. std. dev =  7.2059467    *
#   min/max. wt. =    0.00000            0.349807               *
#                                                               *
#*************   chi**2/iteration =  1.080       ****************


#********** Integration by Vegas (iteration       9) ************
#                                                               *
#  integral  =  13097.383       accum. integral =  13105.228    *
#  std. dev. =  4.6370269       accum. std. dev =  5.8425111    *
#   min/max. wt. =    0.00000            0.118328               *
#                                                               *
#*************   chi**2/iteration =  1.128       ****************


#********** Integration by Vegas (iteration      10) ************
#                                                               *
#  integral  =  13101.192       accum. integral =  13104.352    *
#  std. dev. =  4.6187350       accum. std. dev =  4.9517846    *
#   min/max. wt. =    0.00000            0.208812               *
#                                                               *
#*************   chi**2/iteration =  1.106       ****************


#********** Integration by Vegas (iteration      11) ************
#                                                               *
#  integral  =  13107.983       accum. integral =  13104.997    *
#  std. dev. =  4.6294244       accum. std. dev =  4.3215293    *
#   min/max. wt. =    0.00000            0.185233               *
#                                                               *
#*************   chi**2/iteration =  1.085       ****************


#********** Integration by Vegas (iteration      12) ************
#                                                               *
#  integral  =  13102.632       accum. integral =  13104.644    *
#  std. dev. =  4.6543085       accum. std. dev =  3.8510863    *
#   min/max. wt. =    0.00000            0.253243               *
#                                                               *
#*************   chi**2/iteration =  1.061       ****************


#********** Integration by Vegas (iteration      13) ************
#                                                               *
#  integral  =  13108.333       accum. integral =  13105.124    *
#  std. dev. =  4.6515920       accum. std. dev =  3.4819312    *
#   min/max. wt. =    0.00000            0.124480               *
#                                                               *
#*************   chi**2/iteration =  1.045       ****************


#********** Integration by Vegas (iteration      14) ************
#                                                               *
#  integral  =  13109.458       accum. integral =  13105.620    *
#  std. dev. =  4.6707937       accum. std. dev =  3.1856129    *
#   min/max. wt. =    0.00000            0.146309               *
#                                                               *
#*************   chi**2/iteration =  1.035       ****************


#********** Integration by Vegas (iteration      15) ************
#                                                               *
#  integral  =  13103.335       accum. integral =  13105.388    *
#  std. dev. =  4.6940461       accum. std. dev =  2.9424441    *
#   min/max. wt. =    0.00000            0.123237               *
#                                                               *
#*************   chi**2/iteration =  1.016       ****************

 ****************************************************
 * Writing out vegas grid to ./data/output.grid                                                      
 ****************************************************

  Input parameters for vegas:  ndim=  9   ncall= 99999999.
                              it=    0    itmx=    2
                              acc=-1.00    
                              mds=  0     nd=  50
                              (xl,xu)= (  0.00000     ,  1.00000     )
                                       (  0.00000     ,  1.00000     )
                                       (  0.00000     ,  1.00000     )
                                       (  0.00000     ,  1.00000     )
                                       (  0.00000     ,  1.00000     )
                                       (  0.00000     ,  1.00000     )
                                       (  0.00000     ,  1.00000     )
                                       (  0.00000     ,  1.00000     )
                                       (  0.00000     ,  1.00000     )

#********** Integration by Vegas (iteration       1) ************
#                                                               *
#  integral  =  13105.590       accum. integral =  13105.590    *
#  std. dev. =  4.7510986       accum. std. dev =  4.7510986    *
#   min/max. wt. =    0.00000            0.225865               *
#                                                               *
#*************   chi**2/iteration =  0.000       ****************


#********** Integration by Vegas (iteration       2) ************
#                                                               *
#  integral  =  13109.816       accum. integral =  13107.683    *
#  std. dev. =  4.7978768       accum. std. dev =  3.3759564    *
#   min/max. wt. =    0.00000            0.239105               *
#                                                               *
#*************   chi**2/iteration = 0.3913       ****************

 Done
