SLURM job running in:  /tmp/tmp.AywaZEUYdP
  ****************************************
 
       NNPDFDriver version 1.0.3
   Grid: ./pdfs/NNPDF30_lo_as_0130.LHgrid                                                                    
  ****************************************
 extending no. of histograms for vbf tests
 
  
  ***************************************************************************************
  *                                JHU Generator v7.0.2                                 *
  ***************************************************************************************
  *                                                                                     *
  *   Spin and parity determination of single-produced resonances at hadron colliders   *
  *                                                                                     *
  *          I. Anderson, S. Bolognesi, F. Caola, Y. Gao, A. Gritsan, Z. Guo,           *
  *        C. Martin, K. Melnikov, R. Rontsch, H. Roskes, U. Sarica, M. Schulze,        *
  *                   N. Tran, A. Whitbeck, M. Xiao, C. You, Y. Zhou                    *
  *              Phys.Rev. D81 (2010) 075022;  arXiv:1001.3396  [hep-ph],               *
  *              Phys.Rev. D86 (2012) 095031;  arXiv:1208.4018  [hep-ph],               *
  *              Phys.Rev. D89 (2014) 035007;  arXiv:1309.4819  [hep-ph],               *
  *              Phys.Rev. D94 (2016) 055023;  arXiv:1606.03107 [hep-ph].               *
  *                                                                                     *
  ***************************************************************************************
  
   
   Command line: ./JHUGen Unweighted=0 VegasNc0=99999999 VegasNc1=99999999 VegasNc2=99999999 PDFSet=3 Process=60 deltaRcut=0 pTjetcut=0 ghz1=1,0 ghz4=0.297979,0
   
   Input Parameter:
    Collider: P-P, sqrt(s)=13000.00
    Resonance: spin=0, mass= 125.00 width=   0.00407
    Z-boson: mass=91.188, width=2.4952
    W-boson: mass=80.399, width=2.0850
    Jet cuts:
            pT >=     0.00 GeV
        DeltaR >=     0.00
           mJJ >=     0.00 GeV
    Random seed:   544996079
    To reproduce results using this seed, JHUGen should be compiled with the same compiler:
      GNU Fortran (GCC) 4.9.3
    
    WidthScheme:   2
    PDFSet:   3
    Unweighted: F
    Intermediate off-shell photons: F
    
    spin-0-VV couplings: 
      generate_as=F
      ghg2=  0.10000000E+01  0.00000000E+00i
      ghz1=  0.10000000E+01  0.00000000E+00i
      ghz4=  0.29797900E+00  0.00000000E+00i
      Lambda=  1000.0
    
    LHE output: ./data/output.lhe
    Histogram output: ./data/output.dat
    Log file: ./data/output.log
    
  Running

  Input parameters for vegas:  ndim=  9   ncall= 99999999.
                              it=    0    itmx=   15
                              acc=-1.00    
                              mds=  0     nd=  50
                              (xl,xu)= (  0.00000     ,  1.00000     )
                                       (  0.00000     ,  1.00000     )
                                       (  0.00000     ,  1.00000     )
                                       (  0.00000     ,  1.00000     )
                                       (  0.00000     ,  1.00000     )
                                       (  0.00000     ,  1.00000     )
                                       (  0.00000     ,  1.00000     )
                                       (  0.00000     ,  1.00000     )
                                       (  0.00000     ,  1.00000     )

#********** Integration by Vegas (iteration       1) ************
#                                                               *
#  integral  =  2713.6635       accum. integral =  2713.6635    *
#  std. dev. =  679.01145       accum. std. dev =  679.01145    *
#   min/max. wt. =    0.00000             522.384               *
#                                                               *
#*************   chi**2/iteration =  0.000       ****************


#********** Integration by Vegas (iteration       2) ************
#                                                               *
#  integral  =  1809.0819       accum. integral =  1818.6719    *
#  std. dev. =  46.857418       accum. std. dev =  59.414871    *
#   min/max. wt. =    0.00000             35.9520               *
#                                                               *
#*************   chi**2/iteration =  2.429       ****************


#********** Integration by Vegas (iteration       3) ************
#                                                               *
#  integral  =  1941.2853       accum. integral =  1921.2545    *
#  std. dev. =  22.100753       accum. std. dev =  22.818480    *
#   min/max. wt. =    0.00000             17.9686               *
#                                                               *
#*************   chi**2/iteration =  3.318       ****************


#********** Integration by Vegas (iteration       4) ************
#                                                               *
#  integral  =  1938.6982       accum. integral =  1936.9896    *
#  std. dev. =  6.6523967       accum. std. dev =  6.9447735    *
#   min/max. wt. =    0.00000             3.13250               *
#                                                               *
#*************   chi**2/iteration =  2.525       ****************


#********** Integration by Vegas (iteration       5) ************
#                                                               *
#  integral  =  1939.0481       accum. integral =  1938.8931    *
#  std. dev. =  1.8038669       accum. std. dev =  1.8731778    *
#   min/max. wt. =    0.00000            0.278461               *
#                                                               *
#*************   chi**2/iteration =  1.983       ****************


#********** Integration by Vegas (iteration       6) ************
#                                                               *
#  integral  =  1935.0070       accum. integral =  1936.2913    *
#  std. dev. =  1.2161589       accum. std. dev =  1.0636696    *
#   min/max. wt. =    0.00000            0.159548               *
#                                                               *
#*************   chi**2/iteration =  2.216       ****************


#********** Integration by Vegas (iteration       7) ************
#                                                               *
#  integral  =  1935.9341       accum. integral =  1936.1311    *
#  std. dev. =  1.1039898       accum. std. dev = 0.78288746    *
#   min/max. wt. =    0.00000            0.191305               *
#                                                               *
#*************   chi**2/iteration =  1.889       ****************


#********** Integration by Vegas (iteration       8) ************
#                                                               *
#  integral  =  1937.8744       accum. integral =  1936.7214    *
#  std. dev. =  1.0344227       accum. std. dev = 0.63246182    *
#   min/max. wt. =    0.00000            0.465418E-01           *
#                                                               *
#*************   chi**2/iteration =  1.884       ****************


#********** Integration by Vegas (iteration       9) ************
#                                                               *
#  integral  =  1937.2339       accum. integral =  1936.8558    *
#  std. dev. =  1.0091748       accum. std. dev = 0.54036098    *
#   min/max. wt. =    0.00000            0.535790E-01           *
#                                                               *
#*************   chi**2/iteration =  1.688       ****************


#********** Integration by Vegas (iteration      10) ************
#                                                               *
#  integral  =  1936.1812       accum. integral =  1936.7144    *
#  std. dev. =  1.0030213       accum. std. dev = 0.47832535    *
#   min/max. wt. =    0.00000            0.506177E-01           *
#                                                               *
#*************   chi**2/iteration =  1.550       ****************


#********** Integration by Vegas (iteration      11) ************
#                                                               *
#  integral  =  1935.8033       accum. integral =  1936.5577    *
#  std. dev. =  1.0073318       accum. std. dev = 0.43368888    *
#   min/max. wt. =    0.00000            0.739714E-01           *
#                                                               *
#*************   chi**2/iteration =  1.468       ****************


#********** Integration by Vegas (iteration      12) ************
#                                                               *
#  integral  =  1937.1255       accum. integral =  1936.6418    *
#  std. dev. =  1.0027457       accum. std. dev = 0.39911045    *
#   min/max. wt. =    0.00000            0.545790E-01           *
#                                                               *
#*************   chi**2/iteration =  1.366       ****************


#********** Integration by Vegas (iteration      13) ************
#                                                               *
#  integral  =  1937.7366       accum. integral =  1936.7809    *
#  std. dev. =  1.0116131       accum. std. dev = 0.37195982    *
#   min/max. wt. =    0.00000            0.589851E-01           *
#                                                               *
#*************   chi**2/iteration =  1.338       ****************


#********** Integration by Vegas (iteration      14) ************
#                                                               *
#  integral  =  1937.4306       accum. integral =  1936.8534    *
#  std. dev. =  1.0174374       accum. std. dev = 0.34983867    *
#   min/max. wt. =    0.00000            0.760965E-01           *
#                                                               *
#*************   chi**2/iteration =  1.267       ****************


#********** Integration by Vegas (iteration      15) ************
#                                                               *
#  integral  =  1938.4632       accum. integral =  1937.0130    *
#  std. dev. =  1.0248802       accum. std. dev = 0.33142797    *
#   min/max. wt. =    0.00000            0.707829E-01           *
#                                                               *
#*************   chi**2/iteration =  1.331       ****************

 ****************************************************
 * Writing out vegas grid to ./data/output.grid                                                      
 ****************************************************

  Input parameters for vegas:  ndim=  9   ncall= 99999999.
                              it=    0    itmx=    2
                              acc=-1.00    
                              mds=  0     nd=  50
                              (xl,xu)= (  0.00000     ,  1.00000     )
                                       (  0.00000     ,  1.00000     )
                                       (  0.00000     ,  1.00000     )
                                       (  0.00000     ,  1.00000     )
                                       (  0.00000     ,  1.00000     )
                                       (  0.00000     ,  1.00000     )
                                       (  0.00000     ,  1.00000     )
                                       (  0.00000     ,  1.00000     )
                                       (  0.00000     ,  1.00000     )

#********** Integration by Vegas (iteration       1) ************
#                                                               *
#  integral  =  1937.3395       accum. integral =  1937.3395    *
#  std. dev. =  1.0320381       accum. std. dev =  1.0320381    *
#   min/max. wt. =  -0.152374E-05        0.682830E-01           *
#                                                               *
#*************   chi**2/iteration =  0.000       ****************


#********** Integration by Vegas (iteration       2) ************
#                                                               *
#  integral  =  1938.5603       accum. integral =  1937.9396    *
#  std. dev. =  1.0502331       accum. std. dev = 0.73611378    *
#   min/max. wt. =    0.00000            0.126751               *
#                                                               *
#*************   chi**2/iteration = 0.6867       ****************

 Done
