SLURM job running in:  /tmp/tmp.DNhqYgkJVQ
  ****************************************
 
       NNPDFDriver version 1.0.3
   Grid: ./pdfs/NNPDF30_lo_as_0130.LHgrid                                                                    
  ****************************************
 
  
  ***************************************************************************************
  *                                JHU Generator v7.0.2                                 *
  ***************************************************************************************
  *                                                                                     *
  *   Spin and parity determination of single-produced resonances at hadron colliders   *
  *                                                                                     *
  *          I. Anderson, S. Bolognesi, F. Caola, Y. Gao, A. Gritsan, Z. Guo,           *
  *        C. Martin, K. Melnikov, R. Rontsch, H. Roskes, U. Sarica, M. Schulze,        *
  *                   N. Tran, A. Whitbeck, M. Xiao, C. You, Y. Zhou                    *
  *              Phys.Rev. D81 (2010) 075022;  arXiv:1001.3396  [hep-ph],               *
  *              Phys.Rev. D86 (2012) 095031;  arXiv:1208.4018  [hep-ph],               *
  *              Phys.Rev. D89 (2014) 035007;  arXiv:1309.4819  [hep-ph],               *
  *              Phys.Rev. D94 (2016) 055023;  arXiv:1606.03107 [hep-ph].               *
  *                                                                                     *
  ***************************************************************************************
  
   
   Command line: ./JHUGen Unweighted=0 VegasNc0=99999999 VegasNc1=99999999 VegasNc2=99999999 PDFSet=3 Process=50 DecayMode1=11 ghz1=1,0 ghz1_prime2=-525.274,0
   
   Input Parameter:
    Collider: P-P, sqrt(s)=13000.00
    Resonance: spin=0, mass= 125.00 width=   0.00407
    DecayMode1:11
    W-boson: mass=80.399, width=2.0850
    Jet cuts:
            pT >=     0.00 GeV
        DeltaR >=     0.00
           mJJ >=     0.00 GeV
    Random seed:   620141133
    To reproduce results using this seed, JHUGen should be compiled with the same compiler:
      GNU Fortran (GCC) 4.9.3
    
    WidthScheme:   2
    PDFSet:   3
    Unweighted: F
    
    spin-0-VV couplings: 
      generate_as=F
      ghg2=  0.10000000E+01  0.00000000E+00i
      ghz1=  0.10000000E+01  0.00000000E+00i
      ghz1_prime2= -0.52527400E+03  0.00000000E+00i,    Lambda_z1=  1.0000E+04
      Lambda=  1000.0
    
    LHE output: ./data/output.lhe
    Histogram output: ./data/output.dat
    Log file: ./data/output.log
    
  Running

  Input parameters for vegas:  ndim= 19   ncall= 99999999.
                              it=    0    itmx=    5
                              acc=-1.00    
                              mds=  0     nd=  50
                              (xl,xu)= (  0.00000     ,  1.00000     )
                                       (  0.00000     ,  1.00000     )
                                       (  0.00000     ,  1.00000     )
                                       (  0.00000     ,  1.00000     )
                                       (  0.00000     ,  1.00000     )
                                       (  0.00000     ,  1.00000     )
                                       (  0.00000     ,  1.00000     )
                                       (  0.00000     ,  1.00000     )
                                       (  0.00000     ,  1.00000     )
                                       (  0.00000     ,  1.00000     )
                                       (  0.00000     ,  1.00000     )
                                       (  0.00000     ,  1.00000     )
                                       (  0.00000     ,  1.00000     )
                                       (  0.00000     ,  1.00000     )
                                       (  0.00000     ,  1.00000     )
                                       (  0.00000     ,  1.00000     )
                                       (  0.00000     ,  1.00000     )
                                       (  0.00000     ,  1.00000     )
                                       (  0.00000     ,  1.00000     )

#********** Integration by Vegas (iteration       1) ************
#                                                               *
#  integral  =  12083185.       accum. integral =  12083185.    *
#  std. dev. =  5799.9912       accum. std. dev =  5799.9912    *
#   min/max. wt. =    0.00000             55.6986               *
#                                                               *
#*************   chi**2/iteration =  0.000       ****************


#********** Integration by Vegas (iteration       2) ************
#                                                               *
#  integral  =  12088858.       accum. integral =  12088065.    *
#  std. dev. =  2339.1468       accum. std. dev =  2168.9980    *
#   min/max. wt. =    0.00000             12.1588               *
#                                                               *
#*************   chi**2/iteration = 0.8216       ****************


#********** Integration by Vegas (iteration       3) ************
#                                                               *
#  integral  =  12089333.       accum. integral =  12088732.    *
#  std. dev. =  2057.3217       accum. std. dev =  1492.5864    *
#   min/max. wt. =    0.00000             10.1865               *
#                                                               *
#*************   chi**2/iteration = 0.5009       ****************


#********** Integration by Vegas (iteration       4) ************
#                                                               *
#  integral  =  12088739.       accum. integral =  12088735.    *
#  std. dev. =  2028.6991       accum. std. dev =  1202.2340    *
#   min/max. wt. =    0.00000             11.4042               *
#                                                               *
#*************   chi**2/iteration = 0.3340       ****************


#********** Integration by Vegas (iteration       5) ************
#                                                               *
#  integral  =  12088983.       accum. integral =  12088799.    *
#  std. dev. =  2023.7811       accum. std. dev =  1033.6014    *
#   min/max. wt. =    0.00000             14.6102               *
#                                                               *
#*************   chi**2/iteration = 0.2533       ****************


  Input parameters for vegas:  ndim= 19   ncall= 99999999.
                              it=    0    itmx=    1
                              acc=-1.00    
                              mds=  0     nd=  50
                              (xl,xu)= (  0.00000     ,  1.00000     )
                                       (  0.00000     ,  1.00000     )
                                       (  0.00000     ,  1.00000     )
                                       (  0.00000     ,  1.00000     )
                                       (  0.00000     ,  1.00000     )
                                       (  0.00000     ,  1.00000     )
                                       (  0.00000     ,  1.00000     )
                                       (  0.00000     ,  1.00000     )
                                       (  0.00000     ,  1.00000     )
                                       (  0.00000     ,  1.00000     )
                                       (  0.00000     ,  1.00000     )
                                       (  0.00000     ,  1.00000     )
                                       (  0.00000     ,  1.00000     )
                                       (  0.00000     ,  1.00000     )
                                       (  0.00000     ,  1.00000     )
                                       (  0.00000     ,  1.00000     )
                                       (  0.00000     ,  1.00000     )
                                       (  0.00000     ,  1.00000     )
                                       (  0.00000     ,  1.00000     )

#********** Integration by Vegas (iteration       1) ************
#                                                               *
#  integral  =  12091204.       accum. integral =  12091204.    *
#  std. dev. =  2025.3678       accum. std. dev =  2025.3678    *
#   min/max. wt. =    0.00000             12.9508               *
#                                                               *
#*************   chi**2/iteration =  0.000       ****************

 Done
