SLURM job running in:  /work-zfs/lhc/heshy/JHUGen/xsecs/JHUGen_interference/JHUGenerator/xsecs
  ****************************************
 
       NNPDFDriver version 1.0.3
   Grid: ./pdfs/NNPDF30_lo_as_0130.LHgrid                                                                    
  ****************************************
 
  
  ***************************************************************************************
  *                                JHU Generator v7.0.2                                 *
  ***************************************************************************************
  *                                                                                     *
  *   Spin and parity determination of single-produced resonances at hadron colliders   *
  *                                                                                     *
  *          I. Anderson, S. Bolognesi, F. Caola, Y. Gao, A. Gritsan, Z. Guo,           *
  *        C. Martin, K. Melnikov, R. Rontsch, H. Roskes, U. Sarica, M. Schulze,        *
  *                   N. Tran, A. Whitbeck, M. Xiao, C. You, Y. Zhou                    *
  *              Phys.Rev. D81 (2010) 075022;  arXiv:1001.3396  [hep-ph],               *
  *              Phys.Rev. D86 (2012) 095031;  arXiv:1208.4018  [hep-ph],               *
  *              Phys.Rev. D89 (2014) 035007;  arXiv:1309.4819  [hep-ph],               *
  *              Phys.Rev. D94 (2016) 055023;  arXiv:1606.03107 [hep-ph].               *
  *                                                                                     *
  ***************************************************************************************
  
   
   Command line: /work-zfs/lhc/heshy/JHUGen/xsecs/JHUGen_interference/JHUGenerator/xsecs/../JHUGen Unweighted=0 VegasNc0=99999999 VegasNc1=99999999 VegasNc2=99999999 PDFSet=3 DataFile=workdir/WH_L1_39 MPhotonCutoff=0 Process=50 DecayMode1=11 ghz1=0,0 ghz1_prime2=1,0
   
   Input Parameter:
    Collider: P-P, sqrt(s)=13000.00
    Resonance: spin=0, mass= 125.00 width=   0.00407
    DecayMode1:11
    W-boson: mass=80.399, width=2.0850
    Jet cuts:
            pT >=     0.00 GeV
        DeltaR >=     0.00
           mJJ >=     0.00 GeV
    Random seed:    47263281
    To reproduce results using this seed, JHUGen should be compiled with the same compiler:
      GNU Fortran (GCC) 4.9.3
    
    WidthScheme:   2
    PDFSet:   3
    Unweighted: F
    
    spin-0-VV couplings: 
      generate_as=F
      ghg2=  0.10000000E+01  0.00000000E+00i
      ghz1_prime2=  0.10000000E+01  0.00000000E+00i,    Lambda_z1=  1.0000E+04
      Lambda=  1000.0
    
    LHE output: workdir/WH_L1_39.lhe
    Histogram output: workdir/WH_L1_39.dat
    Log file: workdir/WH_L1_39.log
    
  Running

  Input parameters for vegas:  ndim= 19   ncall= 99999999.
                              it=    0    itmx=    5
                              acc=-1.00    
                              mds=  0     nd=  50
                              (xl,xu)= (  0.00000     ,  1.00000     )
                                       (  0.00000     ,  1.00000     )
                                       (  0.00000     ,  1.00000     )
                                       (  0.00000     ,  1.00000     )
                                       (  0.00000     ,  1.00000     )
                                       (  0.00000     ,  1.00000     )
                                       (  0.00000     ,  1.00000     )
                                       (  0.00000     ,  1.00000     )
                                       (  0.00000     ,  1.00000     )
                                       (  0.00000     ,  1.00000     )
                                       (  0.00000     ,  1.00000     )
                                       (  0.00000     ,  1.00000     )
                                       (  0.00000     ,  1.00000     )
                                       (  0.00000     ,  1.00000     )
                                       (  0.00000     ,  1.00000     )
                                       (  0.00000     ,  1.00000     )
                                       (  0.00000     ,  1.00000     )
                                       (  0.00000     ,  1.00000     )
                                       (  0.00000     ,  1.00000     )

#********** Integration by Vegas (iteration       1) ************
#                                                               *
#  integral  =  53.678394       accum. integral =  53.678394    *
#  std. dev. = 0.24977669E-01   accum. std. dev = 0.24977669E-01*
#   min/max. wt. =    0.00000            0.280487E-03           *
#                                                               *
#*************   chi**2/iteration =  0.000       ****************


#********** Integration by Vegas (iteration       2) ************
#                                                               *
#  integral  =  53.686522       accum. integral =  53.685375    *
#  std. dev. = 0.10125401E-01   accum. std. dev = 0.93831857E-02*
#   min/max. wt. =    0.00000            0.657651E-04           *
#                                                               *
#*************   chi**2/iteration = 0.9084E-01   ****************


#********** Integration by Vegas (iteration       3) ************
#                                                               *
#  integral  =  53.698228       accum. integral =  53.692136    *
#  std. dev. = 0.89100710E-02   accum. std. dev = 0.64607910E-02*
#   min/max. wt. =    0.00000            0.747451E-04           *
#                                                               *
#*************   chi**2/iteration = 0.5386       ****************


#********** Integration by Vegas (iteration       4) ************
#                                                               *
#  integral  =  53.673478       accum. integral =  53.685601    *
#  std. dev. = 0.87969571E-02   accum. std. dev = 0.52074164E-02*
#   min/max. wt. =    0.00000            0.551329E-04           *
#                                                               *
#*************   chi**2/iteration =  1.333       ****************


#********** Integration by Vegas (iteration       5) ************
#                                                               *
#  integral  =  53.686338       accum. integral =  53.685793    *
#  std. dev. = 0.87735062E-02   accum. std. dev = 0.44780258E-02*
#   min/max. wt. =    0.00000            0.447556E-04           *
#                                                               *
#*************   chi**2/iteration =  1.001       ****************


  Input parameters for vegas:  ndim= 19   ncall= 99999999.
                              it=    0    itmx=    1
                              acc=-1.00    
                              mds=  0     nd=  50
                              (xl,xu)= (  0.00000     ,  1.00000     )
                                       (  0.00000     ,  1.00000     )
                                       (  0.00000     ,  1.00000     )
                                       (  0.00000     ,  1.00000     )
                                       (  0.00000     ,  1.00000     )
                                       (  0.00000     ,  1.00000     )
                                       (  0.00000     ,  1.00000     )
                                       (  0.00000     ,  1.00000     )
                                       (  0.00000     ,  1.00000     )
                                       (  0.00000     ,  1.00000     )
                                       (  0.00000     ,  1.00000     )
                                       (  0.00000     ,  1.00000     )
                                       (  0.00000     ,  1.00000     )
                                       (  0.00000     ,  1.00000     )
                                       (  0.00000     ,  1.00000     )
                                       (  0.00000     ,  1.00000     )
                                       (  0.00000     ,  1.00000     )
                                       (  0.00000     ,  1.00000     )
                                       (  0.00000     ,  1.00000     )

#********** Integration by Vegas (iteration       1) ************
#                                                               *
#  integral  =  53.686744       accum. integral =  53.686744    *
#  std. dev. = 0.87796424E-02   accum. std. dev = 0.87796424E-02*
#   min/max. wt. =    0.00000            0.535327E-04           *
#                                                               *
#*************   chi**2/iteration =  0.000       ****************

 Done
