SLURM job running in:  /tmp/tmp.ROZ5TI8Yzt
  ****************************************
 
       NNPDFDriver version 1.0.3
   Grid: ./pdfs/NNPDF30_lo_as_0130.LHgrid                                                                    
  ****************************************
 
  
  ***************************************************************************************
  *                                JHU Generator v7.0.2                                 *
  ***************************************************************************************
  *                                                                                     *
  *   Spin and parity determination of single-produced resonances at hadron colliders   *
  *                                                                                     *
  *          I. Anderson, S. Bolognesi, F. Caola, Y. Gao, A. Gritsan, Z. Guo,           *
  *        C. Martin, K. Melnikov, R. Rontsch, H. Roskes, U. Sarica, M. Schulze,        *
  *                   N. Tran, A. Whitbeck, M. Xiao, C. You, Y. Zhou                    *
  *              Phys.Rev. D81 (2010) 075022;  arXiv:1001.3396  [hep-ph],               *
  *              Phys.Rev. D86 (2012) 095031;  arXiv:1208.4018  [hep-ph],               *
  *              Phys.Rev. D89 (2014) 035007;  arXiv:1309.4819  [hep-ph],               *
  *              Phys.Rev. D94 (2016) 055023;  arXiv:1606.03107 [hep-ph].               *
  *                                                                                     *
  ***************************************************************************************
  
   
   Command line: ./JHUGen Unweighted=0 VegasNc0=99999999 VegasNc1=99999999 VegasNc2=99999999 PDFSet=3 Process=50 DecayMode1=9 ghz1=1,0 ghz4=0.144057,0
   
   Input Parameter:
    Collider: P-P, sqrt(s)=13000.00
    Resonance: spin=0, mass= 125.00 width=   0.00407
    DecayMode1: 9
    Z-boson: mass=91.188, width=2.4952
    Jet cuts:
            pT >=     0.00 GeV
        DeltaR >=     0.00
           mJJ >=     0.00 GeV
    Random seed:   436346536
    To reproduce results using this seed, JHUGen should be compiled with the same compiler:
      GNU Fortran (GCC) 4.9.3
    
    WidthScheme:   2
    PDFSet:   3
    Unweighted: F
    
    spin-0-VV couplings: 
      generate_as=F
      ghg2=  0.10000000E+01  0.00000000E+00i
      ghz1=  0.10000000E+01  0.00000000E+00i
      ghz4=  0.14405700E+00  0.00000000E+00i
      Lambda=  1000.0
    
    LHE output: ./data/output.lhe
    Histogram output: ./data/output.dat
    Log file: ./data/output.log
    
  Running

  Input parameters for vegas:  ndim= 19   ncall= 99999999.
                              it=    0    itmx=    5
                              acc=-1.00    
                              mds=  0     nd=  50
                              (xl,xu)= (  0.00000     ,  1.00000     )
                                       (  0.00000     ,  1.00000     )
                                       (  0.00000     ,  1.00000     )
                                       (  0.00000     ,  1.00000     )
                                       (  0.00000     ,  1.00000     )
                                       (  0.00000     ,  1.00000     )
                                       (  0.00000     ,  1.00000     )
                                       (  0.00000     ,  1.00000     )
                                       (  0.00000     ,  1.00000     )
                                       (  0.00000     ,  1.00000     )
                                       (  0.00000     ,  1.00000     )
                                       (  0.00000     ,  1.00000     )
                                       (  0.00000     ,  1.00000     )
                                       (  0.00000     ,  1.00000     )
                                       (  0.00000     ,  1.00000     )
                                       (  0.00000     ,  1.00000     )
                                       (  0.00000     ,  1.00000     )
                                       (  0.00000     ,  1.00000     )
                                       (  0.00000     ,  1.00000     )

#********** Integration by Vegas (iteration       1) ************
#                                                               *
#  integral  =  2873843.8       accum. integral =  2873843.8    *
#  std. dev. =  934.36331       accum. std. dev =  934.36331    *
#   min/max. wt. =    0.00000             11.9781               *
#                                                               *
#*************   chi**2/iteration = 0.1119E-05   ****************


#********** Integration by Vegas (iteration       2) ************
#                                                               *
#  integral  =  2874515.6       accum. integral =  2874286.8    *
#  std. dev. =  671.63698       accum. std. dev =  545.34172    *
#   min/max. wt. =    0.00000             9.22109               *
#                                                               *
#*************   chi**2/iteration = 0.3404       ****************


#********** Integration by Vegas (iteration       3) ************
#                                                               *
#  integral  =  2874306.9       accum. integral =  2874295.4    *
#  std. dev. =  630.63835       accum. std. dev =  412.49901    *
#   min/max. wt. =    0.00000             14.6727               *
#                                                               *
#*************   chi**2/iteration = 0.1706       ****************


#********** Integration by Vegas (iteration       4) ************
#                                                               *
#  integral  =  2872679.3       accum. integral =  2873802.4    *
#  std. dev. =  622.23840       accum. std. dev =  343.82230    *
#   min/max. wt. =    0.00000             14.1437               *
#                                                               *
#*************   chi**2/iteration =  1.675       ****************


#********** Integration by Vegas (iteration       5) ************
#                                                               *
#  integral  =  2874256.5       accum. integral =  2873908.8    *
#  std. dev. =  621.67004       accum. std. dev =  300.87117    *
#   min/max. wt. =    0.00000             12.5966               *
#                                                               *
#*************   chi**2/iteration =  1.358       ****************


  Input parameters for vegas:  ndim= 19   ncall= 99999999.
                              it=    0    itmx=    1
                              acc=-1.00    
                              mds=  0     nd=  50
                              (xl,xu)= (  0.00000     ,  1.00000     )
                                       (  0.00000     ,  1.00000     )
                                       (  0.00000     ,  1.00000     )
                                       (  0.00000     ,  1.00000     )
                                       (  0.00000     ,  1.00000     )
                                       (  0.00000     ,  1.00000     )
                                       (  0.00000     ,  1.00000     )
                                       (  0.00000     ,  1.00000     )
                                       (  0.00000     ,  1.00000     )
                                       (  0.00000     ,  1.00000     )
                                       (  0.00000     ,  1.00000     )
                                       (  0.00000     ,  1.00000     )
                                       (  0.00000     ,  1.00000     )
                                       (  0.00000     ,  1.00000     )
                                       (  0.00000     ,  1.00000     )
                                       (  0.00000     ,  1.00000     )
                                       (  0.00000     ,  1.00000     )
                                       (  0.00000     ,  1.00000     )
                                       (  0.00000     ,  1.00000     )

#********** Integration by Vegas (iteration       1) ************
#                                                               *
#  integral  =  2873192.5       accum. integral =  2873192.5    *
#  std. dev. =  620.36405       accum. std. dev =  620.36405    *
#   min/max. wt. =    0.00000             12.9479               *
#                                                               *
#*************   chi**2/iteration = 0.2538E-05   ****************

 Done
