SLURM job running in:  /work-zfs/lhc/heshy/JHUGen/xsecs/JHUGen_interference/JHUGenerator/xsecs
  ****************************************
 
       NNPDFDriver version 1.0.3
   Grid: ./pdfs/NNPDF30_lo_as_0130.LHgrid                                                                    
  ****************************************
 
  
  ***************************************************************************************
  *                                JHU Generator v7.0.2                                 *
  ***************************************************************************************
  *                                                                                     *
  *   Spin and parity determination of single-produced resonances at hadron colliders   *
  *                                                                                     *
  *          I. Anderson, S. Bolognesi, F. Caola, Y. Gao, A. Gritsan, Z. Guo,           *
  *        C. Martin, K. Melnikov, R. Rontsch, H. Roskes, U. Sarica, M. Schulze,        *
  *                   N. Tran, A. Whitbeck, M. Xiao, C. You, Y. Zhou                    *
  *              Phys.Rev. D81 (2010) 075022;  arXiv:1001.3396  [hep-ph],               *
  *              Phys.Rev. D86 (2012) 095031;  arXiv:1208.4018  [hep-ph],               *
  *              Phys.Rev. D89 (2014) 035007;  arXiv:1309.4819  [hep-ph],               *
  *              Phys.Rev. D94 (2016) 055023;  arXiv:1606.03107 [hep-ph].               *
  *                                                                                     *
  ***************************************************************************************
  
   
   Command line: /work-zfs/lhc/heshy/JHUGen/xsecs/JHUGen_interference/JHUGenerator/xsecs/../JHUGen Unweighted=0 VegasNc0=99999999 VegasNc1=99999999 VegasNc2=99999999 PDFSet=3 DataFile=workdir/ZH_a3L1_30 MPhotonCutoff=0 Process=50 DecayMode1=9 ghz1=0,0 ghz4=0.144057,0 ghz1_prime2=-517.788,0
   
   Input Parameter:
    Collider: P-P, sqrt(s)=13000.00
    Resonance: spin=0, mass= 125.00 width=   0.00407
    DecayMode1: 9
    Z-boson: mass=91.188, width=2.4952
    Jet cuts:
            pT >=     0.00 GeV
        DeltaR >=     0.00
           mJJ >=     0.00 GeV
    Random seed:    23504397
    To reproduce results using this seed, JHUGen should be compiled with the same compiler:
      GNU Fortran (GCC) 4.9.3
    
    WidthScheme:   2
    PDFSet:   3
    Unweighted: F
    
    spin-0-VV couplings: 
      generate_as=F
      ghg2=  0.10000000E+01  0.00000000E+00i
      ghz4=  0.14405700E+00  0.00000000E+00i
      ghz1_prime2= -0.51778800E+03  0.00000000E+00i,    Lambda_z1=  1.0000E+04
      Lambda=  1000.0
    
    LHE output: workdir/ZH_a3L1_30.lhe
    Histogram output: workdir/ZH_a3L1_30.dat
    Log file: workdir/ZH_a3L1_30.log
    
  Running

  Input parameters for vegas:  ndim= 19   ncall= 99999999.
                              it=    0    itmx=    5
                              acc=-1.00    
                              mds=  0     nd=  50
                              (xl,xu)= (  0.00000     ,  1.00000     )
                                       (  0.00000     ,  1.00000     )
                                       (  0.00000     ,  1.00000     )
                                       (  0.00000     ,  1.00000     )
                                       (  0.00000     ,  1.00000     )
                                       (  0.00000     ,  1.00000     )
                                       (  0.00000     ,  1.00000     )
                                       (  0.00000     ,  1.00000     )
                                       (  0.00000     ,  1.00000     )
                                       (  0.00000     ,  1.00000     )
                                       (  0.00000     ,  1.00000     )
                                       (  0.00000     ,  1.00000     )
                                       (  0.00000     ,  1.00000     )
                                       (  0.00000     ,  1.00000     )
                                       (  0.00000     ,  1.00000     )
                                       (  0.00000     ,  1.00000     )
                                       (  0.00000     ,  1.00000     )
                                       (  0.00000     ,  1.00000     )
                                       (  0.00000     ,  1.00000     )

#********** Integration by Vegas (iteration       3) ************
#                                                               *
#  integral  =  2874298.9       accum. integral =  2874342.9    *
#  std. dev. =  624.13761       accum. std. dev =  415.12190    *
#   min/max. wt. =    0.00000             4.17299               *
#                                                               *
#*************   chi**2/iteration = 0.8198E-01   ****************


#********** Integration by Vegas (iteration       1) ************
#                                                               *
#  integral  =  2874501.8       accum. integral =  2874501.8    *
#  std. dev. =  999.59888       accum. std. dev =  999.59888    *
#   min/max. wt. =    0.00000             12.2393               *
#                                                               *
#*************   chi**2/iteration =  0.000       ****************


#********** Integration by Vegas (iteration       4) ************
#                                                               *
#  integral  =  2874211.7       accum. integral =  2874302.0    *
#  std. dev. =  616.34590       accum. std. dev =  344.31069    *
#   min/max. wt. =    0.00000             4.82523               *
#                                                               *
#*************   chi**2/iteration = 0.6506E-01   ****************


#********** Integration by Vegas (iteration       2) ************
#                                                               *
#  integral  =  2874480.8       accum. integral =  2874487.3    *
#  std. dev. =  668.29160       accum. std. dev =  555.56710    *
#   min/max. wt. =    0.00000             7.82831               *
#                                                               *
#*************   chi**2/iteration = 0.3043E-03   ****************


#********** Integration by Vegas (iteration       5) ************
#                                                               *
#  integral  =  2873340.3       accum. integral =  2874072.7    *
#  std. dev. =  615.21359       accum. std. dev =  300.46075    *
#   min/max. wt. =    0.00000             4.22875               *
#                                                               *
#*************   chi**2/iteration = 0.5137       ****************


  Input parameters for vegas:  ndim= 19   ncall= 99999999.
                              it=    0    itmx=    1
                              acc=-1.00    
                              mds=  0     nd=  50
                              (xl,xu)= (  0.00000     ,  1.00000     )
                                       (  0.00000     ,  1.00000     )
                                       (  0.00000     ,  1.00000     )
                                       (  0.00000     ,  1.00000     )
                                       (  0.00000     ,  1.00000     )
                                       (  0.00000     ,  1.00000     )
                                       (  0.00000     ,  1.00000     )
                                       (  0.00000     ,  1.00000     )
                                       (  0.00000     ,  1.00000     )
                                       (  0.00000     ,  1.00000     )
                                       (  0.00000     ,  1.00000     )
                                       (  0.00000     ,  1.00000     )
                                       (  0.00000     ,  1.00000     )
                                       (  0.00000     ,  1.00000     )
                                       (  0.00000     ,  1.00000     )
                                       (  0.00000     ,  1.00000     )
                                       (  0.00000     ,  1.00000     )
                                       (  0.00000     ,  1.00000     )
                                       (  0.00000     ,  1.00000     )

#********** Integration by Vegas (iteration       3) ************
#                                                               *
#  integral  =  2873469.3       accum. integral =  2874037.3    *
#  std. dev. =  624.06689       accum. std. dev =  414.97430    *
#   min/max. wt. =    0.00000             4.57672               *
#                                                               *
#*************   chi**2/iteration = 0.7419       ****************


#********** Integration by Vegas (iteration       1) ************
#                                                               *
#  integral  =  2874259.2       accum. integral =  2874259.2    *
#  std. dev. =  614.48412       accum. std. dev =  614.48412    *
#   min/max. wt. =    0.00000             4.80687               *
#                                                               *
#*************   chi**2/iteration = -.2586E-05   ****************

 Done

#********** Integration by Vegas (iteration       4) ************
#                                                               *
#  integral  =  2875074.7       accum. integral =  2874361.0    *
#  std. dev. =  616.44973       accum. std. dev =  344.23621    *
#   min/max. wt. =    0.00000             3.71521               *
#                                                               *
#*************   chi**2/iteration =  1.144       ****************


#********** Integration by Vegas (iteration       5) ************
#                                                               *
#  integral  =  2874248.5       accum. integral =  2874334.2    *
#  std. dev. =  615.53412       accum. std. dev =  300.44497    *
#   min/max. wt. =    0.00000             4.89928               *
#                                                               *
#*************   chi**2/iteration = 0.8646       ****************


  Input parameters for vegas:  ndim= 19   ncall= 99999999.
                              it=    0    itmx=    1
                              acc=-1.00    
                              mds=  0     nd=  50
                              (xl,xu)= (  0.00000     ,  1.00000     )
                                       (  0.00000     ,  1.00000     )
                                       (  0.00000     ,  1.00000     )
                                       (  0.00000     ,  1.00000     )
                                       (  0.00000     ,  1.00000     )
                                       (  0.00000     ,  1.00000     )
                                       (  0.00000     ,  1.00000     )
                                       (  0.00000     ,  1.00000     )
                                       (  0.00000     ,  1.00000     )
                                       (  0.00000     ,  1.00000     )
                                       (  0.00000     ,  1.00000     )
                                       (  0.00000     ,  1.00000     )
                                       (  0.00000     ,  1.00000     )
                                       (  0.00000     ,  1.00000     )
                                       (  0.00000     ,  1.00000     )
                                       (  0.00000     ,  1.00000     )
                                       (  0.00000     ,  1.00000     )
                                       (  0.00000     ,  1.00000     )
                                       (  0.00000     ,  1.00000     )

#********** Integration by Vegas (iteration       1) ************
#                                                               *
#  integral  =  2873742.8       accum. integral =  2873742.8    *
#  std. dev. =  614.24701       accum. std. dev =  614.24701    *
#   min/max. wt. =    0.00000             4.25000               *
#                                                               *
#*************   chi**2/iteration =  0.000       ****************

 Done
