SLURM job running in:  /work-zfs/lhc/heshy/JHUGen/xsecs/JHUGen_interference/JHUGenerator/xsecs
  ****************************************
 
       NNPDFDriver version 1.0.3
   Grid: ./pdfs/NNPDF30_lo_as_0130.LHgrid                                                                    
  ****************************************
 
  
  ***************************************************************************************
  *                                JHU Generator v7.0.2                                 *
  ***************************************************************************************
  *                                                                                     *
  *   Spin and parity determination of single-produced resonances at hadron colliders   *
  *                                                                                     *
  *          I. Anderson, S. Bolognesi, F. Caola, Y. Gao, A. Gritsan, Z. Guo,           *
  *        C. Martin, K. Melnikov, R. Rontsch, H. Roskes, U. Sarica, M. Schulze,        *
  *                   N. Tran, A. Whitbeck, M. Xiao, C. You, Y. Zhou                    *
  *              Phys.Rev. D81 (2010) 075022;  arXiv:1001.3396  [hep-ph],               *
  *              Phys.Rev. D86 (2012) 095031;  arXiv:1208.4018  [hep-ph],               *
  *              Phys.Rev. D89 (2014) 035007;  arXiv:1309.4819  [hep-ph],               *
  *              Phys.Rev. D94 (2016) 055023;  arXiv:1606.03107 [hep-ph].               *
  *                                                                                     *
  ***************************************************************************************
  
   
   Command line: /work-zfs/lhc/heshy/JHUGen/xsecs/JHUGen_interference/JHUGenerator/xsecs/../JHUGen Unweighted=0 VegasNc0=99999999 VegasNc1=99999999 VegasNc2=99999999 PDFSet=3 DataFile=workdir/ZH_a3L1Zg_42 MPhotonCutoff=0 Process=50 DecayMode1=9 ghz1=0,0 ghz4=0.144057,0 ghzgs1_prime2=-642.953455038,0
   
   Input Parameter:
    Collider: P-P, sqrt(s)=13000.00
    Resonance: spin=0, mass= 125.00 width=   0.00407
    DecayMode1: 9
    Z-boson: mass=91.188, width=2.4952
    Jet cuts:
            pT >=     0.00 GeV
        DeltaR >=     0.00
           mJJ >=     0.00 GeV
    Random seed:   378387585
    To reproduce results using this seed, JHUGen should be compiled with the same compiler:
      GNU Fortran (GCC) 4.9.3
    
    WidthScheme:   2
    PDFSet:   3
    Unweighted: F
    
    spin-0-VV couplings: 
      generate_as=F
      ghg2=  0.10000000E+01  0.00000000E+00i
      ghz4=  0.14405700E+00  0.00000000E+00i
      m(gammastar) >=     0.00 GeV
      ghzgs1_prime2= -0.64295346E+03  0.00000000E+00i,  Lambda_zgs1=  1.0000E+04
      Lambda=  1000.0
    
    LHE output: workdir/ZH_a3L1Zg_42.lhe
    Histogram output: workdir/ZH_a3L1Zg_42.dat
    Log file: workdir/ZH_a3L1Zg_42.log
    
  Running

  Input parameters for vegas:  ndim= 19   ncall= 99999999.
                              it=    0    itmx=    5
                              acc=-1.00    
                              mds=  0     nd=  50
                              (xl,xu)= (  0.00000     ,  1.00000     )
                                       (  0.00000     ,  1.00000     )
                                       (  0.00000     ,  1.00000     )
                                       (  0.00000     ,  1.00000     )
                                       (  0.00000     ,  1.00000     )
                                       (  0.00000     ,  1.00000     )
                                       (  0.00000     ,  1.00000     )
                                       (  0.00000     ,  1.00000     )
                                       (  0.00000     ,  1.00000     )
                                       (  0.00000     ,  1.00000     )
                                       (  0.00000     ,  1.00000     )
                                       (  0.00000     ,  1.00000     )
                                       (  0.00000     ,  1.00000     )
                                       (  0.00000     ,  1.00000     )
                                       (  0.00000     ,  1.00000     )
                                       (  0.00000     ,  1.00000     )
                                       (  0.00000     ,  1.00000     )
                                       (  0.00000     ,  1.00000     )
                                       (  0.00000     ,  1.00000     )

#********** Integration by Vegas (iteration       1) ************
#                                                               *
#  integral  =  2867462.3       accum. integral =  2867462.3    *
#  std. dev. =  879.47398       accum. std. dev =  879.47398    *
#   min/max. wt. =    0.00000             17.0519               *
#                                                               *
#*************   chi**2/iteration =  0.000       ****************


#********** Integration by Vegas (iteration       2) ************
#                                                               *
#  integral  =  2867155.1       accum. integral =  2867246.9    *
#  std. dev. =  573.94663       accum. std. dev =  480.65994    *
#   min/max. wt. =    0.00000             3.88890               *
#                                                               *
#*************   chi**2/iteration = 0.8548E-01   ****************


#********** Integration by Vegas (iteration       3) ************
#                                                               *
#  integral  =  2866130.6       accum. integral =  2866746.3    *
#  std. dev. =  532.83504       accum. std. dev =  356.91924    *
#   min/max. wt. =    0.00000             2.95402               *
#                                                               *
#*************   chi**2/iteration =  1.252       ****************


#********** Integration by Vegas (iteration       4) ************
#                                                               *
#  integral  =  2866664.1       accum. integral =  2866720.4    *
#  std. dev. =  525.45659       accum. std. dev =  295.24986    *
#   min/max. wt. =    0.00000             3.34516               *
#                                                               *
#*************   chi**2/iteration = 0.8403       ****************


#********** Integration by Vegas (iteration       5) ************
#                                                               *
#  integral  =  2867087.9       accum. integral =  2866808.8    *
#  std. dev. =  524.57442       accum. std. dev =  257.29465    *
#   min/max. wt. =    0.00000             3.83464               *
#                                                               *
#*************   chi**2/iteration = 0.7234       ****************


  Input parameters for vegas:  ndim= 19   ncall= 99999999.
                              it=    0    itmx=    1
                              acc=-1.00    
                              mds=  0     nd=  50
                              (xl,xu)= (  0.00000     ,  1.00000     )
                                       (  0.00000     ,  1.00000     )
                                       (  0.00000     ,  1.00000     )
                                       (  0.00000     ,  1.00000     )
                                       (  0.00000     ,  1.00000     )
                                       (  0.00000     ,  1.00000     )
                                       (  0.00000     ,  1.00000     )
                                       (  0.00000     ,  1.00000     )
                                       (  0.00000     ,  1.00000     )
                                       (  0.00000     ,  1.00000     )
                                       (  0.00000     ,  1.00000     )
                                       (  0.00000     ,  1.00000     )
                                       (  0.00000     ,  1.00000     )
                                       (  0.00000     ,  1.00000     )
                                       (  0.00000     ,  1.00000     )
                                       (  0.00000     ,  1.00000     )
                                       (  0.00000     ,  1.00000     )
                                       (  0.00000     ,  1.00000     )
                                       (  0.00000     ,  1.00000     )

#********** Integration by Vegas (iteration       1) ************
#                                                               *
#  integral  =  2867922.8       accum. integral =  2867922.8    *
#  std. dev. =  524.03412       accum. std. dev =  524.03412    *
#   min/max. wt. =    0.00000             2.93517               *
#                                                               *
#*************   chi**2/iteration =  0.000       ****************

 Done
