SLURM job running in:  /work-zfs/lhc/heshy/JHUGen/xsecs/JHUGen_interference/JHUGenerator/xsecs
LHAPDF 6.2.1 loading /work-zfs/lhc/cms7/slc7_amd64_gcc630/external/lhapdf/6.2.1-fmblme/share/LHAPDF/NNPDF31_lo_as_0130/NNPDF31_lo_as_0130_0000.dat
NNPDF31_lo_as_0130 PDF set, member #0, version 1; LHAPDF ID = 315200
                                                            
         *******************************************        
         *              C O L L I E R              *        
         *                                         *        
         *        Complex One-Loop Library         *        
         *      In Extended Regularizations        *        
         *                                         *        
         *    by A.Denner, S.Dittmaier, L.Hofer    *        
         *                                         *        
         *              version  1.2               *        
         *                                         *        
         *******************************************        
                                                            
                                                           
 ***********************************************************
                                                            
   COLLIER: information on settings and internal parameters 
     is written to the file workdir/ggZH_a2L1Zg_NNPDF31_lo_as_0130_collierfiles/InfOut.cll
                                                            
 ***********************************************************
                                                            
 
  
  ***************************************************************************************
  *                                JHU Generator v7.2.3                                 *
  ***************************************************************************************
  *                                                                                     *
  *   Spin and parity determination of single-produced resonances at hadron colliders   *
  *                                                                                     *
  *              I. Anderson, S. Bolognesi, F. Caola, Y. Gao, A. Gritsan,               *
  *          Z. Guo, C. Martin, K. Melnikov, R. Rontsch, H. Roskes, U. Sarica,          *
  *                 M. Schulze, N. Tran, A. Whitbeck, M. Xiao, Y. Zhou                  *
  *              Phys.Rev. D81 (2010) 075022;  arXiv:1001.3396  [hep-ph],               *
  *              Phys.Rev. D86 (2012) 095031;  arXiv:1208.4018  [hep-ph],               *
  *              Phys.Rev. D89 (2014) 035007;  arXiv:1309.4819  [hep-ph],               *
  *              Phys.Rev. D94 (2016) 055023;  arXiv:1606.03107 [hep-ph].               *
  *                                                                                     *
  ***************************************************************************************
  
   
   Command line: /work-zfs/lhc/heshy/JHUGen/xsecs/JHUGen_interference/JHUGenerator/xsecs/../JHUGen Unweighted=0 VegasNc0=99999999 VegasNc1=99999999 VegasNc2=99999999 LHAPDF=NNPDF31_lo_as_0130/NNPDF31_lo_as_0130.info DataFile=workdir/ggZH_a2L1Zg_NNPDF31_lo_as_0130 MPhotonCutoff=0 Process=51 DecayMode1=9 kappa=0,0 ghz1=0,0 ghz2=0.0092415,0 ghzgs1_prime2=-57787,0
   
   Input Parameter:
    Collider: P-P, sqrt(s)=13000.00
    Resonance: spin=0, mass= 125.00 width=   0.00407
    Random seed:   845584448
    To reproduce results using this seed, JHUGen should be compiled with the same compiler:
      GNU Fortran (GCC) 6.3.0
    
    WidthScheme:   2
    LHAPDF set NNPDF31_lo_as_0130/NNPDF31_lo_as_0130.info, member=  0
    Unweighted: F
    
    spin-0-VV couplings: 
      generate_as=F
      ghg2=  0.10000000E+01  0.00000000E+00i
      ghz2=  0.92415000E-02  0.00000000E+00i
      ghzgs1_prime2= -0.57787000E+05  0.00000000E+00i,  Lambda_zgs1=  1.0000E+04
    spin-0-ff couplings: 
      Lambda=  1000.0
    
    LHE output: workdir/ggZH_a2L1Zg_NNPDF31_lo_as_0130.lhe
    Histogram output: workdir/ggZH_a2L1Zg_NNPDF31_lo_as_0130.dat
    Log file: workdir/ggZH_a2L1Zg_NNPDF31_lo_as_0130.log
    
  Running

  Input parameters for vegas:  ndim= 19   ncall= 99999999.
                              it=    0    itmx=    5
                              acc=-1.00    
                              mds=  0     nd= 250
                              (xl,xu)= (  0.00000     ,  1.00000     )
                                       (  0.00000     ,  1.00000     )
                                       (  0.00000     ,  1.00000     )
                                       (  0.00000     ,  1.00000     )
                                       (  0.00000     ,  1.00000     )
                                       (  0.00000     ,  1.00000     )
                                       (  0.00000     ,  1.00000     )
                                       (  0.00000     ,  1.00000     )
                                       (  0.00000     ,  1.00000     )
                                       (  0.00000     ,  1.00000     )
                                       (  0.00000     ,  1.00000     )
                                       (  0.00000     ,  1.00000     )
                                       (  0.00000     ,  1.00000     )
                                       (  0.00000     ,  1.00000     )
                                       (  0.00000     ,  1.00000     )
                                       (  0.00000     ,  1.00000     )
                                       (  0.00000     ,  1.00000     )
                                       (  0.00000     ,  1.00000     )
                                       (  0.00000     ,  1.00000     )
 Warning, gamma > nu nu~ gives 0.          14         -14

#********** Integration by Vegas (iteration       1) ************
#                                                               *
#  integral  =  111.77873       accum. integral =  111.77873    *
#  std. dev. =  1.1013060       accum. std. dev =  1.1013060    *
#   min/max. wt. =   0.129605E-25        0.161091               *
#                                                               *
#*************   chi**2/iteration =  0.000       ****************


#********** Integration by Vegas (iteration       2) ************
#                                                               *
#  integral  =  112.33020       accum. integral =  112.32721    *
#  std. dev. = 0.81610238E-01   accum. std. dev = 0.81189725E-01*
#   min/max. wt. =   0.438799E-22        0.232105E-02           *
#                                                               *
#*************   chi**2/iteration = 0.2479       ****************


#********** Integration by Vegas (iteration       3) ************
#                                                               *
#  integral  =  112.34585       accum. integral =  112.34312    *
#  std. dev. = 0.33689235E-01   accum. std. dev = 0.31074841E-01*
#   min/max. wt. =   0.227659E-22        0.230048E-03           *
#                                                               *
#*************   chi**2/iteration = 0.1462       ****************


#********** Integration by Vegas (iteration       4) ************
#                                                               *
#  integral  =  112.34032       accum. integral =  112.34155    *
#  std. dev. = 0.27441371E-01   accum. std. dev = 0.20558455E-01*
#   min/max. wt. =   0.426904E-23        0.111317E-03           *
#                                                               *
#*************   chi**2/iteration = 0.9895E-01   ****************


#********** Integration by Vegas (iteration       5) ************
#                                                               *
#  integral  =  112.35176       accum. integral =  112.34555    *
#  std. dev. = 0.25631615E-01   accum. std. dev = 0.16033039E-01*
#   min/max. wt. =   0.736224E-23        0.103272E-03           *
#                                                               *
#*************   chi**2/iteration = 0.9838E-01   ****************


  Input parameters for vegas:  ndim= 19   ncall= 99999999.
                              it=    0    itmx=    1
                              acc=-1.00    
                              mds=  0     nd= 250
                              (xl,xu)= (  0.00000     ,  1.00000     )
                                       (  0.00000     ,  1.00000     )
                                       (  0.00000     ,  1.00000     )
                                       (  0.00000     ,  1.00000     )
                                       (  0.00000     ,  1.00000     )
                                       (  0.00000     ,  1.00000     )
                                       (  0.00000     ,  1.00000     )
                                       (  0.00000     ,  1.00000     )
                                       (  0.00000     ,  1.00000     )
                                       (  0.00000     ,  1.00000     )
                                       (  0.00000     ,  1.00000     )
                                       (  0.00000     ,  1.00000     )
                                       (  0.00000     ,  1.00000     )
                                       (  0.00000     ,  1.00000     )
                                       (  0.00000     ,  1.00000     )
                                       (  0.00000     ,  1.00000     )
                                       (  0.00000     ,  1.00000     )
                                       (  0.00000     ,  1.00000     )
                                       (  0.00000     ,  1.00000     )

#********** Integration by Vegas (iteration       1) ************
#                                                               *
#  integral  =  112.29498       accum. integral =  112.29498    *
#  std. dev. = 0.25010948E-01   accum. std. dev = 0.25010948E-01*
#   min/max. wt. =   0.333119E-24        0.196979E-03           *
#                                                               *
#*************   chi**2/iteration =  0.000       ****************

Thanks for using LHAPDF 6.2.1. Please make sure to cite the paper:
  Eur.Phys.J. C75 (2015) 3, 132  (http://arxiv.org/abs/1412.7420)
 Done
