SLURM job running in:  /work-zfs/lhc/heshy/JHUGen/xsecs/JHUGen_interference/JHUGenerator/xsecs
LHAPDF 6.2.1 loading /work-zfs/lhc/cms9/slc6_amd64_gcc630/external/lhapdf/6.2.1-omkpbe3/share/LHAPDF/NNPDF31_lo_as_0130/NNPDF31_lo_as_0130_0000.dat
NNPDF31_lo_as_0130 PDF set, member #0, version 1; LHAPDF ID = 315200
                                                            
         *******************************************        
         *              C O L L I E R              *        
         *                                         *        
         *        Complex One-Loop Library         *        
         *      In Extended Regularizations        *        
         *                                         *        
         *    by A.Denner, S.Dittmaier, L.Hofer    *        
         *                                         *        
         *              version  1.2               *        
         *                                         *        
         *******************************************        
                                                            
                                                           
 ***********************************************************
                                                            
   COLLIER: information on settings and internal parameters 
     is written to the file workdir/ggZH_kappakappatilde_NNPDF31_lo_as_0130_collierfiles/InfOut.cll
                                                            
 ***********************************************************
                                                            
 
  
  ***************************************************************************************
  *                                JHU Generator v7.2.3                                 *
  ***************************************************************************************
  *                                                                                     *
  *   Spin and parity determination of single-produced resonances at hadron colliders   *
  *                                                                                     *
  *              I. Anderson, S. Bolognesi, F. Caola, Y. Gao, A. Gritsan,               *
  *          Z. Guo, C. Martin, K. Melnikov, R. Rontsch, H. Roskes, U. Sarica,          *
  *                 M. Schulze, N. Tran, A. Whitbeck, M. Xiao, Y. Zhou                  *
  *              Phys.Rev. D81 (2010) 075022;  arXiv:1001.3396  [hep-ph],               *
  *              Phys.Rev. D86 (2012) 095031;  arXiv:1208.4018  [hep-ph],               *
  *              Phys.Rev. D89 (2014) 035007;  arXiv:1309.4819  [hep-ph],               *
  *              Phys.Rev. D94 (2016) 055023;  arXiv:1606.03107 [hep-ph].               *
  *                                                                                     *
  ***************************************************************************************
  
   
   Command line: /work-zfs/lhc/heshy/JHUGen/xsecs/JHUGen_interference/JHUGenerator/xsecs/../JHUGen Unweighted=0 VegasNc0=99999999 VegasNc1=99999999 VegasNc2=99999999 LHAPDF=NNPDF31_lo_as_0130/NNPDF31_lo_as_0130.info DataFile=workdir/ggZH_kappakappatilde_NNPDF31_lo_as_0130 MPhotonCutoff=0 Process=51 DecayMode1=9 VH_PC=bo ghz1=0,0 kappa=1,0 kappa_tilde=0.9475,0
   
   Input Parameter:
    Collider: P-P, sqrt(s)=13000.00
    Resonance: spin=0, mass= 125.00 width=   0.00407
    Random seed:   596836764
    To reproduce results using this seed, JHUGen should be compiled with the same compiler:
      GNU Fortran (GCC) 6.3.0
    
    WidthScheme:   2
    LHAPDF set NNPDF31_lo_as_0130/NNPDF31_lo_as_0130.info, member=  0
    Unweighted: F
    
    spin-0-ff couplings: 
      kappa=  0.10000000E+01  0.00000000E+00i
      kappa_tilde=  0.94750000E+00  0.00000000E+00i
      Lambda=  1000.0
    
    LHE output: workdir/ggZH_kappakappatilde_NNPDF31_lo_as_0130.lhe
    Histogram output: workdir/ggZH_kappakappatilde_NNPDF31_lo_as_0130.dat
    Log file: workdir/ggZH_kappakappatilde_NNPDF31_lo_as_0130.log
    
  Running

  Input parameters for vegas:  ndim= 19   ncall= 99999999.
                              it=    0    itmx=    5
                              acc=-1.00    
                              mds=  0     nd= 250
                              (xl,xu)= (  0.00000     ,  1.00000     )
                                       (  0.00000     ,  1.00000     )
                                       (  0.00000     ,  1.00000     )
                                       (  0.00000     ,  1.00000     )
                                       (  0.00000     ,  1.00000     )
                                       (  0.00000     ,  1.00000     )
                                       (  0.00000     ,  1.00000     )
                                       (  0.00000     ,  1.00000     )
                                       (  0.00000     ,  1.00000     )
                                       (  0.00000     ,  1.00000     )
                                       (  0.00000     ,  1.00000     )
                                       (  0.00000     ,  1.00000     )
                                       (  0.00000     ,  1.00000     )
                                       (  0.00000     ,  1.00000     )
                                       (  0.00000     ,  1.00000     )
                                       (  0.00000     ,  1.00000     )
                                       (  0.00000     ,  1.00000     )
                                       (  0.00000     ,  1.00000     )
                                       (  0.00000     ,  1.00000     )

#********** Integration by Vegas (iteration       1) ************
#                                                               *
#  integral  =  94.331344       accum. integral =  94.331344    *
#  std. dev. = 0.14518784       accum. std. dev = 0.14518784    *
#   min/max. wt. =   0.286783E-32        0.113640E-02           *
#                                                               *
#*************   chi**2/iteration =  0.000       ****************


#********** Integration by Vegas (iteration       2) ************
#                                                               *
#  integral  =  94.252465       accum. integral =  94.256389    *
#  std. dev. = 0.33191561E-01   accum. std. dev = 0.32368993E-01*
#   min/max. wt. =   0.120934E-28        0.660253E-04           *
#                                                               *
#*************   chi**2/iteration = 0.2804       ****************


#********** Integration by Vegas (iteration       3) ************
#                                                               *
#  integral  =  94.297619       accum. integral =  94.284082    *
#  std. dev. = 0.22631981E-01   accum. std. dev = 0.18547543E-01*
#   min/max. wt. =   0.220118E-25        0.482040E-04           *
#                                                               *
#*************   chi**2/iteration = 0.6849       ****************


#********** Integration by Vegas (iteration       4) ************
#                                                               *
#  integral  =  94.281997       accum. integral =  94.283114    *
#  std. dev. = 0.19926843E-01   accum. std. dev = 0.13576910E-01*
#   min/max. wt. =   0.402238E-24        0.562028E-04           *
#                                                               *
#*************   chi**2/iteration = 0.4586       ****************


#********** Integration by Vegas (iteration       5) ************
#                                                               *
#  integral  =  94.291871       accum. integral =  94.286083    *
#  std. dev. = 0.18958625E-01   accum. std. dev = 0.11038314E-01*
#   min/max. wt. =   0.566519E-22        0.106464E-03           *
#                                                               *
#*************   chi**2/iteration = 0.3793       ****************


  Input parameters for vegas:  ndim= 19   ncall= 99999999.
                              it=    0    itmx=    1
                              acc=-1.00    
                              mds=  0     nd= 250
                              (xl,xu)= (  0.00000     ,  1.00000     )
                                       (  0.00000     ,  1.00000     )
                                       (  0.00000     ,  1.00000     )
                                       (  0.00000     ,  1.00000     )
                                       (  0.00000     ,  1.00000     )
                                       (  0.00000     ,  1.00000     )
                                       (  0.00000     ,  1.00000     )
                                       (  0.00000     ,  1.00000     )
                                       (  0.00000     ,  1.00000     )
                                       (  0.00000     ,  1.00000     )
                                       (  0.00000     ,  1.00000     )
                                       (  0.00000     ,  1.00000     )
                                       (  0.00000     ,  1.00000     )
                                       (  0.00000     ,  1.00000     )
                                       (  0.00000     ,  1.00000     )
                                       (  0.00000     ,  1.00000     )
                                       (  0.00000     ,  1.00000     )
                                       (  0.00000     ,  1.00000     )
                                       (  0.00000     ,  1.00000     )

#********** Integration by Vegas (iteration       1) ************
#                                                               *
#  integral  =  94.298014       accum. integral =  94.298014    *
#  std. dev. = 0.18572335E-01   accum. std. dev = 0.18572335E-01*
#   min/max. wt. =   0.322464E-22        0.220272E-03           *
#                                                               *
#*************   chi**2/iteration = 0.1055E-04   ****************

Thanks for using LHAPDF 6.2.1. Please make sure to cite the paper:
  Eur.Phys.J. C75 (2015) 3, 132  (http://arxiv.org/abs/1412.7420)
 Done
