SLURM job running in:  /work-zfs/lhc/heshy/JHUGen/xsecs/JHUGen_interference/JHUGenerator/xsecs
LHAPDF 6.2.1 loading /work-zfs/lhc/cms9/slc6_amd64_gcc630/external/lhapdf/6.2.1-omkpbe3/share/LHAPDF/NNPDF31_lo_as_0130/NNPDF31_lo_as_0130_0000.dat
NNPDF31_lo_as_0130 PDF set, member #0, version 1; LHAPDF ID = 315200
                                                            
         *******************************************        
         *              C O L L I E R              *        
         *                                         *        
         *        Complex One-Loop Library         *        
         *      In Extended Regularizations        *        
         *                                         *        
         *    by A.Denner, S.Dittmaier, L.Hofer    *        
         *                                         *        
         *              version  1.2               *        
         *                                         *        
         *******************************************        
                                                            
                                                           
 ***********************************************************
                                                            
   COLLIER: information on settings and internal parameters 
     is written to the file workdir/ggZH_L1Zgkappa_NNPDF31_lo_as_0130_collierfiles/InfOut.cll
                                                            
 ***********************************************************
                                                            
 
  
  ***************************************************************************************
  *                                JHU Generator v7.2.3                                 *
  ***************************************************************************************
  *                                                                                     *
  *   Spin and parity determination of single-produced resonances at hadron colliders   *
  *                                                                                     *
  *              I. Anderson, S. Bolognesi, F. Caola, Y. Gao, A. Gritsan,               *
  *          Z. Guo, C. Martin, K. Melnikov, R. Rontsch, H. Roskes, U. Sarica,          *
  *                 M. Schulze, N. Tran, A. Whitbeck, M. Xiao, Y. Zhou                  *
  *              Phys.Rev. D81 (2010) 075022;  arXiv:1001.3396  [hep-ph],               *
  *              Phys.Rev. D86 (2012) 095031;  arXiv:1208.4018  [hep-ph],               *
  *              Phys.Rev. D89 (2014) 035007;  arXiv:1309.4819  [hep-ph],               *
  *              Phys.Rev. D94 (2016) 055023;  arXiv:1606.03107 [hep-ph].               *
  *                                                                                     *
  ***************************************************************************************
  
   
   Command line: /work-zfs/lhc/heshy/JHUGen/xsecs/JHUGen_interference/JHUGenerator/xsecs/../JHUGen Unweighted=0 VegasNc0=99999999 VegasNc1=99999999 VegasNc2=99999999 LHAPDF=NNPDF31_lo_as_0130/NNPDF31_lo_as_0130.info DataFile=workdir/ggZH_L1Zgkappa_NNPDF31_lo_as_0130 MPhotonCutoff=0 Process=51 DecayMode1=9 ghz1=0,0 ghzgs1_prime2=-57787,0 kappa=1,0
   
   Input Parameter:
    Collider: P-P, sqrt(s)=13000.00
    Resonance: spin=0, mass= 125.00 width=   0.00407
    Random seed:   769862153
    To reproduce results using this seed, JHUGen should be compiled with the same compiler:
      GNU Fortran (GCC) 6.3.0
    
    WidthScheme:   2
    LHAPDF set NNPDF31_lo_as_0130/NNPDF31_lo_as_0130.info, member=  0
    Unweighted: F
    
    spin-0-VV couplings: 
      generate_as=F
      ghg2=  0.10000000E+01  0.00000000E+00i
      ghzgs1_prime2= -0.57787000E+05  0.00000000E+00i,  Lambda_zgs1=  1.0000E+04
    spin-0-ff couplings: 
      kappa=  0.10000000E+01  0.00000000E+00i
      Lambda=  1000.0
    
    LHE output: workdir/ggZH_L1Zgkappa_NNPDF31_lo_as_0130.lhe
    Histogram output: workdir/ggZH_L1Zgkappa_NNPDF31_lo_as_0130.dat
    Log file: workdir/ggZH_L1Zgkappa_NNPDF31_lo_as_0130.log
    
  Running

  Input parameters for vegas:  ndim= 19   ncall= 99999999.
                              it=    0    itmx=    5
                              acc=-1.00    
                              mds=  0     nd= 250
                              (xl,xu)= (  0.00000     ,  1.00000     )
                                       (  0.00000     ,  1.00000     )
                                       (  0.00000     ,  1.00000     )
                                       (  0.00000     ,  1.00000     )
                                       (  0.00000     ,  1.00000     )
                                       (  0.00000     ,  1.00000     )
                                       (  0.00000     ,  1.00000     )
                                       (  0.00000     ,  1.00000     )
                                       (  0.00000     ,  1.00000     )
                                       (  0.00000     ,  1.00000     )
                                       (  0.00000     ,  1.00000     )
                                       (  0.00000     ,  1.00000     )
                                       (  0.00000     ,  1.00000     )
                                       (  0.00000     ,  1.00000     )
                                       (  0.00000     ,  1.00000     )
                                       (  0.00000     ,  1.00000     )
                                       (  0.00000     ,  1.00000     )
                                       (  0.00000     ,  1.00000     )
                                       (  0.00000     ,  1.00000     )
 Warning, gamma > nu nu~ gives 0.          16         -16

#********** Integration by Vegas (iteration       1) ************
#                                                               *
#  integral  =  102.81607       accum. integral =  102.81607    *
#  std. dev. =  1.1480325       accum. std. dev =  1.1480325    *
#   min/max. wt. =   0.315923E-34        0.179517               *
#                                                               *
#*************   chi**2/iteration =  0.000       ****************


#********** Integration by Vegas (iteration       2) ************
#                                                               *
#  integral  =  101.60907       accum. integral =  101.61662    *
#  std. dev. = 0.89963617E-01   accum. std. dev = 0.90216347E-01*
#   min/max. wt. =   0.635098E-32        0.476948E-02           *
#                                                               *
#*************   chi**2/iteration =  1.110       ****************


#********** Integration by Vegas (iteration       3) ************
#                                                               *
#  integral  =  101.54609       accum. integral =  101.55677    *
#  std. dev. = 0.37854083E-01   accum. std. dev = 0.35024572E-01*
#   min/max. wt. =   0.112611E-32        0.317100E-03           *
#                                                               *
#*************   chi**2/iteration = 0.8181       ****************


#********** Integration by Vegas (iteration       4) ************
#                                                               *
#  integral  =  101.52783       accum. integral =  101.53985    *
#  std. dev. = 0.29388129E-01   accum. std. dev = 0.22547519E-01*
#   min/max. wt. =   0.282174E-34        0.121362E-03           *
#                                                               *
#*************   chi**2/iteration = 0.6801       ****************


#********** Integration by Vegas (iteration       5) ************
#                                                               *
#  integral  =  101.50677       accum. integral =  101.52602    *
#  std. dev. = 0.26504500E-01   accum. std. dev = 0.17187566E-01*
#   min/max. wt. =   0.467679E-38        0.146869E-03           *
#                                                               *
#*************   chi**2/iteration = 0.7360       ****************


  Input parameters for vegas:  ndim= 19   ncall= 99999999.
                              it=    0    itmx=    1
                              acc=-1.00    
                              mds=  0     nd= 250
                              (xl,xu)= (  0.00000     ,  1.00000     )
                                       (  0.00000     ,  1.00000     )
                                       (  0.00000     ,  1.00000     )
                                       (  0.00000     ,  1.00000     )
                                       (  0.00000     ,  1.00000     )
                                       (  0.00000     ,  1.00000     )
                                       (  0.00000     ,  1.00000     )
                                       (  0.00000     ,  1.00000     )
                                       (  0.00000     ,  1.00000     )
                                       (  0.00000     ,  1.00000     )
                                       (  0.00000     ,  1.00000     )
                                       (  0.00000     ,  1.00000     )
                                       (  0.00000     ,  1.00000     )
                                       (  0.00000     ,  1.00000     )
                                       (  0.00000     ,  1.00000     )
                                       (  0.00000     ,  1.00000     )
                                       (  0.00000     ,  1.00000     )
                                       (  0.00000     ,  1.00000     )
                                       (  0.00000     ,  1.00000     )

#********** Integration by Vegas (iteration       1) ************
#                                                               *
#  integral  =  101.56202       accum. integral =  101.56202    *
#  std. dev. = 0.25364922E-01   accum. std. dev = 0.25364922E-01*
#   min/max. wt. =   0.194405E-37        0.233045E-03           *
#                                                               *
#*************   chi**2/iteration =  0.000       ****************

Thanks for using LHAPDF 6.2.1. Please make sure to cite the paper:
  Eur.Phys.J. C75 (2015) 3, 132  (http://arxiv.org/abs/1412.7420)
 Done
