SLURM job running in:  /work-zfs/lhc/heshy/JHUGen/xsecs/JHUGen_interference/JHUGenerator/xsecs
LHAPDF 6.2.1 loading /work-zfs/lhc/cms9/slc6_amd64_gcc630/external/lhapdf/6.2.1-omkpbe3/share/LHAPDF/NNPDF31_lo_as_0130/NNPDF31_lo_as_0130_0000.dat
NNPDF31_lo_as_0130 PDF set, member #0, version 1; LHAPDF ID = 315200
 
  
  ***************************************************************************************
  *                                JHU Generator v7.1.5                                 *
  ***************************************************************************************
  *                                                                                     *
  *   Spin and parity determination of single-produced resonances at hadron colliders   *
  *                                                                                     *
  *              I. Anderson, S. Bolognesi, F. Caola, Y. Gao, A. Gritsan,               *
  *          Z. Guo, C. Martin, K. Melnikov, R. Rontsch, H. Roskes, U. Sarica,          *
  *                 M. Schulze, N. Tran, A. Whitbeck, M. Xiao, Y. Zhou                  *
  *              Phys.Rev. D81 (2010) 075022;  arXiv:1001.3396  [hep-ph],               *
  *              Phys.Rev. D86 (2012) 095031;  arXiv:1208.4018  [hep-ph],               *
  *              Phys.Rev. D89 (2014) 035007;  arXiv:1309.4819  [hep-ph],               *
  *              Phys.Rev. D94 (2016) 055023;  arXiv:1606.03107 [hep-ph].               *
  *                                                                                     *
  ***************************************************************************************
  
   
   Command line: /work-zfs/lhc/heshy/JHUGen/xsecs/JHUGen_interference/JHUGenerator/xsecs/../JHUGen Unweighted=0 VegasNc0=99999999 VegasNc1=99999999 VegasNc2=99999999 LHAPDF=NNPDF31_lo_as_0130/NNPDF31_lo_as_0130.info DataFile=workdir/ttH_a3_NNPDF31_lo_as_0130 MPhotonCutoff=0 Process=80 DecayMode1=11 DecayMode2=11 TopDK=1 kappa=0,0 kappa_tilde=1,0
   
   Input Parameter:
    Collider: P-P, sqrt(s)=13000.00
    Resonance: spin=0, mass= 125.00 width=   0.00407
    DecayMode1:11  DecayMode2:11
    W boson: mass=80.399, width=2.0850
    Top quark mass=173.2000, width=2.0000
    Top quark decay= 1
    Random seed:   733927423
    To reproduce results using this seed, JHUGen should be compiled with the same compiler:
      GNU Fortran (GCC) 6.3.0
    
    WidthScheme:   2
    PChannel: 2
    LHAPDF set NNPDF31_lo_as_0130/NNPDF31_lo_as_0130.info, member=  0
    Unweighted: F
    
      Lambda=  1000.0
    
    LHE output: workdir/ttH_a3_NNPDF31_lo_as_0130.lhe
    Histogram output: workdir/ttH_a3_NNPDF31_lo_as_0130.dat
    Log file: workdir/ttH_a3_NNPDF31_lo_as_0130.log
    
  Running

  Input parameters for vegas:  ndim= 16   ncall= 99999999.
                              it=    0    itmx=    5
                              acc=-1.00    
                              mds=  0     nd= 250
                              (xl,xu)= (  0.00000     ,  1.00000     )
                                       (  0.00000     ,  1.00000     )
                                       (  0.00000     ,  1.00000     )
                                       (  0.00000     ,  1.00000     )
                                       (  0.00000     ,  1.00000     )
                                       (  0.00000     ,  1.00000     )
                                       (  0.00000     ,  1.00000     )
                                       (  0.00000     ,  1.00000     )
                                       (  0.00000     ,  1.00000     )
                                       (  0.00000     ,  1.00000     )
                                       (  0.00000     ,  1.00000     )
                                       (  0.00000     ,  1.00000     )
                                       (  0.00000     ,  1.00000     )
                                       (  0.00000     ,  1.00000     )
                                       (  0.00000     ,  1.00000     )
                                       (  0.00000     ,  1.00000     )

#********** Integration by Vegas (iteration       1) ************
#                                                               *
#  integral  =  1.2066803       accum. integral =  1.2066803    *
#  std. dev. = 0.18380425E-02   accum. std. dev = 0.18380425E-02*
#   min/max. wt. =   0.189289E-36        0.576101E-04           *
#                                                               *
#*************   chi**2/iteration =  0.000       ****************


#********** Integration by Vegas (iteration       2) ************
#                                                               *
#  integral  =  1.2079588       accum. integral =  1.2079396    *
#  std. dev. = 0.22728916E-03   accum. std. dev = 0.22545530E-03*
#   min/max. wt. =   0.122899E-33        0.609835E-06           *
#                                                               *
#*************   chi**2/iteration = 0.4756       ****************


#********** Integration by Vegas (iteration       3) ************
#                                                               *
#  integral  =  1.2078160       accum. integral =  1.2078590    *
#  std. dev. = 0.16470757E-03   accum. std. dev = 0.13297957E-03*
#   min/max. wt. =   0.111205E-30        0.437653E-05           *
#                                                               *
#*************   chi**2/iteration = 0.3359       ****************


#********** Integration by Vegas (iteration       4) ************
#                                                               *
#  integral  =  1.2082014       accum. integral =  1.2080019    *
#  std. dev. = 0.15723487E-03   accum. std. dev = 0.10152552E-03*
#   min/max. wt. =   0.512005E-28        0.815373E-05           *
#                                                               *
#*************   chi**2/iteration =  1.146       ****************


#********** Integration by Vegas (iteration       5) ************
#                                                               *
#  integral  =  1.2081000       accum. integral =  1.2080312    *
#  std. dev. = 0.15561579E-03   accum. std. dev = 0.85026584E-04*
#   min/max. wt. =   0.169177E-27        0.699057E-05           *
#                                                               *
#*************   chi**2/iteration = 0.9289       ****************

 ****************************************************
 * Writing out vegas grid to workdir/ttH_a3_NNPDF31_lo_as_0130.grid                                  
 ****************************************************

  Input parameters for vegas:  ndim= 16   ncall= 99999999.
                              it=    0    itmx=    2
                              acc=-1.00    
                              mds=  0     nd= 250
                              (xl,xu)= (  0.00000     ,  1.00000     )
                                       (  0.00000     ,  1.00000     )
                                       (  0.00000     ,  1.00000     )
                                       (  0.00000     ,  1.00000     )
                                       (  0.00000     ,  1.00000     )
                                       (  0.00000     ,  1.00000     )
                                       (  0.00000     ,  1.00000     )
                                       (  0.00000     ,  1.00000     )
                                       (  0.00000     ,  1.00000     )
                                       (  0.00000     ,  1.00000     )
                                       (  0.00000     ,  1.00000     )
                                       (  0.00000     ,  1.00000     )
                                       (  0.00000     ,  1.00000     )
                                       (  0.00000     ,  1.00000     )
                                       (  0.00000     ,  1.00000     )
                                       (  0.00000     ,  1.00000     )

#********** Integration by Vegas (iteration       1) ************
#                                                               *
#  integral  =  1.2079980       accum. integral =  1.2079980    *
#  std. dev. = 0.15456417E-03   accum. std. dev = 0.15456417E-03*
#   min/max. wt. =   0.103008E-29        0.314440E-05           *
#                                                               *
#*************   chi**2/iteration =  0.000       ****************


#********** Integration by Vegas (iteration       2) ************
#                                                               *
#  integral  =  1.2077332       accum. integral =  1.2078654    *
#  std. dev. = 0.15430935E-03   accum. std. dev = 0.10920319E-03*
#   min/max. wt. =   0.109995E-27        0.563708E-05           *
#                                                               *
#*************   chi**2/iteration =  1.468       ****************

Thanks for using LHAPDF 6.2.1. Please make sure to cite the paper:
  Eur.Phys.J. C75 (2015) 3, 132  (http://arxiv.org/abs/1412.7420)
 Done
