SLURM job running in:  /work-zfs/lhc/heshy/JHUGen/xsecs/JHUGen_interference/JHUGenerator/xsecs
LHAPDF 6.2.1 loading /work-zfs/lhc/cms9/slc6_amd64_gcc630/external/lhapdf/6.2.1-omkpbe3/share/LHAPDF/NNPDF31_lo_as_0130/NNPDF31_lo_as_0130_0000.dat
NNPDF31_lo_as_0130 PDF set, member #0, version 1; LHAPDF ID = 315200
 
  
  ***************************************************************************************
  *                                JHU Generator v7.1.5                                 *
  ***************************************************************************************
  *                                                                                     *
  *   Spin and parity determination of single-produced resonances at hadron colliders   *
  *                                                                                     *
  *              I. Anderson, S. Bolognesi, F. Caola, Y. Gao, A. Gritsan,               *
  *          Z. Guo, C. Martin, K. Melnikov, R. Rontsch, H. Roskes, U. Sarica,          *
  *                 M. Schulze, N. Tran, A. Whitbeck, M. Xiao, Y. Zhou                  *
  *              Phys.Rev. D81 (2010) 075022;  arXiv:1001.3396  [hep-ph],               *
  *              Phys.Rev. D86 (2012) 095031;  arXiv:1208.4018  [hep-ph],               *
  *              Phys.Rev. D89 (2014) 035007;  arXiv:1309.4819  [hep-ph],               *
  *              Phys.Rev. D94 (2016) 055023;  arXiv:1606.03107 [hep-ph].               *
  *                                                                                     *
  ***************************************************************************************
  
   
   Command line: /work-zfs/lhc/heshy/JHUGen/xsecs/JHUGen_interference/JHUGenerator/xsecs/../JHUGen Unweighted=0 VegasNc0=99999999 VegasNc1=99999999 VegasNc2=99999999 LHAPDF=NNPDF31_lo_as_0130/NNPDF31_lo_as_0130.info DataFile=workdir/ttH_a2_NNPDF31_lo_as_0130 MPhotonCutoff=0 Process=80 DecayMode1=11 DecayMode2=11 TopDK=1 kappa=1,0
   
   Input Parameter:
    Collider: P-P, sqrt(s)=13000.00
    Resonance: spin=0, mass= 125.00 width=   0.00407
    DecayMode1:11  DecayMode2:11
    W boson: mass=80.399, width=2.0850
    Top quark mass=173.2000, width=2.0000
    Top quark decay= 1
    Random seed:   573594913
    To reproduce results using this seed, JHUGen should be compiled with the same compiler:
      GNU Fortran (GCC) 6.3.0
    
    WidthScheme:   2
    PChannel: 2
    LHAPDF set NNPDF31_lo_as_0130/NNPDF31_lo_as_0130.info, member=  0
    Unweighted: F
    
      Lambda=  1000.0
    
    LHE output: workdir/ttH_a2_NNPDF31_lo_as_0130.lhe
    Histogram output: workdir/ttH_a2_NNPDF31_lo_as_0130.dat
    Log file: workdir/ttH_a2_NNPDF31_lo_as_0130.log
    
  Running

  Input parameters for vegas:  ndim= 16   ncall= 99999999.
                              it=    0    itmx=    5
                              acc=-1.00    
                              mds=  0     nd= 250
                              (xl,xu)= (  0.00000     ,  1.00000     )
                                       (  0.00000     ,  1.00000     )
                                       (  0.00000     ,  1.00000     )
                                       (  0.00000     ,  1.00000     )
                                       (  0.00000     ,  1.00000     )
                                       (  0.00000     ,  1.00000     )
                                       (  0.00000     ,  1.00000     )
                                       (  0.00000     ,  1.00000     )
                                       (  0.00000     ,  1.00000     )
                                       (  0.00000     ,  1.00000     )
                                       (  0.00000     ,  1.00000     )
                                       (  0.00000     ,  1.00000     )
                                       (  0.00000     ,  1.00000     )
                                       (  0.00000     ,  1.00000     )
                                       (  0.00000     ,  1.00000     )
                                       (  0.00000     ,  1.00000     )

#********** Integration by Vegas (iteration       1) ************
#                                                               *
#  integral  =  3.1444546       accum. integral =  3.1444546    *
#  std. dev. = 0.23773609E-02   accum. std. dev = 0.23773609E-02*
#   min/max. wt. =   0.200010E-33        0.292662E-04           *
#                                                               *
#*************   chi**2/iteration =  0.000       ****************


#********** Integration by Vegas (iteration       2) ************
#                                                               *
#  integral  =  3.1449129       accum. integral =  3.1448894    *
#  std. dev. = 0.55278978E-03   accum. std. dev = 0.53839072E-03*
#   min/max. wt. =   0.235583E-31        0.189384E-05           *
#                                                               *
#*************   chi**2/iteration = 0.3521E-01   ****************


#********** Integration by Vegas (iteration       3) ************
#                                                               *
#  integral  =  3.1447201       accum. integral =  3.1447881    *
#  std. dev. = 0.44104910E-03   accum. std. dev = 0.34118199E-03*
#   min/max. wt. =   0.481328E-29        0.131677E-04           *
#                                                               *
#*************   chi**2/iteration = 0.4717E-01   ****************


#********** Integration by Vegas (iteration       4) ************
#                                                               *
#  integral  =  3.1444486       accum. integral =  3.1446538    *
#  std. dev. = 0.42172176E-03   accum. std. dev = 0.26525013E-03*
#   min/max. wt. =   0.355566E-28        0.100203E-04           *
#                                                               *
#*************   chi**2/iteration = 0.1620       ****************


#********** Integration by Vegas (iteration       5) ************
#                                                               *
#  integral  =  3.1446370       accum. integral =  3.1446490    *
#  std. dev. = 0.41882462E-03   accum. std. dev = 0.22408967E-03*
#   min/max. wt. =   0.175344E-27        0.210363E-04           *
#                                                               *
#*************   chi**2/iteration = 0.1218       ****************

 ****************************************************
 * Writing out vegas grid to workdir/ttH_a2_NNPDF31_lo_as_0130.grid                                  
 ****************************************************

  Input parameters for vegas:  ndim= 16   ncall= 99999999.
                              it=    0    itmx=    2
                              acc=-1.00    
                              mds=  0     nd= 250
                              (xl,xu)= (  0.00000     ,  1.00000     )
                                       (  0.00000     ,  1.00000     )
                                       (  0.00000     ,  1.00000     )
                                       (  0.00000     ,  1.00000     )
                                       (  0.00000     ,  1.00000     )
                                       (  0.00000     ,  1.00000     )
                                       (  0.00000     ,  1.00000     )
                                       (  0.00000     ,  1.00000     )
                                       (  0.00000     ,  1.00000     )
                                       (  0.00000     ,  1.00000     )
                                       (  0.00000     ,  1.00000     )
                                       (  0.00000     ,  1.00000     )
                                       (  0.00000     ,  1.00000     )
                                       (  0.00000     ,  1.00000     )
                                       (  0.00000     ,  1.00000     )
                                       (  0.00000     ,  1.00000     )

#********** Integration by Vegas (iteration       1) ************
#                                                               *
#  integral  =  3.1442292       accum. integral =  3.1442292    *
#  std. dev. = 0.41737676E-03   accum. std. dev = 0.41737676E-03*
#   min/max. wt. =   0.120844E-27        0.102657E-04           *
#                                                               *
#*************   chi**2/iteration = 0.1020E-04   ****************


#********** Integration by Vegas (iteration       2) ************
#                                                               *
#  integral  =  3.1447037       accum. integral =  3.1444673    *
#  std. dev. = 0.41594809E-03   accum. std. dev = 0.29462345E-03*
#   min/max. wt. =   0.529407E-28        0.730381E-05           *
#                                                               *
#*************   chi**2/iteration = 0.6477       ****************

Thanks for using LHAPDF 6.2.1. Please make sure to cite the paper:
  Eur.Phys.J. C75 (2015) 3, 132  (http://arxiv.org/abs/1412.7420)
 Done
