SLURM job running in:  /work-zfs/lhc/heshy/JHUGen/xsecs/JHUGen_interference/JHUGenerator/xsecs
LHAPDF 6.2.1 loading /work-zfs/lhc/cms9/slc6_amd64_gcc630/external/lhapdf/6.2.1-omkpbe3/share/LHAPDF/NNPDF31_lo_as_0130/NNPDF31_lo_as_0130_0000.dat
NNPDF31_lo_as_0130 PDF set, member #0, version 1; LHAPDF ID = 315200
 
  
  ***************************************************************************************
  *                                JHU Generator v7.1.5                                 *
  ***************************************************************************************
  *                                                                                     *
  *   Spin and parity determination of single-produced resonances at hadron colliders   *
  *                                                                                     *
  *              I. Anderson, S. Bolognesi, F. Caola, Y. Gao, A. Gritsan,               *
  *          Z. Guo, C. Martin, K. Melnikov, R. Rontsch, H. Roskes, U. Sarica,          *
  *                 M. Schulze, N. Tran, A. Whitbeck, M. Xiao, Y. Zhou                  *
  *              Phys.Rev. D81 (2010) 075022;  arXiv:1001.3396  [hep-ph],               *
  *              Phys.Rev. D86 (2012) 095031;  arXiv:1208.4018  [hep-ph],               *
  *              Phys.Rev. D89 (2014) 035007;  arXiv:1309.4819  [hep-ph],               *
  *              Phys.Rev. D94 (2016) 055023;  arXiv:1606.03107 [hep-ph].               *
  *                                                                                     *
  ***************************************************************************************
  
   
   Command line: /work-zfs/lhc/heshy/JHUGen/xsecs/JHUGen_interference/JHUGenerator/xsecs/../JHUGen Unweighted=0 VegasNc0=99999999 VegasNc1=99999999 VegasNc2=99999999 LHAPDF=NNPDF31_lo_as_0130/NNPDF31_lo_as_0130.info DataFile=workdir/VBF_a1_NNPDF31_lo_as_0130 MPhotonCutoff=0 Process=60 deltaRcut=0 pTjetcut=0 ghz1=1,0
   
   Input Parameter:
    Collider: P-P, sqrt(s)=13000.00
    Resonance: spin=0, mass= 125.00 width=   0.00407
    Z boson: mass=91.188, width=2.4952
    W boson: mass=80.399, width=2.0850
    Jet cuts:
            pT >=     0.00 GeV
        DeltaR >=     0.00
           mJJ >=     0.00 GeV
    Random seed:   659844622
    To reproduce results using this seed, JHUGen should be compiled with the same compiler:
      GNU Fortran (GCC) 6.3.0
    
    WidthScheme:   2
    LHAPDF set NNPDF31_lo_as_0130/NNPDF31_lo_as_0130.info, member=  0
    Unweighted: F
    Intermediate off-shell photons: F
    
    spin-0-VV couplings: 
      generate_as=F
      ghg2=  0.10000000E+01  0.00000000E+00i
      ghz1=  0.10000000E+01  0.00000000E+00i
      Lambda=  1000.0
    
    LHE output: workdir/VBF_a1_NNPDF31_lo_as_0130.lhe
    Histogram output: workdir/VBF_a1_NNPDF31_lo_as_0130.dat
    Log file: workdir/VBF_a1_NNPDF31_lo_as_0130.log
    
  Running

  Input parameters for vegas:  ndim=  9   ncall= 99999999.
                              it=    0    itmx=   15
                              acc=-1.00    
                              mds=  0     nd= 250
                              (xl,xu)= (  0.00000     ,  1.00000     )
                                       (  0.00000     ,  1.00000     )
                                       (  0.00000     ,  1.00000     )
                                       (  0.00000     ,  1.00000     )
                                       (  0.00000     ,  1.00000     )
                                       (  0.00000     ,  1.00000     )
                                       (  0.00000     ,  1.00000     )
                                       (  0.00000     ,  1.00000     )
                                       (  0.00000     ,  1.00000     )

#********** Integration by Vegas (iteration       1) ************
#                                                               *
#  integral  =  669.14606       accum. integral =  669.14606    *
#  std. dev. =  51.050385       accum. std. dev =  51.050385    *
#   min/max. wt. =   0.782567E-54         42.7278               *
#                                                               *
#*************   chi**2/iteration =  0.000       ****************


#********** Integration by Vegas (iteration       2) ************
#                                                               *
#  integral  =  905.02572       accum. integral =  817.28871    *
#  std. dev. =  53.136183       accum. std. dev =  37.031225    *
#   min/max. wt. =   0.187256E-52         47.0245               *
#                                                               *
#*************   chi**2/iteration =  9.469       ****************


#********** Integration by Vegas (iteration       3) ************
#                                                               *
#  integral  =  945.92925       accum. integral =  934.99699    *
#  std. dev. =  13.413263       accum. std. dev =  11.513793    *
#   min/max. wt. =   0.579172E-51         10.3733               *
#                                                               *
#*************   chi**2/iteration =  9.015       ****************


#********** Integration by Vegas (iteration       4) ************
#                                                               *
#  integral  =  939.38995       accum. integral =  939.29125    *
#  std. dev. =  1.9317784       accum. std. dev =  1.7736734    *
#   min/max. wt. =   0.835009E-48        0.464810               *
#                                                               *
#*************   chi**2/iteration =  5.736       ****************


#********** Integration by Vegas (iteration       5) ************
#                                                               *
#  integral  =  939.57437       accum. integral =  939.53401    *
#  std. dev. = 0.77897415       accum. std. dev = 0.68034481    *
#   min/max. wt. =   0.278076E-54        0.512716E-01           *
#                                                               *
#*************   chi**2/iteration =  4.174       ****************


#********** Integration by Vegas (iteration       6) ************
#                                                               *
#  integral  =  940.83979       accum. integral =  940.33052    *
#  std. dev. = 0.57754336       accum. std. dev = 0.42935737    *
#   min/max. wt. =   0.111013E-47        0.591348E-01           *
#                                                               *
#*************   chi**2/iteration =  3.710       ****************


#********** Integration by Vegas (iteration       7) ************
#                                                               *
#  integral  =  941.01702       accum. integral =  940.62734    *
#  std. dev. = 0.51693430       accum. std. dev = 0.32588107    *
#   min/max. wt. =   0.273725E-47        0.211080E-01           *
#                                                               *
#*************   chi**2/iteration =  3.228       ****************


#********** Integration by Vegas (iteration       8) ************
#                                                               *
#  integral  =  941.02765       accum. integral =  940.75436    *
#  std. dev. = 0.49858090       accum. std. dev = 0.27073558    *
#   min/max. wt. =   0.900609E-47        0.257216E-01           *
#                                                               *
#*************   chi**2/iteration =  2.805       ****************


#********** Integration by Vegas (iteration       9) ************
#                                                               *
#  integral  =  941.10848       accum. integral =  940.84175    *
#  std. dev. = 0.49070232       accum. std. dev = 0.23596037    *
#   min/max. wt. =   0.633355E-47        0.190111E-01           *
#                                                               *
#*************   chi**2/iteration =  2.486       ****************


#********** Integration by Vegas (iteration      10) ************
#                                                               *
#  integral  =  941.23634       accum. integral =  940.92023    *
#  std. dev. = 0.48930115       accum. std. dev = 0.21190813    *
#   min/max. wt. =  -0.311964E-12        0.314190E-01           *
#                                                               *
#*************   chi**2/iteration =  2.256       ****************


#********** Integration by Vegas (iteration      11) ************
#                                                               *
#  integral  =  940.80831       accum. integral =  940.90151    *
#  std. dev. = 0.48671031       accum. std. dev = 0.19389968    *
#   min/max. wt. =   0.242542E-48        0.316858E-01           *
#                                                               *
#*************   chi**2/iteration =  2.024       ****************


#********** Integration by Vegas (iteration      12) ************
#                                                               *
#  integral  =  941.00059       accum. integral =  940.91578    *
#  std. dev. = 0.48547350       accum. std. dev = 0.17980560    *
#   min/max. wt. =   0.179274E-46        0.146002E-01           *
#                                                               *
#*************   chi**2/iteration =  1.835       ****************


#********** Integration by Vegas (iteration      13) ************
#                                                               *
#  integral  =  941.00372       accum. integral =  940.92672    *
#  std. dev. = 0.48861587       accum. std. dev = 0.16856728    *
#   min/max. wt. =   0.663793E-53        0.527905E-01           *
#                                                               *
#*************   chi**2/iteration =  1.679       ****************


#********** Integration by Vegas (iteration      14) ************
#                                                               *
#  integral  =  940.17938       accum. integral =  940.84369    *
#  std. dev. = 0.48709049       accum. std. dev = 0.15917494    *
#   min/max. wt. =   0.121252E-46        0.128273E-01           *
#                                                               *
#*************   chi**2/iteration =  1.712       ****************


#********** Integration by Vegas (iteration      15) ************
#                                                               *
#  integral  =  941.83264       accum. integral =  940.94250    *
#  std. dev. = 0.48815048       accum. std. dev = 0.15123504    *
#   min/max. wt. =   0.134939E-55        0.214930E-01           *
#                                                               *
#*************   chi**2/iteration =  1.860       ****************

 ****************************************************
 * Writing out vegas grid to workdir/VBF_a1_NNPDF31_lo_as_0130.grid                                  
 ****************************************************

  Input parameters for vegas:  ndim=  9   ncall= 99999999.
                              it=    0    itmx=    2
                              acc=-1.00    
                              mds=  0     nd= 250
                              (xl,xu)= (  0.00000     ,  1.00000     )
                                       (  0.00000     ,  1.00000     )
                                       (  0.00000     ,  1.00000     )
                                       (  0.00000     ,  1.00000     )
                                       (  0.00000     ,  1.00000     )
                                       (  0.00000     ,  1.00000     )
                                       (  0.00000     ,  1.00000     )
                                       (  0.00000     ,  1.00000     )
                                       (  0.00000     ,  1.00000     )

#********** Integration by Vegas (iteration       1) ************
#                                                               *
#  integral  =  941.65090       accum. integral =  941.65090    *
#  std. dev. = 0.48665105       accum. std. dev = 0.48665105    *
#   min/max. wt. =   0.467539E-54        0.104510E-01           *
#                                                               *
#*************   chi**2/iteration =  0.000       ****************


#********** Integration by Vegas (iteration       2) ************
#                                                               *
#  integral  =  941.48740       accum. integral =  941.57048    *
#  std. dev. = 0.49452820       accum. std. dev = 0.34686523    *
#   min/max. wt. =  -0.290938E-11        0.732802E-01           *
#                                                               *
#*************   chi**2/iteration = 0.5548E-01   ****************

Thanks for using LHAPDF 6.2.1. Please make sure to cite the paper:
  Eur.Phys.J. C75 (2015) 3, 132  (http://arxiv.org/abs/1412.7420)
 Done
