SLURM job running in:  /work-zfs/lhc/heshy/JHUGen/xsecs/JHUGen_interference/JHUGenerator/xsecs
LHAPDF 6.2.1 loading /work-zfs/lhc/cms9/slc6_amd64_gcc630/external/lhapdf/6.2.1-omkpbe3/share/LHAPDF/NNPDF31_lo_as_0130/NNPDF31_lo_as_0130_0000.dat
NNPDF31_lo_as_0130 PDF set, member #0, version 1; LHAPDF ID = 315200
 
  
  ***************************************************************************************
  *                                JHU Generator v7.1.5                                 *
  ***************************************************************************************
  *                                                                                     *
  *   Spin and parity determination of single-produced resonances at hadron colliders   *
  *                                                                                     *
  *              I. Anderson, S. Bolognesi, F. Caola, Y. Gao, A. Gritsan,               *
  *          Z. Guo, C. Martin, K. Melnikov, R. Rontsch, H. Roskes, U. Sarica,          *
  *                 M. Schulze, N. Tran, A. Whitbeck, M. Xiao, Y. Zhou                  *
  *              Phys.Rev. D81 (2010) 075022;  arXiv:1001.3396  [hep-ph],               *
  *              Phys.Rev. D86 (2012) 095031;  arXiv:1208.4018  [hep-ph],               *
  *              Phys.Rev. D89 (2014) 035007;  arXiv:1309.4819  [hep-ph],               *
  *              Phys.Rev. D94 (2016) 055023;  arXiv:1606.03107 [hep-ph].               *
  *                                                                                     *
  ***************************************************************************************
  
   
   Command line: /work-zfs/lhc/heshy/JHUGen/xsecs/JHUGen_interference/JHUGenerator/xsecs/../JHUGen Unweighted=0 VegasNc0=99999999 VegasNc1=99999999 VegasNc2=99999999 LHAPDF=NNPDF31_lo_as_0130/NNPDF31_lo_as_0130.info DataFile=workdir/VBF_a3L1_NNPDF31_lo_as_0130 MPhotonCutoff=0 Process=60 deltaRcut=0 pTjetcut=0 ghz1=0,0 ghz4=0.297979018705,0 ghz1_prime2=-2158.21307286,0
   
   Input Parameter:
    Collider: P-P, sqrt(s)=13000.00
    Resonance: spin=0, mass= 125.00 width=   0.00407
    Z boson: mass=91.188, width=2.4952
    W boson: mass=80.399, width=2.0850
    Jet cuts:
            pT >=     0.00 GeV
        DeltaR >=     0.00
           mJJ >=     0.00 GeV
    Random seed:    70793160
    To reproduce results using this seed, JHUGen should be compiled with the same compiler:
      GNU Fortran (GCC) 6.3.0
    
    WidthScheme:   2
    LHAPDF set NNPDF31_lo_as_0130/NNPDF31_lo_as_0130.info, member=  0
    Unweighted: F
    Intermediate off-shell photons: F
    
    spin-0-VV couplings: 
      generate_as=F
      ghg2=  0.10000000E+01  0.00000000E+00i
      ghz4=  0.29797902E+00  0.00000000E+00i
      ghz1_prime2= -0.21582131E+04  0.00000000E+00i,    Lambda_z1=  1.0000E+04
      Lambda=  1000.0
    
    LHE output: workdir/VBF_a3L1_NNPDF31_lo_as_0130.lhe
    Histogram output: workdir/VBF_a3L1_NNPDF31_lo_as_0130.dat
    Log file: workdir/VBF_a3L1_NNPDF31_lo_as_0130.log
    
  Running

  Input parameters for vegas:  ndim=  9   ncall= 99999999.
                              it=    0    itmx=   15
                              acc=-1.00    
                              mds=  0     nd= 250
                              (xl,xu)= (  0.00000     ,  1.00000     )
                                       (  0.00000     ,  1.00000     )
                                       (  0.00000     ,  1.00000     )
                                       (  0.00000     ,  1.00000     )
                                       (  0.00000     ,  1.00000     )
                                       (  0.00000     ,  1.00000     )
                                       (  0.00000     ,  1.00000     )
                                       (  0.00000     ,  1.00000     )
                                       (  0.00000     ,  1.00000     )

#********** Integration by Vegas (iteration       1) ************
#                                                               *
#  integral  =  1536.6094       accum. integral =  1536.6094    *
#  std. dev. =  147.38972       accum. std. dev =  147.38972    *
#   min/max. wt. =   0.103657E-46         92.1995               *
#                                                               *
#*************   chi**2/iteration = 0.4287E-10   ****************


#********** Integration by Vegas (iteration       2) ************
#                                                               *
#  integral  =  1915.9512       accum. integral =  1860.1053    *
#  std. dev. =  76.357099       accum. std. dev =  63.914741    *
#   min/max. wt. =   0.190867E-44         63.1217               *
#                                                               *
#*************   chi**2/iteration =  4.418       ****************


#********** Integration by Vegas (iteration       3) ************
#                                                               *
#  integral  =  1865.1083       accum. integral =  1865.0767    *
#  std. dev. =  5.4687563       accum. std. dev =  5.2042169    *
#   min/max. wt. =  -0.561724E-08         1.26297               *
#                                                               *
#*************   chi**2/iteration =  2.105       ****************


#********** Integration by Vegas (iteration       4) ************
#                                                               *
#  integral  =  1864.0292       accum. integral =  1864.1240    *
#  std. dev. =  1.7187844       accum. std. dev =  1.5843910    *
#   min/max. wt. =   0.729853E-47        0.185686               *
#                                                               *
#*************   chi**2/iteration =  1.383       ****************


#********** Integration by Vegas (iteration       5) ************
#                                                               *
#  integral  =  1868.1784       accum. integral =  1866.9663    *
#  std. dev. =  1.0727653       accum. std. dev = 0.87276020    *
#   min/max. wt. =   0.139507E-50        0.611327E-01           *
#                                                               *
#*************   chi**2/iteration =  2.152       ****************


#********** Integration by Vegas (iteration       6) ************
#                                                               *
#  integral  =  1866.5985       accum. integral =  1866.7854    *
#  std. dev. = 0.91235297       accum. std. dev = 0.62516199    *
#   min/max. wt. =   0.118428E-49        0.486790E-01           *
#                                                               *
#*************   chi**2/iteration =  1.723       ****************


#********** Integration by Vegas (iteration       7) ************
#                                                               *
#  integral  =  1866.9391       accum. integral =  1866.8402    *
#  std. dev. = 0.86045934       accum. std. dev = 0.50335293    *
#   min/max. wt. =   0.660911E-51        0.323420E-01           *
#                                                               *
#*************   chi**2/iteration =  1.430       ****************


#********** Integration by Vegas (iteration       8) ************
#                                                               *
#  integral  =  1868.0946       accum. integral =  1867.1791    *
#  std. dev. = 0.84442065       accum. std. dev = 0.43113302    *
#   min/max. wt. =   0.220576E-48        0.407528E-01           *
#                                                               *
#*************   chi**2/iteration =  1.458       ****************


#********** Integration by Vegas (iteration       9) ************
#                                                               *
#  integral  =  1865.2762       accum. integral =  1866.7686    *
#  std. dev. = 0.83564105       accum. std. dev = 0.38251462    *
#   min/max. wt. =  -0.283757E-06        0.423661E-01           *
#                                                               *
#*************   chi**2/iteration =  1.794       ****************


#********** Integration by Vegas (iteration      10) ************
#                                                               *
#  integral  =  1867.2152       accum. integral =  1866.8482    *
#  std. dev. = 0.83453982       accum. std. dev = 0.34732403    *
#   min/max. wt. =   0.330642E-57        0.304807E-01           *
#                                                               *
#*************   chi**2/iteration =  1.616       ****************


#********** Integration by Vegas (iteration      11) ************
#                                                               *
#  integral  =  1867.1319       accum. integral =  1866.8914    *
#  std. dev. = 0.83052095       accum. std. dev = 0.32016980    *
#   min/max. wt. =   0.953200E-52        0.276288E-01           *
#                                                               *
#*************   chi**2/iteration =  1.461       ****************


#********** Integration by Vegas (iteration      12) ************
#                                                               *
#  integral  =  1866.0739       accum. integral =  1866.7834    *
#  std. dev. = 0.83053056       accum. std. dev = 0.29857203    *
#   min/max. wt. =   0.367226E-50        0.292729E-01           *
#                                                               *
#*************   chi**2/iteration =  1.404       ****************


#********** Integration by Vegas (iteration      13) ************
#                                                               *
#  integral  =  1866.0738       accum. integral =  1866.7011    *
#  std. dev. = 0.83376373       accum. std. dev = 0.28097666    *
#   min/max. wt. =   0.131156E-54        0.445380E-01           *
#                                                               *
#*************   chi**2/iteration =  1.339       ****************


#********** Integration by Vegas (iteration      14) ************
#                                                               *
#  integral  =  1866.2271       accum. integral =  1866.6519    *
#  std. dev. = 0.83418875       accum. std. dev = 0.26619308    *
#   min/max. wt. =  -0.196496E-07        0.276625E-01           *
#                                                               *
#*************   chi**2/iteration =  1.257       ****************


#********** Integration by Vegas (iteration      15) ************
#                                                               *
#  integral  =  1867.8163       accum. integral =  1866.7616    *
#  std. dev. = 0.83429340       accum. std. dev = 0.25352887    *
#   min/max. wt. =   0.514028E-69        0.329172E-01           *
#                                                               *
#*************   chi**2/iteration =  1.294       ****************

 ****************************************************
 * Writing out vegas grid to workdir/VBF_a3L1_NNPDF31_lo_as_0130.grid                                
 ****************************************************

  Input parameters for vegas:  ndim=  9   ncall= 99999999.
                              it=    0    itmx=    2
                              acc=-1.00    
                              mds=  0     nd= 250
                              (xl,xu)= (  0.00000     ,  1.00000     )
                                       (  0.00000     ,  1.00000     )
                                       (  0.00000     ,  1.00000     )
                                       (  0.00000     ,  1.00000     )
                                       (  0.00000     ,  1.00000     )
                                       (  0.00000     ,  1.00000     )
                                       (  0.00000     ,  1.00000     )
                                       (  0.00000     ,  1.00000     )
                                       (  0.00000     ,  1.00000     )

#********** Integration by Vegas (iteration       1) ************
#                                                               *
#  integral  =  1866.1809       accum. integral =  1866.1809    *
#  std. dev. = 0.83209616       accum. std. dev = 0.83209616    *
#   min/max. wt. =   0.686689E-59        0.314549E-01           *
#                                                               *
#*************   chi**2/iteration = -.1345E-05   ****************


#********** Integration by Vegas (iteration       2) ************
#                                                               *
#  integral  =  1865.3414       accum. integral =  1865.7634    *
#  std. dev. = 0.83613682       accum. std. dev = 0.58980359    *
#   min/max. wt. =  -0.273884E-17        0.384811E-01           *
#                                                               *
#*************   chi**2/iteration = 0.5059       ****************

Thanks for using LHAPDF 6.2.1. Please make sure to cite the paper:
  Eur.Phys.J. C75 (2015) 3, 132  (http://arxiv.org/abs/1412.7420)
 Done
