SLURM job running in:  /work-zfs/lhc/heshy/JHUGen/xsecs/JHUGen_interference/JHUGenerator/xsecs
LHAPDF 6.2.1 loading /work-zfs/lhc/cms9/slc6_amd64_gcc630/external/lhapdf/6.2.1-omkpbe3/share/LHAPDF/NNPDF31_lo_as_0130/NNPDF31_lo_as_0130_0000.dat
NNPDF31_lo_as_0130 PDF set, member #0, version 1; LHAPDF ID = 315200
 
  
  ***************************************************************************************
  *                                JHU Generator v7.1.5                                 *
  ***************************************************************************************
  *                                                                                     *
  *   Spin and parity determination of single-produced resonances at hadron colliders   *
  *                                                                                     *
  *              I. Anderson, S. Bolognesi, F. Caola, Y. Gao, A. Gritsan,               *
  *          Z. Guo, C. Martin, K. Melnikov, R. Rontsch, H. Roskes, U. Sarica,          *
  *                 M. Schulze, N. Tran, A. Whitbeck, M. Xiao, Y. Zhou                  *
  *              Phys.Rev. D81 (2010) 075022;  arXiv:1001.3396  [hep-ph],               *
  *              Phys.Rev. D86 (2012) 095031;  arXiv:1208.4018  [hep-ph],               *
  *              Phys.Rev. D89 (2014) 035007;  arXiv:1309.4819  [hep-ph],               *
  *              Phys.Rev. D94 (2016) 055023;  arXiv:1606.03107 [hep-ph].               *
  *                                                                                     *
  ***************************************************************************************
  
   
   Command line: /work-zfs/lhc/heshy/JHUGen/xsecs/JHUGen_interference/JHUGenerator/xsecs/../JHUGen Unweighted=0 VegasNc0=99999999 VegasNc1=99999999 VegasNc2=99999999 LHAPDF=NNPDF31_lo_as_0130/NNPDF31_lo_as_0130.info DataFile=workdir/VBF_a1a2_NNPDF31_lo_as_0130 MPhotonCutoff=0 Process=60 deltaRcut=0 pTjetcut=0 ghz1=1,0 ghz2=0.27196538,0
   
   Input Parameter:
    Collider: P-P, sqrt(s)=13000.00
    Resonance: spin=0, mass= 125.00 width=   0.00407
    Z boson: mass=91.188, width=2.4952
    W boson: mass=80.399, width=2.0850
    Jet cuts:
            pT >=     0.00 GeV
        DeltaR >=     0.00
           mJJ >=     0.00 GeV
    Random seed:   593015855
    To reproduce results using this seed, JHUGen should be compiled with the same compiler:
      GNU Fortran (GCC) 6.3.0
    
    WidthScheme:   2
    LHAPDF set NNPDF31_lo_as_0130/NNPDF31_lo_as_0130.info, member=  0
    Unweighted: F
    Intermediate off-shell photons: F
    
    spin-0-VV couplings: 
      generate_as=F
      ghg2=  0.10000000E+01  0.00000000E+00i
      ghz1=  0.10000000E+01  0.00000000E+00i
      ghz2=  0.27196538E+00  0.00000000E+00i
      Lambda=  1000.0
    
    LHE output: workdir/VBF_a1a2_NNPDF31_lo_as_0130.lhe
    Histogram output: workdir/VBF_a1a2_NNPDF31_lo_as_0130.dat
    Log file: workdir/VBF_a1a2_NNPDF31_lo_as_0130.log
    
  Running

  Input parameters for vegas:  ndim=  9   ncall= 99999999.
                              it=    0    itmx=   15
                              acc=-1.00    
                              mds=  0     nd= 250
                              (xl,xu)= (  0.00000     ,  1.00000     )
                                       (  0.00000     ,  1.00000     )
                                       (  0.00000     ,  1.00000     )
                                       (  0.00000     ,  1.00000     )
                                       (  0.00000     ,  1.00000     )
                                       (  0.00000     ,  1.00000     )
                                       (  0.00000     ,  1.00000     )
                                       (  0.00000     ,  1.00000     )
                                       (  0.00000     ,  1.00000     )

#********** Integration by Vegas (iteration       1) ************
#                                                               *
#  integral  =  1840.9346       accum. integral =  1840.9346    *
#  std. dev. =  268.55084       accum. std. dev =  268.55084    *
#   min/max. wt. =   0.594182E-47         257.783               *
#                                                               *
#*************   chi**2/iteration = 0.6457E-11   ****************


#********** Integration by Vegas (iteration       2) ************
#                                                               *
#  integral  =  2059.9274       accum. integral =  2054.6799    *
#  std. dev. =  47.083183       accum. std. dev =  44.112453    *
#   min/max. wt. =   0.640179E-46         22.7710               *
#                                                               *
#*************   chi**2/iteration = 0.5758       ****************


#********** Integration by Vegas (iteration       3) ************
#                                                               *
#  integral  =  2119.2577       accum. integral =  2116.9904    *
#  std. dev. =  9.1285442       accum. std. dev =  8.5057368    *
#   min/max. wt. =   0.371040E-43         6.69484               *
#                                                               *
#*************   chi**2/iteration =  1.248       ****************


#********** Integration by Vegas (iteration       4) ************
#                                                               *
#  integral  =  2128.1596       accum. integral =  2127.4715    *
#  std. dev. =  2.3070541       accum. std. dev =  2.1426900    *
#   min/max. wt. =   0.122860E-41        0.685042               *
#                                                               *
#*************   chi**2/iteration =  1.331       ****************


#********** Integration by Vegas (iteration       5) ************
#                                                               *
#  integral  =  2135.3946       accum. integral =  2133.5911    *
#  std. dev. =  1.2173914       accum. std. dev =  1.0319909    *
#   min/max. wt. =   0.101665E-44        0.110799               *
#                                                               *
#*************   chi**2/iteration =  3.570       ****************


#********** Integration by Vegas (iteration       6) ************
#                                                               *
#  integral  =  2134.2579       accum. integral =  2133.9631    *
#  std. dev. = 0.95172789       accum. std. dev = 0.69030528    *
#   min/max. wt. =   0.648102E-50        0.463360E-01           *
#                                                               *
#*************   chi**2/iteration =  2.867       ****************


#********** Integration by Vegas (iteration       7) ************
#                                                               *
#  integral  =  2134.2993       accum. integral =  2134.0976    *
#  std. dev. = 0.87065056       accum. std. dev = 0.53700288    *
#   min/max. wt. =   0.240589E-46        0.298103E-01           *
#                                                               *
#*************   chi**2/iteration =  2.385       ****************


#********** Integration by Vegas (iteration       8) ************
#                                                               *
#  integral  =  2134.3549       accum. integral =  2134.1743    *
#  std. dev. = 0.84498971       accum. std. dev = 0.45134364    *
#   min/max. wt. =   0.195429E-47        0.483272E-01           *
#                                                               *
#*************   chi**2/iteration =  2.041       ****************


#********** Integration by Vegas (iteration       9) ************
#                                                               *
#  integral  =  2134.1777       accum. integral =  2134.1751    *
#  std. dev. = 0.83880423       accum. std. dev = 0.39645943    *
#   min/max. wt. =   0.997925E-50        0.305445E-01           *
#                                                               *
#*************   chi**2/iteration =  1.777       ****************


#********** Integration by Vegas (iteration      10) ************
#                                                               *
#  integral  =  2134.6470       accum. integral =  2134.2650    *
#  std. dev. = 0.83349569       accum. std. dev = 0.35742023    *
#   min/max. wt. =   0.260129E-44        0.228554E-01           *
#                                                               *
#*************   chi**2/iteration =  1.603       ****************


#********** Integration by Vegas (iteration      11) ************
#                                                               *
#  integral  =  2134.8771       accum. integral =  2134.3621    *
#  std. dev. = 0.83771141       accum. std. dev = 0.32837543    *
#   min/max. wt. =  -0.878252E-16        0.830512E-01           *
#                                                               *
#*************   chi**2/iteration =  1.484       ****************


#********** Integration by Vegas (iteration      12) ************
#                                                               *
#  integral  =  2135.2852       accum. integral =  2134.4899    *
#  std. dev. = 0.83277451       accum. std. dev = 0.30522624    *
#   min/max. wt. =   0.739946E-46        0.245823E-01           *
#                                                               *
#*************   chi**2/iteration =  1.445       ****************


#********** Integration by Vegas (iteration      13) ************
#                                                               *
#  integral  =  2134.9859       accum. integral =  2134.5499    *
#  std. dev. = 0.83477197       accum. std. dev = 0.28648916    *
#   min/max. wt. =   0.358440E-48        0.657037E-01           *
#                                                               *
#*************   chi**2/iteration =  1.348       ****************


#********** Integration by Vegas (iteration      14) ************
#                                                               *
#  integral  =  2134.9628       accum. integral =  2134.5947    *
#  std. dev. = 0.83206902       accum. std. dev = 0.27075365    *
#   min/max. wt. =   0.123221E-47        0.186891E-01           *
#                                                               *
#*************   chi**2/iteration =  1.259       ****************


#********** Integration by Vegas (iteration      15) ************
#                                                               *
#  integral  =  2135.0783       accum. integral =  2134.6421    *
#  std. dev. = 0.83190131       accum. std. dev = 0.25736488    *
#   min/max. wt. =  -0.126068E-07        0.285093E-01           *
#                                                               *
#*************   chi**2/iteration =  1.190       ****************

 ****************************************************
 * Writing out vegas grid to workdir/VBF_a1a2_NNPDF31_lo_as_0130.grid                                
 ****************************************************

  Input parameters for vegas:  ndim=  9   ncall= 99999999.
                              it=    0    itmx=    2
                              acc=-1.00    
                              mds=  0     nd= 250
                              (xl,xu)= (  0.00000     ,  1.00000     )
                                       (  0.00000     ,  1.00000     )
                                       (  0.00000     ,  1.00000     )
                                       (  0.00000     ,  1.00000     )
                                       (  0.00000     ,  1.00000     )
                                       (  0.00000     ,  1.00000     )
                                       (  0.00000     ,  1.00000     )
                                       (  0.00000     ,  1.00000     )
                                       (  0.00000     ,  1.00000     )

#********** Integration by Vegas (iteration       1) ************
#                                                               *
#  integral  =  2133.8725       accum. integral =  2133.8725    *
#  std. dev. = 0.83249508       accum. std. dev = 0.83249508    *
#   min/max. wt. =   0.103315E-51        0.227139E-01           *
#                                                               *
#*************   chi**2/iteration =  0.000       ****************


#********** Integration by Vegas (iteration       2) ************
#                                                               *
#  integral  =  2134.5172       accum. integral =  2134.1946    *
#  std. dev. = 0.83348397       accum. std. dev = 0.58901234    *
#   min/max. wt. =   0.160889E-44        0.222996E-01           *
#                                                               *
#*************   chi**2/iteration = 0.2992       ****************

Thanks for using LHAPDF 6.2.1. Please make sure to cite the paper:
  Eur.Phys.J. C75 (2015) 3, 132  (http://arxiv.org/abs/1412.7420)
 Done
