SLURM job running in:  /work-zfs/lhc/heshy/JHUGen/xsecs/JHUGen_interference/JHUGenerator/xsecs
LHAPDF 6.2.1 loading /work-zfs/lhc/cms9/slc6_amd64_gcc630/external/lhapdf/6.2.1-omkpbe3/share/LHAPDF/NNPDF31_lo_as_0130/NNPDF31_lo_as_0130_0000.dat
NNPDF31_lo_as_0130 PDF set, member #0, version 1; LHAPDF ID = 315200
 
  
  ***************************************************************************************
  *                                JHU Generator v7.1.5                                 *
  ***************************************************************************************
  *                                                                                     *
  *   Spin and parity determination of single-produced resonances at hadron colliders   *
  *                                                                                     *
  *              I. Anderson, S. Bolognesi, F. Caola, Y. Gao, A. Gritsan,               *
  *          Z. Guo, C. Martin, K. Melnikov, R. Rontsch, H. Roskes, U. Sarica,          *
  *                 M. Schulze, N. Tran, A. Whitbeck, M. Xiao, Y. Zhou                  *
  *              Phys.Rev. D81 (2010) 075022;  arXiv:1001.3396  [hep-ph],               *
  *              Phys.Rev. D86 (2012) 095031;  arXiv:1208.4018  [hep-ph],               *
  *              Phys.Rev. D89 (2014) 035007;  arXiv:1309.4819  [hep-ph],               *
  *              Phys.Rev. D94 (2016) 055023;  arXiv:1606.03107 [hep-ph].               *
  *                                                                                     *
  ***************************************************************************************
  
   
   Command line: /work-zfs/lhc/heshy/JHUGen/xsecs/JHUGen_interference/JHUGenerator/xsecs/../JHUGen Unweighted=0 VegasNc0=99999999 VegasNc1=99999999 VegasNc2=99999999 LHAPDF=NNPDF31_lo_as_0130/NNPDF31_lo_as_0130.info DataFile=workdir/VBF_L1Zg_NNPDF31_lo_as_0130 MPhotonCutoff=0 Process=60 deltaRcut=0 pTjetcut=1d-10 ghz1=0,0 ghzgs1_prime2=1,0
   
   Input Parameter:
    Collider: P-P, sqrt(s)=13000.00
    Resonance: spin=0, mass= 125.00 width=   0.00407
    Z boson: mass=91.188, width=2.4952
    W boson: mass=80.399, width=2.0850
    Jet cuts:
            pT >=     0.00 GeV
        DeltaR >=     0.00
           mJJ >=     0.00 GeV
    Random seed:   569643292
    To reproduce results using this seed, JHUGen should be compiled with the same compiler:
      GNU Fortran (GCC) 6.3.0
    
    WidthScheme:   2
    LHAPDF set NNPDF31_lo_as_0130/NNPDF31_lo_as_0130.info, member=  0
    Unweighted: F
    Intermediate off-shell photons: T
    
    spin-0-VV couplings: 
      generate_as=F
      ghg2=  0.10000000E+01  0.00000000E+00i
      ghzgs1_prime2=  0.10000000E+01  0.00000000E+00i,  Lambda_zgs1=  1.0000E+04
      Lambda=  1000.0
    
    LHE output: workdir/VBF_L1Zg_NNPDF31_lo_as_0130.lhe
    Histogram output: workdir/VBF_L1Zg_NNPDF31_lo_as_0130.dat
    Log file: workdir/VBF_L1Zg_NNPDF31_lo_as_0130.log
    
  Running

  Input parameters for vegas:  ndim=  9   ncall= 99999999.
                              it=    0    itmx=   15
                              acc=-1.00    
                              mds=  0     nd= 250
                              (xl,xu)= (  0.00000     ,  1.00000     )
                                       (  0.00000     ,  1.00000     )
                                       (  0.00000     ,  1.00000     )
                                       (  0.00000     ,  1.00000     )
                                       (  0.00000     ,  1.00000     )
                                       (  0.00000     ,  1.00000     )
                                       (  0.00000     ,  1.00000     )
                                       (  0.00000     ,  1.00000     )
                                       (  0.00000     ,  1.00000     )

#********** Integration by Vegas (iteration       1) ************
#                                                               *
#  integral  = 0.34449385E-04   accum. integral = 0.34449385E-04*
#  std. dev. = 0.11955594E-05   accum. std. dev = 0.11955594E-05*
#   min/max. wt. =   0.483162E-42        0.679266E-06           *
#                                                               *
#*************   chi**2/iteration = 0.1447E-09   ****************


#********** Integration by Vegas (iteration       2) ************
#                                                               *
#  integral  = 0.50306997E-04   accum. integral = 0.38687098E-04*
#  std. dev. = 0.28910363E-05   accum. std. dev = 0.12808127E-05*
#   min/max. wt. =   0.153707E-42        0.248885E-05           *
#                                                               *
#*************   chi**2/iteration =  29.99       ****************


#********** Integration by Vegas (iteration       3) ************
#                                                               *
#  integral  = 0.51724123E-04   accum. integral = 0.51340152E-04*
#  std. dev. = 0.26768029E-06   accum. std. dev = 0.23535387E-06*
#   min/max. wt. =   0.248226E-42        0.131530E-06           *
#                                                               *
#*************   chi**2/iteration =  56.92       ****************


#********** Integration by Vegas (iteration       4) ************
#                                                               *
#  integral  = 0.52232448E-04   accum. integral = 0.52186950E-04*
#  std. dev. = 0.61727001E-07   accum. std. dev = 0.54975048E-07*
#   min/max. wt. =   0.126035E-45        0.144983E-07           *
#                                                               *
#*************   chi**2/iteration =  39.71       ****************


#********** Integration by Vegas (iteration       5) ************
#                                                               *
#  integral  = 0.52168051E-04   accum. integral = 0.52172495E-04*
#  std. dev. = 0.33300613E-07   accum. std. dev = 0.27169228E-07*
#   min/max. wt. =   0.522772E-47        0.127221E-08           *
#                                                               *
#*************   chi**2/iteration =  28.70       ****************


#********** Integration by Vegas (iteration       6) ************
#                                                               *
#  integral  = 0.52206944E-04   accum. integral = 0.52190988E-04*
#  std. dev. = 0.27072872E-07   accum. std. dev = 0.18721669E-07*
#   min/max. wt. =   0.305816E-46        0.101464E-08           *
#                                                               *
#*************   chi**2/iteration =  22.57       ****************


#********** Integration by Vegas (iteration       7) ************
#                                                               *
#  integral  = 0.52173686E-04   accum. integral = 0.52184327E-04*
#  std. dev. = 0.25055161E-07   accum. std. dev = 0.14808643E-07*
#   min/max. wt. =   0.146179E-48        0.977655E-09           *
#                                                               *
#*************   chi**2/iteration =  18.54       ****************


#********** Integration by Vegas (iteration       8) ************
#                                                               *
#  integral  = 0.52195711E-04   accum. integral = 0.52187609E-04*
#  std. dev. = 0.24435689E-07   accum. std. dev = 0.12573066E-07*
#   min/max. wt. =   0.124527E-47        0.652761E-09           *
#                                                               *
#*************   chi**2/iteration =  15.71       ****************


#********** Integration by Vegas (iteration       9) ************
#                                                               *
#  integral  = 0.52163651E-04   accum. integral = 0.52182169E-04*
#  std. dev. = 0.24193052E-07   accum. std. dev = 0.11107590E-07*
#   min/max. wt. =   0.116194E-48        0.127153E-08           *
#                                                               *
#*************   chi**2/iteration =  13.72       ****************


#********** Integration by Vegas (iteration      10) ************
#                                                               *
#  integral  = 0.52159492E-04   accum. integral = 0.52177950E-04*
#  std. dev. = 0.24108901E-07   accum. std. dev = 0.10059551E-07*
#   min/max. wt. =   0.353423E-47        0.719924E-09           *
#                                                               *
#*************   chi**2/iteration =  12.19       ****************


#********** Integration by Vegas (iteration      11) ************
#                                                               *
#  integral  = 0.52149931E-04   accum. integral = 0.52173496E-04*
#  std. dev. = 0.23916041E-07   accum. std. dev = 0.92540201E-08*
#   min/max. wt. =   0.988049E-45        0.687750E-09           *
#                                                               *
#*************   chi**2/iteration =  11.02       ****************


#********** Integration by Vegas (iteration      12) ************
#                                                               *
#  integral  = 0.52188926E-04   accum. integral = 0.52175608E-04*
#  std. dev. = 0.23962413E-07   accum. std. dev = 0.86200349E-08*
#   min/max. wt. =   0.523249E-44        0.108502E-08           *
#                                                               *
#*************   chi**2/iteration =  10.00       ****************


#********** Integration by Vegas (iteration      13) ************
#                                                               *
#  integral  = 0.52180241E-04   accum. integral = 0.52176164E-04*
#  std. dev. = 0.23997907E-07   accum. std. dev = 0.81039045E-08*
#   min/max. wt. =   0.361792E-47        0.845031E-09           *
#                                                               *
#*************   chi**2/iteration =  9.133       ****************


#********** Integration by Vegas (iteration      14) ************
#                                                               *
#  integral  = 0.52187853E-04   accum. integral = 0.52177416E-04*
#  std. dev. = 0.24006106E-07   accum. std. dev = 0.76719511E-08*
#   min/max. wt. =   0.838437E-48        0.751830E-09           *
#                                                               *
#*************   chi**2/iteration =  8.415       ****************


#********** Integration by Vegas (iteration      15) ************
#                                                               *
#  integral  = 0.52172457E-04   accum. integral = 0.52176937E-04*
#  std. dev. = 0.24013767E-07   accum. std. dev = 0.73034748E-08*
#   min/max. wt. =   0.496466E-44        0.729655E-09           *
#                                                               *
#*************   chi**2/iteration =  7.792       ****************

 ****************************************************
 * Writing out vegas grid to workdir/VBF_L1Zg_NNPDF31_lo_as_0130.grid                                
 ****************************************************

  Input parameters for vegas:  ndim=  9   ncall= 99999999.
                              it=    0    itmx=    2
                              acc=-1.00    
                              mds=  0     nd= 250
                              (xl,xu)= (  0.00000     ,  1.00000     )
                                       (  0.00000     ,  1.00000     )
                                       (  0.00000     ,  1.00000     )
                                       (  0.00000     ,  1.00000     )
                                       (  0.00000     ,  1.00000     )
                                       (  0.00000     ,  1.00000     )
                                       (  0.00000     ,  1.00000     )
                                       (  0.00000     ,  1.00000     )
                                       (  0.00000     ,  1.00000     )

#********** Integration by Vegas (iteration       1) ************
#                                                               *
#  integral  = 0.52166345E-04   accum. integral = 0.52166345E-04*
#  std. dev. = 0.23955012E-07   accum. std. dev = 0.23955012E-07*
#   min/max. wt. =   0.211249E-46        0.755595E-09           *
#                                                               *
#*************   chi**2/iteration =  0.000       ****************


#********** Integration by Vegas (iteration       2) ************
#                                                               *
#  integral  = 0.52187201E-04   accum. integral = 0.52176724E-04*
#  std. dev. = 0.24078394E-07   accum. std. dev = 0.16982223E-07*
#   min/max. wt. =   0.436149E-44        0.695270E-09           *
#                                                               *
#*************   chi**2/iteration = 0.3766       ****************

Thanks for using LHAPDF 6.2.1. Please make sure to cite the paper:
  Eur.Phys.J. C75 (2015) 3, 132  (http://arxiv.org/abs/1412.7420)
 Done
