SLURM job running in:  /work-zfs/lhc/heshy/JHUGen/xsecs/JHUGen_interference/JHUGenerator/xsecs
LHAPDF 6.2.1 loading /work-zfs/lhc/cms9/slc6_amd64_gcc630/external/lhapdf/6.2.1-omkpbe3/share/LHAPDF/NNPDF31_lo_as_0130/NNPDF31_lo_as_0130_0000.dat
NNPDF31_lo_as_0130 PDF set, member #0, version 1; LHAPDF ID = 315200
 
  
  ***************************************************************************************
  *                                JHU Generator v7.1.5                                 *
  ***************************************************************************************
  *                                                                                     *
  *   Spin and parity determination of single-produced resonances at hadron colliders   *
  *                                                                                     *
  *              I. Anderson, S. Bolognesi, F. Caola, Y. Gao, A. Gritsan,               *
  *          Z. Guo, C. Martin, K. Melnikov, R. Rontsch, H. Roskes, U. Sarica,          *
  *                 M. Schulze, N. Tran, A. Whitbeck, M. Xiao, Y. Zhou                  *
  *              Phys.Rev. D81 (2010) 075022;  arXiv:1001.3396  [hep-ph],               *
  *              Phys.Rev. D86 (2012) 095031;  arXiv:1208.4018  [hep-ph],               *
  *              Phys.Rev. D89 (2014) 035007;  arXiv:1309.4819  [hep-ph],               *
  *              Phys.Rev. D94 (2016) 055023;  arXiv:1606.03107 [hep-ph].               *
  *                                                                                     *
  ***************************************************************************************
  
   
   Command line: /work-zfs/lhc/heshy/JHUGen/xsecs/JHUGen_interference/JHUGenerator/xsecs/../JHUGen Unweighted=0 VegasNc0=99999999 VegasNc1=99999999 VegasNc2=99999999 LHAPDF=NNPDF31_lo_as_0130/NNPDF31_lo_as_0130.info DataFile=workdir/VBF_a2a3_NNPDF31_lo_as_0130 MPhotonCutoff=0 Process=60 deltaRcut=0 pTjetcut=0 ghz1=0,0 ghz2=0.27196538,0 ghz4=0.297979018705,0
   
   Input Parameter:
    Collider: P-P, sqrt(s)=13000.00
    Resonance: spin=0, mass= 125.00 width=   0.00407
    Z boson: mass=91.188, width=2.4952
    W boson: mass=80.399, width=2.0850
    Jet cuts:
            pT >=     0.00 GeV
        DeltaR >=     0.00
           mJJ >=     0.00 GeV
    Random seed:   761198681
    To reproduce results using this seed, JHUGen should be compiled with the same compiler:
      GNU Fortran (GCC) 6.3.0
    
    WidthScheme:   2
    LHAPDF set NNPDF31_lo_as_0130/NNPDF31_lo_as_0130.info, member=  0
    Unweighted: F
    Intermediate off-shell photons: F
    
    spin-0-VV couplings: 
      generate_as=F
      ghg2=  0.10000000E+01  0.00000000E+00i
      ghz2=  0.27196538E+00  0.00000000E+00i
      ghz4=  0.29797902E+00  0.00000000E+00i
      Lambda=  1000.0
    
    LHE output: workdir/VBF_a2a3_NNPDF31_lo_as_0130.lhe
    Histogram output: workdir/VBF_a2a3_NNPDF31_lo_as_0130.dat
    Log file: workdir/VBF_a2a3_NNPDF31_lo_as_0130.log
    
  Running

  Input parameters for vegas:  ndim=  9   ncall= 99999999.
                              it=    0    itmx=   15
                              acc=-1.00    
                              mds=  0     nd= 250
                              (xl,xu)= (  0.00000     ,  1.00000     )
                                       (  0.00000     ,  1.00000     )
                                       (  0.00000     ,  1.00000     )
                                       (  0.00000     ,  1.00000     )
                                       (  0.00000     ,  1.00000     )
                                       (  0.00000     ,  1.00000     )
                                       (  0.00000     ,  1.00000     )
                                       (  0.00000     ,  1.00000     )
                                       (  0.00000     ,  1.00000     )

#********** Integration by Vegas (iteration       1) ************
#                                                               *
#  integral  =  1578.8785       accum. integral =  1578.8785    *
#  std. dev. =  89.944485       accum. std. dev =  89.944485    *
#   min/max. wt. =   0.166387E-46         71.3804               *
#                                                               *
#*************   chi**2/iteration =  0.000       ****************


#********** Integration by Vegas (iteration       2) ************
#                                                               *
#  integral  =  1762.9456       accum. integral =  1760.1216    *
#  std. dev. =  12.536313       accum. std. dev =  11.808233    *
#   min/max. wt. =   0.178348E-44         3.64641               *
#                                                               *
#*************   chi**2/iteration =  3.667       ****************


#********** Integration by Vegas (iteration       3) ************
#                                                               *
#  integral  =  1873.7011       accum. integral =  1861.9297    *
#  std. dev. =  4.4956981       accum. std. dev =  3.9588991    *
#   min/max. wt. =   0.110155E-43         2.70774               *
#                                                               *
#*************   chi**2/iteration =  39.90       ****************


#********** Integration by Vegas (iteration       4) ************
#                                                               *
#  integral  =  1868.7330       accum. integral =  1868.1111    *
#  std. dev. =  1.3464342       accum. std. dev =  1.2191103    *
#   min/max. wt. =   0.745947E-44        0.118888               *
#                                                               *
#*************   chi**2/iteration =  26.51       ****************


#********** Integration by Vegas (iteration       5) ************
#                                                               *
#  integral  =  1866.9982       accum. integral =  1867.3230    *
#  std. dev. = 0.82320516       accum. std. dev = 0.66558763    *
#   min/max. wt. =   0.176823E-46        0.572685E-01           *
#                                                               *
#*************   chi**2/iteration =  19.61       ****************


#********** Integration by Vegas (iteration       6) ************
#                                                               *
#  integral  =  1866.4147       accum. integral =  1866.8771    *
#  std. dev. = 0.70528832       accum. std. dev = 0.47817880    *
#   min/max. wt. =   0.366537E-48        0.628755E-01           *
#                                                               *
#*************   chi**2/iteration =  15.66       ****************


#********** Integration by Vegas (iteration       7) ************
#                                                               *
#  integral  =  1866.6301       accum. integral =  1866.7882    *
#  std. dev. = 0.65899099       accum. std. dev = 0.38441352    *
#   min/max. wt. =  -0.939446E-06        0.179820E-01           *
#                                                               *
#*************   chi**2/iteration =  12.94       ****************


#********** Integration by Vegas (iteration       8) ************
#                                                               *
#  integral  =  1866.5882       accum. integral =  1866.7333    *
#  std. dev. = 0.64287963       accum. std. dev = 0.32862770    *
#   min/max. wt. =  -0.980090E-07        0.191620E-01           *
#                                                               *
#*************   chi**2/iteration =  11.02       ****************


#********** Integration by Vegas (iteration       9) ************
#                                                               *
#  integral  =  1867.6267       accum. integral =  1866.9282    *
#  std. dev. = 0.63789747       accum. std. dev = 0.29140631    *
#   min/max. wt. =  -0.178740E-43        0.214797E-01           *
#                                                               *
#*************   chi**2/iteration =  9.791       ****************


#********** Integration by Vegas (iteration      10) ************
#                                                               *
#  integral  =  1868.4033       accum. integral =  1867.1940    *
#  std. dev. = 0.63577954       accum. std. dev = 0.26445833    *
#   min/max. wt. =   0.602542E-69        0.268404E-01           *
#                                                               *
#*************   chi**2/iteration =  9.174       ****************


#********** Integration by Vegas (iteration      11) ************
#                                                               *
#  integral  =  1867.1349       accum. integral =  1867.1849    *
#  std. dev. = 0.63102101       accum. std. dev = 0.24362055    *
#   min/max. wt. =   0.262162E-54        0.150233E-01           *
#                                                               *
#*************   chi**2/iteration =  8.227       ****************


#********** Integration by Vegas (iteration      12) ************
#                                                               *
#  integral  =  1866.9207       accum. integral =  1867.1495    *
#  std. dev. = 0.63063088       accum. std. dev = 0.22706312    *
#   min/max. wt. =  -0.209681E-11        0.195918E-01           *
#                                                               *
#*************   chi**2/iteration =  7.471       ****************


#********** Integration by Vegas (iteration      13) ************
#                                                               *
#  integral  =  1867.8882       accum. integral =  1867.2360    *
#  std. dev. = 0.63387447       accum. std. dev = 0.21362899    *
#   min/max. wt. =  -0.403272E-22        0.246391E-01           *
#                                                               *
#*************   chi**2/iteration =  6.934       ****************


#********** Integration by Vegas (iteration      14) ************
#                                                               *
#  integral  =  1866.7310       accum. integral =  1867.1834    *
#  std. dev. = 0.63547212       accum. std. dev = 0.20240182    *
#   min/max. wt. =   0.614941E-60        0.210339E-01           *
#                                                               *
#*************   chi**2/iteration =  6.431       ****************


#********** Integration by Vegas (iteration      15) ************
#                                                               *
#  integral  =  1867.9095       accum. integral =  1867.2524    *
#  std. dev. = 0.63385832       accum. std. dev = 0.19273817    *
#   min/max. wt. =  -0.216050E-11        0.194787E-01           *
#                                                               *
#*************   chi**2/iteration =  6.048       ****************

 ****************************************************
 * Writing out vegas grid to workdir/VBF_a2a3_NNPDF31_lo_as_0130.grid                                
 ****************************************************

  Input parameters for vegas:  ndim=  9   ncall= 99999999.
                              it=    0    itmx=    2
                              acc=-1.00    
                              mds=  0     nd= 250
                              (xl,xu)= (  0.00000     ,  1.00000     )
                                       (  0.00000     ,  1.00000     )
                                       (  0.00000     ,  1.00000     )
                                       (  0.00000     ,  1.00000     )
                                       (  0.00000     ,  1.00000     )
                                       (  0.00000     ,  1.00000     )
                                       (  0.00000     ,  1.00000     )
                                       (  0.00000     ,  1.00000     )
                                       (  0.00000     ,  1.00000     )

#********** Integration by Vegas (iteration       1) ************
#                                                               *
#  integral  =  1866.8794       accum. integral =  1866.8794    *
#  std. dev. = 0.63536015       accum. std. dev = 0.63536015    *
#   min/max. wt. =   0.498447E-50        0.222166E-01           *
#                                                               *
#*************   chi**2/iteration =  0.000       ****************


#********** Integration by Vegas (iteration       2) ************
#                                                               *
#  integral  =  1867.6339       accum. integral =  1867.2564    *
#  std. dev. = 0.63602016       accum. std. dev = 0.44950073    *
#   min/max. wt. =   0.673047E-57        0.208561E-01           *
#                                                               *
#*************   chi**2/iteration = 0.7036       ****************

Thanks for using LHAPDF 6.2.1. Please make sure to cite the paper:
  Eur.Phys.J. C75 (2015) 3, 132  (http://arxiv.org/abs/1412.7420)
 Done
