SLURM job running in:  /work-zfs/lhc/heshy/JHUGen/xsecs/JHUGen_interference/JHUGenerator/xsecs
LHAPDF 6.2.1 loading /work-zfs/lhc/cms9/slc6_amd64_gcc630/external/lhapdf/6.2.1-omkpbe3/share/LHAPDF/NNPDF31_lo_as_0130/NNPDF31_lo_as_0130_0000.dat
NNPDF31_lo_as_0130 PDF set, member #0, version 1; LHAPDF ID = 315200
 
  
  ***************************************************************************************
  *                                JHU Generator v7.1.5                                 *
  ***************************************************************************************
  *                                                                                     *
  *   Spin and parity determination of single-produced resonances at hadron colliders   *
  *                                                                                     *
  *              I. Anderson, S. Bolognesi, F. Caola, Y. Gao, A. Gritsan,               *
  *          Z. Guo, C. Martin, K. Melnikov, R. Rontsch, H. Roskes, U. Sarica,          *
  *                 M. Schulze, N. Tran, A. Whitbeck, M. Xiao, Y. Zhou                  *
  *              Phys.Rev. D81 (2010) 075022;  arXiv:1001.3396  [hep-ph],               *
  *              Phys.Rev. D86 (2012) 095031;  arXiv:1208.4018  [hep-ph],               *
  *              Phys.Rev. D89 (2014) 035007;  arXiv:1309.4819  [hep-ph],               *
  *              Phys.Rev. D94 (2016) 055023;  arXiv:1606.03107 [hep-ph].               *
  *                                                                                     *
  ***************************************************************************************
  
   
   Command line: /work-zfs/lhc/heshy/JHUGen/xsecs/JHUGen_interference/JHUGenerator/xsecs/../JHUGen Unweighted=0 VegasNc0=99999999 VegasNc1=99999999 VegasNc2=99999999 LHAPDF=NNPDF31_lo_as_0130/NNPDF31_lo_as_0130.info DataFile=workdir/VBF_a3L1Zg_NNPDF31_lo_as_0130 MPhotonCutoff=0 Process=60 deltaRcut=0 pTjetcut=1d-10 ghz1=0,0 ghz4=0.297979018705,0 ghzgs1_prime2=-4091.05145669,0
   
   Input Parameter:
    Collider: P-P, sqrt(s)=13000.00
    Resonance: spin=0, mass= 125.00 width=   0.00407
    Z boson: mass=91.188, width=2.4952
    W boson: mass=80.399, width=2.0850
    Jet cuts:
            pT >=     0.00 GeV
        DeltaR >=     0.00
           mJJ >=     0.00 GeV
    Random seed:   870703503
    To reproduce results using this seed, JHUGen should be compiled with the same compiler:
      GNU Fortran (GCC) 6.3.0
    
    WidthScheme:   2
    LHAPDF set NNPDF31_lo_as_0130/NNPDF31_lo_as_0130.info, member=  0
    Unweighted: F
    Intermediate off-shell photons: T
    
    spin-0-VV couplings: 
      generate_as=F
      ghg2=  0.10000000E+01  0.00000000E+00i
      ghz4=  0.29797902E+00  0.00000000E+00i
      ghzgs1_prime2= -0.40910515E+04  0.00000000E+00i,  Lambda_zgs1=  1.0000E+04
      Lambda=  1000.0
    
    LHE output: workdir/VBF_a3L1Zg_NNPDF31_lo_as_0130.lhe
    Histogram output: workdir/VBF_a3L1Zg_NNPDF31_lo_as_0130.dat
    Log file: workdir/VBF_a3L1Zg_NNPDF31_lo_as_0130.log
    
  Running

  Input parameters for vegas:  ndim=  9   ncall= 99999999.
                              it=    0    itmx=   15
                              acc=-1.00    
                              mds=  0     nd= 250
                              (xl,xu)= (  0.00000     ,  1.00000     )
                                       (  0.00000     ,  1.00000     )
                                       (  0.00000     ,  1.00000     )
                                       (  0.00000     ,  1.00000     )
                                       (  0.00000     ,  1.00000     )
                                       (  0.00000     ,  1.00000     )
                                       (  0.00000     ,  1.00000     )
                                       (  0.00000     ,  1.00000     )
                                       (  0.00000     ,  1.00000     )

#********** Integration by Vegas (iteration       1) ************
#                                                               *
#  integral  =  1282.7250       accum. integral =  1282.7250    *
#  std. dev. =  39.014837       accum. std. dev =  39.014837    *
#   min/max. wt. =   0.280693E-47         20.4568               *
#                                                               *
#*************   chi**2/iteration =  0.000       ****************


#********** Integration by Vegas (iteration       2) ************
#                                                               *
#  integral  =  2062.7010       accum. integral =  1310.6953    *
#  std. dev. =  325.30832       accum. std. dev =  51.295773    *
#   min/max. wt. =   0.308640E-47         322.489               *
#                                                               *
#*************   chi**2/iteration =  7.986       ****************


#********** Integration by Vegas (iteration       3) ************
#                                                               *
#  integral  =  1818.0676       accum. integral =  1797.9179    *
#  std. dev. =  11.041964       accum. std. dev =  10.425562    *
#   min/max. wt. =   0.471701E-43         8.07250               *
#                                                               *
#*************   chi**2/iteration =  48.98       ****************


#********** Integration by Vegas (iteration       4) ************
#                                                               *
#  integral  =  1805.7832       accum. integral =  1805.4952    *
#  std. dev. =  2.0951318       accum. std. dev =  2.0104161    *
#   min/max. wt. =  -0.594194E-10        0.218860               *
#                                                               *
#*************   chi**2/iteration =  32.33       ****************


#********** Integration by Vegas (iteration       5) ************
#                                                               *
#  integral  =  1808.3772       accum. integral =  1807.7584    *
#  std. dev. =  1.0769143       accum. std. dev = 0.93620243    *
#   min/max. wt. =   0.157555E-52        0.609930E-01           *
#                                                               *
#*************   chi**2/iteration =  24.42       ****************


#********** Integration by Vegas (iteration       6) ************
#                                                               *
#  integral  =  1806.5335       accum. integral =  1807.0837    *
#  std. dev. = 0.86092641       accum. std. dev = 0.62939148    *
#   min/max. wt. =  -0.157337E-10        0.379340E-01           *
#                                                               *
#*************   chi**2/iteration =  19.60       ****************


#********** Integration by Vegas (iteration       7) ************
#                                                               *
#  integral  =  1807.1315       accum. integral =  1807.1023    *
#  std. dev. = 0.80181080       accum. std. dev = 0.49325561    *
#   min/max. wt. =   0.284030E-47        0.313223E-01           *
#                                                               *
#*************   chi**2/iteration =  16.26       ****************


#********** Integration by Vegas (iteration       8) ************
#                                                               *
#  integral  =  1807.1037       accum. integral =  1807.1027    *
#  std. dev. = 0.78133489       accum. std. dev = 0.41621145    *
#   min/max. wt. =  -0.947302E-25        0.298265E-01           *
#                                                               *
#*************   chi**2/iteration =  13.89       ****************


#********** Integration by Vegas (iteration       9) ************
#                                                               *
#  integral  =  1807.1361       accum. integral =  1807.1103    *
#  std. dev. = 0.77421823       accum. std. dev = 0.36611508    *
#   min/max. wt. =  -0.279300E-06        0.273077E-01           *
#                                                               *
#*************   chi**2/iteration =  12.13       ****************


#********** Integration by Vegas (iteration      10) ************
#                                                               *
#  integral  =  1807.1916       accum. integral =  1807.1255    *
#  std. dev. = 0.77259614       accum. std. dev = 0.33056282    *
#   min/max. wt. =   0.263107E-55        0.291385E-01           *
#                                                               *
#*************   chi**2/iteration =  10.76       ****************


#********** Integration by Vegas (iteration      11) ************
#                                                               *
#  integral  =  1808.7333       accum. integral =  1807.3803    *
#  std. dev. = 0.76945836       accum. std. dev = 0.30352161    *
#   min/max. wt. =   0.314850E-57        0.287551E-01           *
#                                                               *
#*************   chi**2/iteration =  10.04       ****************


#********** Integration by Vegas (iteration      12) ************
#                                                               *
#  integral  =  1807.4221       accum. integral =  1807.3860    *
#  std. dev. = 0.76951322       accum. std. dev = 0.28222879    *
#   min/max. wt. =   0.102740E-51        0.431933E-01           *
#                                                               *
#*************   chi**2/iteration =  9.113       ****************


#********** Integration by Vegas (iteration      13) ************
#                                                               *
#  integral  =  1808.0254       accum. integral =  1807.4626    *
#  std. dev. = 0.77137020       accum. std. dev = 0.26495700    *
#   min/max. wt. =  -0.876813E-18        0.294439E-01           *
#                                                               *
#*************   chi**2/iteration =  8.394       ****************


#********** Integration by Vegas (iteration      14) ************
#                                                               *
#  integral  =  1806.3011       accum. integral =  1807.3379    *
#  std. dev. = 0.76897437       accum. std. dev = 0.25044743    *
#   min/max. wt. =   0.621703E-59        0.225377E-01           *
#                                                               *
#*************   chi**2/iteration =  7.900       ****************


#********** Integration by Vegas (iteration      15) ************
#                                                               *
#  integral  =  1806.7422       accum. integral =  1807.2802    *
#  std. dev. = 0.76955557       accum. std. dev = 0.23810941    *
#   min/max. wt. =   0.254794E-55        0.324903E-01           *
#                                                               *
#*************   chi**2/iteration =  7.369       ****************

 ****************************************************
 * Writing out vegas grid to workdir/VBF_a3L1Zg_NNPDF31_lo_as_0130.grid                              
 ****************************************************

  Input parameters for vegas:  ndim=  9   ncall= 99999999.
                              it=    0    itmx=    2
                              acc=-1.00    
                              mds=  0     nd= 250
                              (xl,xu)= (  0.00000     ,  1.00000     )
                                       (  0.00000     ,  1.00000     )
                                       (  0.00000     ,  1.00000     )
                                       (  0.00000     ,  1.00000     )
                                       (  0.00000     ,  1.00000     )
                                       (  0.00000     ,  1.00000     )
                                       (  0.00000     ,  1.00000     )
                                       (  0.00000     ,  1.00000     )
                                       (  0.00000     ,  1.00000     )

#********** Integration by Vegas (iteration       1) ************
#                                                               *
#  integral  =  1806.2787       accum. integral =  1806.2787    *
#  std. dev. = 0.77229352       accum. std. dev = 0.77229352    *
#   min/max. wt. =  -0.652967E-16        0.618310E-01           *
#                                                               *
#*************   chi**2/iteration =  0.000       ****************


#********** Integration by Vegas (iteration       2) ************
#                                                               *
#  integral  =  1806.6114       accum. integral =  1806.4448    *
#  std. dev. = 0.77340324       accum. std. dev = 0.54648598    *
#   min/max. wt. =   0.218401E-49        0.430538E-01           *
#                                                               *
#*************   chi**2/iteration = 0.9261E-01   ****************

Thanks for using LHAPDF 6.2.1. Please make sure to cite the paper:
  Eur.Phys.J. C75 (2015) 3, 132  (http://arxiv.org/abs/1412.7420)
 Done
