SLURM job running in:  /work-zfs/lhc/heshy/JHUGen/xsecs/JHUGen_interference/JHUGenerator/xsecs
LHAPDF 6.2.1 loading /work-zfs/lhc/cms9/slc6_amd64_gcc630/external/lhapdf/6.2.1-omkpbe3/share/LHAPDF/NNPDF31_lo_as_0130/NNPDF31_lo_as_0130_0000.dat
NNPDF31_lo_as_0130 PDF set, member #0, version 1; LHAPDF ID = 315200
 
  
  ***************************************************************************************
  *                                JHU Generator v7.1.5                                 *
  ***************************************************************************************
  *                                                                                     *
  *   Spin and parity determination of single-produced resonances at hadron colliders   *
  *                                                                                     *
  *              I. Anderson, S. Bolognesi, F. Caola, Y. Gao, A. Gritsan,               *
  *          Z. Guo, C. Martin, K. Melnikov, R. Rontsch, H. Roskes, U. Sarica,          *
  *                 M. Schulze, N. Tran, A. Whitbeck, M. Xiao, Y. Zhou                  *
  *              Phys.Rev. D81 (2010) 075022;  arXiv:1001.3396  [hep-ph],               *
  *              Phys.Rev. D86 (2012) 095031;  arXiv:1208.4018  [hep-ph],               *
  *              Phys.Rev. D89 (2014) 035007;  arXiv:1309.4819  [hep-ph],               *
  *              Phys.Rev. D94 (2016) 055023;  arXiv:1606.03107 [hep-ph].               *
  *                                                                                     *
  ***************************************************************************************
  
   
   Command line: /work-zfs/lhc/heshy/JHUGen/xsecs/JHUGen_interference/JHUGenerator/xsecs/../JHUGen Unweighted=0 VegasNc0=99999999 VegasNc1=99999999 VegasNc2=99999999 LHAPDF=NNPDF31_lo_as_0130/NNPDF31_lo_as_0130.info DataFile=workdir/VBF_L1_NNPDF31_lo_as_0130 MPhotonCutoff=0 Process=60 deltaRcut=0 pTjetcut=0 ghz1=0,0 ghz1_prime2=1,0
   
   Input Parameter:
    Collider: P-P, sqrt(s)=13000.00
    Resonance: spin=0, mass= 125.00 width=   0.00407
    Z boson: mass=91.188, width=2.4952
    W boson: mass=80.399, width=2.0850
    Jet cuts:
            pT >=     0.00 GeV
        DeltaR >=     0.00
           mJJ >=     0.00 GeV
    Random seed:   649466448
    To reproduce results using this seed, JHUGen should be compiled with the same compiler:
      GNU Fortran (GCC) 6.3.0
    
    WidthScheme:   2
    LHAPDF set NNPDF31_lo_as_0130/NNPDF31_lo_as_0130.info, member=  0
    Unweighted: F
    Intermediate off-shell photons: F
    
    spin-0-VV couplings: 
      generate_as=F
      ghg2=  0.10000000E+01  0.00000000E+00i
      ghz1_prime2=  0.10000000E+01  0.00000000E+00i,    Lambda_z1=  1.0000E+04
      Lambda=  1000.0
    
    LHE output: workdir/VBF_L1_NNPDF31_lo_as_0130.lhe
    Histogram output: workdir/VBF_L1_NNPDF31_lo_as_0130.dat
    Log file: workdir/VBF_L1_NNPDF31_lo_as_0130.log
    
  Running

  Input parameters for vegas:  ndim=  9   ncall= 99999999.
                              it=    0    itmx=   15
                              acc=-1.00    
                              mds=  0     nd= 250
                              (xl,xu)= (  0.00000     ,  1.00000     )
                                       (  0.00000     ,  1.00000     )
                                       (  0.00000     ,  1.00000     )
                                       (  0.00000     ,  1.00000     )
                                       (  0.00000     ,  1.00000     )
                                       (  0.00000     ,  1.00000     )
                                       (  0.00000     ,  1.00000     )
                                       (  0.00000     ,  1.00000     )
                                       (  0.00000     ,  1.00000     )

#********** Integration by Vegas (iteration       1) ************
#                                                               *
#  integral  = 0.13909263E-03   accum. integral = 0.13909263E-03*
#  std. dev. = 0.89953366E-05   accum. std. dev = 0.89953366E-05*
#   min/max. wt. =   0.172927E-53        0.533036E-05           *
#                                                               *
#*************   chi**2/iteration =  0.000       ****************


#********** Integration by Vegas (iteration       2) ************
#                                                               *
#  integral  = 0.19633432E-03   accum. integral = 0.16818933E-03*
#  std. dev. = 0.12487864E-04   accum. std. dev = 0.77154116E-05*
#   min/max. wt. =   0.100097E-51        0.851038E-05           *
#                                                               *
#*************   chi**2/iteration =  13.74       ****************


#********** Integration by Vegas (iteration       3) ************
#                                                               *
#  integral  = 0.20070828E-03   accum. integral = 0.19889290E-03*
#  std. dev. = 0.22131585E-05   accum. std. dev = 0.19382923E-05*
#   min/max. wt. =  -0.246469E-25        0.167182E-05           *
#                                                               *
#*************   chi**2/iteration =  13.50       ****************


#********** Integration by Vegas (iteration       4) ************
#                                                               *
#  integral  = 0.20024844E-03   accum. integral = 0.20022073E-03*
#  std. dev. = 0.30995889E-06   accum. std. dev = 0.28483606E-06*
#   min/max. wt. =  -0.709151E-19        0.419794E-07           *
#                                                               *
#*************   chi**2/iteration =  8.670       ****************


#********** Integration by Vegas (iteration       5) ************
#                                                               *
#  integral  = 0.20009188E-03   accum. integral = 0.20011268E-03*
#  std. dev. = 0.13451214E-06   accum. std. dev = 0.11625179E-06*
#   min/max. wt. =  -0.136103E-12        0.101677E-07           *
#                                                               *
#*************   chi**2/iteration =  6.345       ****************


#********** Integration by Vegas (iteration       6) ************
#                                                               *
#  integral  = 0.20024274E-03   accum. integral = 0.20019070E-03*
#  std. dev. = 0.10066774E-06   accum. std. dev = 0.74290967E-07*
#   min/max. wt. =   0.272835E-63        0.287233E-08           *
#                                                               *
#*************   chi**2/iteration =  5.120       ****************


#********** Integration by Vegas (iteration       7) ************
#                                                               *
#  integral  = 0.20021652E-03   accum. integral = 0.20020161E-03*
#  std. dev. = 0.91176175E-07   accum. std. dev = 0.56870978E-07*
#   min/max. wt. =   0.168126E-59        0.215305E-08           *
#                                                               *
#*************   chi**2/iteration =  4.215       ****************


#********** Integration by Vegas (iteration       8) ************
#                                                               *
#  integral  = 0.20008528E-03   accum. integral = 0.20016559E-03*
#  std. dev. = 0.88419644E-07   accum. std. dev = 0.47501085E-07*
#   min/max. wt. =  -0.333602E-51        0.274837E-08           *
#                                                               *
#*************   chi**2/iteration =  3.758       ****************


#********** Integration by Vegas (iteration       9) ************
#                                                               *
#  integral  = 0.20025585E-03   accum. integral = 0.20018731E-03*
#  std. dev. = 0.87466718E-07   accum. std. dev = 0.41563555E-07*
#   min/max. wt. =   0.206116E-57        0.409725E-08           *
#                                                               *
#*************   chi**2/iteration =  3.369       ****************


#********** Integration by Vegas (iteration      10) ************
#                                                               *
#  integral  = 0.20033295E-03   accum. integral = 0.20021570E-03*
#  std. dev. = 0.87234853E-07   accum. std. dev = 0.37417096E-07*
#   min/max. wt. =   0.130151E-61        0.222004E-08           *
#                                                               *
#*************   chi**2/iteration =  3.239       ****************


#********** Integration by Vegas (iteration      11) ************
#                                                               *
#  integral  = 0.20013578E-03   accum. integral = 0.20020260E-03*
#  std. dev. = 0.86897818E-07   accum. std. dev = 0.34302417E-07*
#   min/max. wt. =  -0.315375E-61        0.352748E-08           *
#                                                               *
#*************   chi**2/iteration =  2.974       ****************


#********** Integration by Vegas (iteration      12) ************
#                                                               *
#  integral  = 0.20026363E-03   accum. integral = 0.20021120E-03*
#  std. dev. = 0.86937702E-07   accum. std. dev = 0.31865028E-07*
#   min/max. wt. =  -0.517123E-49        0.471185E-08           *
#                                                               *
#*************   chi**2/iteration =  2.732       ****************


#********** Integration by Vegas (iteration      13) ************
#                                                               *
#  integral  = 0.20018662E-03   accum. integral = 0.20020817E-03*
#  std. dev. = 0.87032350E-07   accum. std. dev = 0.29893108E-07*
#   min/max. wt. =  -0.115746E-27        0.622669E-08           *
#                                                               *
#*************   chi**2/iteration =  2.502       ****************


#********** Integration by Vegas (iteration      14) ************
#                                                               *
#  integral  = 0.20021789E-03   accum. integral = 0.20020924E-03*
#  std. dev. = 0.86907842E-07   accum. std. dev = 0.28246207E-07*
#   min/max. wt. =  -0.806886E-16        0.283211E-08           *
#                                                               *
#*************   chi**2/iteration =  2.303       ****************


#********** Integration by Vegas (iteration      15) ************
#                                                               *
#  integral  = 0.20012383E-03   accum. integral = 0.20020075E-03*
#  std. dev. = 0.86716388E-07   accum. std. dev = 0.26841640E-07*
#   min/max. wt. =   0.143218E-60        0.251111E-08           *
#                                                               *
#*************   chi**2/iteration =  2.197       ****************

 ****************************************************
 * Writing out vegas grid to workdir/VBF_L1_NNPDF31_lo_as_0130.grid                                  
 ****************************************************

  Input parameters for vegas:  ndim=  9   ncall= 99999999.
                              it=    0    itmx=    2
                              acc=-1.00    
                              mds=  0     nd= 250
                              (xl,xu)= (  0.00000     ,  1.00000     )
                                       (  0.00000     ,  1.00000     )
                                       (  0.00000     ,  1.00000     )
                                       (  0.00000     ,  1.00000     )
                                       (  0.00000     ,  1.00000     )
                                       (  0.00000     ,  1.00000     )
                                       (  0.00000     ,  1.00000     )
                                       (  0.00000     ,  1.00000     )
                                       (  0.00000     ,  1.00000     )

#********** Integration by Vegas (iteration       1) ************
#                                                               *
#  integral  = 0.20024726E-03   accum. integral = 0.20024726E-03*
#  std. dev. = 0.86997220E-07   accum. std. dev = 0.86997220E-07*
#   min/max. wt. =  -0.184355E-21        0.273667E-08           *
#                                                               *
#*************   chi**2/iteration =  0.000       ****************


#********** Integration by Vegas (iteration       2) ************
#                                                               *
#  integral  = 0.20002404E-03   accum. integral = 0.20013560E-03*
#  std. dev. = 0.86860353E-07   accum. std. dev = 0.61467931E-07*
#   min/max. wt. =  -0.289640E-58        0.238304E-08           *
#                                                               *
#*************   chi**2/iteration =  3.294       ****************

Thanks for using LHAPDF 6.2.1. Please make sure to cite the paper:
  Eur.Phys.J. C75 (2015) 3, 132  (http://arxiv.org/abs/1412.7420)
 Done
