SLURM job running in:  /work-zfs/lhc/heshy/JHUGen/xsecs/JHUGen_interference/JHUGenerator/xsecs
LHAPDF 6.2.1 loading /work-zfs/lhc/cms9/slc6_amd64_gcc630/external/lhapdf/6.2.1-omkpbe3/share/LHAPDF/NNPDF31_lo_as_0130/NNPDF31_lo_as_0130_0000.dat
NNPDF31_lo_as_0130 PDF set, member #0, version 1; LHAPDF ID = 315200
 
  
  ***************************************************************************************
  *                                JHU Generator v7.1.5                                 *
  ***************************************************************************************
  *                                                                                     *
  *   Spin and parity determination of single-produced resonances at hadron colliders   *
  *                                                                                     *
  *              I. Anderson, S. Bolognesi, F. Caola, Y. Gao, A. Gritsan,               *
  *          Z. Guo, C. Martin, K. Melnikov, R. Rontsch, H. Roskes, U. Sarica,          *
  *                 M. Schulze, N. Tran, A. Whitbeck, M. Xiao, Y. Zhou                  *
  *              Phys.Rev. D81 (2010) 075022;  arXiv:1001.3396  [hep-ph],               *
  *              Phys.Rev. D86 (2012) 095031;  arXiv:1208.4018  [hep-ph],               *
  *              Phys.Rev. D89 (2014) 035007;  arXiv:1309.4819  [hep-ph],               *
  *              Phys.Rev. D94 (2016) 055023;  arXiv:1606.03107 [hep-ph].               *
  *                                                                                     *
  ***************************************************************************************
  
   
   Command line: /work-zfs/lhc/heshy/JHUGen/xsecs/JHUGen_interference/JHUGenerator/xsecs/../JHUGen Unweighted=0 VegasNc0=99999999 VegasNc1=99999999 VegasNc2=99999999 LHAPDF=NNPDF31_lo_as_0130/NNPDF31_lo_as_0130.info DataFile=workdir/WH_a1_NNPDF31_lo_as_0130_10 MPhotonCutoff=0 Process=50 DecayMode1=11 ghz1=1,0
   
   Input Parameter:
    Collider: P-P, sqrt(s)=13000.00
    Resonance: spin=0, mass= 125.00 width=   0.00407
    DecayMode1:11
    W boson: mass=80.399, width=2.0850
    Jet cuts:
            pT >=     0.00 GeV
        DeltaR >=     0.00
           mJJ >=     0.00 GeV
    Random seed:   577929598
    To reproduce results using this seed, JHUGen should be compiled with the same compiler:
      GNU Fortran (GCC) 6.3.0
    
    WidthScheme:   2
    LHAPDF set NNPDF31_lo_as_0130/NNPDF31_lo_as_0130.info, member=  0
    Unweighted: F
    
    spin-0-VV couplings: 
      generate_as=F
      ghg2=  0.10000000E+01  0.00000000E+00i
      ghz1=  0.10000000E+01  0.00000000E+00i
      Lambda=  1000.0
    
    LHE output: workdir/WH_a1_NNPDF31_lo_as_0130_10.lhe
    Histogram output: workdir/WH_a1_NNPDF31_lo_as_0130_10.dat
    Log file: workdir/WH_a1_NNPDF31_lo_as_0130_10.log
    
  Running

  Input parameters for vegas:  ndim= 19   ncall= 99999999.
                              it=    0    itmx=    5
                              acc=-1.00    
                              mds=  0     nd= 250
                              (xl,xu)= (  0.00000     ,  1.00000     )
                                       (  0.00000     ,  1.00000     )
                                       (  0.00000     ,  1.00000     )
                                       (  0.00000     ,  1.00000     )
                                       (  0.00000     ,  1.00000     )
                                       (  0.00000     ,  1.00000     )
                                       (  0.00000     ,  1.00000     )
                                       (  0.00000     ,  1.00000     )
                                       (  0.00000     ,  1.00000     )
                                       (  0.00000     ,  1.00000     )
                                       (  0.00000     ,  1.00000     )
                                       (  0.00000     ,  1.00000     )
                                       (  0.00000     ,  1.00000     )
                                       (  0.00000     ,  1.00000     )
                                       (  0.00000     ,  1.00000     )
                                       (  0.00000     ,  1.00000     )
                                       (  0.00000     ,  1.00000     )
                                       (  0.00000     ,  1.00000     )
                                       (  0.00000     ,  1.00000     )

#********** Integration by Vegas (iteration       1) ************
#                                                               *
#  integral  =  15367231.       accum. integral =  15367231.    *
#  std. dev. =  5574.4509       accum. std. dev =  5574.4509    *
#   min/max. wt. =   0.998910E-31         7.86820               *
#                                                               *
#*************   chi**2/iteration = -.1006E-05   ****************


#********** Integration by Vegas (iteration       2) ************
#                                                               *
#  integral  =  15366831.       accum. integral =  15366909.    *
#  std. dev. =  2742.5274       accum. std. dev =  2460.8526    *
#   min/max. wt. =   0.478733E-26         3.33271               *
#                                                               *
#*************   chi**2/iteration = 0.4140E-02   ****************


#********** Integration by Vegas (iteration       3) ************
#                                                               *
#  integral  =  15364296.       accum. integral =  15365497.    *
#  std. dev. =  2269.0594       accum. std. dev =  1668.2175    *
#   min/max. wt. =   0.470684E-22         4.95216               *
#                                                               *
#*************   chi**2/iteration = 0.3065       ****************


#********** Integration by Vegas (iteration       4) ************
#                                                               *
#  integral  =  15364298.       accum. integral =  15365048.    *
#  std. dev. =  2156.9541       accum. std. dev =  1319.6166    *
#   min/max. wt. =   0.412860E-22         6.89573               *
#                                                               *
#*************   chi**2/iteration = 0.2688       ****************


#********** Integration by Vegas (iteration       5) ************
#                                                               *
#  integral  =  15365236.       accum. integral =  15365100.    *
#  std. dev. =  2131.9151       accum. std. dev =  1122.0595    *
#   min/max. wt. =   0.957319E-25         9.40173               *
#                                                               *
#*************   chi**2/iteration = 0.2030       ****************


  Input parameters for vegas:  ndim= 19   ncall= 99999999.
                              it=    0    itmx=    1
                              acc=-1.00    
                              mds=  0     nd= 250
                              (xl,xu)= (  0.00000     ,  1.00000     )
                                       (  0.00000     ,  1.00000     )
                                       (  0.00000     ,  1.00000     )
                                       (  0.00000     ,  1.00000     )
                                       (  0.00000     ,  1.00000     )
                                       (  0.00000     ,  1.00000     )
                                       (  0.00000     ,  1.00000     )
                                       (  0.00000     ,  1.00000     )
                                       (  0.00000     ,  1.00000     )
                                       (  0.00000     ,  1.00000     )
                                       (  0.00000     ,  1.00000     )
                                       (  0.00000     ,  1.00000     )
                                       (  0.00000     ,  1.00000     )
                                       (  0.00000     ,  1.00000     )
                                       (  0.00000     ,  1.00000     )
                                       (  0.00000     ,  1.00000     )
                                       (  0.00000     ,  1.00000     )
                                       (  0.00000     ,  1.00000     )
                                       (  0.00000     ,  1.00000     )

#********** Integration by Vegas (iteration       1) ************
#                                                               *
#  integral  =  15367992.       accum. integral =  15367992.    *
#  std. dev. =  2129.7382       accum. std. dev =  2129.7382    *
#   min/max. wt. =   0.124031E-21         8.83650               *
#                                                               *
#*************   chi**2/iteration = -.1378E-04   ****************

Thanks for using LHAPDF 6.2.1. Please make sure to cite the paper:
  Eur.Phys.J. C75 (2015) 3, 132  (http://arxiv.org/abs/1412.7420)
 Done
