SLURM job running in:  /work-zfs/lhc/heshy/JHUGen/xsecs/JHUGen_interference/JHUGenerator/xsecs
LHAPDF 6.2.1 loading /work-zfs/lhc/cms9/slc6_amd64_gcc630/external/lhapdf/6.2.1-omkpbe3/share/LHAPDF/NNPDF31_lo_as_0130/NNPDF31_lo_as_0130_0000.dat
NNPDF31_lo_as_0130 PDF set, member #0, version 1; LHAPDF ID = 315200
 
  
  ***************************************************************************************
  *                                JHU Generator v7.1.5                                 *
  ***************************************************************************************
  *                                                                                     *
  *   Spin and parity determination of single-produced resonances at hadron colliders   *
  *                                                                                     *
  *              I. Anderson, S. Bolognesi, F. Caola, Y. Gao, A. Gritsan,               *
  *          Z. Guo, C. Martin, K. Melnikov, R. Rontsch, H. Roskes, U. Sarica,          *
  *                 M. Schulze, N. Tran, A. Whitbeck, M. Xiao, Y. Zhou                  *
  *              Phys.Rev. D81 (2010) 075022;  arXiv:1001.3396  [hep-ph],               *
  *              Phys.Rev. D86 (2012) 095031;  arXiv:1208.4018  [hep-ph],               *
  *              Phys.Rev. D89 (2014) 035007;  arXiv:1309.4819  [hep-ph],               *
  *              Phys.Rev. D94 (2016) 055023;  arXiv:1606.03107 [hep-ph].               *
  *                                                                                     *
  ***************************************************************************************
  
   
   Command line: /work-zfs/lhc/heshy/JHUGen/xsecs/JHUGen_interference/JHUGenerator/xsecs/../JHUGen Unweighted=0 VegasNc0=99999999 VegasNc1=99999999 VegasNc2=99999999 LHAPDF=NNPDF31_lo_as_0130/NNPDF31_lo_as_0130.info DataFile=workdir/WH_a3L1_NNPDF31_lo_as_0130_21 MPhotonCutoff=0 Process=50 DecayMode1=11 ghz1=0,0 ghz4=0.1236136,0 ghz1_prime2=-525.274,0
   
   Input Parameter:
    Collider: P-P, sqrt(s)=13000.00
    Resonance: spin=0, mass= 125.00 width=   0.00407
    DecayMode1:11
    W boson: mass=80.399, width=2.0850
    Jet cuts:
            pT >=     0.00 GeV
        DeltaR >=     0.00
           mJJ >=     0.00 GeV
    Random seed:   584803414
    To reproduce results using this seed, JHUGen should be compiled with the same compiler:
      GNU Fortran (GCC) 6.3.0
    
    WidthScheme:   2
    LHAPDF set NNPDF31_lo_as_0130/NNPDF31_lo_as_0130.info, member=  0
    Unweighted: F
    
    spin-0-VV couplings: 
      generate_as=F
      ghg2=  0.10000000E+01  0.00000000E+00i
      ghz4=  0.12361360E+00  0.00000000E+00i
      ghz1_prime2= -0.52527400E+03  0.00000000E+00i,    Lambda_z1=  1.0000E+04
      Lambda=  1000.0
    
    LHE output: workdir/WH_a3L1_NNPDF31_lo_as_0130_21.lhe
    Histogram output: workdir/WH_a3L1_NNPDF31_lo_as_0130_21.dat
    Log file: workdir/WH_a3L1_NNPDF31_lo_as_0130_21.log
    
  Running

  Input parameters for vegas:  ndim= 19   ncall= 99999999.
                              it=    0    itmx=    5
                              acc=-1.00    
                              mds=  0     nd= 250
                              (xl,xu)= (  0.00000     ,  1.00000     )
                                       (  0.00000     ,  1.00000     )
                                       (  0.00000     ,  1.00000     )
                                       (  0.00000     ,  1.00000     )
                                       (  0.00000     ,  1.00000     )
                                       (  0.00000     ,  1.00000     )
                                       (  0.00000     ,  1.00000     )
                                       (  0.00000     ,  1.00000     )
                                       (  0.00000     ,  1.00000     )
                                       (  0.00000     ,  1.00000     )
                                       (  0.00000     ,  1.00000     )
                                       (  0.00000     ,  1.00000     )
                                       (  0.00000     ,  1.00000     )
                                       (  0.00000     ,  1.00000     )
                                       (  0.00000     ,  1.00000     )
                                       (  0.00000     ,  1.00000     )
                                       (  0.00000     ,  1.00000     )
                                       (  0.00000     ,  1.00000     )
                                       (  0.00000     ,  1.00000     )

#********** Integration by Vegas (iteration       1) ************
#                                                               *
#  integral  =  31787957.       accum. integral =  31787957.    *
#  std. dev. =  11272.003       accum. std. dev =  11272.003    *
#   min/max. wt. =   0.990976E-26         195.476               *
#                                                               *
#*************   chi**2/iteration =  0.000       ****************


#********** Integration by Vegas (iteration       2) ************
#                                                               *
#  integral  =  31777727.       accum. integral =  31779923.    *
#  std. dev. =  5891.3642       accum. std. dev =  5221.7124    *
#   min/max. wt. =   0.336811E-21         40.6288               *
#                                                               *
#*************   chi**2/iteration = 0.6464       ****************


#********** Integration by Vegas (iteration       3) ************
#                                                               *
#  integral  =  31770810.       accum. integral =  31775190.    *
#  std. dev. =  5021.1573       accum. std. dev =  3619.5745    *
#   min/max. wt. =   0.101151E-19         19.6020               *
#                                                               *
#*************   chi**2/iteration =  1.114       ****************


#********** Integration by Vegas (iteration       4) ************
#                                                               *
#  integral  =  31777701.       accum. integral =  31776093.    *
#  std. dev. =  4828.5649       accum. std. dev =  2896.2032    *
#   min/max. wt. =   0.138389E-20         21.5165               *
#                                                               *
#*************   chi**2/iteration = 0.8007       ****************


#********** Integration by Vegas (iteration       5) ************
#                                                               *
#  integral  =  31774981.       accum. integral =  31775796.    *
#  std. dev. =  4790.9546       accum. std. dev =  2478.5421    *
#   min/max. wt. =   0.125866E-18         17.0773               *
#                                                               *
#*************   chi**2/iteration = 0.6104       ****************


  Input parameters for vegas:  ndim= 19   ncall= 99999999.
                              it=    0    itmx=    1
                              acc=-1.00    
                              mds=  0     nd= 250
                              (xl,xu)= (  0.00000     ,  1.00000     )
                                       (  0.00000     ,  1.00000     )
                                       (  0.00000     ,  1.00000     )
                                       (  0.00000     ,  1.00000     )
                                       (  0.00000     ,  1.00000     )
                                       (  0.00000     ,  1.00000     )
                                       (  0.00000     ,  1.00000     )
                                       (  0.00000     ,  1.00000     )
                                       (  0.00000     ,  1.00000     )
                                       (  0.00000     ,  1.00000     )
                                       (  0.00000     ,  1.00000     )
                                       (  0.00000     ,  1.00000     )
                                       (  0.00000     ,  1.00000     )
                                       (  0.00000     ,  1.00000     )
                                       (  0.00000     ,  1.00000     )
                                       (  0.00000     ,  1.00000     )
                                       (  0.00000     ,  1.00000     )
                                       (  0.00000     ,  1.00000     )
                                       (  0.00000     ,  1.00000     )

#********** Integration by Vegas (iteration       1) ************
#                                                               *
#  integral  =  31769007.       accum. integral =  31769007.    *
#  std. dev. =  4789.9093       accum. std. dev =  4789.9093    *
#   min/max. wt. =   0.737802E-21         25.8207               *
#                                                               *
#*************   chi**2/iteration = -.5448E-05   ****************

Thanks for using LHAPDF 6.2.1. Please make sure to cite the paper:
  Eur.Phys.J. C75 (2015) 3, 132  (http://arxiv.org/abs/1412.7420)
 Done
