SLURM job running in:  /work-zfs/lhc/heshy/JHUGen/xsecs/JHUGen_interference/JHUGenerator/xsecs
LHAPDF 6.2.1 loading /work-zfs/lhc/cms9/slc6_amd64_gcc630/external/lhapdf/6.2.1-omkpbe3/share/LHAPDF/NNPDF31_lo_as_0130/NNPDF31_lo_as_0130_0000.dat
NNPDF31_lo_as_0130 PDF set, member #0, version 1; LHAPDF ID = 315200
 
  
  ***************************************************************************************
  *                                JHU Generator v7.1.5                                 *
  ***************************************************************************************
  *                                                                                     *
  *   Spin and parity determination of single-produced resonances at hadron colliders   *
  *                                                                                     *
  *              I. Anderson, S. Bolognesi, F. Caola, Y. Gao, A. Gritsan,               *
  *          Z. Guo, C. Martin, K. Melnikov, R. Rontsch, H. Roskes, U. Sarica,          *
  *                 M. Schulze, N. Tran, A. Whitbeck, M. Xiao, Y. Zhou                  *
  *              Phys.Rev. D81 (2010) 075022;  arXiv:1001.3396  [hep-ph],               *
  *              Phys.Rev. D86 (2012) 095031;  arXiv:1208.4018  [hep-ph],               *
  *              Phys.Rev. D89 (2014) 035007;  arXiv:1309.4819  [hep-ph],               *
  *              Phys.Rev. D94 (2016) 055023;  arXiv:1606.03107 [hep-ph].               *
  *                                                                                     *
  ***************************************************************************************
  
   
   Command line: /work-zfs/lhc/heshy/JHUGen/xsecs/JHUGen_interference/JHUGenerator/xsecs/../JHUGen Unweighted=0 VegasNc0=99999999 VegasNc1=99999999 VegasNc2=99999999 LHAPDF=NNPDF31_lo_as_0130/NNPDF31_lo_as_0130.info DataFile=workdir/WH_a1a3_NNPDF31_lo_as_0130_38 MPhotonCutoff=0 Process=50 DecayMode1=11 ghz1=1,0 ghz4=0.1236136,0
   
   Input Parameter:
    Collider: P-P, sqrt(s)=13000.00
    Resonance: spin=0, mass= 125.00 width=   0.00407
    DecayMode1:11
    W boson: mass=80.399, width=2.0850
    Jet cuts:
            pT >=     0.00 GeV
        DeltaR >=     0.00
           mJJ >=     0.00 GeV
    Random seed:   395242639
    To reproduce results using this seed, JHUGen should be compiled with the same compiler:
      GNU Fortran (GCC) 6.3.0
    
    WidthScheme:   2
    LHAPDF set NNPDF31_lo_as_0130/NNPDF31_lo_as_0130.info, member=  0
    Unweighted: F
    
    spin-0-VV couplings: 
      generate_as=F
      ghg2=  0.10000000E+01  0.00000000E+00i
      ghz1=  0.10000000E+01  0.00000000E+00i
      ghz4=  0.12361360E+00  0.00000000E+00i
      Lambda=  1000.0
    
    LHE output: workdir/WH_a1a3_NNPDF31_lo_as_0130_38.lhe
    Histogram output: workdir/WH_a1a3_NNPDF31_lo_as_0130_38.dat
    Log file: workdir/WH_a1a3_NNPDF31_lo_as_0130_38.log
    
  Running

  Input parameters for vegas:  ndim= 19   ncall= 99999999.
                              it=    0    itmx=    5
                              acc=-1.00    
                              mds=  0     nd= 250
                              (xl,xu)= (  0.00000     ,  1.00000     )
                                       (  0.00000     ,  1.00000     )
                                       (  0.00000     ,  1.00000     )
                                       (  0.00000     ,  1.00000     )
                                       (  0.00000     ,  1.00000     )
                                       (  0.00000     ,  1.00000     )
                                       (  0.00000     ,  1.00000     )
                                       (  0.00000     ,  1.00000     )
                                       (  0.00000     ,  1.00000     )
                                       (  0.00000     ,  1.00000     )
                                       (  0.00000     ,  1.00000     )
                                       (  0.00000     ,  1.00000     )
                                       (  0.00000     ,  1.00000     )
                                       (  0.00000     ,  1.00000     )
                                       (  0.00000     ,  1.00000     )
                                       (  0.00000     ,  1.00000     )
                                       (  0.00000     ,  1.00000     )
                                       (  0.00000     ,  1.00000     )
                                       (  0.00000     ,  1.00000     )

#********** Integration by Vegas (iteration       1) ************
#                                                               *
#  integral  =  31004089.       accum. integral =  31004089.    *
#  std. dev. =  9169.4771       accum. std. dev =  9169.4771    *
#   min/max. wt. =   0.174673E-26         219.936               *
#                                                               *
#*************   chi**2/iteration = -.4460E-05   ****************


#********** Integration by Vegas (iteration       2) ************
#                                                               *
#  integral  =  31007208.       accum. integral =  31006407.    *
#  std. dev. =  5390.5772       accum. std. dev =  4646.9251    *
#   min/max. wt. =   0.282321E-21         71.8073               *
#                                                               *
#*************   chi**2/iteration = 0.8589E-01   ****************


#********** Integration by Vegas (iteration       3) ************
#                                                               *
#  integral  =  31011829.       accum. integral =  31009088.    *
#  std. dev. =  4699.0260       accum. std. dev =  3304.0326    *
#   min/max. wt. =   0.382909E-22         63.2829               *
#                                                               *
#*************   chi**2/iteration = 0.3794       ****************


#********** Integration by Vegas (iteration       4) ************
#                                                               *
#  integral  =  31005070.       accum. integral =  31007693.    *
#  std. dev. =  4530.2052       accum. std. dev =  2669.4926    *
#   min/max. wt. =   0.595556E-20         57.9097               *
#                                                               *
#*************   chi**2/iteration = 0.4241       ****************


#********** Integration by Vegas (iteration       5) ************
#                                                               *
#  integral  =  31010138.       accum. integral =  31008331.    *
#  std. dev. =  4492.4450       accum. std. dev =  2294.8901    *
#   min/max. wt. =   0.171145E-20         62.9877               *
#                                                               *
#*************   chi**2/iteration = 0.3728       ****************


  Input parameters for vegas:  ndim= 19   ncall= 99999999.
                              it=    0    itmx=    1
                              acc=-1.00    
                              mds=  0     nd= 250
                              (xl,xu)= (  0.00000     ,  1.00000     )
                                       (  0.00000     ,  1.00000     )
                                       (  0.00000     ,  1.00000     )
                                       (  0.00000     ,  1.00000     )
                                       (  0.00000     ,  1.00000     )
                                       (  0.00000     ,  1.00000     )
                                       (  0.00000     ,  1.00000     )
                                       (  0.00000     ,  1.00000     )
                                       (  0.00000     ,  1.00000     )
                                       (  0.00000     ,  1.00000     )
                                       (  0.00000     ,  1.00000     )
                                       (  0.00000     ,  1.00000     )
                                       (  0.00000     ,  1.00000     )
                                       (  0.00000     ,  1.00000     )
                                       (  0.00000     ,  1.00000     )
                                       (  0.00000     ,  1.00000     )
                                       (  0.00000     ,  1.00000     )
                                       (  0.00000     ,  1.00000     )
                                       (  0.00000     ,  1.00000     )

#********** Integration by Vegas (iteration       1) ************
#                                                               *
#  integral  =  31009216.       accum. integral =  31009216.    *
#  std. dev. =  4490.1113       accum. std. dev =  4490.1113    *
#   min/max. wt. =   0.290831E-21         119.039               *
#                                                               *
#*************   chi**2/iteration =  0.000       ****************

Thanks for using LHAPDF 6.2.1. Please make sure to cite the paper:
  Eur.Phys.J. C75 (2015) 3, 132  (http://arxiv.org/abs/1412.7420)
 Done
