SLURM job running in:  /work-zfs/lhc/heshy/JHUGen/xsecs/JHUGen_interference/JHUGenerator/xsecs
LHAPDF 6.2.1 loading /work-zfs/lhc/cms9/slc6_amd64_gcc630/external/lhapdf/6.2.1-omkpbe3/share/LHAPDF/NNPDF31_lo_as_0130/NNPDF31_lo_as_0130_0000.dat
NNPDF31_lo_as_0130 PDF set, member #0, version 1; LHAPDF ID = 315200
 
  
  ***************************************************************************************
  *                                JHU Generator v7.1.5                                 *
  ***************************************************************************************
  *                                                                                     *
  *   Spin and parity determination of single-produced resonances at hadron colliders   *
  *                                                                                     *
  *              I. Anderson, S. Bolognesi, F. Caola, Y. Gao, A. Gritsan,               *
  *          Z. Guo, C. Martin, K. Melnikov, R. Rontsch, H. Roskes, U. Sarica,          *
  *                 M. Schulze, N. Tran, A. Whitbeck, M. Xiao, Y. Zhou                  *
  *              Phys.Rev. D81 (2010) 075022;  arXiv:1001.3396  [hep-ph],               *
  *              Phys.Rev. D86 (2012) 095031;  arXiv:1208.4018  [hep-ph],               *
  *              Phys.Rev. D89 (2014) 035007;  arXiv:1309.4819  [hep-ph],               *
  *              Phys.Rev. D94 (2016) 055023;  arXiv:1606.03107 [hep-ph].               *
  *                                                                                     *
  ***************************************************************************************
  
   
   Command line: /work-zfs/lhc/heshy/JHUGen/xsecs/JHUGen_interference/JHUGenerator/xsecs/../JHUGen Unweighted=0 VegasNc0=99999999 VegasNc1=99999999 VegasNc2=99999999 LHAPDF=NNPDF31_lo_as_0130/NNPDF31_lo_as_0130.info DataFile=workdir/WH_L1_NNPDF31_lo_as_0130_2 MPhotonCutoff=0 Process=50 DecayMode1=11 ghz1=0,0 ghz1_prime2=1,0
   
   Input Parameter:
    Collider: P-P, sqrt(s)=13000.00
    Resonance: spin=0, mass= 125.00 width=   0.00407
    DecayMode1:11
    W boson: mass=80.399, width=2.0850
    Jet cuts:
            pT >=     0.00 GeV
        DeltaR >=     0.00
           mJJ >=     0.00 GeV
    Random seed:   539881607
    To reproduce results using this seed, JHUGen should be compiled with the same compiler:
      GNU Fortran (GCC) 6.3.0
    
    WidthScheme:   2
    LHAPDF set NNPDF31_lo_as_0130/NNPDF31_lo_as_0130.info, member=  0
    Unweighted: F
    
    spin-0-VV couplings: 
      generate_as=F
      ghg2=  0.10000000E+01  0.00000000E+00i
      ghz1_prime2=  0.10000000E+01  0.00000000E+00i,    Lambda_z1=  1.0000E+04
      Lambda=  1000.0
    
    LHE output: workdir/WH_L1_NNPDF31_lo_as_0130_2.lhe
    Histogram output: workdir/WH_L1_NNPDF31_lo_as_0130_2.dat
    Log file: workdir/WH_L1_NNPDF31_lo_as_0130_2.log
    
  Running

  Input parameters for vegas:  ndim= 19   ncall= 99999999.
                              it=    0    itmx=    5
                              acc=-1.00    
                              mds=  0     nd= 250
                              (xl,xu)= (  0.00000     ,  1.00000     )
                                       (  0.00000     ,  1.00000     )
                                       (  0.00000     ,  1.00000     )
                                       (  0.00000     ,  1.00000     )
                                       (  0.00000     ,  1.00000     )
                                       (  0.00000     ,  1.00000     )
                                       (  0.00000     ,  1.00000     )
                                       (  0.00000     ,  1.00000     )
                                       (  0.00000     ,  1.00000     )
                                       (  0.00000     ,  1.00000     )
                                       (  0.00000     ,  1.00000     )
                                       (  0.00000     ,  1.00000     )
                                       (  0.00000     ,  1.00000     )
                                       (  0.00000     ,  1.00000     )
                                       (  0.00000     ,  1.00000     )
                                       (  0.00000     ,  1.00000     )
                                       (  0.00000     ,  1.00000     )
                                       (  0.00000     ,  1.00000     )
                                       (  0.00000     ,  1.00000     )

#********** Integration by Vegas (iteration       1) ************
#                                                               *
#  integral  =  58.456654       accum. integral =  58.456654    *
#  std. dev. = 0.27172541E-01   accum. std. dev = 0.27172541E-01*
#   min/max. wt. =   0.639767E-29        0.232937E-03           *
#                                                               *
#*************   chi**2/iteration = -.1232E-05   ****************


#********** Integration by Vegas (iteration       2) ************
#                                                               *
#  integral  =  58.450811       accum. integral =  58.451703    *
#  std. dev. = 0.11533397E-01   accum. std. dev = 0.10617009E-01*
#   min/max. wt. =   0.101305E-25        0.603480E-04           *
#                                                               *
#*************   chi**2/iteration = 0.3914E-01   ****************


#********** Integration by Vegas (iteration       3) ************
#                                                               *
#  integral  =  58.464951       accum. integral =  58.459202    *
#  std. dev. = 0.92983085E-02   accum. std. dev = 0.69946265E-02*
#   min/max. wt. =   0.488850E-26        0.451421E-04           *
#                                                               *
#*************   chi**2/iteration = 0.4599       ****************


#********** Integration by Vegas (iteration       4) ************
#                                                               *
#  integral  =  58.467101       accum. integral =  58.462241    *
#  std. dev. = 0.88453822E-02   accum. std. dev = 0.54863902E-02*
#   min/max. wt. =   0.486522E-26        0.407389E-04           *
#                                                               *
#*************   chi**2/iteration = 0.4702       ****************


#********** Integration by Vegas (iteration       5) ************
#                                                               *
#  integral  =  58.443873       accum. integral =  58.457068    *
#  std. dev. = 0.87599770E-02   accum. std. dev = 0.46498310E-02*
#   min/max. wt. =   0.265033E-26        0.430706E-04           *
#                                                               *
#*************   chi**2/iteration =  1.142       ****************


  Input parameters for vegas:  ndim= 19   ncall= 99999999.
                              it=    0    itmx=    1
                              acc=-1.00    
                              mds=  0     nd= 250
                              (xl,xu)= (  0.00000     ,  1.00000     )
                                       (  0.00000     ,  1.00000     )
                                       (  0.00000     ,  1.00000     )
                                       (  0.00000     ,  1.00000     )
                                       (  0.00000     ,  1.00000     )
                                       (  0.00000     ,  1.00000     )
                                       (  0.00000     ,  1.00000     )
                                       (  0.00000     ,  1.00000     )
                                       (  0.00000     ,  1.00000     )
                                       (  0.00000     ,  1.00000     )
                                       (  0.00000     ,  1.00000     )
                                       (  0.00000     ,  1.00000     )
                                       (  0.00000     ,  1.00000     )
                                       (  0.00000     ,  1.00000     )
                                       (  0.00000     ,  1.00000     )
                                       (  0.00000     ,  1.00000     )
                                       (  0.00000     ,  1.00000     )
                                       (  0.00000     ,  1.00000     )
                                       (  0.00000     ,  1.00000     )

#********** Integration by Vegas (iteration       1) ************
#                                                               *
#  integral  =  58.457849       accum. integral =  58.457849    *
#  std. dev. = 0.87576364E-02   accum. std. dev = 0.87576364E-02*
#   min/max. wt. =   0.107858E-23        0.421467E-04           *
#                                                               *
#*************   chi**2/iteration = -.1186E-04   ****************

Thanks for using LHAPDF 6.2.1. Please make sure to cite the paper:
  Eur.Phys.J. C75 (2015) 3, 132  (http://arxiv.org/abs/1412.7420)
 Done
