SLURM job running in:  /work-zfs/lhc/heshy/JHUGen/xsecs/JHUGen_interference/JHUGenerator/xsecs
LHAPDF 6.2.1 loading /work-zfs/lhc/cms9/slc6_amd64_gcc630/external/lhapdf/6.2.1-omkpbe3/share/LHAPDF/NNPDF31_lo_as_0130/NNPDF31_lo_as_0130_0000.dat
NNPDF31_lo_as_0130 PDF set, member #0, version 1; LHAPDF ID = 315200
 
  
  ***************************************************************************************
  *                                JHU Generator v7.1.5                                 *
  ***************************************************************************************
  *                                                                                     *
  *   Spin and parity determination of single-produced resonances at hadron colliders   *
  *                                                                                     *
  *              I. Anderson, S. Bolognesi, F. Caola, Y. Gao, A. Gritsan,               *
  *          Z. Guo, C. Martin, K. Melnikov, R. Rontsch, H. Roskes, U. Sarica,          *
  *                 M. Schulze, N. Tran, A. Whitbeck, M. Xiao, Y. Zhou                  *
  *              Phys.Rev. D81 (2010) 075022;  arXiv:1001.3396  [hep-ph],               *
  *              Phys.Rev. D86 (2012) 095031;  arXiv:1208.4018  [hep-ph],               *
  *              Phys.Rev. D89 (2014) 035007;  arXiv:1309.4819  [hep-ph],               *
  *              Phys.Rev. D94 (2016) 055023;  arXiv:1606.03107 [hep-ph].               *
  *                                                                                     *
  ***************************************************************************************
  
   
   Command line: /work-zfs/lhc/heshy/JHUGen/xsecs/JHUGen_interference/JHUGenerator/xsecs/../JHUGen Unweighted=0 VegasNc0=99999999 VegasNc1=99999999 VegasNc2=99999999 LHAPDF=NNPDF31_lo_as_0130/NNPDF31_lo_as_0130.info DataFile=workdir/ZH_a2L1Zg_NNPDF31_lo_as_0130 MPhotonCutoff=0 Process=50 DecayMode1=9 ghz1=0,0 ghz2=0.112481,0 ghzgs1_prime2=-642.953455038,0
   
   Input Parameter:
    Collider: P-P, sqrt(s)=13000.00
    Resonance: spin=0, mass= 125.00 width=   0.00407
    DecayMode1: 9
    Z boson: mass=91.188, width=2.4952
    Jet cuts:
            pT >=     0.00 GeV
        DeltaR >=     0.00
           mJJ >=     0.00 GeV
      m(gammastar) >=     0.00 GeV
    Random seed:   385456106
    To reproduce results using this seed, JHUGen should be compiled with the same compiler:
      GNU Fortran (GCC) 6.3.0
    
    WidthScheme:   2
    LHAPDF set NNPDF31_lo_as_0130/NNPDF31_lo_as_0130.info, member=  0
    Unweighted: F
    
    spin-0-VV couplings: 
      generate_as=F
      ghg2=  0.10000000E+01  0.00000000E+00i
      ghz2=  0.11248100E+00  0.00000000E+00i
      ghzgs1_prime2= -0.64295346E+03  0.00000000E+00i,  Lambda_zgs1=  1.0000E+04
      Lambda=  1000.0
    
    LHE output: workdir/ZH_a2L1Zg_NNPDF31_lo_as_0130.lhe
    Histogram output: workdir/ZH_a2L1Zg_NNPDF31_lo_as_0130.dat
    Log file: workdir/ZH_a2L1Zg_NNPDF31_lo_as_0130.log
    
  Running

  Input parameters for vegas:  ndim= 19   ncall= 99999999.
                              it=    0    itmx=    5
                              acc=-1.00    
                              mds=  0     nd= 250
                              (xl,xu)= (  0.00000     ,  1.00000     )
                                       (  0.00000     ,  1.00000     )
                                       (  0.00000     ,  1.00000     )
                                       (  0.00000     ,  1.00000     )
                                       (  0.00000     ,  1.00000     )
                                       (  0.00000     ,  1.00000     )
                                       (  0.00000     ,  1.00000     )
                                       (  0.00000     ,  1.00000     )
                                       (  0.00000     ,  1.00000     )
                                       (  0.00000     ,  1.00000     )
                                       (  0.00000     ,  1.00000     )
                                       (  0.00000     ,  1.00000     )
                                       (  0.00000     ,  1.00000     )
                                       (  0.00000     ,  1.00000     )
                                       (  0.00000     ,  1.00000     )
                                       (  0.00000     ,  1.00000     )
                                       (  0.00000     ,  1.00000     )
                                       (  0.00000     ,  1.00000     )
                                       (  0.00000     ,  1.00000     )

#********** Integration by Vegas (iteration       1) ************
#                                                               *
#  integral  =  2442342.5       accum. integral =  2442342.5    *
#  std. dev. =  727.72531       accum. std. dev =  727.72531    *
#   min/max. wt. =   0.609622E-23         37.2371               *
#                                                               *
#*************   chi**2/iteration =  0.000       ****************


#********** Integration by Vegas (iteration       2) ************
#                                                               *
#  integral  =  2441211.2       accum. integral =  2441545.0    *
#  std. dev. =  470.57376       accum. std. dev =  395.19334    *
#   min/max. wt. =   0.121962E-21         7.65378               *
#                                                               *
#*************   chi**2/iteration =  1.703       ****************


#********** Integration by Vegas (iteration       3) ************
#                                                               *
#  integral  =  2441268.6       accum. integral =  2441414.6    *
#  std. dev. =  418.09935       accum. std. dev =  287.20869    *
#   min/max. wt. =   0.176949E-20         4.41693               *
#                                                               *
#*************   chi**2/iteration = 0.9673       ****************


#********** Integration by Vegas (iteration       4) ************
#                                                               *
#  integral  =  2441586.3       accum. integral =  2441472.3    *
#  std. dev. =  403.74942       accum. std. dev =  234.03560    *
#   min/max. wt. =   0.284596E-20         2.50227               *
#                                                               *
#*************   chi**2/iteration = 0.6850       ****************


#********** Integration by Vegas (iteration       5) ************
#                                                               *
#  integral  =  2441096.5       accum. integral =  2441376.2    *
#  std. dev. =  399.18106       accum. std. dev =  201.89711    *
#   min/max. wt. =   0.184119E-20         2.19916               *
#                                                               *
#*************   chi**2/iteration = 0.6786       ****************


  Input parameters for vegas:  ndim= 19   ncall= 99999999.
                              it=    0    itmx=    1
                              acc=-1.00    
                              mds=  0     nd= 250
                              (xl,xu)= (  0.00000     ,  1.00000     )
                                       (  0.00000     ,  1.00000     )
                                       (  0.00000     ,  1.00000     )
                                       (  0.00000     ,  1.00000     )
                                       (  0.00000     ,  1.00000     )
                                       (  0.00000     ,  1.00000     )
                                       (  0.00000     ,  1.00000     )
                                       (  0.00000     ,  1.00000     )
                                       (  0.00000     ,  1.00000     )
                                       (  0.00000     ,  1.00000     )
                                       (  0.00000     ,  1.00000     )
                                       (  0.00000     ,  1.00000     )
                                       (  0.00000     ,  1.00000     )
                                       (  0.00000     ,  1.00000     )
                                       (  0.00000     ,  1.00000     )
                                       (  0.00000     ,  1.00000     )
                                       (  0.00000     ,  1.00000     )
                                       (  0.00000     ,  1.00000     )
                                       (  0.00000     ,  1.00000     )

#********** Integration by Vegas (iteration       1) ************
#                                                               *
#  integral  =  2441563.3       accum. integral =  2441563.3    *
#  std. dev. =  397.68382       accum. std. dev =  397.68382    *
#   min/max. wt. =   0.496923E-21         2.59998               *
#                                                               *
#*************   chi**2/iteration =  0.000       ****************

Thanks for using LHAPDF 6.2.1. Please make sure to cite the paper:
  Eur.Phys.J. C75 (2015) 3, 132  (http://arxiv.org/abs/1412.7420)
 Done
