SLURM job running in:  /work-zfs/lhc/heshy/JHUGen/xsecs/JHUGen_interference/JHUGenerator/xsecs
LHAPDF 6.2.1 loading /work-zfs/lhc/cms9/slc6_amd64_gcc630/external/lhapdf/6.2.1-omkpbe3/share/LHAPDF/NNPDF31_lo_as_0130/NNPDF31_lo_as_0130_0000.dat
NNPDF31_lo_as_0130 PDF set, member #0, version 1; LHAPDF ID = 315200
 
  
  ***************************************************************************************
  *                                JHU Generator v7.1.5                                 *
  ***************************************************************************************
  *                                                                                     *
  *   Spin and parity determination of single-produced resonances at hadron colliders   *
  *                                                                                     *
  *              I. Anderson, S. Bolognesi, F. Caola, Y. Gao, A. Gritsan,               *
  *          Z. Guo, C. Martin, K. Melnikov, R. Rontsch, H. Roskes, U. Sarica,          *
  *                 M. Schulze, N. Tran, A. Whitbeck, M. Xiao, Y. Zhou                  *
  *              Phys.Rev. D81 (2010) 075022;  arXiv:1001.3396  [hep-ph],               *
  *              Phys.Rev. D86 (2012) 095031;  arXiv:1208.4018  [hep-ph],               *
  *              Phys.Rev. D89 (2014) 035007;  arXiv:1309.4819  [hep-ph],               *
  *              Phys.Rev. D94 (2016) 055023;  arXiv:1606.03107 [hep-ph].               *
  *                                                                                     *
  ***************************************************************************************
  
   
   Command line: /work-zfs/lhc/heshy/JHUGen/xsecs/JHUGen_interference/JHUGenerator/xsecs/../JHUGen Unweighted=0 VegasNc0=99999999 VegasNc1=99999999 VegasNc2=99999999 LHAPDF=NNPDF31_lo_as_0130/NNPDF31_lo_as_0130.info DataFile=workdir/ZH_a3L1Zg_NNPDF31_lo_as_0130_21 MPhotonCutoff=0 Process=50 DecayMode1=9 ghz1=0,0 ghz4=0.144057,0 ghzgs1_prime2=-642.953455038,0
   
   Input Parameter:
    Collider: P-P, sqrt(s)=13000.00
    Resonance: spin=0, mass= 125.00 width=   0.00407
    DecayMode1: 9
    Z boson: mass=91.188, width=2.4952
    Jet cuts:
            pT >=     0.00 GeV
        DeltaR >=     0.00
           mJJ >=     0.00 GeV
      m(gammastar) >=     0.00 GeV
    Random seed:   303909209
    To reproduce results using this seed, JHUGen should be compiled with the same compiler:
      GNU Fortran (GCC) 6.3.0
    
    WidthScheme:   2
    LHAPDF set NNPDF31_lo_as_0130/NNPDF31_lo_as_0130.info, member=  0
    Unweighted: F
    
    spin-0-VV couplings: 
      generate_as=F
      ghg2=  0.10000000E+01  0.00000000E+00i
      ghz4=  0.14405700E+00  0.00000000E+00i
      ghzgs1_prime2= -0.64295346E+03  0.00000000E+00i,  Lambda_zgs1=  1.0000E+04
      Lambda=  1000.0
    
    LHE output: workdir/ZH_a3L1Zg_NNPDF31_lo_as_0130_21.lhe
    Histogram output: workdir/ZH_a3L1Zg_NNPDF31_lo_as_0130_21.dat
    Log file: workdir/ZH_a3L1Zg_NNPDF31_lo_as_0130_21.log
    
  Running

  Input parameters for vegas:  ndim= 19   ncall= 99999999.
                              it=    0    itmx=    5
                              acc=-1.00    
                              mds=  0     nd= 250
                              (xl,xu)= (  0.00000     ,  1.00000     )
                                       (  0.00000     ,  1.00000     )
                                       (  0.00000     ,  1.00000     )
                                       (  0.00000     ,  1.00000     )
                                       (  0.00000     ,  1.00000     )
                                       (  0.00000     ,  1.00000     )
                                       (  0.00000     ,  1.00000     )
                                       (  0.00000     ,  1.00000     )
                                       (  0.00000     ,  1.00000     )
                                       (  0.00000     ,  1.00000     )
                                       (  0.00000     ,  1.00000     )
                                       (  0.00000     ,  1.00000     )
                                       (  0.00000     ,  1.00000     )
                                       (  0.00000     ,  1.00000     )
                                       (  0.00000     ,  1.00000     )
                                       (  0.00000     ,  1.00000     )
                                       (  0.00000     ,  1.00000     )
                                       (  0.00000     ,  1.00000     )
                                       (  0.00000     ,  1.00000     )

#********** Integration by Vegas (iteration       1) ************
#                                                               *
#  integral  =  3052057.1       accum. integral =  3052057.1    *
#  std. dev. =  935.58086       accum. std. dev =  935.58086    *
#   min/max. wt. =   0.125831E-23         15.4810               *
#                                                               *
#*************   chi**2/iteration =  0.000       ****************


#********** Integration by Vegas (iteration       2) ************
#                                                               *
#  integral  =  3052133.5       accum. integral =  3052110.2    *
#  std. dev. =  620.45746       accum. std. dev =  517.08016    *
#   min/max. wt. =   0.505272E-21         3.50806               *
#                                                               *
#*************   chi**2/iteration = 0.4632E-02   ****************


#********** Integration by Vegas (iteration       3) ************
#                                                               *
#  integral  =  3051226.4       accum. integral =  3051697.4    *
#  std. dev. =  552.18705       accum. std. dev =  377.44653    *
#   min/max. wt. =   0.337979E-21         3.41760               *
#                                                               *
#*************   chi**2/iteration = 0.6843       ****************


#********** Integration by Vegas (iteration       4) ************
#                                                               *
#  integral  =  3050952.3       accum. integral =  3051448.9    *
#  std. dev. =  533.47015       accum. std. dev =  308.12941    *
#   min/max. wt. =   0.474128E-22         2.22647               *
#                                                               *
#*************   chi**2/iteration = 0.8894       ****************


#********** Integration by Vegas (iteration       5) ************
#                                                               *
#  integral  =  3051974.9       accum. integral =  3051582.5    *
#  std. dev. =  528.18264       accum. std. dev =  266.14887    *
#   min/max. wt. =   0.264707E-20         1.88204               *
#                                                               *
#*************   chi**2/iteration = 0.8520       ****************


  Input parameters for vegas:  ndim= 19   ncall= 99999999.
                              it=    0    itmx=    1
                              acc=-1.00    
                              mds=  0     nd= 250
                              (xl,xu)= (  0.00000     ,  1.00000     )
                                       (  0.00000     ,  1.00000     )
                                       (  0.00000     ,  1.00000     )
                                       (  0.00000     ,  1.00000     )
                                       (  0.00000     ,  1.00000     )
                                       (  0.00000     ,  1.00000     )
                                       (  0.00000     ,  1.00000     )
                                       (  0.00000     ,  1.00000     )
                                       (  0.00000     ,  1.00000     )
                                       (  0.00000     ,  1.00000     )
                                       (  0.00000     ,  1.00000     )
                                       (  0.00000     ,  1.00000     )
                                       (  0.00000     ,  1.00000     )
                                       (  0.00000     ,  1.00000     )
                                       (  0.00000     ,  1.00000     )
                                       (  0.00000     ,  1.00000     )
                                       (  0.00000     ,  1.00000     )
                                       (  0.00000     ,  1.00000     )
                                       (  0.00000     ,  1.00000     )

#********** Integration by Vegas (iteration       1) ************
#                                                               *
#  integral  =  3051209.6       accum. integral =  3051209.6    *
#  std. dev. =  526.54167       accum. std. dev =  526.54167    *
#   min/max. wt. =   0.530866E-21         2.37848               *
#                                                               *
#*************   chi**2/iteration =  0.000       ****************

Thanks for using LHAPDF 6.2.1. Please make sure to cite the paper:
  Eur.Phys.J. C75 (2015) 3, 132  (http://arxiv.org/abs/1412.7420)
 Done
