SLURM job running in:  /work-zfs/lhc/heshy/JHUGen/xsecs/JHUGen_interference/JHUGenerator/xsecs
LHAPDF 6.2.1 loading /work-zfs/lhc/cms9/slc6_amd64_gcc630/external/lhapdf/6.2.1-omkpbe3/share/LHAPDF/NNPDF31_lo_as_0130/NNPDF31_lo_as_0130_0000.dat
NNPDF31_lo_as_0130 PDF set, member #0, version 1; LHAPDF ID = 315200
 
  
  ***************************************************************************************
  *                                JHU Generator v7.1.5                                 *
  ***************************************************************************************
  *                                                                                     *
  *   Spin and parity determination of single-produced resonances at hadron colliders   *
  *                                                                                     *
  *              I. Anderson, S. Bolognesi, F. Caola, Y. Gao, A. Gritsan,               *
  *          Z. Guo, C. Martin, K. Melnikov, R. Rontsch, H. Roskes, U. Sarica,          *
  *                 M. Schulze, N. Tran, A. Whitbeck, M. Xiao, Y. Zhou                  *
  *              Phys.Rev. D81 (2010) 075022;  arXiv:1001.3396  [hep-ph],               *
  *              Phys.Rev. D86 (2012) 095031;  arXiv:1208.4018  [hep-ph],               *
  *              Phys.Rev. D89 (2014) 035007;  arXiv:1309.4819  [hep-ph],               *
  *              Phys.Rev. D94 (2016) 055023;  arXiv:1606.03107 [hep-ph].               *
  *                                                                                     *
  ***************************************************************************************
  
   
   Command line: /work-zfs/lhc/heshy/JHUGen/xsecs/JHUGen_interference/JHUGenerator/xsecs/../JHUGen Unweighted=0 VegasNc0=99999999 VegasNc1=99999999 VegasNc2=99999999 LHAPDF=NNPDF31_lo_as_0130/NNPDF31_lo_as_0130.info DataFile=workdir/ZH_L1L1Zg_NNPDF31_lo_as_0130_46 MPhotonCutoff=0 Process=50 DecayMode1=9 ghz1=0,0 ghz1_prime2=-517.788,0 ghzgs1_prime2=-642.953455038,0
   
   Input Parameter:
    Collider: P-P, sqrt(s)=13000.00
    Resonance: spin=0, mass= 125.00 width=   0.00407
    DecayMode1: 9
    Z boson: mass=91.188, width=2.4952
    Jet cuts:
            pT >=     0.00 GeV
        DeltaR >=     0.00
           mJJ >=     0.00 GeV
      m(gammastar) >=     0.00 GeV
    Random seed:   622681414
    To reproduce results using this seed, JHUGen should be compiled with the same compiler:
      GNU Fortran (GCC) 6.3.0
    
    WidthScheme:   2
    LHAPDF set NNPDF31_lo_as_0130/NNPDF31_lo_as_0130.info, member=  0
    Unweighted: F
    
    spin-0-VV couplings: 
      generate_as=F
      ghg2=  0.10000000E+01  0.00000000E+00i
      ghz1_prime2= -0.51778800E+03  0.00000000E+00i,    Lambda_z1=  1.0000E+04
      ghzgs1_prime2= -0.64295346E+03  0.00000000E+00i,  Lambda_zgs1=  1.0000E+04
      Lambda=  1000.0
    
    LHE output: workdir/ZH_L1L1Zg_NNPDF31_lo_as_0130_46.lhe
    Histogram output: workdir/ZH_L1L1Zg_NNPDF31_lo_as_0130_46.dat
    Log file: workdir/ZH_L1L1Zg_NNPDF31_lo_as_0130_46.log
    
  Running

  Input parameters for vegas:  ndim= 19   ncall= 99999999.
                              it=    0    itmx=    5
                              acc=-1.00    
                              mds=  0     nd= 250
                              (xl,xu)= (  0.00000     ,  1.00000     )
                                       (  0.00000     ,  1.00000     )
                                       (  0.00000     ,  1.00000     )
                                       (  0.00000     ,  1.00000     )
                                       (  0.00000     ,  1.00000     )
                                       (  0.00000     ,  1.00000     )
                                       (  0.00000     ,  1.00000     )
                                       (  0.00000     ,  1.00000     )
                                       (  0.00000     ,  1.00000     )
                                       (  0.00000     ,  1.00000     )
                                       (  0.00000     ,  1.00000     )
                                       (  0.00000     ,  1.00000     )
                                       (  0.00000     ,  1.00000     )
                                       (  0.00000     ,  1.00000     )
                                       (  0.00000     ,  1.00000     )
                                       (  0.00000     ,  1.00000     )
                                       (  0.00000     ,  1.00000     )
                                       (  0.00000     ,  1.00000     )
                                       (  0.00000     ,  1.00000     )

#********** Integration by Vegas (iteration       1) ************
#                                                               *
#  integral  =  1885606.8       accum. integral =  1885606.8    *
#  std. dev. =  749.68304       accum. std. dev =  749.68304    *
#   min/max. wt. =   0.558065E-24         6.33721               *
#                                                               *
#*************   chi**2/iteration = 0.8688E-06   ****************


#********** Integration by Vegas (iteration       2) ************
#                                                               *
#  integral  =  1886032.9       accum. integral =  1885931.4    *
#  std. dev. =  419.34161       accum. std. dev =  365.95648    *
#   min/max. wt. =   0.176881E-21         1.70260               *
#                                                               *
#*************   chi**2/iteration = 0.2457       ****************


#********** Integration by Vegas (iteration       3) ************
#                                                               *
#  integral  =  1885754.5       accum. integral =  1885841.4    *
#  std. dev. =  359.65319       accum. std. dev =  256.51428    *
#   min/max. wt. =   0.445183E-21         2.01081               *
#                                                               *
#*************   chi**2/iteration = 0.1823       ****************


#********** Integration by Vegas (iteration       4) ************
#                                                               *
#  integral  =  1885277.2       accum. integral =  1885640.9    *
#  std. dev. =  345.41912       accum. std. dev =  205.94488    *
#   min/max. wt. =   0.609164E-21         3.25004               *
#                                                               *
#*************   chi**2/iteration = 0.6946       ****************


#********** Integration by Vegas (iteration       5) ************
#                                                               *
#  integral  =  1885800.1       accum. integral =  1885683.4    *
#  std. dev. =  341.63121       accum. std. dev =  176.37502    *
#   min/max. wt. =   0.900242E-20         1.71678               *
#                                                               *
#*************   chi**2/iteration = 0.5608       ****************


  Input parameters for vegas:  ndim= 19   ncall= 99999999.
                              it=    0    itmx=    1
                              acc=-1.00    
                              mds=  0     nd= 250
                              (xl,xu)= (  0.00000     ,  1.00000     )
                                       (  0.00000     ,  1.00000     )
                                       (  0.00000     ,  1.00000     )
                                       (  0.00000     ,  1.00000     )
                                       (  0.00000     ,  1.00000     )
                                       (  0.00000     ,  1.00000     )
                                       (  0.00000     ,  1.00000     )
                                       (  0.00000     ,  1.00000     )
                                       (  0.00000     ,  1.00000     )
                                       (  0.00000     ,  1.00000     )
                                       (  0.00000     ,  1.00000     )
                                       (  0.00000     ,  1.00000     )
                                       (  0.00000     ,  1.00000     )
                                       (  0.00000     ,  1.00000     )
                                       (  0.00000     ,  1.00000     )
                                       (  0.00000     ,  1.00000     )
                                       (  0.00000     ,  1.00000     )
                                       (  0.00000     ,  1.00000     )
                                       (  0.00000     ,  1.00000     )

#********** Integration by Vegas (iteration       1) ************
#                                                               *
#  integral  =  1885412.2       accum. integral =  1885412.2    *
#  std. dev. =  340.37582       accum. std. dev =  340.37582    *
#   min/max. wt. =   0.197611E-21         1.87991               *
#                                                               *
#*************   chi**2/iteration =  0.000       ****************

Thanks for using LHAPDF 6.2.1. Please make sure to cite the paper:
  Eur.Phys.J. C75 (2015) 3, 132  (http://arxiv.org/abs/1412.7420)
 Done
