SLURM job running in:  /work-zfs/lhc/heshy/JHUGen/xsecs/JHUGen_interference/JHUGenerator/xsecs
LHAPDF 6.2.1 loading /work-zfs/lhc/cms9/slc6_amd64_gcc630/external/lhapdf/6.2.1-omkpbe3/share/LHAPDF/NNPDF30_lo_as_0130/NNPDF30_lo_as_0130_0000.dat
NNPDF30_lo_as_0130 PDF set, member #0, version 2; LHAPDF ID = 263000
                                                            
         *******************************************        
         *              C O L L I E R              *        
         *                                         *        
         *        Complex One-Loop Library         *        
         *      In Extended Regularizations        *        
         *                                         *        
         *    by A.Denner, S.Dittmaier, L.Hofer    *        
         *                                         *        
         *              version  1.2               *        
         *                                         *        
         *******************************************        
                                                            
                                                           
 ***********************************************************
                                                            
   COLLIER: information on settings and internal parameters 
     is written to the file workdir/ggZH_a1_NNPDF30_lo_as_0130_collierfiles/InfOut.cll
                                                            
 ***********************************************************
                                                            
 
  
  ***************************************************************************************
  *                                JHU Generator v7.2.3                                 *
  ***************************************************************************************
  *                                                                                     *
  *   Spin and parity determination of single-produced resonances at hadron colliders   *
  *                                                                                     *
  *              I. Anderson, S. Bolognesi, F. Caola, Y. Gao, A. Gritsan,               *
  *          Z. Guo, C. Martin, K. Melnikov, R. Rontsch, H. Roskes, U. Sarica,          *
  *                 M. Schulze, N. Tran, A. Whitbeck, M. Xiao, Y. Zhou                  *
  *              Phys.Rev. D81 (2010) 075022;  arXiv:1001.3396  [hep-ph],               *
  *              Phys.Rev. D86 (2012) 095031;  arXiv:1208.4018  [hep-ph],               *
  *              Phys.Rev. D89 (2014) 035007;  arXiv:1309.4819  [hep-ph],               *
  *              Phys.Rev. D94 (2016) 055023;  arXiv:1606.03107 [hep-ph].               *
  *                                                                                     *
  ***************************************************************************************
  
   
   Command line: /work-zfs/lhc/heshy/JHUGen/xsecs/JHUGen_interference/JHUGenerator/xsecs/../JHUGen Unweighted=0 VegasNc0=99999999 VegasNc1=99999999 VegasNc2=99999999 LHAPDF=NNPDF30_lo_as_0130/NNPDF30_lo_as_0130.info DataFile=workdir/ggZH_a1_NNPDF30_lo_as_0130 MPhotonCutoff=0 Process=51 DecayMode1=9 kappa=0,0 ghz1=1,0
   
   Input Parameter:
    Collider: P-P, sqrt(s)=13000.00
    Resonance: spin=0, mass= 125.00 width=   0.00407
    Random seed:   228747438
    To reproduce results using this seed, JHUGen should be compiled with the same compiler:
      GNU Fortran (GCC) 6.3.0
    
    WidthScheme:   2
    LHAPDF set NNPDF30_lo_as_0130/NNPDF30_lo_as_0130.info, member=  0
    Unweighted: F
    
      Lambda=  1000.0
    
    LHE output: workdir/ggZH_a1_NNPDF30_lo_as_0130.lhe
    Histogram output: workdir/ggZH_a1_NNPDF30_lo_as_0130.dat
    Log file: workdir/ggZH_a1_NNPDF30_lo_as_0130.log
    
  Running

  Input parameters for vegas:  ndim= 19   ncall= 99999999.
                              it=    0    itmx=    5
                              acc=-1.00    
                              mds=  0     nd= 250
                              (xl,xu)= (  0.00000     ,  1.00000     )
                                       (  0.00000     ,  1.00000     )
                                       (  0.00000     ,  1.00000     )
                                       (  0.00000     ,  1.00000     )
                                       (  0.00000     ,  1.00000     )
                                       (  0.00000     ,  1.00000     )
                                       (  0.00000     ,  1.00000     )
                                       (  0.00000     ,  1.00000     )
                                       (  0.00000     ,  1.00000     )
                                       (  0.00000     ,  1.00000     )
                                       (  0.00000     ,  1.00000     )
                                       (  0.00000     ,  1.00000     )
                                       (  0.00000     ,  1.00000     )
                                       (  0.00000     ,  1.00000     )
                                       (  0.00000     ,  1.00000     )
                                       (  0.00000     ,  1.00000     )
                                       (  0.00000     ,  1.00000     )
                                       (  0.00000     ,  1.00000     )
                                       (  0.00000     ,  1.00000     )

#********** Integration by Vegas (iteration       1) ************
#                                                               *
#  integral  =  55.262548       accum. integral =  55.262548    *
#  std. dev. = 0.12677517       accum. std. dev = 0.12677517    *
#   min/max. wt. =   0.864316E-32        0.177581E-02           *
#                                                               *
#*************   chi**2/iteration = -.5659E-07   ****************


#********** Integration by Vegas (iteration       2) ************
#                                                               *
#  integral  =  55.215833       accum. integral =  55.217689    *
#  std. dev. = 0.25765685E-01   accum. std. dev = 0.25259318E-01*
#   min/max. wt. =   0.171237E-27        0.814976E-04           *
#                                                               *
#*************   chi**2/iteration = 0.1304       ****************


#********** Integration by Vegas (iteration       3) ************
#                                                               *
#  integral  =  55.237125       accum. integral =  55.230976    *
#  std. dev. = 0.17182239E-01   accum. std. dev = 0.14207091E-01*
#   min/max. wt. =   0.286659E-24        0.472733E-04           *
#                                                               *
#*************   chi**2/iteration = 0.2675       ****************


#********** Integration by Vegas (iteration       4) ************
#                                                               *
#  integral  =  55.206922       accum. integral =  55.219607    *
#  std. dev. = 0.14998120E-01   accum. std. dev = 0.10315559E-01*
#   min/max. wt. =   0.988205E-24        0.543122E-04           *
#                                                               *
#*************   chi**2/iteration = 0.6300       ****************


#********** Integration by Vegas (iteration       5) ************
#                                                               *
#  integral  =  55.223026       accum. integral =  55.220788    *
#  std. dev. = 0.14196933E-01   accum. std. dev = 0.83453823E-02*
#   min/max. wt. =   0.110166E-22        0.139369E-03           *
#                                                               *
#*************   chi**2/iteration = 0.4821       ****************


  Input parameters for vegas:  ndim= 19   ncall= 99999999.
                              it=    0    itmx=    1
                              acc=-1.00    
                              mds=  0     nd= 250
                              (xl,xu)= (  0.00000     ,  1.00000     )
                                       (  0.00000     ,  1.00000     )
                                       (  0.00000     ,  1.00000     )
                                       (  0.00000     ,  1.00000     )
                                       (  0.00000     ,  1.00000     )
                                       (  0.00000     ,  1.00000     )
                                       (  0.00000     ,  1.00000     )
                                       (  0.00000     ,  1.00000     )
                                       (  0.00000     ,  1.00000     )
                                       (  0.00000     ,  1.00000     )
                                       (  0.00000     ,  1.00000     )
                                       (  0.00000     ,  1.00000     )
                                       (  0.00000     ,  1.00000     )
                                       (  0.00000     ,  1.00000     )
                                       (  0.00000     ,  1.00000     )
                                       (  0.00000     ,  1.00000     )
                                       (  0.00000     ,  1.00000     )
                                       (  0.00000     ,  1.00000     )
                                       (  0.00000     ,  1.00000     )

#********** Integration by Vegas (iteration       1) ************
#                                                               *
#  integral  =  55.231245       accum. integral =  55.231245    *
#  std. dev. = 0.13851438E-01   accum. std. dev = 0.13851438E-01*
#   min/max. wt. =   0.459793E-24        0.137909E-03           *
#                                                               *
#*************   chi**2/iteration =  0.000       ****************

Thanks for using LHAPDF 6.2.1. Please make sure to cite the paper:
  Eur.Phys.J. C75 (2015) 3, 132  (http://arxiv.org/abs/1412.7420)
 Done
