SLURM job running in:  /work-zfs/lhc/heshy/JHUGen/xsecs/JHUGen_interference/JHUGenerator/xsecs
LHAPDF 6.2.1 loading /work-zfs/lhc/cms9/slc6_amd64_gcc630/external/lhapdf/6.2.1-omkpbe3/share/LHAPDF/NNPDF30_lo_as_0130/NNPDF30_lo_as_0130_0000.dat
NNPDF30_lo_as_0130 PDF set, member #0, version 2; LHAPDF ID = 263000
 
  
  ***************************************************************************************
  *                                JHU Generator v7.1.5                                 *
  ***************************************************************************************
  *                                                                                     *
  *   Spin and parity determination of single-produced resonances at hadron colliders   *
  *                                                                                     *
  *              I. Anderson, S. Bolognesi, F. Caola, Y. Gao, A. Gritsan,               *
  *          Z. Guo, C. Martin, K. Melnikov, R. Rontsch, H. Roskes, U. Sarica,          *
  *                 M. Schulze, N. Tran, A. Whitbeck, M. Xiao, Y. Zhou                  *
  *              Phys.Rev. D81 (2010) 075022;  arXiv:1001.3396  [hep-ph],               *
  *              Phys.Rev. D86 (2012) 095031;  arXiv:1208.4018  [hep-ph],               *
  *              Phys.Rev. D89 (2014) 035007;  arXiv:1309.4819  [hep-ph],               *
  *              Phys.Rev. D94 (2016) 055023;  arXiv:1606.03107 [hep-ph].               *
  *                                                                                     *
  ***************************************************************************************
  
   
   Command line: /work-zfs/lhc/heshy/JHUGen/xsecs/JHUGen_interference/JHUGenerator/xsecs/../JHUGen Unweighted=0 VegasNc0=99999999 VegasNc1=99999999 VegasNc2=99999999 LHAPDF=NNPDF30_lo_as_0130/NNPDF30_lo_as_0130.info DataFile=workdir/HJJ_a3_NNPDF30_lo_as_0130 MPhotonCutoff=0 Process=61 pTjetcut=15 deltaRcut=0.3 ghg2=0,0 ghg4=1,0
   
   Input Parameter:
    Collider: P-P, sqrt(s)=13000.00
    Resonance: spin=0, mass= 125.00 width=   0.00407
    Jet cuts:
            pT >=    15.00 GeV
        DeltaR >=     0.30
           mJJ >=     0.00 GeV
    Random seed:   155963973
    To reproduce results using this seed, JHUGen should be compiled with the same compiler:
      GNU Fortran (GCC) 6.3.0
    
    WidthScheme:   2
    LHAPDF set NNPDF30_lo_as_0130/NNPDF30_lo_as_0130.info, member=  0
    Unweighted: F
    
    spin-0-VV couplings: 
      generate_as=F
      ghg4=  0.10000000E+01  0.00000000E+00i
      ghz1=  0.20000000E+01  0.00000000E+00i
      Lambda=  1000.0
    
    LHE output: workdir/HJJ_a3_NNPDF30_lo_as_0130.lhe
    Histogram output: workdir/HJJ_a3_NNPDF30_lo_as_0130.dat
    Log file: workdir/HJJ_a3_NNPDF30_lo_as_0130.log
    
  Running

  Input parameters for vegas:  ndim=  9   ncall= 99999999.
                              it=    0    itmx=   15
                              acc=-1.00    
                              mds=  0     nd= 250
                              (xl,xu)= (  0.00000     ,  1.00000     )
                                       (  0.00000     ,  1.00000     )
                                       (  0.00000     ,  1.00000     )
                                       (  0.00000     ,  1.00000     )
                                       (  0.00000     ,  1.00000     )
                                       (  0.00000     ,  1.00000     )
                                       (  0.00000     ,  1.00000     )
                                       (  0.00000     ,  1.00000     )
                                       (  0.00000     ,  1.00000     )

#********** Integration by Vegas (iteration       1) ************
#                                                               *
#  integral  =  15957.480       accum. integral =  15957.480    *
#  std. dev. =  1402.9180       accum. std. dev =  1402.9180    *
#   min/max. wt. =   0.159614E-38         1013.98               *
#                                                               *
#*************   chi**2/iteration =  0.000       ****************


#********** Integration by Vegas (iteration       2) ************
#                                                               *
#  integral  =  14069.209       accum. integral =  14074.838    *
#  std. dev. =  67.638996       accum. std. dev =  72.212706    *
#   min/max. wt. =   0.834695E-36         16.6666               *
#                                                               *
#*************   chi**2/iteration =  2.030       ****************


#********** Integration by Vegas (iteration       3) ************
#                                                               *
#  integral  =  14415.166       accum. integral =  14335.879    *
#  std. dev. =  38.136753       accum. std. dev =  34.376890    *
#   min/max. wt. =   0.282520E-31         22.9556               *
#                                                               *
#*************   chi**2/iteration =  9.797       ****************


#********** Integration by Vegas (iteration       4) ************
#                                                               *
#  integral  =  14398.131       accum. integral =  14387.547    *
#  std. dev. =  15.099081       accum. std. dev =  14.071165    *
#   min/max. wt. =   0.539958E-27         4.34445               *
#                                                               *
#*************   chi**2/iteration =  7.549       ****************


#********** Integration by Vegas (iteration       5) ************
#                                                               *
#  integral  =  14394.914       accum. integral =  14392.636    *
#  std. dev. =  9.2011083       accum. std. dev =  7.7893928    *
#   min/max. wt. =   0.474779E-24         1.01023               *
#                                                               *
#*************   chi**2/iteration =  5.761       ****************


#********** Integration by Vegas (iteration       6) ************
#                                                               *
#  integral  =  14414.605       accum. integral =  14403.915    *
#  std. dev. =  7.4554516       accum. std. dev =  5.4184954    *
#   min/max. wt. =   0.166905E-25        0.712861               *
#                                                               *
#*************   chi**2/iteration =  5.456       ****************


#********** Integration by Vegas (iteration       7) ************
#                                                               *
#  integral  =  14389.701       accum. integral =  14398.623    *
#  std. dev. =  6.9244573       accum. std. dev =  4.2833293    *
#   min/max. wt. =   0.123823E-23        0.753214               *
#                                                               *
#*************   chi**2/iteration =  4.996       ****************


#********** Integration by Vegas (iteration       8) ************
#                                                               *
#  integral  =  14414.819       accum. integral =  14403.166    *
#  std. dev. =  6.7782919       accum. std. dev =  3.6278592    *
#   min/max. wt. =   0.348107E-23        0.699960               *
#                                                               *
#*************   chi**2/iteration =  4.870       ****************


#********** Integration by Vegas (iteration       9) ************
#                                                               *
#  integral  =  14404.767       accum. integral =  14403.534    *
#  std. dev. =  6.5698638       accum. std. dev =  3.1801619    *
#   min/max. wt. =   0.918253E-22        0.347050               *
#                                                               *
#*************   chi**2/iteration =  4.277       ****************


#********** Integration by Vegas (iteration      10) ************
#                                                               *
#  integral  =  14392.759       accum. integral =  14401.553    *
#  std. dev. =  6.6286617       accum. std. dev =  2.8699335    *
#   min/max. wt. =   0.213752E-22        0.662371               *
#                                                               *
#*************   chi**2/iteration =  4.045       ****************


#********** Integration by Vegas (iteration      11) ************
#                                                               *
#  integral  =  14408.015       accum. integral =  14402.560    *
#  std. dev. =  6.6211756       accum. std. dev =  2.6347380    *
#   min/max. wt. =   0.762796E-24        0.695288               *
#                                                               *
#*************   chi**2/iteration =  3.726       ****************


#********** Integration by Vegas (iteration      12) ************
#                                                               *
#  integral  =  14406.511       accum. integral =  14403.103    *
#  std. dev. =  6.5468575       accum. std. dev =  2.4453156    *
#   min/max. wt. =   0.232861E-24        0.436500               *
#                                                               *
#*************   chi**2/iteration =  3.420       ****************


#********** Integration by Vegas (iteration      13) ************
#                                                               *
#  integral  =  14397.050       accum. integral =  14402.367    *
#  std. dev. =  6.5179477       accum. std. dev =  2.2903386    *
#   min/max. wt. =   0.168597E-24        0.443352               *
#                                                               *
#*************   chi**2/iteration =  3.201       ****************


#********** Integration by Vegas (iteration      14) ************
#                                                               *
#  integral  =  14396.940       accum. integral =  14401.798    *
#  std. dev. =  6.6444237       accum. std. dev =  2.1658611    *
#   min/max. wt. =   0.173374E-23         1.22800               *
#                                                               *
#*************   chi**2/iteration =  3.003       ****************


#********** Integration by Vegas (iteration      15) ************
#                                                               *
#  integral  =  14387.508       accum. integral =  14400.409    *
#  std. dev. =  6.5503458       accum. std. dev =  2.0568561    *
#   min/max. wt. =   0.356801E-25        0.358062               *
#                                                               *
#*************   chi**2/iteration =  3.094       ****************

 ****************************************************
 * Writing out vegas grid to workdir/HJJ_a3_NNPDF30_lo_as_0130.grid                                  
 ****************************************************

  Input parameters for vegas:  ndim=  9   ncall= 99999999.
                              it=    0    itmx=    2
                              acc=-1.00    
                              mds=  0     nd= 250
                              (xl,xu)= (  0.00000     ,  1.00000     )
                                       (  0.00000     ,  1.00000     )
                                       (  0.00000     ,  1.00000     )
                                       (  0.00000     ,  1.00000     )
                                       (  0.00000     ,  1.00000     )
                                       (  0.00000     ,  1.00000     )
                                       (  0.00000     ,  1.00000     )
                                       (  0.00000     ,  1.00000     )
                                       (  0.00000     ,  1.00000     )

#********** Integration by Vegas (iteration       1) ************
#                                                               *
#  integral  =  14411.577       accum. integral =  14411.577    *
#  std. dev. =  6.6165420       accum. std. dev =  6.6165420    *
#   min/max. wt. =   0.165361E-23        0.856618               *
#                                                               *
#*************   chi**2/iteration =  0.000       ****************


#********** Integration by Vegas (iteration       2) ************
#                                                               *
#  integral  =  14407.951       accum. integral =  14409.749    *
#  std. dev. =  6.5608440       accum. std. dev =  4.6587896    *
#   min/max. wt. =   0.171078E-21        0.338689               *
#                                                               *
#*************   chi**2/iteration = 0.1513       ****************

Thanks for using LHAPDF 6.2.1. Please make sure to cite the paper:
  Eur.Phys.J. C75 (2015) 3, 132  (http://arxiv.org/abs/1412.7420)
 Done
