SLURM job running in:  /work-zfs/lhc/heshy/JHUGen/xsecs/JHUGen_interference/JHUGenerator/xsecs
  ****************************************
 
       NNPDFDriver version 1.0.3
   Grid: ./pdfs/NNPDF30_lo_as_0130.LHgrid                                                                    
  ****************************************
 
  
  ***************************************************************************************
  *                                JHU Generator v7.0.2                                 *
  ***************************************************************************************
  *                                                                                     *
  *   Spin and parity determination of single-produced resonances at hadron colliders   *
  *                                                                                     *
  *          I. Anderson, S. Bolognesi, F. Caola, Y. Gao, A. Gritsan, Z. Guo,           *
  *        C. Martin, K. Melnikov, R. Rontsch, H. Roskes, U. Sarica, M. Schulze,        *
  *                   N. Tran, A. Whitbeck, M. Xiao, C. You, Y. Zhou                    *
  *              Phys.Rev. D81 (2010) 075022;  arXiv:1001.3396  [hep-ph],               *
  *              Phys.Rev. D86 (2012) 095031;  arXiv:1208.4018  [hep-ph],               *
  *              Phys.Rev. D89 (2014) 035007;  arXiv:1309.4819  [hep-ph],               *
  *              Phys.Rev. D94 (2016) 055023;  arXiv:1606.03107 [hep-ph].               *
  *                                                                                     *
  ***************************************************************************************
  
   
   Command line: /work-zfs/lhc/heshy/JHUGen/xsecs/JHUGen_interference/JHUGenerator/xsecs/../JHUGen Unweighted=0 VegasNc0=99999999 VegasNc1=99999999 VegasNc2=99999999 PDFSet=3 DataFile=workdir/HWW_a3L1 DecayMode1=11 DecayMode2=11 ghz1=0,0 ghz4=1.76132,0 ghz1_prime2=-13752.22,0
   
   Input Parameter:
    Collider: P-P, sqrt(s)=13000.00
    Resonance: spin=0, mass= 125.00 width=   0.00407
    DecayMode1:11  DecayMode2:11
    W-boson: mass=80.399, width=2.0850
    Random seed:   267190737
    To reproduce results using this seed, JHUGen should be compiled with the same compiler:
      GNU Fortran (GCC) 4.9.3
    
    OffXVV: TTT
    WidthScheme:   2
    PChannel: 0
    PDFSet:   3
    Unweighted: F
    Interference: F
    
    spin-0-VV couplings: 
      generate_as=F
      ghg2=  0.10000000E+01  0.00000000E+00i
      ghz4=  0.17613200E+01  0.00000000E+00i
      ghz1_prime2= -0.13752220E+05  0.00000000E+00i,    Lambda_z1=  1.0000E+04
      Lambda=  1000.0
    
    LHE output: workdir/HWW_a3L1.lhe
    Histogram output: workdir/HWW_a3L1.dat
    Log file: workdir/HWW_a3L1.log
    
  Running

  Input parameters for vegas:  ndim= 11   ncall= 99999999.
                              it=    0    itmx=    5
                              acc=-1.00    
                              mds=  0     nd=  50
                              (xl,xu)= (  0.00000     ,  1.00000     )
                                       (  0.00000     ,  1.00000     )
                                       (  0.00000     ,  1.00000     )
                                       (  0.00000     ,  1.00000     )
                                       (  0.00000     ,  1.00000     )
                                       (  0.00000     ,  1.00000     )
                                       (  0.00000     ,  1.00000     )
                                       (  0.00000     ,  1.00000     )
                                       (  0.00000     ,  1.00000     )
                                       (  0.00000     ,  1.00000     )
                                       (  0.00000     ,  1.00000     )

#********** Integration by Vegas (iteration       1) ************
#                                                               *
#  integral  =  621.15262       accum. integral =  621.15262    *
#  std. dev. =  4.3016692       accum. std. dev =  4.3016692    *
#   min/max. wt. =    0.00000            0.499236               *
#                                                               *
#*************   chi**2/iteration =  0.000       ****************


#********** Integration by Vegas (iteration       2) ************
#                                                               *
#  integral  =  623.86028       accum. integral =  623.84512    *
#  std. dev. = 0.32424850       accum. std. dev = 0.32263826    *
#   min/max. wt. =    0.00000            0.325405E-02           *
#                                                               *
#*************   chi**2/iteration = 0.3919       ****************


#********** Integration by Vegas (iteration       3) ************
#                                                               *
#  integral  =  624.30344       accum. integral =  624.27447    *
#  std. dev. = 0.84038190E-01   accum. std. dev = 0.81183660E-01*
#   min/max. wt. =    0.00000            0.155513E-03           *
#                                                               *
#*************   chi**2/iteration =  1.139       ****************


#********** Integration by Vegas (iteration       4) ************
#                                                               *
#  integral  =  624.29968       accum. integral =  624.28950    *
#  std. dev. = 0.66943930E-01   accum. std. dev = 0.51614837E-01*
#   min/max. wt. =    0.00000            0.187993E-03           *
#                                                               *
#*************   chi**2/iteration = 0.7776       ****************


#********** Integration by Vegas (iteration       5) ************
#                                                               *
#  integral  =  624.24272       accum. integral =  624.27139    *
#  std. dev. = 0.65015048E-01   accum. std. dev = 0.40414478E-01*
#   min/max. wt. =    0.00000            0.287576E-03           *
#                                                               *
#*************   chi**2/iteration = 0.6624       ****************

 ****************************************************
 * Writing out vegas grid to workdir/HWW_a3L1.grid                                                   
 ****************************************************

  Input parameters for vegas:  ndim= 11   ncall= 99999999.
                              it=    0    itmx=    2
                              acc=-1.00    
                              mds=  0     nd=  50
                              (xl,xu)= (  0.00000     ,  1.00000     )
                                       (  0.00000     ,  1.00000     )
                                       (  0.00000     ,  1.00000     )
                                       (  0.00000     ,  1.00000     )
                                       (  0.00000     ,  1.00000     )
                                       (  0.00000     ,  1.00000     )
                                       (  0.00000     ,  1.00000     )
                                       (  0.00000     ,  1.00000     )
                                       (  0.00000     ,  1.00000     )
                                       (  0.00000     ,  1.00000     )
                                       (  0.00000     ,  1.00000     )

#********** Integration by Vegas (iteration       1) ************
#                                                               *
#  integral  =  624.29797       accum. integral =  624.29797    *
#  std. dev. = 0.64797276E-01   accum. std. dev = 0.64797276E-01*
#   min/max. wt. =    0.00000            0.399683E-03           *
#                                                               *
#*************   chi**2/iteration =  0.000       ****************


#********** Integration by Vegas (iteration       2) ************
#                                                               *
#  integral  =  624.17417       accum. integral =  624.23611    *
#  std. dev. = 0.64822865E-01   accum. std. dev = 0.45827636E-01*
#   min/max. wt. =    0.00000            0.249650E-03           *
#                                                               *
#*************   chi**2/iteration =  1.823       ****************

 Done
