SLURM job running in:  /work-zfs/lhc/heshy/JHUGen/xsecs/JHUGen_interference/JHUGenerator/xsecs
  ****************************************
 
       NNPDFDriver version 1.0.3
   Grid: ./pdfs/NNPDF30_lo_as_0130.LHgrid                                                                    
  ****************************************
 
  
  ***************************************************************************************
  *                                JHU Generator v7.0.2                                 *
  ***************************************************************************************
  *                                                                                     *
  *   Spin and parity determination of single-produced resonances at hadron colliders   *
  *                                                                                     *
  *          I. Anderson, S. Bolognesi, F. Caola, Y. Gao, A. Gritsan, Z. Guo,           *
  *        C. Martin, K. Melnikov, R. Rontsch, H. Roskes, U. Sarica, M. Schulze,        *
  *                   N. Tran, A. Whitbeck, M. Xiao, C. You, Y. Zhou                    *
  *              Phys.Rev. D81 (2010) 075022;  arXiv:1001.3396  [hep-ph],               *
  *              Phys.Rev. D86 (2012) 095031;  arXiv:1208.4018  [hep-ph],               *
  *              Phys.Rev. D89 (2014) 035007;  arXiv:1309.4819  [hep-ph],               *
  *              Phys.Rev. D94 (2016) 055023;  arXiv:1606.03107 [hep-ph].               *
  *                                                                                     *
  ***************************************************************************************
  
   
   Command line: /work-zfs/lhc/heshy/JHUGen/xsecs/JHUGen_interference/JHUGenerator/xsecs/../JHUGen Unweighted=0 VegasNc0=99999999 VegasNc1=99999999 VegasNc2=99999999 PDFSet=3 DataFile=workdir/HWW_a1a3 DecayMode1=11 DecayMode2=11 ghz1=1,0 ghz4=1.76132,0
   
   Input Parameter:
    Collider: P-P, sqrt(s)=13000.00
    Resonance: spin=0, mass= 125.00 width=   0.00407
    DecayMode1:11  DecayMode2:11
    W-boson: mass=80.399, width=2.0850
    Random seed:   483896135
    To reproduce results using this seed, JHUGen should be compiled with the same compiler:
      GNU Fortran (GCC) 4.9.3
    
    OffXVV: TTT
    WidthScheme:   2
    PChannel: 0
    PDFSet:   3
    Unweighted: F
    Interference: F
    
    spin-0-VV couplings: 
      generate_as=F
      ghg2=  0.10000000E+01  0.00000000E+00i
      ghz1=  0.10000000E+01  0.00000000E+00i
      ghz4=  0.17613200E+01  0.00000000E+00i
      Lambda=  1000.0
    
    LHE output: workdir/HWW_a1a3.lhe
    Histogram output: workdir/HWW_a1a3.dat
    Log file: workdir/HWW_a1a3.log
    
  Running

  Input parameters for vegas:  ndim= 11   ncall= 99999999.
                              it=    0    itmx=    5
                              acc=-1.00    
                              mds=  0     nd=  50
                              (xl,xu)= (  0.00000     ,  1.00000     )
                                       (  0.00000     ,  1.00000     )
                                       (  0.00000     ,  1.00000     )
                                       (  0.00000     ,  1.00000     )
                                       (  0.00000     ,  1.00000     )
                                       (  0.00000     ,  1.00000     )
                                       (  0.00000     ,  1.00000     )
                                       (  0.00000     ,  1.00000     )
                                       (  0.00000     ,  1.00000     )
                                       (  0.00000     ,  1.00000     )
                                       (  0.00000     ,  1.00000     )

#********** Integration by Vegas (iteration       1) ************
#                                                               *
#  integral  =  633.58458       accum. integral =  633.58458    *
#  std. dev. =  4.7641614       accum. std. dev =  4.7641614    *
#   min/max. wt. =    0.00000            0.673559               *
#                                                               *
#*************   chi**2/iteration =  0.000       ****************


#********** Integration by Vegas (iteration       2) ************
#                                                               *
#  integral  =  624.82144       accum. integral =  624.86343    *
#  std. dev. = 0.32599519       accum. std. dev = 0.32750177    *
#   min/max. wt. =    0.00000            0.319451E-02           *
#                                                               *
#*************   chi**2/iteration =  3.411       ****************


#********** Integration by Vegas (iteration       3) ************
#                                                               *
#  integral  =  624.77817       accum. integral =  624.78343    *
#  std. dev. = 0.83379192E-01   accum. std. dev = 0.81149699E-01*
#   min/max. wt. =    0.00000            0.134292E-03           *
#                                                               *
#*************   chi**2/iteration =  1.746       ****************


#********** Integration by Vegas (iteration       4) ************
#                                                               *
#  integral  =  624.65086       accum. integral =  624.70498    *
#  std. dev. = 0.67073906E-01   accum. std. dev = 0.51787598E-01*
#   min/max. wt. =    0.00000            0.172430E-03           *
#                                                               *
#*************   chi**2/iteration =  1.695       ****************


#********** Integration by Vegas (iteration       5) ************
#                                                               *
#  integral  =  624.67659       accum. integral =  624.69406    *
#  std. dev. = 0.65237228E-01   accum. std. dev = 0.40588716E-01*
#   min/max. wt. =    0.00000            0.285237E-03           *
#                                                               *
#*************   chi**2/iteration =  1.302       ****************

 ****************************************************
 * Writing out vegas grid to workdir/HWW_a1a3.grid                                                   
 ****************************************************

  Input parameters for vegas:  ndim= 11   ncall= 99999999.
                              it=    0    itmx=    2
                              acc=-1.00    
                              mds=  0     nd=  50
                              (xl,xu)= (  0.00000     ,  1.00000     )
                                       (  0.00000     ,  1.00000     )
                                       (  0.00000     ,  1.00000     )
                                       (  0.00000     ,  1.00000     )
                                       (  0.00000     ,  1.00000     )
                                       (  0.00000     ,  1.00000     )
                                       (  0.00000     ,  1.00000     )
                                       (  0.00000     ,  1.00000     )
                                       (  0.00000     ,  1.00000     )
                                       (  0.00000     ,  1.00000     )
                                       (  0.00000     ,  1.00000     )

#********** Integration by Vegas (iteration       1) ************
#                                                               *
#  integral  =  624.70502       accum. integral =  624.70502    *
#  std. dev. = 0.65071558E-01   accum. std. dev = 0.65071558E-01*
#   min/max. wt. =    0.00000            0.254885E-03           *
#                                                               *
#*************   chi**2/iteration =  0.000       ****************


#********** Integration by Vegas (iteration       2) ************
#                                                               *
#  integral  =  624.73400       accum. integral =  624.71950    *
#  std. dev. = 0.65129513E-01   accum. std. dev = 0.46033017E-01*
#   min/max. wt. =    0.00000            0.279919E-03           *
#                                                               *
#*************   chi**2/iteration = 0.9895E-01   ****************

 Done
