SLURM job running in:  /work-zfs/lhc/heshy/JHUGen/xsecs/JHUGen_interference/JHUGenerator/xsecs
  ****************************************
 
       NNPDFDriver version 1.0.3
   Grid: ./pdfs/NNPDF30_lo_as_0130.LHgrid                                                                    
  ****************************************
 
  
  ***************************************************************************************
  *                                JHU Generator v7.0.2                                 *
  ***************************************************************************************
  *                                                                                     *
  *   Spin and parity determination of single-produced resonances at hadron colliders   *
  *                                                                                     *
  *          I. Anderson, S. Bolognesi, F. Caola, Y. Gao, A. Gritsan, Z. Guo,           *
  *        C. Martin, K. Melnikov, R. Rontsch, H. Roskes, U. Sarica, M. Schulze,        *
  *                   N. Tran, A. Whitbeck, M. Xiao, C. You, Y. Zhou                    *
  *              Phys.Rev. D81 (2010) 075022;  arXiv:1001.3396  [hep-ph],               *
  *              Phys.Rev. D86 (2012) 095031;  arXiv:1208.4018  [hep-ph],               *
  *              Phys.Rev. D89 (2014) 035007;  arXiv:1309.4819  [hep-ph],               *
  *              Phys.Rev. D94 (2016) 055023;  arXiv:1606.03107 [hep-ph].               *
  *                                                                                     *
  ***************************************************************************************
  
   
   Command line: /work-zfs/lhc/heshy/JHUGen/xsecs/JHUGen_interference/JHUGenerator/xsecs/../JHUGen Unweighted=0 VegasNc0=99999999 VegasNc1=99999999 VegasNc2=99999999 PDFSet=3 DataFile=workdir/HWW_a1a2 DecayMode1=11 DecayMode2=11 ghz1=1,0 ghz2=1.133582,0
   
   Input Parameter:
    Collider: P-P, sqrt(s)=13000.00
    Resonance: spin=0, mass= 125.00 width=   0.00407
    DecayMode1:11  DecayMode2:11
    W-boson: mass=80.399, width=2.0850
    Random seed:   295314847
    To reproduce results using this seed, JHUGen should be compiled with the same compiler:
      GNU Fortran (GCC) 4.9.3
    
    OffXVV: TTT
    WidthScheme:   2
    PChannel: 0
    PDFSet:   3
    Unweighted: F
    Interference: F
    
    spin-0-VV couplings: 
      generate_as=F
      ghg2=  0.10000000E+01  0.00000000E+00i
      ghz1=  0.10000000E+01  0.00000000E+00i
      ghz2=  0.11335820E+01  0.00000000E+00i
      Lambda=  1000.0
    
    LHE output: workdir/HWW_a1a2.lhe
    Histogram output: workdir/HWW_a1a2.dat
    Log file: workdir/HWW_a1a2.log
    
  Running

  Input parameters for vegas:  ndim= 11   ncall= 99999999.
                              it=    0    itmx=    5
                              acc=-1.00    
                              mds=  0     nd=  50
                              (xl,xu)= (  0.00000     ,  1.00000     )
                                       (  0.00000     ,  1.00000     )
                                       (  0.00000     ,  1.00000     )
                                       (  0.00000     ,  1.00000     )
                                       (  0.00000     ,  1.00000     )
                                       (  0.00000     ,  1.00000     )
                                       (  0.00000     ,  1.00000     )
                                       (  0.00000     ,  1.00000     )
                                       (  0.00000     ,  1.00000     )
                                       (  0.00000     ,  1.00000     )
                                       (  0.00000     ,  1.00000     )

#********** Integration by Vegas (iteration       1) ************
#                                                               *
#  integral  =  1156.1072       accum. integral =  1156.1072    *
#  std. dev. =  7.6230388       accum. std. dev =  7.6230388    *
#   min/max. wt. =    0.00000            0.627551               *
#                                                               *
#*************   chi**2/iteration =  0.000       ****************


#********** Integration by Vegas (iteration       2) ************
#                                                               *
#  integral  =  1149.8545       accum. integral =  1149.8900    *
#  std. dev. = 0.57307398       accum. std. dev = 0.57299974    *
#   min/max. wt. =    0.00000            0.560229E-02           *
#                                                               *
#*************   chi**2/iteration = 0.6719       ****************


#********** Integration by Vegas (iteration       3) ************
#                                                               *
#  integral  =  1149.8311       accum. integral =  1149.8353    *
#  std. dev. = 0.15876823       accum. std. dev = 0.15325334    *
#   min/max. wt. =    0.00000            0.186708E-03           *
#                                                               *
#*************   chi**2/iteration = 0.3417       ****************


#********** Integration by Vegas (iteration       4) ************
#                                                               *
#  integral  =  1149.7792       accum. integral =  1149.8018    *
#  std. dev. = 0.12573831       accum. std. dev = 0.97270736E-01*
#   min/max. wt. =    0.00000            0.238790E-03           *
#                                                               *
#*************   chi**2/iteration = 0.2547       ****************


#********** Integration by Vegas (iteration       5) ************
#                                                               *
#  integral  =  1149.7457       accum. integral =  1149.7799    *
#  std. dev. = 0.12152823       accum. std. dev = 0.75961745E-01*
#   min/max. wt. =    0.00000            0.299133E-03           *
#                                                               *
#*************   chi**2/iteration = 0.2237       ****************

 ****************************************************
 * Writing out vegas grid to workdir/HWW_a1a2.grid                                                   
 ****************************************************

  Input parameters for vegas:  ndim= 11   ncall= 99999999.
                              it=    0    itmx=    2
                              acc=-1.00    
                              mds=  0     nd=  50
                              (xl,xu)= (  0.00000     ,  1.00000     )
                                       (  0.00000     ,  1.00000     )
                                       (  0.00000     ,  1.00000     )
                                       (  0.00000     ,  1.00000     )
                                       (  0.00000     ,  1.00000     )
                                       (  0.00000     ,  1.00000     )
                                       (  0.00000     ,  1.00000     )
                                       (  0.00000     ,  1.00000     )
                                       (  0.00000     ,  1.00000     )
                                       (  0.00000     ,  1.00000     )
                                       (  0.00000     ,  1.00000     )

#********** Integration by Vegas (iteration       1) ************
#                                                               *
#  integral  =  1149.8068       accum. integral =  1149.8068    *
#  std. dev. = 0.12093853       accum. std. dev = 0.12093853    *
#   min/max. wt. =    0.00000            0.372568E-03           *
#                                                               *
#*************   chi**2/iteration =  0.000       ****************


#********** Integration by Vegas (iteration       2) ************
#                                                               *
#  integral  =  1150.0295       accum. integral =  1149.9181    *
#  std. dev. = 0.12104478       accum. std. dev = 0.85554000E-01*
#   min/max. wt. =    0.00000            0.466752E-03           *
#                                                               *
#*************   chi**2/iteration =  1.693       ****************

 Done
