SLURM job running in:  /work-zfs/lhc/heshy/JHUGen/xsecs/JHUGen_interference/JHUGenerator/xsecs
  ****************************************
 
       NNPDFDriver version 1.0.3
   Grid: ./pdfs/NNPDF30_lo_as_0130.LHgrid                                                                    
  ****************************************
 
  
  ***************************************************************************************
  *                                JHU Generator v7.0.2                                 *
  ***************************************************************************************
  *                                                                                     *
  *   Spin and parity determination of single-produced resonances at hadron colliders   *
  *                                                                                     *
  *          I. Anderson, S. Bolognesi, F. Caola, Y. Gao, A. Gritsan, Z. Guo,           *
  *        C. Martin, K. Melnikov, R. Rontsch, H. Roskes, U. Sarica, M. Schulze,        *
  *                   N. Tran, A. Whitbeck, M. Xiao, C. You, Y. Zhou                    *
  *              Phys.Rev. D81 (2010) 075022;  arXiv:1001.3396  [hep-ph],               *
  *              Phys.Rev. D86 (2012) 095031;  arXiv:1208.4018  [hep-ph],               *
  *              Phys.Rev. D89 (2014) 035007;  arXiv:1309.4819  [hep-ph],               *
  *              Phys.Rev. D94 (2016) 055023;  arXiv:1606.03107 [hep-ph].               *
  *                                                                                     *
  ***************************************************************************************
  
   
   Command line: /work-zfs/lhc/heshy/JHUGen/xsecs/JHUGen_interference/JHUGenerator/xsecs/../JHUGen Unweighted=0 VegasNc0=99999999 VegasNc1=99999999 VegasNc2=99999999 PDFSet=3 DataFile=workdir/HWW_L1 DecayMode1=11 DecayMode2=11 ghz1=0,0 ghz1_prime2=1,0
   
   Input Parameter:
    Collider: P-P, sqrt(s)=13000.00
    Resonance: spin=0, mass= 125.00 width=   0.00407
    DecayMode1:11  DecayMode2:11
    W-boson: mass=80.399, width=2.0850
    Random seed:   252171369
    To reproduce results using this seed, JHUGen should be compiled with the same compiler:
      GNU Fortran (GCC) 4.9.3
    
    OffXVV: TTT
    WidthScheme:   2
    PChannel: 0
    PDFSet:   3
    Unweighted: F
    Interference: F
    
    spin-0-VV couplings: 
      generate_as=F
      ghg2=  0.10000000E+01  0.00000000E+00i
      ghz1_prime2=  0.10000000E+01  0.00000000E+00i,    Lambda_z1=  1.0000E+04
      Lambda=  1000.0
    
    LHE output: workdir/HWW_L1.lhe
    Histogram output: workdir/HWW_L1.dat
    Log file: workdir/HWW_L1.log
    
  Running

  Input parameters for vegas:  ndim= 11   ncall= 99999999.
                              it=    0    itmx=    5
                              acc=-1.00    
                              mds=  0     nd=  50
                              (xl,xu)= (  0.00000     ,  1.00000     )
                                       (  0.00000     ,  1.00000     )
                                       (  0.00000     ,  1.00000     )
                                       (  0.00000     ,  1.00000     )
                                       (  0.00000     ,  1.00000     )
                                       (  0.00000     ,  1.00000     )
                                       (  0.00000     ,  1.00000     )
                                       (  0.00000     ,  1.00000     )
                                       (  0.00000     ,  1.00000     )
                                       (  0.00000     ,  1.00000     )
                                       (  0.00000     ,  1.00000     )

#********** Integration by Vegas (iteration       1) ************
#                                                               *
#  integral  = 0.16487669E-05   accum. integral = 0.16487669E-05*
#  std. dev. = 0.10457013E-07   accum. std. dev = 0.10457013E-07*
#   min/max. wt. =    0.00000            0.820503E-09           *
#                                                               *
#*************   chi**2/iteration = 0.3694E-08   ****************


#********** Integration by Vegas (iteration       2) ************
#                                                               *
#  integral  = 0.16456770E-05   accum. integral = 0.16456954E-05*
#  std. dev. = 0.80800713E-09   accum. std. dev = 0.80635342E-09*
#   min/max. wt. =    0.00000            0.650740E-11           *
#                                                               *
#*************   chi**2/iteration = 0.8687E-01   ****************


#********** Integration by Vegas (iteration       3) ************
#                                                               *
#  integral  = 0.16476697E-05   accum. integral = 0.16475449E-05*
#  std. dev. = 0.20946286E-09   accum. std. dev = 0.20270125E-09*
#   min/max. wt. =    0.00000            0.246824E-12           *
#                                                               *
#*************   chi**2/iteration =  2.850       ****************


#********** Integration by Vegas (iteration       4) ************
#                                                               *
#  integral  = 0.16474682E-05   accum. integral = 0.16474989E-05*
#  std. dev. = 0.16547466E-09   accum. std. dev = 0.12818286E-09*
#   min/max. wt. =    0.00000            0.333106E-12           *
#                                                               *
#*************   chi**2/iteration =  1.929       ****************


#********** Integration by Vegas (iteration       5) ************
#                                                               *
#  integral  = 0.16475152E-05   accum. integral = 0.16475053E-05*
#  std. dev. = 0.16006313E-09   accum. std. dev = 0.10005224E-09*
#   min/max. wt. =    0.00000            0.461824E-12           *
#                                                               *
#*************   chi**2/iteration =  1.448       ****************

 ****************************************************
 * Writing out vegas grid to workdir/HWW_L1.grid                                                     
 ****************************************************

  Input parameters for vegas:  ndim= 11   ncall= 99999999.
                              it=    0    itmx=    2
                              acc=-1.00    
                              mds=  0     nd=  50
                              (xl,xu)= (  0.00000     ,  1.00000     )
                                       (  0.00000     ,  1.00000     )
                                       (  0.00000     ,  1.00000     )
                                       (  0.00000     ,  1.00000     )
                                       (  0.00000     ,  1.00000     )
                                       (  0.00000     ,  1.00000     )
                                       (  0.00000     ,  1.00000     )
                                       (  0.00000     ,  1.00000     )
                                       (  0.00000     ,  1.00000     )
                                       (  0.00000     ,  1.00000     )
                                       (  0.00000     ,  1.00000     )

#********** Integration by Vegas (iteration       1) ************
#                                                               *
#  integral  = 0.16476277E-05   accum. integral = 0.16476277E-05*
#  std. dev. = 0.15979245E-09   accum. std. dev = 0.15979245E-09*
#   min/max. wt. =    0.00000            0.687002E-12           *
#                                                               *
#*************   chi**2/iteration = 0.1582E-04   ****************


#********** Integration by Vegas (iteration       2) ************
#                                                               *
#  integral  = 0.16474785E-05   accum. integral = 0.16475531E-05*
#  std. dev. = 0.15975157E-09   accum. std. dev = 0.11297587E-09*
#   min/max. wt. =    0.00000            0.837316E-12           *
#                                                               *
#*************   chi**2/iteration = 0.4357       ****************

 Done
