SLURM job running in:  /work-zfs/lhc/heshy/JHUGen/xsecs/JHUGen_interference/JHUGenerator/xsecs
  ****************************************
 
       NNPDFDriver version 1.0.3
   Grid: ./pdfs/NNPDF30_lo_as_0130.LHgrid                                                                    
  ****************************************
 
  
  ***************************************************************************************
  *                                JHU Generator v7.0.2                                 *
  ***************************************************************************************
  *                                                                                     *
  *   Spin and parity determination of single-produced resonances at hadron colliders   *
  *                                                                                     *
  *          I. Anderson, S. Bolognesi, F. Caola, Y. Gao, A. Gritsan, Z. Guo,           *
  *        C. Martin, K. Melnikov, R. Rontsch, H. Roskes, U. Sarica, M. Schulze,        *
  *                   N. Tran, A. Whitbeck, M. Xiao, C. You, Y. Zhou                    *
  *              Phys.Rev. D81 (2010) 075022;  arXiv:1001.3396  [hep-ph],               *
  *              Phys.Rev. D86 (2012) 095031;  arXiv:1208.4018  [hep-ph],               *
  *              Phys.Rev. D89 (2014) 035007;  arXiv:1309.4819  [hep-ph],               *
  *              Phys.Rev. D94 (2016) 055023;  arXiv:1606.03107 [hep-ph].               *
  *                                                                                     *
  ***************************************************************************************
  
   
   Command line: /work-zfs/lhc/heshy/JHUGen/xsecs/JHUGen_interference/JHUGenerator/xsecs/../JHUGen Unweighted=0 VegasNc0=99999999 VegasNc1=99999999 VegasNc2=99999999 PDFSet=3 DataFile=workdir/HWW_a1L1 DecayMode1=11 DecayMode2=11 ghz1=1,0 ghz1_prime2=-13752.22,0
   
   Input Parameter:
    Collider: P-P, sqrt(s)=13000.00
    Resonance: spin=0, mass= 125.00 width=   0.00407
    DecayMode1:11  DecayMode2:11
    W-boson: mass=80.399, width=2.0850
    Random seed:   413072004
    To reproduce results using this seed, JHUGen should be compiled with the same compiler:
      GNU Fortran (GCC) 4.9.3
    
    OffXVV: TTT
    WidthScheme:   2
    PChannel: 0
    PDFSet:   3
    Unweighted: F
    Interference: F
    
    spin-0-VV couplings: 
      generate_as=F
      ghg2=  0.10000000E+01  0.00000000E+00i
      ghz1=  0.10000000E+01  0.00000000E+00i
      ghz1_prime2= -0.13752220E+05  0.00000000E+00i,    Lambda_z1=  1.0000E+04
      Lambda=  1000.0
    
    LHE output: workdir/HWW_a1L1.lhe
    Histogram output: workdir/HWW_a1L1.dat
    Log file: workdir/HWW_a1L1.log
    
  Running

  Input parameters for vegas:  ndim= 11   ncall= 99999999.
                              it=    0    itmx=    5
                              acc=-1.00    
                              mds=  0     nd=  50
                              (xl,xu)= (  0.00000     ,  1.00000     )
                                       (  0.00000     ,  1.00000     )
                                       (  0.00000     ,  1.00000     )
                                       (  0.00000     ,  1.00000     )
                                       (  0.00000     ,  1.00000     )
                                       (  0.00000     ,  1.00000     )
                                       (  0.00000     ,  1.00000     )
                                       (  0.00000     ,  1.00000     )
                                       (  0.00000     ,  1.00000     )
                                       (  0.00000     ,  1.00000     )
                                       (  0.00000     ,  1.00000     )

#********** Integration by Vegas (iteration       1) ************
#                                                               *
#  integral  =  5.3864966       accum. integral =  5.3864966    *
#  std. dev. = 0.26034640       accum. std. dev = 0.26034640    *
#   min/max. wt. =    0.00000            0.113987               *
#                                                               *
#*************   chi**2/iteration =  0.000       ****************


#********** Integration by Vegas (iteration       2) ************
#                                                               *
#  integral  =  5.3506125       accum. integral =  5.3506636    *
#  std. dev. = 0.97705368E-02   accum. std. dev = 0.97963658E-02*
#   min/max. wt. =    0.00000            0.169800E-02           *
#                                                               *
#*************   chi**2/iteration = 0.1908E-01   ****************


#********** Integration by Vegas (iteration       3) ************
#                                                               *
#  integral  =  5.3573360       accum. integral =  5.3572503    *
#  std. dev. = 0.11151489E-02   accum. std. dev = 0.11095150E-02*
#   min/max. wt. =    0.00000            0.695162E-05           *
#                                                               *
#*************   chi**2/iteration = 0.2387       ****************


#********** Integration by Vegas (iteration       4) ************
#                                                               *
#  integral  =  5.3595641       accum. integral =  5.3587172    *
#  std. dev. = 0.84223781E-03   accum. std. dev = 0.67110084E-03*
#   min/max. wt. =    0.00000            0.284362E-05           *
#                                                               *
#*************   chi**2/iteration =  1.078       ****************


#********** Integration by Vegas (iteration       5) ************
#                                                               *
#  integral  =  5.3582131       accum. integral =  5.3585093    *
#  std. dev. = 0.80037070E-03   accum. std. dev = 0.51435634E-03*
#   min/max. wt. =    0.00000            0.341612E-05           *
#                                                               *
#*************   chi**2/iteration = 0.8674       ****************

 ****************************************************
 * Writing out vegas grid to workdir/HWW_a1L1.grid                                                   
 ****************************************************

  Input parameters for vegas:  ndim= 11   ncall= 99999999.
                              it=    0    itmx=    2
                              acc=-1.00    
                              mds=  0     nd=  50
                              (xl,xu)= (  0.00000     ,  1.00000     )
                                       (  0.00000     ,  1.00000     )
                                       (  0.00000     ,  1.00000     )
                                       (  0.00000     ,  1.00000     )
                                       (  0.00000     ,  1.00000     )
                                       (  0.00000     ,  1.00000     )
                                       (  0.00000     ,  1.00000     )
                                       (  0.00000     ,  1.00000     )
                                       (  0.00000     ,  1.00000     )
                                       (  0.00000     ,  1.00000     )
                                       (  0.00000     ,  1.00000     )

#********** Integration by Vegas (iteration       1) ************
#                                                               *
#  integral  =  5.3582394       accum. integral =  5.3582394    *
#  std. dev. = 0.79296799E-03   accum. std. dev = 0.79296799E-03*
#   min/max. wt. =    0.00000            0.322974E-05           *
#                                                               *
#*************   chi**2/iteration =  0.000       ****************


#********** Integration by Vegas (iteration       2) ************
#                                                               *
#  integral  =  5.3588623       accum. integral =  5.3585509    *
#  std. dev. = 0.79284970E-03   accum. std. dev = 0.56067121E-03*
#   min/max. wt. =    0.00000            0.327855E-05           *
#                                                               *
#*************   chi**2/iteration = 0.3083       ****************

 Done
