SLURM job running in:  /work-zfs/lhc/heshy/JHUGen/xsecs/JHUGen_interference/JHUGenerator/xsecs
  ****************************************
 
       NNPDFDriver version 1.0.3
   Grid: ./pdfs/NNPDF30_lo_as_0130.LHgrid                                                                    
  ****************************************
 
  
  ***************************************************************************************
  *                                JHU Generator v7.0.2                                 *
  ***************************************************************************************
  *                                                                                     *
  *   Spin and parity determination of single-produced resonances at hadron colliders   *
  *                                                                                     *
  *          I. Anderson, S. Bolognesi, F. Caola, Y. Gao, A. Gritsan, Z. Guo,           *
  *        C. Martin, K. Melnikov, R. Rontsch, H. Roskes, U. Sarica, M. Schulze,        *
  *                   N. Tran, A. Whitbeck, M. Xiao, C. You, Y. Zhou                    *
  *              Phys.Rev. D81 (2010) 075022;  arXiv:1001.3396  [hep-ph],               *
  *              Phys.Rev. D86 (2012) 095031;  arXiv:1208.4018  [hep-ph],               *
  *              Phys.Rev. D89 (2014) 035007;  arXiv:1309.4819  [hep-ph],               *
  *              Phys.Rev. D94 (2016) 055023;  arXiv:1606.03107 [hep-ph].               *
  *                                                                                     *
  ***************************************************************************************
  
   
   Command line: /work-zfs/lhc/heshy/JHUGen/xsecs/JHUGen_interference/JHUGenerator/xsecs/../JHUGen Unweighted=0 VegasNc0=99999999 VegasNc1=99999999 VegasNc2=99999999 PDFSet=3 DataFile=workdir/HZZ_a1L1 Interf=0 ghz1=1,0 ghz1_prime2=-12100.42,0
   
   Input Parameter:
    Collider: P-P, sqrt(s)=13000.00
    Resonance: spin=0, mass= 125.00 width=   0.00407
    DecayMode1: 0  DecayMode2: 0
    Z-boson: mass=91.188, width=2.4952
    Random seed:   439386263
    To reproduce results using this seed, JHUGen should be compiled with the same compiler:
      GNU Fortran (GCC) 4.9.3
    
    OffXVV: TTT
    WidthScheme:   2
    PChannel: 0
    PDFSet:   3
    Unweighted: F
    Interference: F
    Intermediate off-shell photons: F
    
    spin-0-VV couplings: 
      generate_as=F
      ghg2=  0.10000000E+01  0.00000000E+00i
      ghz1=  0.10000000E+01  0.00000000E+00i
      ghz1_prime2= -0.12100420E+05  0.00000000E+00i,    Lambda_z1=  1.0000E+04
      Lambda=  1000.0
    
    LHE output: workdir/HZZ_a1L1.lhe
    Histogram output: workdir/HZZ_a1L1.dat
    Log file: workdir/HZZ_a1L1.log
    
  Running

  Input parameters for vegas:  ndim= 11   ncall= 99999999.
                              it=    0    itmx=    5
                              acc=-1.00    
                              mds=  0     nd=  50
                              (xl,xu)= (  0.00000     ,  1.00000     )
                                       (  0.00000     ,  1.00000     )
                                       (  0.00000     ,  1.00000     )
                                       (  0.00000     ,  1.00000     )
                                       (  0.00000     ,  1.00000     )
                                       (  0.00000     ,  1.00000     )
                                       (  0.00000     ,  1.00000     )
                                       (  0.00000     ,  1.00000     )
                                       (  0.00000     ,  1.00000     )
                                       (  0.00000     ,  1.00000     )
                                       (  0.00000     ,  1.00000     )

#********** Integration by Vegas (iteration       1) ************
#                                                               *
#  integral  = 0.22104848       accum. integral = 0.22104848    *
#  std. dev. = 0.10523323E-01   accum. std. dev = 0.10523323E-01*
#   min/max. wt. =    0.00000            0.520296E-02           *
#                                                               *
#*************   chi**2/iteration =  0.000       ****************


#********** Integration by Vegas (iteration       2) ************
#                                                               *
#  integral  = 0.23735897       accum. integral = 0.23730775    *
#  std. dev. = 0.63425480E-03   accum. std. dev = 0.61188733E-03*
#   min/max. wt. =    0.00000            0.139184E-03           *
#                                                               *
#*************   chi**2/iteration =  2.222       ****************


#********** Integration by Vegas (iteration       3) ************
#                                                               *
#  integral  = 0.23733684       accum. integral = 0.23733666    *
#  std. dev. = 0.49965224E-04   accum. std. dev = 0.48699151E-04*
#   min/max. wt. =    0.00000            0.287825E-06           *
#                                                               *
#*************   chi**2/iteration =  1.087       ****************


#********** Integration by Vegas (iteration       4) ************
#                                                               *
#  integral  = 0.23727872       accum. integral = 0.23729656    *
#  std. dev. = 0.33213601E-04   accum. std. dev = 0.27175508E-04*
#   min/max. wt. =    0.00000            0.788922E-07           *
#                                                               *
#*************   chi**2/iteration =  1.039       ****************


#********** Integration by Vegas (iteration       5) ************
#                                                               *
#  integral  = 0.23727848       accum. integral = 0.23728863    *
#  std. dev. = 0.31248596E-04   accum. std. dev = 0.20426842E-04*
#   min/max. wt. =    0.00000            0.849659E-07           *
#                                                               *
#*************   chi**2/iteration = 0.8227       ****************

 ****************************************************
 * Writing out vegas grid to workdir/HZZ_a1L1.grid                                                   
 ****************************************************

  Input parameters for vegas:  ndim= 11   ncall= 99999999.
                              it=    0    itmx=    2
                              acc=-1.00    
                              mds=  0     nd=  50
                              (xl,xu)= (  0.00000     ,  1.00000     )
                                       (  0.00000     ,  1.00000     )
                                       (  0.00000     ,  1.00000     )
                                       (  0.00000     ,  1.00000     )
                                       (  0.00000     ,  1.00000     )
                                       (  0.00000     ,  1.00000     )
                                       (  0.00000     ,  1.00000     )
                                       (  0.00000     ,  1.00000     )
                                       (  0.00000     ,  1.00000     )
                                       (  0.00000     ,  1.00000     )
                                       (  0.00000     ,  1.00000     )

#********** Integration by Vegas (iteration       1) ************
#                                                               *
#  integral  = 0.23729160       accum. integral = 0.23729160    *
#  std. dev. = 0.31025527E-04   accum. std. dev = 0.31025527E-04*
#   min/max. wt. =    0.00000            0.121328E-06           *
#                                                               *
#*************   chi**2/iteration =  0.000       ****************


#********** Integration by Vegas (iteration       2) ************
#                                                               *
#  integral  = 0.23723044       accum. integral = 0.23726108    *
#  std. dev. = 0.31073120E-04   accum. std. dev = 0.21955163E-04*
#   min/max. wt. =    0.00000            0.893939E-07           *
#                                                               *
#*************   chi**2/iteration =  1.938       ****************

 Done
