SLURM job running in:  /work-zfs/lhc/heshy/JHUGen/xsecs/JHUGen_interference/JHUGenerator/xsecs
  ****************************************
 
       NNPDFDriver version 1.0.3
   Grid: ./pdfs/NNPDF30_lo_as_0130.LHgrid                                                                    
  ****************************************
 
  
  ***************************************************************************************
  *                                JHU Generator v7.0.2                                 *
  ***************************************************************************************
  *                                                                                     *
  *   Spin and parity determination of single-produced resonances at hadron colliders   *
  *                                                                                     *
  *          I. Anderson, S. Bolognesi, F. Caola, Y. Gao, A. Gritsan, Z. Guo,           *
  *        C. Martin, K. Melnikov, R. Rontsch, H. Roskes, U. Sarica, M. Schulze,        *
  *                   N. Tran, A. Whitbeck, M. Xiao, C. You, Y. Zhou                    *
  *              Phys.Rev. D81 (2010) 075022;  arXiv:1001.3396  [hep-ph],               *
  *              Phys.Rev. D86 (2012) 095031;  arXiv:1208.4018  [hep-ph],               *
  *              Phys.Rev. D89 (2014) 035007;  arXiv:1309.4819  [hep-ph],               *
  *              Phys.Rev. D94 (2016) 055023;  arXiv:1606.03107 [hep-ph].               *
  *                                                                                     *
  ***************************************************************************************
  
   
   Command line: /work-zfs/lhc/heshy/JHUGen/xsecs/JHUGen_interference/JHUGenerator/xsecs/../JHUGen Unweighted=0 VegasNc0=99999999 VegasNc1=99999999 VegasNc2=99999999 PDFSet=3 DataFile=workdir/HZZ_a2 Interf=0 ghz1=0,0 ghz2=1,0
   
   Input Parameter:
    Collider: P-P, sqrt(s)=13000.00
    Resonance: spin=0, mass= 125.00 width=   0.00407
    DecayMode1: 0  DecayMode2: 0
    Z-boson: mass=91.188, width=2.4952
    Random seed:   779204789
    To reproduce results using this seed, JHUGen should be compiled with the same compiler:
      GNU Fortran (GCC) 4.9.3
    
    OffXVV: TTT
    WidthScheme:   2
    PChannel: 0
    PDFSet:   3
    Unweighted: F
    Interference: F
    Intermediate off-shell photons: F
    
    spin-0-VV couplings: 
      generate_as=F
      ghg2=  0.10000000E+01  0.00000000E+00i
      ghz2=  0.10000000E+01  0.00000000E+00i
      Lambda=  1000.0
    
    LHE output: workdir/HZZ_a2.lhe
    Histogram output: workdir/HZZ_a2.dat
    Log file: workdir/HZZ_a2.log
    
  Running

  Input parameters for vegas:  ndim= 11   ncall= 99999999.
                              it=    0    itmx=    5
                              acc=-1.00    
                              mds=  0     nd=  50
                              (xl,xu)= (  0.00000     ,  1.00000     )
                                       (  0.00000     ,  1.00000     )
                                       (  0.00000     ,  1.00000     )
                                       (  0.00000     ,  1.00000     )
                                       (  0.00000     ,  1.00000     )
                                       (  0.00000     ,  1.00000     )
                                       (  0.00000     ,  1.00000     )
                                       (  0.00000     ,  1.00000     )
                                       (  0.00000     ,  1.00000     )
                                       (  0.00000     ,  1.00000     )
                                       (  0.00000     ,  1.00000     )

#********** Integration by Vegas (iteration       1) ************
#                                                               *
#  integral  =  2.5735824       accum. integral =  2.5735824    *
#  std. dev. = 0.19120225E-01   accum. std. dev = 0.19120225E-01*
#   min/max. wt. =    0.00000            0.318330E-02           *
#                                                               *
#*************   chi**2/iteration =  0.000       ****************


#********** Integration by Vegas (iteration       2) ************
#                                                               *
#  integral  =  2.5854458       accum. integral =  2.5853893    *
#  std. dev. = 0.13283497E-02   accum. std. dev = 0.13221479E-02*
#   min/max. wt. =    0.00000            0.161252E-04           *
#                                                               *
#*************   chi**2/iteration = 0.3810       ****************


#********** Integration by Vegas (iteration       3) ************
#                                                               *
#  integral  =  2.5847817       accum. integral =  2.5848063    *
#  std. dev. = 0.27180881E-03   accum. std. dev = 0.26590167E-03*
#   min/max. wt. =    0.00000            0.428437E-06           *
#                                                               *
#*************   chi**2/iteration = 0.2915       ****************


#********** Integration by Vegas (iteration       4) ************
#                                                               *
#  integral  =  2.5853413       accum. integral =  2.5851825    *
#  std. dev. = 0.17303486E-03   accum. std. dev = 0.14492716E-03*
#   min/max. wt. =    0.00000            0.344186E-06           *
#                                                               *
#*************   chi**2/iteration =  1.142       ****************


#********** Integration by Vegas (iteration       5) ************
#                                                               *
#  integral  =  2.5849588       accum. integral =  2.5850793    *
#  std. dev. = 0.15673989E-03   accum. std. dev = 0.10638166E-03*
#   min/max. wt. =    0.00000            0.588471E-06           *
#                                                               *
#*************   chi**2/iteration =  1.131       ****************

 ****************************************************
 * Writing out vegas grid to workdir/HZZ_a2.grid                                                     
 ****************************************************

  Input parameters for vegas:  ndim= 11   ncall= 99999999.
                              it=    0    itmx=    2
                              acc=-1.00    
                              mds=  0     nd=  50
                              (xl,xu)= (  0.00000     ,  1.00000     )
                                       (  0.00000     ,  1.00000     )
                                       (  0.00000     ,  1.00000     )
                                       (  0.00000     ,  1.00000     )
                                       (  0.00000     ,  1.00000     )
                                       (  0.00000     ,  1.00000     )
                                       (  0.00000     ,  1.00000     )
                                       (  0.00000     ,  1.00000     )
                                       (  0.00000     ,  1.00000     )
                                       (  0.00000     ,  1.00000     )
                                       (  0.00000     ,  1.00000     )

#********** Integration by Vegas (iteration       1) ************
#                                                               *
#  integral  =  2.5849319       accum. integral =  2.5849319    *
#  std. dev. = 0.15394970E-03   accum. std. dev = 0.15394970E-03*
#   min/max. wt. =    0.00000            0.507196E-06           *
#                                                               *
#*************   chi**2/iteration =  0.000       ****************


#********** Integration by Vegas (iteration       2) ************
#                                                               *
#  integral  =  2.5851324       accum. integral =  2.5850323    *
#  std. dev. = 0.15361956E-03   accum. std. dev = 0.10874196E-03*
#   min/max. wt. =    0.00000            0.562673E-06           *
#                                                               *
#*************   chi**2/iteration = 0.8488       ****************

 Done
