SLURM job running in:  /work-zfs/lhc/heshy/JHUGen/xsecs/JHUGen_interference/JHUGenerator/xsecs
  ****************************************
 
       NNPDFDriver version 1.0.3
   Grid: ./pdfs/NNPDF30_lo_as_0130.LHgrid                                                                    
  ****************************************
 
  
  ***************************************************************************************
  *                                JHU Generator v7.0.2                                 *
  ***************************************************************************************
  *                                                                                     *
  *   Spin and parity determination of single-produced resonances at hadron colliders   *
  *                                                                                     *
  *          I. Anderson, S. Bolognesi, F. Caola, Y. Gao, A. Gritsan, Z. Guo,           *
  *        C. Martin, K. Melnikov, R. Rontsch, H. Roskes, U. Sarica, M. Schulze,        *
  *                   N. Tran, A. Whitbeck, M. Xiao, C. You, Y. Zhou                    *
  *              Phys.Rev. D81 (2010) 075022;  arXiv:1001.3396  [hep-ph],               *
  *              Phys.Rev. D86 (2012) 095031;  arXiv:1208.4018  [hep-ph],               *
  *              Phys.Rev. D89 (2014) 035007;  arXiv:1309.4819  [hep-ph],               *
  *              Phys.Rev. D94 (2016) 055023;  arXiv:1606.03107 [hep-ph].               *
  *                                                                                     *
  ***************************************************************************************
  
   
   Command line: /work-zfs/lhc/heshy/JHUGen/xsecs/JHUGen_interference/JHUGenerator/xsecs/../JHUGen Unweighted=0 VegasNc0=99999999 VegasNc1=99999999 VegasNc2=99999999 PDFSet=3 DataFile=workdir/HZZ_L1Zg MPhotonCutoff=0 Interf=0 ghz1=0,0 ghzgs1_prime2=1,0
   
   Input Parameter:
    Collider: P-P, sqrt(s)=13000.00
    Resonance: spin=0, mass= 125.00 width=   0.00407
    DecayMode1: 0  DecayMode2: 0
    Z-boson: mass=91.188, width=2.4952
    Random seed:   426668653
    To reproduce results using this seed, JHUGen should be compiled with the same compiler:
      GNU Fortran (GCC) 4.9.3
    
    OffXVV: TTT
    WidthScheme:   2
    PChannel: 0
    PDFSet:   3
    Unweighted: F
    Interference: F
    Intermediate off-shell photons: T
    
    spin-0-VV couplings: 
      generate_as=F
      ghg2=  0.10000000E+01  0.00000000E+00i
      m(gammastar) >=     0.00 GeV
      ghzgs1_prime2=  0.10000000E+01  0.00000000E+00i,  Lambda_zgs1=  1.0000E+04
      Lambda=  1000.0
    
    LHE output: workdir/HZZ_L1Zg.lhe
    Histogram output: workdir/HZZ_L1Zg.dat
    Log file: workdir/HZZ_L1Zg.log
    
  Running

  Input parameters for vegas:  ndim= 11   ncall= 99999999.
                              it=    0    itmx=    5
                              acc=-1.00    
                              mds=  0     nd=  50
                              (xl,xu)= (  0.00000     ,  1.00000     )
                                       (  0.00000     ,  1.00000     )
                                       (  0.00000     ,  1.00000     )
                                       (  0.00000     ,  1.00000     )
                                       (  0.00000     ,  1.00000     )
                                       (  0.00000     ,  1.00000     )
                                       (  0.00000     ,  1.00000     )
                                       (  0.00000     ,  1.00000     )
                                       (  0.00000     ,  1.00000     )
                                       (  0.00000     ,  1.00000     )
                                       (  0.00000     ,  1.00000     )

#********** Integration by Vegas (iteration       1) ************
#                                                               *
#  integral  = 0.12184796E-06   accum. integral = 0.12184796E-06*
#  std. dev. = 0.11368324E-08   accum. std. dev = 0.11368324E-08*
#   min/max. wt. =    0.00000            0.452116E-09           *
#                                                               *
#*************   chi**2/iteration =  0.000       ****************


#********** Integration by Vegas (iteration       2) ************
#                                                               *
#  integral  = 0.12490241E-06   accum. integral = 0.12488592E-06*
#  std. dev. = 0.85861737E-10   accum. std. dev = 0.84589078E-10*
#   min/max. wt. =    0.00000            0.338712E-11           *
#                                                               *
#*************   chi**2/iteration =  6.995       ****************


#********** Integration by Vegas (iteration       3) ************
#                                                               *
#  integral  = 0.12489046E-06   accum. integral = 0.12489034E-06*
#  std. dev. = 0.14606659E-10   accum. std. dev = 0.14283136E-10*
#   min/max. wt. =    0.00000            0.500193E-13           *
#                                                               *
#*************   chi**2/iteration =  3.472       ****************


#********** Integration by Vegas (iteration       4) ************
#                                                               *
#  integral  = 0.12489799E-06   accum. integral = 0.12489595E-06*
#  std. dev. = 0.86725135E-11   accum. std. dev = 0.73841569E-11*
#   min/max. wt. =    0.00000            0.282025E-13           *
#                                                               *
#*************   chi**2/iteration =  2.376       ****************


#********** Integration by Vegas (iteration       5) ************
#                                                               *
#  integral  = 0.12488911E-06   accum. integral = 0.12489281E-06*
#  std. dev. = 0.80598376E-11   accum. std. dev = 0.54362290E-11*
#   min/max. wt. =    0.00000            0.354648E-13           *
#                                                               *
#*************   chi**2/iteration =  1.876       ****************

 ****************************************************
 * Writing out vegas grid to workdir/HZZ_L1Zg.grid                                                   
 ****************************************************

  Input parameters for vegas:  ndim= 11   ncall= 99999999.
                              it=    0    itmx=    2
                              acc=-1.00    
                              mds=  0     nd=  50
                              (xl,xu)= (  0.00000     ,  1.00000     )
                                       (  0.00000     ,  1.00000     )
                                       (  0.00000     ,  1.00000     )
                                       (  0.00000     ,  1.00000     )
                                       (  0.00000     ,  1.00000     )
                                       (  0.00000     ,  1.00000     )
                                       (  0.00000     ,  1.00000     )
                                       (  0.00000     ,  1.00000     )
                                       (  0.00000     ,  1.00000     )
                                       (  0.00000     ,  1.00000     )
                                       (  0.00000     ,  1.00000     )

#********** Integration by Vegas (iteration       1) ************
#                                                               *
#  integral  = 0.12488739E-06   accum. integral = 0.12488739E-06*
#  std. dev. = 0.79922765E-11   accum. std. dev = 0.79922765E-11*
#   min/max. wt. =    0.00000            0.391467E-13           *
#                                                               *
#*************   chi**2/iteration =  0.000       ****************


#********** Integration by Vegas (iteration       2) ************
#                                                               *
#  integral  = 0.12489496E-06   accum. integral = 0.12489117E-06*
#  std. dev. = 0.80074055E-11   accum. std. dev = 0.56567346E-11*
#   min/max. wt. =    0.00000            0.424505E-13           *
#                                                               *
#*************   chi**2/iteration = 0.4481       ****************

 Done
