SLURM job running in:  /work-zfs/lhc/heshy/JHUGen/xsecs/JHUGen_interference/JHUGenerator/xsecs
  ****************************************
 
       NNPDFDriver version 1.0.3
   Grid: ./pdfs/NNPDF30_lo_as_0130.LHgrid                                                                    
  ****************************************
 
  
  ***************************************************************************************
  *                                JHU Generator v7.0.2                                 *
  ***************************************************************************************
  *                                                                                     *
  *   Spin and parity determination of single-produced resonances at hadron colliders   *
  *                                                                                     *
  *          I. Anderson, S. Bolognesi, F. Caola, Y. Gao, A. Gritsan, Z. Guo,           *
  *        C. Martin, K. Melnikov, R. Rontsch, H. Roskes, U. Sarica, M. Schulze,        *
  *                   N. Tran, A. Whitbeck, M. Xiao, C. You, Y. Zhou                    *
  *              Phys.Rev. D81 (2010) 075022;  arXiv:1001.3396  [hep-ph],               *
  *              Phys.Rev. D86 (2012) 095031;  arXiv:1208.4018  [hep-ph],               *
  *              Phys.Rev. D89 (2014) 035007;  arXiv:1309.4819  [hep-ph],               *
  *              Phys.Rev. D94 (2016) 055023;  arXiv:1606.03107 [hep-ph].               *
  *                                                                                     *
  ***************************************************************************************
  
   
   Command line: /work-zfs/lhc/heshy/JHUGen/xsecs/JHUGen_interference/JHUGenerator/xsecs/../JHUGen Unweighted=0 VegasNc0=99999999 VegasNc1=99999999 VegasNc2=99999999 PDFSet=3 DataFile=workdir/HZZ_a2a3 Interf=0 ghz1=0,0 ghz2=1.65684,0 ghz4=2.55052,0
   
   Input Parameter:
    Collider: P-P, sqrt(s)=13000.00
    Resonance: spin=0, mass= 125.00 width=   0.00407
    DecayMode1: 0  DecayMode2: 0
    Z-boson: mass=91.188, width=2.4952
    Random seed:   221549670
    To reproduce results using this seed, JHUGen should be compiled with the same compiler:
      GNU Fortran (GCC) 4.9.3
    
    OffXVV: TTT
    WidthScheme:   2
    PChannel: 0
    PDFSet:   3
    Unweighted: F
    Interference: F
    Intermediate off-shell photons: F
    
    spin-0-VV couplings: 
      generate_as=F
      ghg2=  0.10000000E+01  0.00000000E+00i
      ghz2=  0.16568400E+01  0.00000000E+00i
      ghz4=  0.25505200E+01  0.00000000E+00i
      Lambda=  1000.0
    
    LHE output: workdir/HZZ_a2a3.lhe
    Histogram output: workdir/HZZ_a2a3.dat
    Log file: workdir/HZZ_a2a3.log
    
  Running

  Input parameters for vegas:  ndim= 11   ncall= 99999999.
                              it=    0    itmx=    5
                              acc=-1.00    
                              mds=  0     nd=  50
                              (xl,xu)= (  0.00000     ,  1.00000     )
                                       (  0.00000     ,  1.00000     )
                                       (  0.00000     ,  1.00000     )
                                       (  0.00000     ,  1.00000     )
                                       (  0.00000     ,  1.00000     )
                                       (  0.00000     ,  1.00000     )
                                       (  0.00000     ,  1.00000     )
                                       (  0.00000     ,  1.00000     )
                                       (  0.00000     ,  1.00000     )
                                       (  0.00000     ,  1.00000     )
                                       (  0.00000     ,  1.00000     )

#********** Integration by Vegas (iteration       1) ************
#                                                               *
#  integral  =  14.350455       accum. integral =  14.350455    *
#  std. dev. = 0.11734932       accum. std. dev = 0.11734932    *
#   min/max. wt. =    0.00000            0.248940E-01           *
#                                                               *
#*************   chi**2/iteration =  0.000       ****************


#********** Integration by Vegas (iteration       2) ************
#                                                               *
#  integral  =  14.221030       accum. integral =  14.221580    *
#  std. dev. = 0.75967068E-02   accum. std. dev = 0.76151230E-02*
#   min/max. wt. =    0.00000            0.103777E-03           *
#                                                               *
#*************   chi**2/iteration =  1.221       ****************


#********** Integration by Vegas (iteration       3) ************
#                                                               *
#  integral  =  14.225404       accum. integral =  14.225256    *
#  std. dev. = 0.15203273E-02   accum. std. dev = 0.14948900E-02*
#   min/max. wt. =    0.00000            0.272470E-05           *
#                                                               *
#*************   chi**2/iteration = 0.7340       ****************


#********** Integration by Vegas (iteration       4) ************
#                                                               *
#  integral  =  14.221469       accum. integral =  14.222626    *
#  std. dev. = 0.98827090E-03   accum. std. dev = 0.82554674E-03*
#   min/max. wt. =    0.00000            0.215474E-05           *
#                                                               *
#*************   chi**2/iteration =  1.978       ****************


#********** Integration by Vegas (iteration       5) ************
#                                                               *
#  integral  =  14.221234       accum. integral =  14.222002    *
#  std. dev. = 0.91346377E-03   accum. std. dev = 0.61283847E-03*
#   min/max. wt. =    0.00000            0.319566E-05           *
#                                                               *
#*************   chi**2/iteration =  1.804       ****************

 ****************************************************
 * Writing out vegas grid to workdir/HZZ_a2a3.grid                                                   
 ****************************************************

  Input parameters for vegas:  ndim= 11   ncall= 99999999.
                              it=    0    itmx=    2
                              acc=-1.00    
                              mds=  0     nd=  50
                              (xl,xu)= (  0.00000     ,  1.00000     )
                                       (  0.00000     ,  1.00000     )
                                       (  0.00000     ,  1.00000     )
                                       (  0.00000     ,  1.00000     )
                                       (  0.00000     ,  1.00000     )
                                       (  0.00000     ,  1.00000     )
                                       (  0.00000     ,  1.00000     )
                                       (  0.00000     ,  1.00000     )
                                       (  0.00000     ,  1.00000     )
                                       (  0.00000     ,  1.00000     )
                                       (  0.00000     ,  1.00000     )

#********** Integration by Vegas (iteration       1) ************
#                                                               *
#  integral  =  14.221570       accum. integral =  14.221570    *
#  std. dev. = 0.90203794E-03   accum. std. dev = 0.90203794E-03*
#   min/max. wt. =    0.00000            0.385539E-05           *
#                                                               *
#*************   chi**2/iteration =  0.000       ****************


#********** Integration by Vegas (iteration       2) ************
#                                                               *
#  integral  =  14.221733       accum. integral =  14.221651    *
#  std. dev. = 0.90145256E-03   accum. std. dev = 0.63763008E-03*
#   min/max. wt. =    0.00000            0.331638E-05           *
#                                                               *
#*************   chi**2/iteration = 0.1632E-01   ****************

 Done
