SLURM job running in:  /work-zfs/lhc/heshy/JHUGen/xsecs/JHUGen_interference/JHUGenerator/xsecs
LHAPDF 6.2.1 loading /work-zfs/lhc/cms9/slc6_amd64_gcc630/external/lhapdf/6.2.1-omkpbe3/share/LHAPDF/NNPDF30_lo_as_0130/NNPDF30_lo_as_0130_0000.dat
NNPDF30_lo_as_0130 PDF set, member #0, version 2; LHAPDF ID = 263000
 
  
  ***************************************************************************************
  *                                JHU Generator v7.1.5                                 *
  ***************************************************************************************
  *                                                                                     *
  *   Spin and parity determination of single-produced resonances at hadron colliders   *
  *                                                                                     *
  *              I. Anderson, S. Bolognesi, F. Caola, Y. Gao, A. Gritsan,               *
  *          Z. Guo, C. Martin, K. Melnikov, R. Rontsch, H. Roskes, U. Sarica,          *
  *                 M. Schulze, N. Tran, A. Whitbeck, M. Xiao, Y. Zhou                  *
  *              Phys.Rev. D81 (2010) 075022;  arXiv:1001.3396  [hep-ph],               *
  *              Phys.Rev. D86 (2012) 095031;  arXiv:1208.4018  [hep-ph],               *
  *              Phys.Rev. D89 (2014) 035007;  arXiv:1309.4819  [hep-ph],               *
  *              Phys.Rev. D94 (2016) 055023;  arXiv:1606.03107 [hep-ph].               *
  *                                                                                     *
  ***************************************************************************************
  
   
   Command line: /work-zfs/lhc/heshy/JHUGen/xsecs/JHUGen_interference/JHUGenerator/xsecs/../JHUGen Unweighted=0 VegasNc0=99999999 VegasNc1=99999999 VegasNc2=99999999 LHAPDF=NNPDF30_lo_as_0130/NNPDF30_lo_as_0130.info DataFile=workdir/ttH_a3_NNPDF30_lo_as_0130 MPhotonCutoff=0 Process=80 DecayMode1=11 DecayMode2=11 TopDK=1 kappa=0,0 kappa_tilde=1,0
   
   Input Parameter:
    Collider: P-P, sqrt(s)=13000.00
    Resonance: spin=0, mass= 125.00 width=   0.00407
    DecayMode1:11  DecayMode2:11
    W boson: mass=80.399, width=2.0850
    Top quark mass=173.2000, width=2.0000
    Top quark decay= 1
    Random seed:   220837330
    To reproduce results using this seed, JHUGen should be compiled with the same compiler:
      GNU Fortran (GCC) 6.3.0
    
    WidthScheme:   2
    PChannel: 2
    LHAPDF set NNPDF30_lo_as_0130/NNPDF30_lo_as_0130.info, member=  0
    Unweighted: F
    
      Lambda=  1000.0
    
    LHE output: workdir/ttH_a3_NNPDF30_lo_as_0130.lhe
    Histogram output: workdir/ttH_a3_NNPDF30_lo_as_0130.dat
    Log file: workdir/ttH_a3_NNPDF30_lo_as_0130.log
    
  Running

  Input parameters for vegas:  ndim= 16   ncall= 99999999.
                              it=    0    itmx=    5
                              acc=-1.00    
                              mds=  0     nd= 250
                              (xl,xu)= (  0.00000     ,  1.00000     )
                                       (  0.00000     ,  1.00000     )
                                       (  0.00000     ,  1.00000     )
                                       (  0.00000     ,  1.00000     )
                                       (  0.00000     ,  1.00000     )
                                       (  0.00000     ,  1.00000     )
                                       (  0.00000     ,  1.00000     )
                                       (  0.00000     ,  1.00000     )
                                       (  0.00000     ,  1.00000     )
                                       (  0.00000     ,  1.00000     )
                                       (  0.00000     ,  1.00000     )
                                       (  0.00000     ,  1.00000     )
                                       (  0.00000     ,  1.00000     )
                                       (  0.00000     ,  1.00000     )
                                       (  0.00000     ,  1.00000     )
                                       (  0.00000     ,  1.00000     )

#********** Integration by Vegas (iteration       1) ************
#                                                               *
#  integral  =  1.1672552       accum. integral =  1.1672552    *
#  std. dev. = 0.17986145E-02   accum. std. dev = 0.17986145E-02*
#   min/max. wt. =   0.112786E-33        0.433990E-04           *
#                                                               *
#*************   chi**2/iteration =  0.000       ****************


#********** Integration by Vegas (iteration       2) ************
#                                                               *
#  integral  =  1.1649618       accum. integral =  1.1649957    *
#  std. dev. = 0.21991050E-03   accum. std. dev = 0.21849359E-03*
#   min/max. wt. =   0.164100E-29        0.663127E-06           *
#                                                               *
#*************   chi**2/iteration =  1.603       ****************


#********** Integration by Vegas (iteration       3) ************
#                                                               *
#  integral  =  1.1646311       accum. integral =  1.1647587    *
#  std. dev. = 0.16008692E-03   accum. std. dev = 0.12918681E-03*
#   min/max. wt. =   0.962792E-26        0.747859E-05           *
#                                                               *
#*************   chi**2/iteration =  1.709       ****************


#********** Integration by Vegas (iteration       4) ************
#                                                               *
#  integral  =  1.1649717       accum. integral =  1.1648476    *
#  std. dev. = 0.15247479E-03   accum. std. dev = 0.98574489E-04*
#   min/max. wt. =   0.138726E-27        0.512717E-05           *
#                                                               *
#*************   chi**2/iteration =  1.518       ****************


#********** Integration by Vegas (iteration       5) ************
#                                                               *
#  integral  =  1.1650073       accum. integral =  1.1648953    *
#  std. dev. = 0.15114293E-03   accum. std. dev = 0.82569408E-04*
#   min/max. wt. =   0.636909E-26        0.575188E-05           *
#                                                               *
#*************   chi**2/iteration =  1.335       ****************

 ****************************************************
 * Writing out vegas grid to workdir/ttH_a3_NNPDF30_lo_as_0130.grid                                  
 ****************************************************

  Input parameters for vegas:  ndim= 16   ncall= 99999999.
                              it=    0    itmx=    2
                              acc=-1.00    
                              mds=  0     nd= 250
                              (xl,xu)= (  0.00000     ,  1.00000     )
                                       (  0.00000     ,  1.00000     )
                                       (  0.00000     ,  1.00000     )
                                       (  0.00000     ,  1.00000     )
                                       (  0.00000     ,  1.00000     )
                                       (  0.00000     ,  1.00000     )
                                       (  0.00000     ,  1.00000     )
                                       (  0.00000     ,  1.00000     )
                                       (  0.00000     ,  1.00000     )
                                       (  0.00000     ,  1.00000     )
                                       (  0.00000     ,  1.00000     )
                                       (  0.00000     ,  1.00000     )
                                       (  0.00000     ,  1.00000     )
                                       (  0.00000     ,  1.00000     )
                                       (  0.00000     ,  1.00000     )
                                       (  0.00000     ,  1.00000     )

#********** Integration by Vegas (iteration       1) ************
#                                                               *
#  integral  =  1.1650652       accum. integral =  1.1650652    *
#  std. dev. = 0.15074217E-03   accum. std. dev = 0.15074217E-03*
#   min/max. wt. =   0.108175E-28        0.722576E-05           *
#                                                               *
#*************   chi**2/iteration =  0.000       ****************


#********** Integration by Vegas (iteration       2) ************
#                                                               *
#  integral  =  1.1649045       accum. integral =  1.1649849    *
#  std. dev. = 0.15076739E-03   accum. std. dev = 0.10659973E-03*
#   min/max. wt. =   0.163965E-27        0.419516E-05           *
#                                                               *
#*************   chi**2/iteration = 0.5676       ****************

Thanks for using LHAPDF 6.2.1. Please make sure to cite the paper:
  Eur.Phys.J. C75 (2015) 3, 132  (http://arxiv.org/abs/1412.7420)
 Done
