SLURM job running in:  /work-zfs/lhc/heshy/JHUGen/xsecs/JHUGen_interference/JHUGenerator/xsecs
  ****************************************
 
       NNPDFDriver version 1.0.3
   Grid: ./pdfs/NNPDF30_lo_as_0130.LHgrid                                                                    
  ****************************************
 extending no. of histograms for vbf tests
 
  
  ***************************************************************************************
  *                                JHU Generator v7.0.2                                 *
  ***************************************************************************************
  *                                                                                     *
  *   Spin and parity determination of single-produced resonances at hadron colliders   *
  *                                                                                     *
  *          I. Anderson, S. Bolognesi, F. Caola, Y. Gao, A. Gritsan, Z. Guo,           *
  *        C. Martin, K. Melnikov, R. Rontsch, H. Roskes, U. Sarica, M. Schulze,        *
  *                   N. Tran, A. Whitbeck, M. Xiao, C. You, Y. Zhou                    *
  *              Phys.Rev. D81 (2010) 075022;  arXiv:1001.3396  [hep-ph],               *
  *              Phys.Rev. D86 (2012) 095031;  arXiv:1208.4018  [hep-ph],               *
  *              Phys.Rev. D89 (2014) 035007;  arXiv:1309.4819  [hep-ph],               *
  *              Phys.Rev. D94 (2016) 055023;  arXiv:1606.03107 [hep-ph].               *
  *                                                                                     *
  ***************************************************************************************
  
   
   Command line: /work-zfs/lhc/heshy/JHUGen/xsecs/JHUGen_interference/JHUGenerator/xsecs/../JHUGen Unweighted=0 VegasNc0=99999999 VegasNc1=99999999 VegasNc2=99999999 PDFSet=3 DataFile=workdir/VBF_a1L1Zg MPhotonCutoff=0 Process=60 deltaRcut=0 pTjetcut=1d-10 ghz1=1,0 ghzgs1_prime2=-4091.05145669,0
   
   Input Parameter:
    Collider: P-P, sqrt(s)=13000.00
    Resonance: spin=0, mass= 125.00 width=   0.00407
    Z-boson: mass=91.188, width=2.4952
    W-boson: mass=80.399, width=2.0850
    Jet cuts:
            pT >=     0.00 GeV
        DeltaR >=     0.00
           mJJ >=     0.00 GeV
    Random seed:   214692145
    To reproduce results using this seed, JHUGen should be compiled with the same compiler:
      GNU Fortran (GCC) 4.9.3
    
    WidthScheme:   2
    PDFSet:   3
    Unweighted: F
    Intermediate off-shell photons: T
    
    spin-0-VV couplings: 
      generate_as=F
      ghg2=  0.10000000E+01  0.00000000E+00i
      ghz1=  0.10000000E+01  0.00000000E+00i
      ghzgs1_prime2= -0.40910515E+04  0.00000000E+00i,  Lambda_zgs1=  1.0000E+04
      Lambda=  1000.0
    
    LHE output: workdir/VBF_a1L1Zg.lhe
    Histogram output: workdir/VBF_a1L1Zg.dat
    Log file: workdir/VBF_a1L1Zg.log
    
  Running

  Input parameters for vegas:  ndim=  9   ncall= 99999999.
                              it=    0    itmx=   15
                              acc=-1.00    
                              mds=  0     nd=  50
                              (xl,xu)= (  0.00000     ,  1.00000     )
                                       (  0.00000     ,  1.00000     )
                                       (  0.00000     ,  1.00000     )
                                       (  0.00000     ,  1.00000     )
                                       (  0.00000     ,  1.00000     )
                                       (  0.00000     ,  1.00000     )
                                       (  0.00000     ,  1.00000     )
                                       (  0.00000     ,  1.00000     )
                                       (  0.00000     ,  1.00000     )

#********** Integration by Vegas (iteration       1) ************
#                                                               *
#  integral  =  1205.1484       accum. integral =  1205.1484    *
#  std. dev. =  131.65655       accum. std. dev =  131.65655    *
#   min/max. wt. =    0.00000             127.218               *
#                                                               *
#*************   chi**2/iteration =  0.000       ****************


#********** Integration by Vegas (iteration       2) ************
#                                                               *
#  integral  =  1548.3607       accum. integral =  1412.6677    *
#  std. dev. =  136.78032       accum. std. dev =  95.302339    *
#   min/max. wt. =    0.00000             126.753               *
#                                                               *
#*************   chi**2/iteration =  3.097       ****************


#********** Integration by Vegas (iteration       3) ************
#                                                               *
#  integral  =  1538.8335       accum. integral =  1534.5917    *
#  std. dev. =  19.716200       accum. std. dev =  18.132741    *
#   min/max. wt. =    0.00000             10.5854               *
#                                                               *
#*************   chi**2/iteration =  2.225       ****************


#********** Integration by Vegas (iteration       4) ************
#                                                               *
#  integral  =  1572.8557       accum. integral =  1570.9663    *
#  std. dev. =  4.5150497       accum. std. dev =  4.1257163    *
#   min/max. wt. =    0.00000             1.94796               *
#                                                               *
#*************   chi**2/iteration =  2.761       ****************


#********** Integration by Vegas (iteration       5) ************
#                                                               *
#  integral  =  1574.2293       accum. integral =  1573.7555    *
#  std. dev. =  1.8160540       accum. std. dev =  1.5941444    *
#   min/max. wt. =    0.00000            0.243867               *
#                                                               *
#*************   chi**2/iteration =  2.144       ****************


#********** Integration by Vegas (iteration       6) ************
#                                                               *
#  integral  =  1573.9203       accum. integral =  1573.8652    *
#  std. dev. =  1.1890043       accum. std. dev = 0.92973045    *
#   min/max. wt. =    0.00000            0.943811E-01           *
#                                                               *
#*************   chi**2/iteration =  1.686       ****************


#********** Integration by Vegas (iteration       7) ************
#                                                               *
#  integral  =  1573.0022       accum. integral =  1573.4788    *
#  std. dev. =  1.0768659       accum. std. dev = 0.69521590    *
#   min/max. wt. =    0.00000            0.139727               *
#                                                               *
#*************   chi**2/iteration =  1.451       ****************


#********** Integration by Vegas (iteration       8) ************
#                                                               *
#  integral  =  1573.9308       accum. integral =  1573.6270    *
#  std. dev. =  1.0322183       accum. std. dev = 0.57262611    *
#   min/max. wt. =    0.00000            0.176072               *
#                                                               *
#*************   chi**2/iteration =  1.252       ****************


#********** Integration by Vegas (iteration       9) ************
#                                                               *
#  integral  =  1572.3157       accum. integral =  1573.2911    *
#  std. dev. =  1.0062863       accum. std. dev = 0.49561053    *
#   min/max. wt. =    0.00000            0.642704E-01           *
#                                                               *
#*************   chi**2/iteration =  1.254       ****************


#********** Integration by Vegas (iteration      10) ************
#                                                               *
#  integral  =  1572.9364       accum. integral =  1573.2179    *
#  std. dev. = 0.99883168       accum. std. dev = 0.44274442    *
#   min/max. wt. =    0.00000            0.789852E-01           *
#                                                               *
#*************   chi**2/iteration =  1.121       ****************


#********** Integration by Vegas (iteration      11) ************
#                                                               *
#  integral  =  1570.3403       accum. integral =  1572.7139    *
#  std. dev. = 0.98326029       accum. std. dev = 0.40296856    *
#   min/max. wt. =    0.00000            0.442092E-01           *
#                                                               *
#*************   chi**2/iteration =  1.741       ****************


#********** Integration by Vegas (iteration      12) ************
#                                                               *
#  integral  =  1572.4796       accum. integral =  1572.6790    *
#  std. dev. = 0.98556528       accum. std. dev = 0.37248763    *
#   min/max. wt. =    0.00000            0.508987E-01           *
#                                                               *
#*************   chi**2/iteration =  1.581       ****************


#********** Integration by Vegas (iteration      13) ************
#                                                               *
#  integral  =  1572.9113       accum. integral =  1572.7087    *
#  std. dev. = 0.99301845       accum. std. dev = 0.34841797    *
#   min/max. wt. =    0.00000            0.528361E-01           *
#                                                               *
#*************   chi**2/iteration =  1.449       ****************


#********** Integration by Vegas (iteration      14) ************
#                                                               *
#  integral  =  1573.9830       accum. integral =  1572.8517    *
#  std. dev. = 0.99950758       accum. std. dev = 0.32875762    *
#   min/max. wt. =    0.00000            0.664472E-01           *
#                                                               *
#*************   chi**2/iteration =  1.449       ****************


#********** Integration by Vegas (iteration      15) ************
#                                                               *
#  integral  =  1572.5161       accum. integral =  1572.8183    *
#  std. dev. =  1.0052986       accum. std. dev = 0.31230801    *
#   min/max. wt. =    0.00000            0.107829               *
#                                                               *
#*************   chi**2/iteration =  1.349       ****************

 ****************************************************
 * Writing out vegas grid to workdir/VBF_a1L1Zg.grid                                                 
 ****************************************************

  Input parameters for vegas:  ndim=  9   ncall= 99999999.
                              it=    0    itmx=    2
                              acc=-1.00    
                              mds=  0     nd=  50
                              (xl,xu)= (  0.00000     ,  1.00000     )
                                       (  0.00000     ,  1.00000     )
                                       (  0.00000     ,  1.00000     )
                                       (  0.00000     ,  1.00000     )
                                       (  0.00000     ,  1.00000     )
                                       (  0.00000     ,  1.00000     )
                                       (  0.00000     ,  1.00000     )
                                       (  0.00000     ,  1.00000     )
                                       (  0.00000     ,  1.00000     )

#********** Integration by Vegas (iteration       1) ************
#                                                               *
#  integral  =  1573.6758       accum. integral =  1573.6758    *
#  std. dev. = 0.99494348       accum. std. dev = 0.99494348    *
#   min/max. wt. =    0.00000            0.351279E-01           *
#                                                               *
#*************   chi**2/iteration =  0.000       ****************


#********** Integration by Vegas (iteration       2) ************
#                                                               *
#  integral  =  1575.5058       accum. integral =  1574.5833    *
#  std. dev. =  1.0042588       accum. std. dev = 0.70680555    *
#   min/max. wt. =    0.00000            0.500835E-01           *
#                                                               *
#*************   chi**2/iteration =  1.674       ****************

 Done
