SLURM job running in:  /tmp/tmp.E38AgVAl47
  ****************************************
 
       NNPDFDriver version 1.0.3
   Grid: ./pdfs/NNPDF30_lo_as_0130.LHgrid                                                                    
  ****************************************
 extending no. of histograms for vbf tests
 
  
  ***************************************************************************************
  *                                JHU Generator v7.0.2                                 *
  ***************************************************************************************
  *                                                                                     *
  *   Spin and parity determination of single-produced resonances at hadron colliders   *
  *                                                                                     *
  *          I. Anderson, S. Bolognesi, F. Caola, Y. Gao, A. Gritsan, Z. Guo,           *
  *        C. Martin, K. Melnikov, R. Rontsch, H. Roskes, U. Sarica, M. Schulze,        *
  *                   N. Tran, A. Whitbeck, M. Xiao, C. You, Y. Zhou                    *
  *              Phys.Rev. D81 (2010) 075022;  arXiv:1001.3396  [hep-ph],               *
  *              Phys.Rev. D86 (2012) 095031;  arXiv:1208.4018  [hep-ph],               *
  *              Phys.Rev. D89 (2014) 035007;  arXiv:1309.4819  [hep-ph],               *
  *              Phys.Rev. D94 (2016) 055023;  arXiv:1606.03107 [hep-ph].               *
  *                                                                                     *
  ***************************************************************************************
  
   
   Command line: /work-zfs/lhc/heshy/JHUGen/xsecs/JHUGen_interference/JHUGenerator/xsecs/../JHUGen Unweighted=0 VegasNc0=99999999 VegasNc1=99999999 VegasNc2=99999999 PDFSet=3 Process=60 deltaRcut=0 pTjetcut=0 ghz1=0,0 ghz2=1,0
   
   Input Parameter:
    Collider: P-P, sqrt(s)=13000.00
    Resonance: spin=0, mass= 125.00 width=   0.00407
    Z-boson: mass=91.188, width=2.4952
    W-boson: mass=80.399, width=2.0850
    Jet cuts:
            pT >=     0.00 GeV
        DeltaR >=     0.00
           mJJ >=     0.00 GeV
    Random seed:   900649040
    To reproduce results using this seed, JHUGen should be compiled with the same compiler:
      GNU Fortran (GCC) 4.9.3
    
    WidthScheme:   2
    PDFSet:   3
    Unweighted: F
    Intermediate off-shell photons: F
    
    spin-0-VV couplings: 
      generate_as=F
      ghg2=  0.10000000E+01  0.00000000E+00i
      ghz2=  0.10000000E+01  0.00000000E+00i
      Lambda=  1000.0
    
    LHE output: ./data/output.lhe
    Histogram output: ./data/output.dat
    Log file: ./data/output.log
    
  Running

  Input parameters for vegas:  ndim=  9   ncall= 99999999.
                              it=    0    itmx=   15
                              acc=-1.00    
                              mds=  0     nd=  50
                              (xl,xu)= (  0.00000     ,  1.00000     )
                                       (  0.00000     ,  1.00000     )
                                       (  0.00000     ,  1.00000     )
                                       (  0.00000     ,  1.00000     )
                                       (  0.00000     ,  1.00000     )
                                       (  0.00000     ,  1.00000     )
                                       (  0.00000     ,  1.00000     )
                                       (  0.00000     ,  1.00000     )
                                       (  0.00000     ,  1.00000     )

#********** Integration by Vegas (iteration       1) ************
#                                                               *
#  integral  =  11137.366       accum. integral =  11137.366    *
#  std. dev. =  603.96050       accum. std. dev =  603.96050    *
#   min/max. wt. =    0.00000             305.824               *
#                                                               *
#*************   chi**2/iteration =  0.000       ****************


#********** Integration by Vegas (iteration       1) ************
#                                                               *
#  integral  =  10827.855       accum. integral =  10827.855    *
#  std. dev. =  386.78566       accum. std. dev =  386.78566    *
#   min/max. wt. =    0.00000             173.703               *
#                                                               *
#*************   chi**2/iteration = -.9960E-10   ****************


#********** Integration by Vegas (iteration       2) ************
#                                                               *
#  integral  =  12762.638       accum. integral =  12638.758    *
#  std. dev. =  198.80159       accum. std. dev =  179.32188    *
#   min/max. wt. =    0.00000             101.222               *
#                                                               *
#*************   chi**2/iteration =  5.778       ****************


#********** Integration by Vegas (iteration       2) ************
#                                                               *
#  integral  =  13074.411       accum. integral =  12506.306    *
#  std. dev. =  271.71291       accum. std. dev =  215.62679    *
#   min/max. wt. =    0.00000             138.474               *
#                                                               *
#*************   chi**2/iteration =  20.49       ****************


#********** Integration by Vegas (iteration       3) ************
#                                                               *
#  integral  =  13074.032       accum. integral =  13035.540    *
#  std. dev. =  60.965981       accum. std. dev =  55.001694    *
#   min/max. wt. =    0.00000             45.6848               *
#                                                               *
#*************   chi**2/iteration =  5.240       ****************


#********** Integration by Vegas (iteration       3) ************
#                                                               *
#  integral  =  13071.295       accum. integral =  13056.688    *
#  std. dev. =  38.252577       accum. std. dev =  35.728867    *
#   min/max. wt. =    0.00000             15.7988               *
#                                                               *
#*************   chi**2/iteration =  12.80       ****************


#********** Integration by Vegas (iteration       4) ************
#                                                               *
#  integral  =  13119.736       accum. integral =  13111.887    *
#  std. dev. =  18.728607       accum. std. dev =  17.059471    *
#   min/max. wt. =    0.00000             3.81836               *
#                                                               *
#*************   chi**2/iteration =  4.072       ****************


#********** Integration by Vegas (iteration       4) ************
#                                                               *
#  integral  =  13107.270       accum. integral =  13101.751    *
#  std. dev. =  13.248878       accum. std. dev =  11.981467    *
#   min/max. wt. =    0.00000             5.33367               *
#                                                               *
#*************   chi**2/iteration =  8.857       ****************


#********** Integration by Vegas (iteration       5) ************
#                                                               *
#  integral  =  13116.921       accum. integral =  13116.329    *
#  std. dev. =  6.5098616       accum. std. dev =  5.9044630    *
#   min/max. wt. =    0.00000            0.458000               *
#                                                               *
#*************   chi**2/iteration =  3.018       ****************


#********** Integration by Vegas (iteration       5) ************
#                                                               *
#  integral  =  13104.590       accum. integral =  13103.993    *
#  std. dev. =  6.4519473       accum. std. dev =  5.5431381    *
#   min/max. wt. =    0.00000            0.782563               *
#                                                               *
#*************   chi**2/iteration =  6.538       ****************


#********** Integration by Vegas (iteration       6) ************
#                                                               *
#  integral  =  13100.653       accum. integral =  13107.278    *
#  std. dev. =  5.2252709       accum. std. dev =  3.8607727    *
#   min/max. wt. =    0.00000            0.487534               *
#                                                               *
#*************   chi**2/iteration =  3.191       ****************


#********** Integration by Vegas (iteration       6) ************
#                                                               *
#  integral  =  13095.929       accum. integral =  13099.491    *
#  std. dev. =  5.0968152       accum. std. dev =  3.7051181    *
#   min/max. wt. =    0.00000            0.238039               *
#                                                               *
#*************   chi**2/iteration =  5.405       ****************


#********** Integration by Vegas (iteration       7) ************
#                                                               *
#  integral  =  13104.720       accum. integral =  13106.254    *
#  std. dev. =  4.8593905       accum. std. dev =  3.0017548    *
#   min/max. wt. =    0.00000            0.401844               *
#                                                               *
#*************   chi**2/iteration =  2.666       ****************


#********** Integration by Vegas (iteration       7) ************
#                                                               *
#  integral  =  13108.486       accum. integral =  13102.920    *
#  std. dev. =  4.8562265       accum. std. dev =  2.9266415    *
#   min/max. wt. =  -0.509515E-15        0.589763               *
#                                                               *
#*************   chi**2/iteration =  4.839       ****************


#********** Integration by Vegas (iteration       8) ************
#                                                               *
#  integral  =  13102.934       accum. integral =  13105.289    *
#  std. dev. =  4.8050445       accum. std. dev =  2.5361692    *
#   min/max. wt. =    0.00000            0.878233               *
#                                                               *
#*************   chi**2/iteration =  2.322       ****************


#********** Integration by Vegas (iteration       8) ************
#                                                               *
#  integral  =  13105.980       accum. integral =  13103.788    *
#  std. dev. =  4.7640449       accum. std. dev =  2.4846372    *
#   min/max. wt. =    0.00000            0.684744               *
#                                                               *
#*************   chi**2/iteration =  4.166       ****************


#********** Integration by Vegas (iteration       9) ************
#                                                               *
#  integral  =  13104.062       accum. integral =  13105.000    *
#  std. dev. =  4.6672254       accum. std. dev =  2.2228613    *
#   min/max. wt. =  -0.547461E-08        0.138288               *
#                                                               *
#*************   chi**2/iteration =  2.029       ****************


#********** Integration by Vegas (iteration       9) ************
#                                                               *
#  integral  =  13104.754       accum. integral =  13104.008    *
#  std. dev. =  4.6647392       accum. std. dev =  2.1878585    *
#   min/max. wt. =  -0.107300E-13        0.210551               *
#                                                               *
#*************   chi**2/iteration =  3.633       ****************


#********** Integration by Vegas (iteration      10) ************
#                                                               *
#  integral  =  13107.753       accum. integral =  13105.536    *
#  std. dev. =  4.6086150       accum. std. dev =  1.9987295    *
#   min/max. wt. =    0.00000            0.133422               *
#                                                               *
#*************   chi**2/iteration =  1.829       ****************


#********** Integration by Vegas (iteration      10) ************
#                                                               *
#  integral  =  13106.948       accum. integral =  13104.564    *
#  std. dev. =  4.6156656       accum. std. dev =  1.9738809    *
#   min/max. wt. =    0.00000            0.268926               *
#                                                               *
#*************   chi**2/iteration =  3.255       ****************


#********** Integration by Vegas (iteration      11) ************
#                                                               *
#  integral  =  13097.645       accum. integral =  13104.252    *
#  std. dev. =  4.6087373       accum. std. dev =  1.8316795    *
#   min/max. wt. =  -0.182718E-05        0.191565               *
#                                                               *
#*************   chi**2/iteration =  1.894       ****************


#********** Integration by Vegas (iteration      11) ************
#                                                               *
#  integral  =  13109.706       accum. integral =  13105.377    *
#  std. dev. =  4.6346958       accum. std. dev =  1.8140828    *
#   min/max. wt. =    0.00000            0.321677               *
#                                                               *
#*************   chi**2/iteration =  3.027       ****************


#********** Integration by Vegas (iteration      12) ************
#                                                               *
#  integral  =  13098.295       accum. integral =  13103.418    *
#  std. dev. =  4.6071235       accum. std. dev =  1.7007366    *
#   min/max. wt. =    0.00000            0.228167               *
#                                                               *
#*************   chi**2/iteration =  1.852       ****************


#********** Integration by Vegas (iteration      12) ************
#                                                               *
#  integral  =  13098.749       accum. integral =  13104.470    *
#  std. dev. =  4.6236164       accum. std. dev =  1.6875032    *
#   min/max. wt. =    0.00000            0.122707               *
#                                                               *
#*************   chi**2/iteration =  2.910       ****************


#********** Integration by Vegas (iteration      13) ************
#                                                               *
#  integral  =  13109.790       accum. integral =  13104.188    *
#  std. dev. =  4.6553991       accum. std. dev =  1.5965208    *
#   min/max. wt. =    0.00000            0.477461               *
#                                                               *
#*************   chi**2/iteration =  1.835       ****************


#********** Integration by Vegas (iteration      13) ************
#                                                               *
#  integral  =  13104.027       accum. integral =  13104.417    *
#  std. dev. =  4.6589506       accum. std. dev =  1.5857696    *
#   min/max. wt. =  -0.627256E-05        0.285114               *
#                                                               *
#*************   chi**2/iteration =  2.663       ****************


#********** Integration by Vegas (iteration      14) ************
#                                                               *
#  integral  =  13095.221       accum. integral =  13103.215    *
#  std. dev. =  4.6343457       accum. std. dev =  1.5088169    *
#   min/max. wt. =    0.00000            0.135534               *
#                                                               *
#*************   chi**2/iteration =  1.954       ****************


#********** Integration by Vegas (iteration      14) ************
#                                                               *
#  integral  =  13110.785       accum. integral =  13105.088    *
#  std. dev. =  4.6815556       accum. std. dev =  1.5013136    *
#   min/max. wt. =  -0.439192E-06        0.298424               *
#                                                               *
#*************   chi**2/iteration =  2.584       ****************


#********** Integration by Vegas (iteration      15) ************
#                                                               *
#  integral  =  13105.522       accum. integral =  13103.438    *
#  std. dev. =  4.6765857       accum. std. dev =  1.4354479    *
#   min/max. wt. =  -0.767737E-06        0.210485               *
#                                                               *
#*************   chi**2/iteration =  1.827       ****************

 ****************************************************
 * Writing out vegas grid to ./data/output.grid                                                      
 ****************************************************

  Input parameters for vegas:  ndim=  9   ncall= 99999999.
                              it=    0    itmx=    2
                              acc=-1.00    
                              mds=  0     nd=  50
                              (xl,xu)= (  0.00000     ,  1.00000     )
                                       (  0.00000     ,  1.00000     )
                                       (  0.00000     ,  1.00000     )
                                       (  0.00000     ,  1.00000     )
                                       (  0.00000     ,  1.00000     )
                                       (  0.00000     ,  1.00000     )
                                       (  0.00000     ,  1.00000     )
                                       (  0.00000     ,  1.00000     )
                                       (  0.00000     ,  1.00000     )

#********** Integration by Vegas (iteration      15) ************
#                                                               *
#  integral  =  13105.526       accum. integral =  13105.130    *
#  std. dev. =  4.6956887       accum. std. dev =  1.4295566    *
#   min/max. wt. =    0.00000            0.153305               *
#                                                               *
#*************   chi**2/iteration =  2.396       ****************

 ****************************************************
 * Writing out vegas grid to ./data/output.grid                                                      
 ****************************************************

  Input parameters for vegas:  ndim=  9   ncall= 99999999.
                              it=    0    itmx=    2
                              acc=-1.00    
                              mds=  0     nd=  50
                              (xl,xu)= (  0.00000     ,  1.00000     )
                                       (  0.00000     ,  1.00000     )
                                       (  0.00000     ,  1.00000     )
                                       (  0.00000     ,  1.00000     )
                                       (  0.00000     ,  1.00000     )
                                       (  0.00000     ,  1.00000     )
                                       (  0.00000     ,  1.00000     )
                                       (  0.00000     ,  1.00000     )
                                       (  0.00000     ,  1.00000     )

#********** Integration by Vegas (iteration       1) ************
#                                                               *
#  integral  =  13097.769       accum. integral =  13097.769    *
#  std. dev. =  4.7086536       accum. std. dev =  4.7086536    *
#   min/max. wt. =    0.00000            0.252298               *
#                                                               *
#*************   chi**2/iteration = 0.1344E-05   ****************


#********** Integration by Vegas (iteration       1) ************
#                                                               *
#  integral  =  13099.386       accum. integral =  13099.386    *
#  std. dev. =  4.7402327       accum. std. dev =  4.7402327    *
#   min/max. wt. =  -0.315368E-11        0.334632               *
#                                                               *
#*************   chi**2/iteration =  0.000       ****************


#********** Integration by Vegas (iteration       2) ************
#                                                               *
#  integral  =  13097.893       accum. integral =  13097.831    *
#  std. dev. =  4.7265348       accum. std. dev =  3.3358250    *
#   min/max. wt. =    0.00000            0.120641               *
#                                                               *
#*************   chi**2/iteration = 0.3489E-03   ****************

 Done

#********** Integration by Vegas (iteration       2) ************
#                                                               *
#  integral  =  13093.267       accum. integral =  13096.358    *
#  std. dev. =  4.7867401       accum. std. dev =  3.3681655    *
#   min/max. wt. =    0.00000            0.204249               *
#                                                               *
#*************   chi**2/iteration = 0.8241       ****************

 Done
