SLURM job running in:  /tmp/tmp.0WD4CZ1IE1
  ****************************************
 
       NNPDFDriver version 1.0.3
   Grid: ./pdfs/NNPDF30_lo_as_0130.LHgrid                                                                    
  ****************************************
 extending no. of histograms for vbf tests
 
  
  ***************************************************************************************
  *                                JHU Generator v7.0.2                                 *
  ***************************************************************************************
  *                                                                                     *
  *   Spin and parity determination of single-produced resonances at hadron colliders   *
  *                                                                                     *
  *          I. Anderson, S. Bolognesi, F. Caola, Y. Gao, A. Gritsan, Z. Guo,           *
  *        C. Martin, K. Melnikov, R. Rontsch, H. Roskes, U. Sarica, M. Schulze,        *
  *                   N. Tran, A. Whitbeck, M. Xiao, C. You, Y. Zhou                    *
  *              Phys.Rev. D81 (2010) 075022;  arXiv:1001.3396  [hep-ph],               *
  *              Phys.Rev. D86 (2012) 095031;  arXiv:1208.4018  [hep-ph],               *
  *              Phys.Rev. D89 (2014) 035007;  arXiv:1309.4819  [hep-ph],               *
  *              Phys.Rev. D94 (2016) 055023;  arXiv:1606.03107 [hep-ph].               *
  *                                                                                     *
  ***************************************************************************************
  
   
   Command line: /work-zfs/lhc/heshy/JHUGen/xsecs/JHUGen_interference/JHUGenerator/xsecs/../JHUGen Unweighted=0 VegasNc0=99999999 VegasNc1=99999999 VegasNc2=99999999 PDFSet=3 Process=60 deltaRcut=0 pTjetcut=0 ghz1=0,0 ghz1_prime2=1,0
   
   Input Parameter:
    Collider: P-P, sqrt(s)=13000.00
    Resonance: spin=0, mass= 125.00 width=   0.00407
    Z-boson: mass=91.188, width=2.4952
    W-boson: mass=80.399, width=2.0850
    Jet cuts:
            pT >=     0.00 GeV
        DeltaR >=     0.00
           mJJ >=     0.00 GeV
    Random seed:   565228248
    To reproduce results using this seed, JHUGen should be compiled with the same compiler:
      GNU Fortran (GCC) 4.9.3
    
    WidthScheme:   2
    PDFSet:   3
    Unweighted: F
    Intermediate off-shell photons: F
    
    spin-0-VV couplings: 
      generate_as=F
      ghg2=  0.10000000E+01  0.00000000E+00i
      ghz1_prime2=  0.10000000E+01  0.00000000E+00i,    Lambda_z1=  1.0000E+04
      Lambda=  1000.0
    
    LHE output: ./data/output.lhe
    Histogram output: ./data/output.dat
    Log file: ./data/output.log
    
  Running

  Input parameters for vegas:  ndim=  9   ncall= 99999999.
                              it=    0    itmx=   15
                              acc=-1.00    
                              mds=  0     nd=  50
                              (xl,xu)= (  0.00000     ,  1.00000     )
                                       (  0.00000     ,  1.00000     )
                                       (  0.00000     ,  1.00000     )
                                       (  0.00000     ,  1.00000     )
                                       (  0.00000     ,  1.00000     )
                                       (  0.00000     ,  1.00000     )
                                       (  0.00000     ,  1.00000     )
                                       (  0.00000     ,  1.00000     )
                                       (  0.00000     ,  1.00000     )

#********** Integration by Vegas (iteration       1) ************
#                                                               *
#  integral  = 0.15946956E-03   accum. integral = 0.15946956E-03*
#  std. dev. = 0.20877308E-04   accum. std. dev = 0.20877308E-04*
#   min/max. wt. =    0.00000            0.202755E-04           *
#                                                               *
#*************   chi**2/iteration =  0.000       ****************


#********** Integration by Vegas (iteration       1) ************
#                                                               *
#  integral  = 0.16027719E-03   accum. integral = 0.16027719E-03*
#  std. dev. = 0.15210977E-04   accum. std. dev = 0.15210977E-04*
#   min/max. wt. =    0.00000            0.125234E-04           *
#                                                               *
#*************   chi**2/iteration =  0.000       ****************


#********** Integration by Vegas (iteration       2) ************
#                                                               *
#  integral  = 0.18435879E-03   accum. integral = 0.18299057E-03*
#  std. dev. = 0.58211845E-05   accum. std. dev = 0.52907387E-05*
#   min/max. wt. =    0.00000            0.328862E-05           *
#                                                               *
#*************   chi**2/iteration =  1.149       ****************


#********** Integration by Vegas (iteration       2) ************
#                                                               *
#  integral  = 0.19678283E-03   accum. integral = 0.18980890E-03*
#  std. dev. = 0.90754316E-05   accum. std. dev = 0.74441245E-05*
#   min/max. wt. =    0.00000            0.647384E-05           *
#                                                               *
#*************   chi**2/iteration =  3.713       ****************


#********** Integration by Vegas (iteration       3) ************
#                                                               *
#  integral  = 0.20637287E-03   accum. integral = 0.20411833E-03*
#  std. dev. = 0.20693051E-05   accum. std. dev = 0.17575696E-05*
#   min/max. wt. =    0.00000            0.113815E-05           *
#                                                               *
#*************   chi**2/iteration =  8.208       ****************


#********** Integration by Vegas (iteration       3) ************
#                                                               *
#  integral  = 0.20747052E-03   accum. integral = 0.20551088E-03*
#  std. dev. = 0.30402707E-05   accum. std. dev = 0.26150079E-05*
#   min/max. wt. =    0.00000            0.250296E-05           *
#                                                               *
#*************   chi**2/iteration =  3.919       ****************


#********** Integration by Vegas (iteration       4) ************
#                                                               *
#  integral  = 0.20852119E-03   accum. integral = 0.20834158E-03*
#  std. dev. = 0.40987956E-06   accum. std. dev = 0.36715340E-06*
#   min/max. wt. =    0.00000            0.104660E-06           *
#                                                               *
#*************   chi**2/iteration =  6.992       ****************


#********** Integration by Vegas (iteration       4) ************
#                                                               *
#  integral  = 0.20883950E-03   accum. integral = 0.20871717E-03*
#  std. dev. = 0.56363627E-06   accum. std. dev = 0.51477195E-06*
#   min/max. wt. =  -0.157540E-24        0.177175E-06           *
#                                                               *
#*************   chi**2/iteration =  2.971       ****************


#********** Integration by Vegas (iteration       5) ************
#                                                               *
#  integral  = 0.20821279E-03   accum. integral = 0.20822995E-03*
#  std. dev. = 0.15716809E-06   accum. std. dev = 0.13657373E-06*
#   min/max. wt. =  -0.358012E-14        0.156477E-07           *
#                                                               *
#*************   chi**2/iteration =  5.076       ****************


#********** Integration by Vegas (iteration       5) ************
#                                                               *
#  integral  = 0.20818548E-03   accum. integral = 0.20823378E-03*
#  std. dev. = 0.17430137E-06   accum. std. dev = 0.15741587E-06*
#   min/max. wt. =  -0.187916E-13        0.346386E-07           *
#                                                               *
#*************   chi**2/iteration =  2.400       ****************


#********** Integration by Vegas (iteration       6) ************
#                                                               *
#  integral  = 0.20821550E-03   accum. integral = 0.20822158E-03*
#  std. dev. = 0.12464159E-06   accum. std. dev = 0.89646232E-07*
#   min/max. wt. =    0.00000            0.489409E-08           *
#                                                               *
#*************   chi**2/iteration =  3.965       ****************


#********** Integration by Vegas (iteration       6) ************
#                                                               *
#  integral  = 0.20829543E-03   accum. integral = 0.20827267E-03*
#  std. dev. = 0.12720658E-06   accum. std. dev = 0.96563898E-07*
#   min/max. wt. =    0.00000            0.563473E-08           *
#                                                               *
#*************   chi**2/iteration =  1.903       ****************


#********** Integration by Vegas (iteration       7) ************
#                                                               *
#  integral  = 0.20835569E-03   accum. integral = 0.20827689E-03*
#  std. dev. = 0.11332722E-06   accum. std. dev = 0.69311373E-07*
#   min/max. wt. =    0.00000            0.625561E-08           *
#                                                               *
#*************   chi**2/iteration =  3.399       ****************


#********** Integration by Vegas (iteration       7) ************
#                                                               *
#  integral  = 0.20821431E-03   accum. integral = 0.20824656E-03*
#  std. dev. = 0.11226289E-06   accum. std. dev = 0.72268568E-07*
#   min/max. wt. =    0.00000            0.704911E-08           *
#                                                               *
#*************   chi**2/iteration =  1.592       ****************


#********** Integration by Vegas (iteration       8) ************
#                                                               *
#  integral  = 0.20835585E-03   accum. integral = 0.20830094E-03*
#  std. dev. = 0.10995951E-06   accum. std. dev = 0.58167312E-07*
#   min/max. wt. =    0.00000            0.999261E-08           *
#                                                               *
#*************   chi**2/iteration =  2.932       ****************


#********** Integration by Vegas (iteration       8) ************
#                                                               *
#  integral  = 0.20854485E-03   accum. integral = 0.20834360E-03*
#  std. dev. = 0.10829922E-06   accum. std. dev = 0.59667271E-07*
#   min/max. wt. =    0.00000            0.836124E-08           *
#                                                               *
#*************   chi**2/iteration =  2.134       ****************


#********** Integration by Vegas (iteration       9) ************
#                                                               *
#  integral  = 0.20834416E-03   accum. integral = 0.20831150E-03*
#  std. dev. = 0.10678861E-06   accum. std. dev = 0.50819641E-07*
#   min/max. wt. =  -0.709978E-15        0.322963E-08           *
#                                                               *
#*************   chi**2/iteration =  2.557       ****************


#********** Integration by Vegas (iteration       9) ************
#                                                               *
#  integral  = 0.20837101E-03   accum. integral = 0.20835058E-03*
#  std. dev. = 0.10555738E-06   accum. std. dev = 0.51708595E-07*
#   min/max. wt. =    0.00000            0.359613E-08           *
#                                                               *
#*************   chi**2/iteration =  1.859       ****************


#********** Integration by Vegas (iteration      10) ************
#                                                               *
#  integral  = 0.20824911E-03   accum. integral = 0.20829907E-03*
#  std. dev. = 0.10573092E-06   accum. std. dev = 0.45650929E-07*
#   min/max. wt. =  -0.967992E-14        0.424954E-08           *
#                                                               *
#*************   chi**2/iteration =  2.289       ****************


#********** Integration by Vegas (iteration      10) ************
#                                                               *
#  integral  = 0.20840444E-03   accum. integral = 0.20836152E-03*
#  std. dev. = 0.10558496E-06   accum. std. dev = 0.46305506E-07*
#   min/max. wt. =    0.00000            0.625756E-08           *
#                                                               *
#*************   chi**2/iteration =  1.667       ****************


#********** Integration by Vegas (iteration      11) ************
#                                                               *
#  integral  = 0.20852366E-03   accum. integral = 0.20833636E-03*
#  std. dev. = 0.10590463E-06   accum. std. dev = 0.41824351E-07*
#   min/max. wt. =  -0.598445E-15        0.643806E-08           *
#                                                               *
#*************   chi**2/iteration =  2.446       ****************


#********** Integration by Vegas (iteration      11) ************
#                                                               *
#  integral  = 0.20839994E-03   accum. integral = 0.20836799E-03*
#  std. dev. = 0.10569228E-06   accum. std. dev = 0.42331732E-07*
#   min/max. wt. =    0.00000            0.712293E-08           *
#                                                               *
#*************   chi**2/iteration =  1.504       ****************


#********** Integration by Vegas (iteration      12) ************
#                                                               *
#  integral  = 0.20840620E-03   accum. integral = 0.20834632E-03*
#  std. dev. = 0.10572388E-06   accum. std. dev = 0.38828057E-07*
#   min/max. wt. =    0.00000            0.409202E-08           *
#                                                               *
#*************   chi**2/iteration =  2.248       ****************


#********** Integration by Vegas (iteration      12) ************
#                                                               *
#  integral  = 0.20847139E-03   accum. integral = 0.20838293E-03*
#  std. dev. = 0.10562024E-06   accum. std. dev = 0.39238604E-07*
#   min/max. wt. =    0.00000            0.514365E-08           *
#                                                               *
#*************   chi**2/iteration =  1.440       ****************


#********** Integration by Vegas (iteration      13) ************
#                                                               *
#  integral  = 0.20820043E-03   accum. integral = 0.20832825E-03*
#  std. dev. = 0.10610203E-06   accum. std. dev = 0.36421589E-07*
#   min/max. wt. =  -0.325578E-12        0.450410E-08           *
#                                                               *
#*************   chi**2/iteration =  2.197       ****************


#********** Integration by Vegas (iteration      13) ************
#                                                               *
#  integral  = 0.20827424E-03   accum. integral = 0.20836914E-03*
#  std. dev. = 0.10521027E-06   accum. std. dev = 0.36728177E-07*
#   min/max. wt. =    0.00000            0.266024E-08           *
#                                                               *
#*************   chi**2/iteration =  1.396       ****************


#********** Integration by Vegas (iteration      14) ************
#                                                               *
#  integral  = 0.20826937E-03   accum. integral = 0.20832180E-03*
#  std. dev. = 0.10650904E-06   accum. std. dev = 0.34432741E-07*
#   min/max. wt. =    0.00000            0.579238E-08           *
#                                                               *
#*************   chi**2/iteration =  2.042       ****************


#********** Integration by Vegas (iteration      14) ************
#                                                               *
#  integral  = 0.20843079E-03   accum. integral = 0.20837598E-03*
#  std. dev. = 0.10610390E-06   accum. std. dev = 0.34681525E-07*
#   min/max. wt. =    0.00000            0.550131E-08           *
#                                                               *
#*************   chi**2/iteration =  1.309       ****************


#********** Integration by Vegas (iteration      15) ************
#                                                               *
#  integral  = 0.20857060E-03   accum. integral = 0.20834597E-03*
#  std. dev. = 0.10760970E-06   accum. std. dev = 0.32772932E-07*
#   min/max. wt. =    0.00000            0.589089E-08           *
#                                                               *
#*************   chi**2/iteration =  2.251       ****************

 ****************************************************
 * Writing out vegas grid to ./data/output.grid                                                      
 ****************************************************

  Input parameters for vegas:  ndim=  9   ncall= 99999999.
                              it=    0    itmx=    2
                              acc=-1.00    
                              mds=  0     nd=  50
                              (xl,xu)= (  0.00000     ,  1.00000     )
                                       (  0.00000     ,  1.00000     )
                                       (  0.00000     ,  1.00000     )
                                       (  0.00000     ,  1.00000     )
                                       (  0.00000     ,  1.00000     )
                                       (  0.00000     ,  1.00000     )
                                       (  0.00000     ,  1.00000     )
                                       (  0.00000     ,  1.00000     )
                                       (  0.00000     ,  1.00000     )

#********** Integration by Vegas (iteration      15) ************
#                                                               *
#  integral  = 0.20828716E-03   accum. integral = 0.20836720E-03*
#  std. dev. = 0.10667405E-06   accum. std. dev = 0.32964171E-07*
#   min/max. wt. =  -0.471368E-13        0.612301E-08           *
#                                                               *
#*************   chi**2/iteration =  1.259       ****************

 ****************************************************
 * Writing out vegas grid to ./data/output.grid                                                      
 ****************************************************

  Input parameters for vegas:  ndim=  9   ncall= 99999999.
                              it=    0    itmx=    2
                              acc=-1.00    
                              mds=  0     nd=  50
                              (xl,xu)= (  0.00000     ,  1.00000     )
                                       (  0.00000     ,  1.00000     )
                                       (  0.00000     ,  1.00000     )
                                       (  0.00000     ,  1.00000     )
                                       (  0.00000     ,  1.00000     )
                                       (  0.00000     ,  1.00000     )
                                       (  0.00000     ,  1.00000     )
                                       (  0.00000     ,  1.00000     )
                                       (  0.00000     ,  1.00000     )

#********** Integration by Vegas (iteration       1) ************
#                                                               *
#  integral  = 0.20835856E-03   accum. integral = 0.20835856E-03*
#  std. dev. = 0.10903790E-06   accum. std. dev = 0.10903790E-06*
#   min/max. wt. =  -0.101322E-11        0.146310E-07           *
#                                                               *
#*************   chi**2/iteration =  0.000       ****************


#********** Integration by Vegas (iteration       1) ************
#                                                               *
#  integral  = 0.20853810E-03   accum. integral = 0.20853810E-03*
#  std. dev. = 0.10791521E-06   accum. std. dev = 0.10791521E-06*
#   min/max. wt. =  -0.150898E-15        0.400881E-08           *
#                                                               *
#*************   chi**2/iteration =  0.000       ****************


#********** Integration by Vegas (iteration       2) ************
#                                                               *
#  integral  = 0.20822785E-03   accum. integral = 0.20829261E-03*
#  std. dev. = 0.10798134E-06   accum. std. dev = 0.76725395E-07*
#   min/max. wt. =    0.00000            0.330875E-08           *
#                                                               *
#*************   chi**2/iteration = 0.7247       ****************

 Done

#********** Integration by Vegas (iteration       2) ************
#                                                               *
#  integral  = 0.20825587E-03   accum. integral = 0.20839736E-03*
#  std. dev. = 0.10805048E-06   accum. std. dev = 0.76355291E-07*
#   min/max. wt. =    0.00000            0.544184E-08           *
#                                                               *
#*************   chi**2/iteration =  3.412       ****************

 Done
