SLURM job running in:  /work-zfs/lhc/heshy/JHUGen/xsecs/JHUGen_interference/JHUGenerator/xsecs
  ****************************************
 
       NNPDFDriver version 1.0.3
   Grid: ./pdfs/NNPDF30_lo_as_0130.LHgrid                                                                    
  ****************************************
 extending no. of histograms for vbf tests
 
  
  ***************************************************************************************
  *                                JHU Generator v7.0.2                                 *
  ***************************************************************************************
  *                                                                                     *
  *   Spin and parity determination of single-produced resonances at hadron colliders   *
  *                                                                                     *
  *          I. Anderson, S. Bolognesi, F. Caola, Y. Gao, A. Gritsan, Z. Guo,           *
  *        C. Martin, K. Melnikov, R. Rontsch, H. Roskes, U. Sarica, M. Schulze,        *
  *                   N. Tran, A. Whitbeck, M. Xiao, C. You, Y. Zhou                    *
  *              Phys.Rev. D81 (2010) 075022;  arXiv:1001.3396  [hep-ph],               *
  *              Phys.Rev. D86 (2012) 095031;  arXiv:1208.4018  [hep-ph],               *
  *              Phys.Rev. D89 (2014) 035007;  arXiv:1309.4819  [hep-ph],               *
  *              Phys.Rev. D94 (2016) 055023;  arXiv:1606.03107 [hep-ph].               *
  *                                                                                     *
  ***************************************************************************************
  
   
   Command line: /work-zfs/lhc/heshy/JHUGen/xsecs/JHUGen_interference/JHUGenerator/xsecs/../JHUGen Unweighted=0 VegasNc0=99999999 VegasNc1=99999999 VegasNc2=99999999 PDFSet=3 DataFile=workdir/VBF_a2L1Zg MPhotonCutoff=0 Process=60 deltaRcut=0 pTjetcut=1d-10 ghz1=0,0 ghz2=0.27196538,0 ghzgs1_prime2=-4091.05145669,0
   
   Input Parameter:
    Collider: P-P, sqrt(s)=13000.00
    Resonance: spin=0, mass= 125.00 width=   0.00407
    Z-boson: mass=91.188, width=2.4952
    W-boson: mass=80.399, width=2.0850
    Jet cuts:
            pT >=     0.00 GeV
        DeltaR >=     0.00
           mJJ >=     0.00 GeV
    Random seed:   214692143
    To reproduce results using this seed, JHUGen should be compiled with the same compiler:
      GNU Fortran (GCC) 4.9.3
    
    WidthScheme:   2
    PDFSet:   3
    Unweighted: F
    Intermediate off-shell photons: T
    
    spin-0-VV couplings: 
      generate_as=F
      ghg2=  0.10000000E+01  0.00000000E+00i
      ghz2=  0.27196538E+00  0.00000000E+00i
      ghzgs1_prime2= -0.40910515E+04  0.00000000E+00i,  Lambda_zgs1=  1.0000E+04
      Lambda=  1000.0
    
    LHE output: workdir/VBF_a2L1Zg.lhe
    Histogram output: workdir/VBF_a2L1Zg.dat
    Log file: workdir/VBF_a2L1Zg.log
    
  Running

  Input parameters for vegas:  ndim=  9   ncall= 99999999.
                              it=    0    itmx=   15
                              acc=-1.00    
                              mds=  0     nd=  50
                              (xl,xu)= (  0.00000     ,  1.00000     )
                                       (  0.00000     ,  1.00000     )
                                       (  0.00000     ,  1.00000     )
                                       (  0.00000     ,  1.00000     )
                                       (  0.00000     ,  1.00000     )
                                       (  0.00000     ,  1.00000     )
                                       (  0.00000     ,  1.00000     )
                                       (  0.00000     ,  1.00000     )
                                       (  0.00000     ,  1.00000     )

#********** Integration by Vegas (iteration       1) ************
#                                                               *
#  integral  =  1387.6149       accum. integral =  1387.6149    *
#  std. dev. =  135.75103       accum. std. dev =  135.75103    *
#   min/max. wt. =    0.00000             130.179               *
#                                                               *
#*************   chi**2/iteration =  0.000       ****************


#********** Integration by Vegas (iteration       2) ************
#                                                               *
#  integral  =  1611.7142       accum. integral =  1591.6316    *
#  std. dev. =  49.469695       accum. std. dev =  44.041978    *
#   min/max. wt. =    0.00000             31.6713               *
#                                                               *
#*************   chi**2/iteration =  2.110       ****************


#********** Integration by Vegas (iteration       3) ************
#                                                               *
#  integral  =  1783.4551       accum. integral =  1732.9980    *
#  std. dev. =  31.204269       accum. std. dev =  24.069451    *
#   min/max. wt. =    0.00000             23.0528               *
#                                                               *
#*************   chi**2/iteration =  7.083       ****************


#********** Integration by Vegas (iteration       4) ************
#                                                               *
#  integral  =  1743.5598       accum. integral =  1743.0889    *
#  std. dev. =  5.6570211       accum. std. dev =  5.1975313    *
#   min/max. wt. =    0.00000            0.973045               *
#                                                               *
#*************   chi**2/iteration =  4.574       ****************


#********** Integration by Vegas (iteration       5) ************
#                                                               *
#  integral  =  1738.5738       accum. integral =  1738.8423    *
#  std. dev. =  1.3864933       accum. std. dev =  1.2833234    *
#   min/max. wt. =    0.00000            0.413703               *
#                                                               *
#*************   chi**2/iteration =  3.520       ****************


#********** Integration by Vegas (iteration       6) ************
#                                                               *
#  integral  =  1740.0190       accum. integral =  1739.6024    *
#  std. dev. = 0.99636301       accum. std. dev = 0.76994323    *
#   min/max. wt. =    0.00000            0.446447E-01           *
#                                                               *
#*************   chi**2/iteration =  2.877       ****************


#********** Integration by Vegas (iteration       7) ************
#                                                               *
#  integral  =  1738.5162       accum. integral =  1739.0999    *
#  std. dev. = 0.86241744       accum. std. dev = 0.56765800    *
#   min/max. wt. =    0.00000            0.690902E-01           *
#                                                               *
#*************   chi**2/iteration =  2.522       ****************


#********** Integration by Vegas (iteration       8) ************
#                                                               *
#  integral  =  1739.8092       accum. integral =  1739.3312    *
#  std. dev. = 0.84388663       accum. std. dev = 0.46802409    *
#   min/max. wt. =    0.00000            0.119949               *
#                                                               *
#*************   chi**2/iteration =  2.215       ****************


#********** Integration by Vegas (iteration       9) ************
#                                                               *
#  integral  =  1739.2252       accum. integral =  1739.3039    *
#  std. dev. = 0.81815445       accum. std. dev = 0.40463767    *
#   min/max. wt. =    0.00000            0.452176E-01           *
#                                                               *
#*************   chi**2/iteration =  1.927       ****************


#********** Integration by Vegas (iteration      10) ************
#                                                               *
#  integral  =  1740.3868       accum. integral =  1739.5299    *
#  std. dev. = 0.80887854       accum. std. dev = 0.36091725    *
#   min/max. wt. =    0.00000            0.432381E-01           *
#                                                               *
#*************   chi**2/iteration =  1.869       ****************


#********** Integration by Vegas (iteration      11) ************
#                                                               *
#  integral  =  1741.1907       accum. integral =  1739.8156    *
#  std. dev. = 0.81093453       accum. std. dev = 0.32913590    *
#   min/max. wt. =    0.00000            0.274223E-01           *
#                                                               *
#*************   chi**2/iteration =  2.037       ****************


#********** Integration by Vegas (iteration      12) ************
#                                                               *
#  integral  =  1741.2639       accum. integral =  1740.0253    *
#  std. dev. = 0.81757095       accum. std. dev = 0.30494310    *
#   min/max. wt. =    0.00000            0.125306               *
#                                                               *
#*************   chi**2/iteration =  2.099       ****************


#********** Integration by Vegas (iteration      13) ************
#                                                               *
#  integral  =  1741.4248       accum. integral =  1740.2022    *
#  std. dev. = 0.81800110       accum. std. dev = 0.28547188    *
#   min/max. wt. =    0.00000            0.246763E-01           *
#                                                               *
#*************   chi**2/iteration =  2.139       ****************


#********** Integration by Vegas (iteration      14) ************
#                                                               *
#  integral  =  1740.1300       accum. integral =  1740.1940    *
#  std. dev. = 0.81358977       accum. std. dev = 0.26918613    *
#   min/max. wt. =    0.00000            0.494883E-01           *
#                                                               *
#*************   chi**2/iteration =  1.970       ****************


#********** Integration by Vegas (iteration      15) ************
#                                                               *
#  integral  =  1739.6315       accum. integral =  1740.1365    *
#  std. dev. = 0.81085656       accum. std. dev = 0.25533979    *
#   min/max. wt. =    0.00000            0.381263E-01           *
#                                                               *
#*************   chi**2/iteration =  1.857       ****************

 ****************************************************
 * Writing out vegas grid to workdir/VBF_a2L1Zg.grid                                                 
 ****************************************************

  Input parameters for vegas:  ndim=  9   ncall= 99999999.
                              it=    0    itmx=    2
                              acc=-1.00    
                              mds=  0     nd=  50
                              (xl,xu)= (  0.00000     ,  1.00000     )
                                       (  0.00000     ,  1.00000     )
                                       (  0.00000     ,  1.00000     )
                                       (  0.00000     ,  1.00000     )
                                       (  0.00000     ,  1.00000     )
                                       (  0.00000     ,  1.00000     )
                                       (  0.00000     ,  1.00000     )
                                       (  0.00000     ,  1.00000     )
                                       (  0.00000     ,  1.00000     )

#********** Integration by Vegas (iteration       1) ************
#                                                               *
#  integral  =  1739.6414       accum. integral =  1739.6414    *
#  std. dev. = 0.80914175       accum. std. dev = 0.80914175    *
#   min/max. wt. =    0.00000            0.343641E-01           *
#                                                               *
#*************   chi**2/iteration =  0.000       ****************


#********** Integration by Vegas (iteration       2) ************
#                                                               *
#  integral  =  1739.2182       accum. integral =  1739.4331    *
#  std. dev. = 0.82133499       accum. std. dev = 0.57641118    *
#   min/max. wt. =    0.00000            0.377227E-01           *
#                                                               *
#*************   chi**2/iteration = 0.1346       ****************

 Done
