SLURM job running in:  /work-zfs/lhc/heshy/JHUGen/xsecs/JHUGen_interference/JHUGenerator/xsecs
LHAPDF 6.2.1 loading /work-zfs/lhc/cms9/slc6_amd64_gcc630/external/lhapdf/6.2.1-omkpbe3/share/LHAPDF/NNPDF30_lo_as_0130/NNPDF30_lo_as_0130_0000.dat
NNPDF30_lo_as_0130 PDF set, member #0, version 2; LHAPDF ID = 263000
 
  
  ***************************************************************************************
  *                                JHU Generator v7.1.5                                 *
  ***************************************************************************************
  *                                                                                     *
  *   Spin and parity determination of single-produced resonances at hadron colliders   *
  *                                                                                     *
  *              I. Anderson, S. Bolognesi, F. Caola, Y. Gao, A. Gritsan,               *
  *          Z. Guo, C. Martin, K. Melnikov, R. Rontsch, H. Roskes, U. Sarica,          *
  *                 M. Schulze, N. Tran, A. Whitbeck, M. Xiao, Y. Zhou                  *
  *              Phys.Rev. D81 (2010) 075022;  arXiv:1001.3396  [hep-ph],               *
  *              Phys.Rev. D86 (2012) 095031;  arXiv:1208.4018  [hep-ph],               *
  *              Phys.Rev. D89 (2014) 035007;  arXiv:1309.4819  [hep-ph],               *
  *              Phys.Rev. D94 (2016) 055023;  arXiv:1606.03107 [hep-ph].               *
  *                                                                                     *
  ***************************************************************************************
  
   
   Command line: /work-zfs/lhc/heshy/JHUGen/xsecs/JHUGen_interference/JHUGenerator/xsecs/../JHUGen Unweighted=0 VegasNc0=99999999 VegasNc1=99999999 VegasNc2=99999999 LHAPDF=NNPDF30_lo_as_0130/NNPDF30_lo_as_0130.info DataFile=workdir/WH_a2a3_NNPDF30_lo_as_0130_26 MPhotonCutoff=0 Process=50 DecayMode1=11 ghz1=0,0 ghz2=0.0998956,0 ghz4=0.1236136,0
   
   Input Parameter:
    Collider: P-P, sqrt(s)=13000.00
    Resonance: spin=0, mass= 125.00 width=   0.00407
    DecayMode1:11
    W boson: mass=80.399, width=2.0850
    Jet cuts:
            pT >=     0.00 GeV
        DeltaR >=     0.00
           mJJ >=     0.00 GeV
    Random seed:   599840055
    To reproduce results using this seed, JHUGen should be compiled with the same compiler:
      GNU Fortran (GCC) 6.3.0
    
    WidthScheme:   2
    LHAPDF set NNPDF30_lo_as_0130/NNPDF30_lo_as_0130.info, member=  0
    Unweighted: F
    
    spin-0-VV couplings: 
      generate_as=F
      ghg2=  0.10000000E+01  0.00000000E+00i
      ghz2=  0.99895600E-01  0.00000000E+00i
      ghz4=  0.12361360E+00  0.00000000E+00i
      Lambda=  1000.0
    
    LHE output: workdir/WH_a2a3_NNPDF30_lo_as_0130_26.lhe
    Histogram output: workdir/WH_a2a3_NNPDF30_lo_as_0130_26.dat
    Log file: workdir/WH_a2a3_NNPDF30_lo_as_0130_26.log
    
  Running

  Input parameters for vegas:  ndim= 19   ncall= 99999999.
                              it=    0    itmx=    5
                              acc=-1.00    
                              mds=  0     nd= 250
                              (xl,xu)= (  0.00000     ,  1.00000     )
                                       (  0.00000     ,  1.00000     )
                                       (  0.00000     ,  1.00000     )
                                       (  0.00000     ,  1.00000     )
                                       (  0.00000     ,  1.00000     )
                                       (  0.00000     ,  1.00000     )
                                       (  0.00000     ,  1.00000     )
                                       (  0.00000     ,  1.00000     )
                                       (  0.00000     ,  1.00000     )
                                       (  0.00000     ,  1.00000     )
                                       (  0.00000     ,  1.00000     )
                                       (  0.00000     ,  1.00000     )
                                       (  0.00000     ,  1.00000     )
                                       (  0.00000     ,  1.00000     )
                                       (  0.00000     ,  1.00000     )
                                       (  0.00000     ,  1.00000     )
                                       (  0.00000     ,  1.00000     )
                                       (  0.00000     ,  1.00000     )
                                       (  0.00000     ,  1.00000     )

#********** Integration by Vegas (iteration       1) ************
#                                                               *
#  integral  =  29625176.       accum. integral =  29625176.    *
#  std. dev. =  10158.945       accum. std. dev =  10158.945    *
#   min/max. wt. =   0.713629E-25         559.854               *
#                                                               *
#*************   chi**2/iteration =  0.000       ****************


#********** Integration by Vegas (iteration       2) ************
#                                                               *
#  integral  =  29632748.       accum. integral =  29631035.    *
#  std. dev. =  5493.2369       accum. std. dev =  4831.7171    *
#   min/max. wt. =   0.180484E-19         131.078               *
#                                                               *
#*************   chi**2/iteration = 0.4293       ****************


#********** Integration by Vegas (iteration       3) ************
#                                                               *
#  integral  =  29626797.       accum. integral =  29628856.    *
#  std. dev. =  4696.2837       accum. std. dev =  3367.6807    *
#   min/max. wt. =   0.484697E-22         69.3853               *
#                                                               *
#*************   chi**2/iteration = 0.4124       ****************


#********** Integration by Vegas (iteration       4) ************
#                                                               *
#  integral  =  29633723.       accum. integral =  29630602.    *
#  std. dev. =  4503.7193       accum. std. dev =  2696.9933    *
#   min/max. wt. =   0.706419E-21         89.5874               *
#                                                               *
#*************   chi**2/iteration = 0.5246       ****************


#********** Integration by Vegas (iteration       5) ************
#                                                               *
#  integral  =  29636580.       accum. integral =  29632205.    *
#  std. dev. =  4455.7000       accum. std. dev =  2307.2130    *
#   min/max. wt. =   0.230884E-18         101.198               *
#                                                               *
#*************   chi**2/iteration = 0.7227       ****************


  Input parameters for vegas:  ndim= 19   ncall= 99999999.
                              it=    0    itmx=    1
                              acc=-1.00    
                              mds=  0     nd= 250
                              (xl,xu)= (  0.00000     ,  1.00000     )
                                       (  0.00000     ,  1.00000     )
                                       (  0.00000     ,  1.00000     )
                                       (  0.00000     ,  1.00000     )
                                       (  0.00000     ,  1.00000     )
                                       (  0.00000     ,  1.00000     )
                                       (  0.00000     ,  1.00000     )
                                       (  0.00000     ,  1.00000     )
                                       (  0.00000     ,  1.00000     )
                                       (  0.00000     ,  1.00000     )
                                       (  0.00000     ,  1.00000     )
                                       (  0.00000     ,  1.00000     )
                                       (  0.00000     ,  1.00000     )
                                       (  0.00000     ,  1.00000     )
                                       (  0.00000     ,  1.00000     )
                                       (  0.00000     ,  1.00000     )
                                       (  0.00000     ,  1.00000     )
                                       (  0.00000     ,  1.00000     )
                                       (  0.00000     ,  1.00000     )

#********** Integration by Vegas (iteration       1) ************
#                                                               *
#  integral  =  29629086.       accum. integral =  29629086.    *
#  std. dev. =  4448.8072       accum. std. dev =  4448.8072    *
#   min/max. wt. =   0.155426E-17         106.201               *
#                                                               *
#*************   chi**2/iteration = -.6316E-05   ****************

Thanks for using LHAPDF 6.2.1. Please make sure to cite the paper:
  Eur.Phys.J. C75 (2015) 3, 132  (http://arxiv.org/abs/1412.7420)
 Done
