SLURM job running in:  /work-zfs/lhc/heshy/JHUGen/xsecs/JHUGen_interference/JHUGenerator/xsecs
  ****************************************
 
       NNPDFDriver version 1.0.3
   Grid: ./pdfs/NNPDF30_lo_as_0130.LHgrid                                                                    
  ****************************************
 
  
  ***************************************************************************************
  *                                JHU Generator v7.0.2                                 *
  ***************************************************************************************
  *                                                                                     *
  *   Spin and parity determination of single-produced resonances at hadron colliders   *
  *                                                                                     *
  *          I. Anderson, S. Bolognesi, F. Caola, Y. Gao, A. Gritsan, Z. Guo,           *
  *        C. Martin, K. Melnikov, R. Rontsch, H. Roskes, U. Sarica, M. Schulze,        *
  *                   N. Tran, A. Whitbeck, M. Xiao, C. You, Y. Zhou                    *
  *              Phys.Rev. D81 (2010) 075022;  arXiv:1001.3396  [hep-ph],               *
  *              Phys.Rev. D86 (2012) 095031;  arXiv:1208.4018  [hep-ph],               *
  *              Phys.Rev. D89 (2014) 035007;  arXiv:1309.4819  [hep-ph],               *
  *              Phys.Rev. D94 (2016) 055023;  arXiv:1606.03107 [hep-ph].               *
  *                                                                                     *
  ***************************************************************************************
  
   
   Command line: /work-zfs/lhc/heshy/JHUGen/xsecs/JHUGen_interference/JHUGenerator/xsecs/../JHUGen Unweighted=0 VegasNc0=99999999 VegasNc1=99999999 VegasNc2=99999999 PDFSet=3 DataFile=workdir/WH_a1a2_12 MPhotonCutoff=0 Process=50 DecayMode1=11 ghz1=1,0 ghz2=0.0998956,0
   
   Input Parameter:
    Collider: P-P, sqrt(s)=13000.00
    Resonance: spin=0, mass= 125.00 width=   0.00407
    DecayMode1:11
    W-boson: mass=80.399, width=2.0850
    Jet cuts:
            pT >=     0.00 GeV
        DeltaR >=     0.00
           mJJ >=     0.00 GeV
    Random seed:   205065429
    To reproduce results using this seed, JHUGen should be compiled with the same compiler:
      GNU Fortran (GCC) 4.9.3
    
    WidthScheme:   2
    PDFSet:   3
    Unweighted: F
    
    spin-0-VV couplings: 
      generate_as=F
      ghg2=  0.10000000E+01  0.00000000E+00i
      ghz1=  0.10000000E+01  0.00000000E+00i
      ghz2=  0.99895600E-01  0.00000000E+00i
      Lambda=  1000.0
    
    LHE output: workdir/WH_a1a2_12.lhe
    Histogram output: workdir/WH_a1a2_12.dat
    Log file: workdir/WH_a1a2_12.log
    
  Running

  Input parameters for vegas:  ndim= 19   ncall= 99999999.
                              it=    0    itmx=    5
                              acc=-1.00    
                              mds=  0     nd=  50
                              (xl,xu)= (  0.00000     ,  1.00000     )
                                       (  0.00000     ,  1.00000     )
                                       (  0.00000     ,  1.00000     )
                                       (  0.00000     ,  1.00000     )
                                       (  0.00000     ,  1.00000     )
                                       (  0.00000     ,  1.00000     )
                                       (  0.00000     ,  1.00000     )
                                       (  0.00000     ,  1.00000     )
                                       (  0.00000     ,  1.00000     )
                                       (  0.00000     ,  1.00000     )
                                       (  0.00000     ,  1.00000     )
                                       (  0.00000     ,  1.00000     )
                                       (  0.00000     ,  1.00000     )
                                       (  0.00000     ,  1.00000     )
                                       (  0.00000     ,  1.00000     )
                                       (  0.00000     ,  1.00000     )
                                       (  0.00000     ,  1.00000     )
                                       (  0.00000     ,  1.00000     )
                                       (  0.00000     ,  1.00000     )

#********** Integration by Vegas (iteration       1) ************
#                                                               *
#  integral  =  7882437.1       accum. integral =  7882437.1    *
#  std. dev. =  3648.5971       accum. std. dev =  3648.5971    *
#   min/max. wt. =    0.00000             576.885               *
#                                                               *
#*************   chi**2/iteration = 0.5869E-06   ****************


#********** Integration by Vegas (iteration       2) ************
#                                                               *
#  integral  =  7880679.5       accum. integral =  7880999.4    *
#  std. dev. =  1720.8277       accum. std. dev =  1556.5157    *
#   min/max. wt. =    0.00000             100.005               *
#                                                               *
#*************   chi**2/iteration = 0.1897       ****************


#********** Integration by Vegas (iteration       3) ************
#                                                               *
#  integral  =  7880753.1       accum. integral =  7880866.7    *
#  std. dev. =  1440.2578       accum. std. dev =  1057.1519    *
#   min/max. wt. =    0.00000             40.4423               *
#                                                               *
#*************   chi**2/iteration = 0.1016       ****************


#********** Integration by Vegas (iteration       4) ************
#                                                               *
#  integral  =  7877098.0       accum. integral =  7879476.3    *
#  std. dev. =  1381.8565       accum. std. dev =  839.68163    *
#   min/max. wt. =    0.00000             49.6593               *
#                                                               *
#*************   chi**2/iteration =  1.631       ****************


#********** Integration by Vegas (iteration       5) ************
#                                                               *
#  integral  =  7879916.7       accum. integral =  7879597.9    *
#  std. dev. =  1359.4476       accum. std. dev =  714.39634    *
#   min/max. wt. =    0.00000             35.2465               *
#                                                               *
#*************   chi**2/iteration =  1.242       ****************


  Input parameters for vegas:  ndim= 19   ncall= 99999999.
                              it=    0    itmx=    1
                              acc=-1.00    
                              mds=  0     nd=  50
                              (xl,xu)= (  0.00000     ,  1.00000     )
                                       (  0.00000     ,  1.00000     )
                                       (  0.00000     ,  1.00000     )
                                       (  0.00000     ,  1.00000     )
                                       (  0.00000     ,  1.00000     )
                                       (  0.00000     ,  1.00000     )
                                       (  0.00000     ,  1.00000     )
                                       (  0.00000     ,  1.00000     )
                                       (  0.00000     ,  1.00000     )
                                       (  0.00000     ,  1.00000     )
                                       (  0.00000     ,  1.00000     )
                                       (  0.00000     ,  1.00000     )
                                       (  0.00000     ,  1.00000     )
                                       (  0.00000     ,  1.00000     )
                                       (  0.00000     ,  1.00000     )
                                       (  0.00000     ,  1.00000     )
                                       (  0.00000     ,  1.00000     )
                                       (  0.00000     ,  1.00000     )
                                       (  0.00000     ,  1.00000     )

#********** Integration by Vegas (iteration       1) ************
#                                                               *
#  integral  =  7879087.1       accum. integral =  7879087.1    *
#  std. dev. =  1353.6705       accum. std. dev =  1353.6705    *
#   min/max. wt. =    0.00000             30.6053               *
#                                                               *
#*************   chi**2/iteration =  0.000       ****************

 Done
