SLURM job running in:  /work-zfs/lhc/heshy/JHUGen/xsecs/JHUGen_interference/JHUGenerator/xsecs
  ****************************************
 
       NNPDFDriver version 1.0.3
   Grid: ./pdfs/NNPDF30_lo_as_0130.LHgrid                                                                    
  ****************************************
 
  
  ***************************************************************************************
  *                                JHU Generator v7.0.2                                 *
  ***************************************************************************************
  *                                                                                     *
  *   Spin and parity determination of single-produced resonances at hadron colliders   *
  *                                                                                     *
  *          I. Anderson, S. Bolognesi, F. Caola, Y. Gao, A. Gritsan, Z. Guo,           *
  *        C. Martin, K. Melnikov, R. Rontsch, H. Roskes, U. Sarica, M. Schulze,        *
  *                   N. Tran, A. Whitbeck, M. Xiao, C. You, Y. Zhou                    *
  *              Phys.Rev. D81 (2010) 075022;  arXiv:1001.3396  [hep-ph],               *
  *              Phys.Rev. D86 (2012) 095031;  arXiv:1208.4018  [hep-ph],               *
  *              Phys.Rev. D89 (2014) 035007;  arXiv:1309.4819  [hep-ph],               *
  *              Phys.Rev. D94 (2016) 055023;  arXiv:1606.03107 [hep-ph].               *
  *                                                                                     *
  ***************************************************************************************
  
   
   Command line: /work-zfs/lhc/heshy/JHUGen/xsecs/JHUGen_interference/JHUGenerator/xsecs/../JHUGen Unweighted=0 VegasNc0=99999999 VegasNc1=99999999 VegasNc2=99999999 PDFSet=3 DataFile=workdir/WH_a1a3_40 MPhotonCutoff=0 Process=50 DecayMode1=11 ghz1=1,0 ghz4=0.1236136,0
   
   Input Parameter:
    Collider: P-P, sqrt(s)=13000.00
    Resonance: spin=0, mass= 125.00 width=   0.00407
    DecayMode1:11
    W-boson: mass=80.399, width=2.0850
    Jet cuts:
            pT >=     0.00 GeV
        DeltaR >=     0.00
           mJJ >=     0.00 GeV
    Random seed:   149407723
    To reproduce results using this seed, JHUGen should be compiled with the same compiler:
      GNU Fortran (GCC) 4.9.3
    
    WidthScheme:   2
    PDFSet:   3
    Unweighted: F
    
    spin-0-VV couplings: 
      generate_as=F
      ghg2=  0.10000000E+01  0.00000000E+00i
      ghz1=  0.10000000E+01  0.00000000E+00i
      ghz4=  0.12361360E+00  0.00000000E+00i
      Lambda=  1000.0
    
    LHE output: workdir/WH_a1a3_40.lhe
    Histogram output: workdir/WH_a1a3_40.dat
    Log file: workdir/WH_a1a3_40.log
    
  Running

  Input parameters for vegas:  ndim= 19   ncall= 99999999.
                              it=    0    itmx=    5
                              acc=-1.00    
                              mds=  0     nd=  50
                              (xl,xu)= (  0.00000     ,  1.00000     )
                                       (  0.00000     ,  1.00000     )
                                       (  0.00000     ,  1.00000     )
                                       (  0.00000     ,  1.00000     )
                                       (  0.00000     ,  1.00000     )
                                       (  0.00000     ,  1.00000     )
                                       (  0.00000     ,  1.00000     )
                                       (  0.00000     ,  1.00000     )
                                       (  0.00000     ,  1.00000     )
                                       (  0.00000     ,  1.00000     )
                                       (  0.00000     ,  1.00000     )
                                       (  0.00000     ,  1.00000     )
                                       (  0.00000     ,  1.00000     )
                                       (  0.00000     ,  1.00000     )
                                       (  0.00000     ,  1.00000     )
                                       (  0.00000     ,  1.00000     )
                                       (  0.00000     ,  1.00000     )
                                       (  0.00000     ,  1.00000     )
                                       (  0.00000     ,  1.00000     )

#********** Integration by Vegas (iteration       1) ************
#                                                               *
#  integral  =  29619545.       accum. integral =  29619545.    *
#  std. dev. =  8875.9093       accum. std. dev =  8875.9093    *
#   min/max. wt. =    0.00000             126.045               *
#                                                               *
#*************   chi**2/iteration = 0.1587E-05   ****************


#********** Integration by Vegas (iteration       2) ************
#                                                               *
#  integral  =  29627571.       accum. integral =  29625548.    *
#  std. dev. =  5154.0534       accum. std. dev =  4456.8038    *
#   min/max. wt. =    0.00000             101.230               *
#                                                               *
#*************   chi**2/iteration = 0.6107       ****************


#********** Integration by Vegas (iteration       3) ************
#                                                               *
#  integral  =  29623142.       accum. integral =  29624411.    *
#  std. dev. =  4710.9412       accum. std. dev =  3237.5592    *
#   min/max. wt. =    0.00000             83.6161               *
#                                                               *
#*************   chi**2/iteration = 0.3743       ****************


#********** Integration by Vegas (iteration       4) ************
#                                                               *
#  integral  =  29628420.       accum. integral =  29625717.    *
#  std. dev. =  4659.3936       accum. std. dev =  2658.7002    *
#   min/max. wt. =    0.00000             108.922               *
#                                                               *
#*************   chi**2/iteration = 0.4159       ****************


#********** Integration by Vegas (iteration       5) ************
#                                                               *
#  integral  =  29632958.       accum. integral =  29627501.    *
#  std. dev. =  4650.3809       accum. std. dev =  2308.0818    *
#   min/max. wt. =    0.00000             103.830               *
#                                                               *
#*************   chi**2/iteration = 0.7688       ****************


  Input parameters for vegas:  ndim= 19   ncall= 99999999.
                              it=    0    itmx=    1
                              acc=-1.00    
                              mds=  0     nd=  50
                              (xl,xu)= (  0.00000     ,  1.00000     )
                                       (  0.00000     ,  1.00000     )
                                       (  0.00000     ,  1.00000     )
                                       (  0.00000     ,  1.00000     )
                                       (  0.00000     ,  1.00000     )
                                       (  0.00000     ,  1.00000     )
                                       (  0.00000     ,  1.00000     )
                                       (  0.00000     ,  1.00000     )
                                       (  0.00000     ,  1.00000     )
                                       (  0.00000     ,  1.00000     )
                                       (  0.00000     ,  1.00000     )
                                       (  0.00000     ,  1.00000     )
                                       (  0.00000     ,  1.00000     )
                                       (  0.00000     ,  1.00000     )
                                       (  0.00000     ,  1.00000     )
                                       (  0.00000     ,  1.00000     )
                                       (  0.00000     ,  1.00000     )
                                       (  0.00000     ,  1.00000     )
                                       (  0.00000     ,  1.00000     )

#********** Integration by Vegas (iteration       1) ************
#                                                               *
#  integral  =  29625045.       accum. integral =  29625045.    *
#  std. dev. =  4650.8729       accum. std. dev =  4650.8729    *
#   min/max. wt. =    0.00000             84.2228               *
#                                                               *
#*************   chi**2/iteration =  0.000       ****************

 Done
