SLURM job running in:  /work-zfs/lhc/heshy/JHUGen/xsecs/JHUGen_interference/JHUGenerator/xsecs
  ****************************************
 
       NNPDFDriver version 1.0.3
   Grid: ./pdfs/NNPDF30_lo_as_0130.LHgrid                                                                    
  ****************************************
 
  
  ***************************************************************************************
  *                                JHU Generator v7.0.2                                 *
  ***************************************************************************************
  *                                                                                     *
  *   Spin and parity determination of single-produced resonances at hadron colliders   *
  *                                                                                     *
  *          I. Anderson, S. Bolognesi, F. Caola, Y. Gao, A. Gritsan, Z. Guo,           *
  *        C. Martin, K. Melnikov, R. Rontsch, H. Roskes, U. Sarica, M. Schulze,        *
  *                   N. Tran, A. Whitbeck, M. Xiao, C. You, Y. Zhou                    *
  *              Phys.Rev. D81 (2010) 075022;  arXiv:1001.3396  [hep-ph],               *
  *              Phys.Rev. D86 (2012) 095031;  arXiv:1208.4018  [hep-ph],               *
  *              Phys.Rev. D89 (2014) 035007;  arXiv:1309.4819  [hep-ph],               *
  *              Phys.Rev. D94 (2016) 055023;  arXiv:1606.03107 [hep-ph].               *
  *                                                                                     *
  ***************************************************************************************
  
   
   Command line: /work-zfs/lhc/heshy/JHUGen/xsecs/JHUGen_interference/JHUGenerator/xsecs/../JHUGen Unweighted=0 VegasNc0=99999999 VegasNc1=99999999 VegasNc2=99999999 PDFSet=3 DataFile=workdir/WH_a2a3_49 MPhotonCutoff=0 Process=50 DecayMode1=11 ghz1=0,0 ghz2=0.0998956,0 ghz4=0.1236136,0
   
   Input Parameter:
    Collider: P-P, sqrt(s)=13000.00
    Resonance: spin=0, mass= 125.00 width=   0.00407
    DecayMode1:11
    W-boson: mass=80.399, width=2.0850
    Jet cuts:
            pT >=     0.00 GeV
        DeltaR >=     0.00
           mJJ >=     0.00 GeV
    Random seed:   220044749
    To reproduce results using this seed, JHUGen should be compiled with the same compiler:
      GNU Fortran (GCC) 4.9.3
    
    WidthScheme:   2
    PDFSet:   3
    Unweighted: F
    
    spin-0-VV couplings: 
      generate_as=F
      ghg2=  0.10000000E+01  0.00000000E+00i
      ghz2=  0.99895600E-01  0.00000000E+00i
      ghz4=  0.12361360E+00  0.00000000E+00i
      Lambda=  1000.0
    
    LHE output: workdir/WH_a2a3_49.lhe
    Histogram output: workdir/WH_a2a3_49.dat
    Log file: workdir/WH_a2a3_49.log
    
  Running

  Input parameters for vegas:  ndim= 19   ncall= 99999999.
                              it=    0    itmx=    5
                              acc=-1.00    
                              mds=  0     nd=  50
                              (xl,xu)= (  0.00000     ,  1.00000     )
                                       (  0.00000     ,  1.00000     )
                                       (  0.00000     ,  1.00000     )
                                       (  0.00000     ,  1.00000     )
                                       (  0.00000     ,  1.00000     )
                                       (  0.00000     ,  1.00000     )
                                       (  0.00000     ,  1.00000     )
                                       (  0.00000     ,  1.00000     )
                                       (  0.00000     ,  1.00000     )
                                       (  0.00000     ,  1.00000     )
                                       (  0.00000     ,  1.00000     )
                                       (  0.00000     ,  1.00000     )
                                       (  0.00000     ,  1.00000     )
                                       (  0.00000     ,  1.00000     )
                                       (  0.00000     ,  1.00000     )
                                       (  0.00000     ,  1.00000     )
                                       (  0.00000     ,  1.00000     )
                                       (  0.00000     ,  1.00000     )
                                       (  0.00000     ,  1.00000     )

#********** Integration by Vegas (iteration       1) ************
#                                                               *
#  integral  =  29639075.       accum. integral =  29639075.    *
#  std. dev. =  10208.017       accum. std. dev =  10208.017    *
#   min/max. wt. =    0.00000             533.145               *
#                                                               *
#*************   chi**2/iteration =  0.000       ****************


#********** Integration by Vegas (iteration       2) ************
#                                                               *
#  integral  =  29630765.       accum. integral =  29632604.    *
#  std. dev. =  5438.8355       accum. std. dev =  4800.4098    *
#   min/max. wt. =    0.00000             132.806               *
#                                                               *
#*************   chi**2/iteration = 0.5157       ****************


#********** Integration by Vegas (iteration       3) ************
#                                                               *
#  integral  =  29629972.       accum. integral =  29631312.    *
#  std. dev. =  4889.9406       accum. std. dev =  3425.7076    *
#   min/max. wt. =    0.00000             168.835               *
#                                                               *
#*************   chi**2/iteration = 0.3318       ****************


#********** Integration by Vegas (iteration       4) ************
#                                                               *
#  integral  =  29634901.       accum. integral =  29632518.    *
#  std. dev. =  4817.1235       accum. std. dev =  2791.7314    *
#   min/max. wt. =    0.00000             197.518               *
#                                                               *
#*************   chi**2/iteration = 0.3440       ****************


#********** Integration by Vegas (iteration       5) ************
#                                                               *
#  integral  =  29622830.       accum. integral =  29630055.    *
#  std. dev. =  4779.8698       accum. std. dev =  2410.7237    *
#   min/max. wt. =    0.00000             172.067               *
#                                                               *
#*************   chi**2/iteration =  1.023       ****************


  Input parameters for vegas:  ndim= 19   ncall= 99999999.
                              it=    0    itmx=    1
                              acc=-1.00    
                              mds=  0     nd=  50
                              (xl,xu)= (  0.00000     ,  1.00000     )
                                       (  0.00000     ,  1.00000     )
                                       (  0.00000     ,  1.00000     )
                                       (  0.00000     ,  1.00000     )
                                       (  0.00000     ,  1.00000     )
                                       (  0.00000     ,  1.00000     )
                                       (  0.00000     ,  1.00000     )
                                       (  0.00000     ,  1.00000     )
                                       (  0.00000     ,  1.00000     )
                                       (  0.00000     ,  1.00000     )
                                       (  0.00000     ,  1.00000     )
                                       (  0.00000     ,  1.00000     )
                                       (  0.00000     ,  1.00000     )
                                       (  0.00000     ,  1.00000     )
                                       (  0.00000     ,  1.00000     )
                                       (  0.00000     ,  1.00000     )
                                       (  0.00000     ,  1.00000     )
                                       (  0.00000     ,  1.00000     )
                                       (  0.00000     ,  1.00000     )

#********** Integration by Vegas (iteration       1) ************
#                                                               *
#  integral  =  29629053.       accum. integral =  29629053.    *
#  std. dev. =  4772.8888       accum. std. dev =  4772.8888    *
#   min/max. wt. =    0.00000             252.686               *
#                                                               *
#*************   chi**2/iteration = -.1097E-04   ****************

 Done
