SLURM job running in:  /work-zfs/lhc/heshy/JHUGen/xsecs/JHUGen_interference/JHUGenerator/xsecs
  ****************************************
 
       NNPDFDriver version 1.0.3
   Grid: ./pdfs/NNPDF30_lo_as_0130.LHgrid                                                                    
  ****************************************
 
  
  ***************************************************************************************
  *                                JHU Generator v7.0.2                                 *
  ***************************************************************************************
  *                                                                                     *
  *   Spin and parity determination of single-produced resonances at hadron colliders   *
  *                                                                                     *
  *          I. Anderson, S. Bolognesi, F. Caola, Y. Gao, A. Gritsan, Z. Guo,           *
  *        C. Martin, K. Melnikov, R. Rontsch, H. Roskes, U. Sarica, M. Schulze,        *
  *                   N. Tran, A. Whitbeck, M. Xiao, C. You, Y. Zhou                    *
  *              Phys.Rev. D81 (2010) 075022;  arXiv:1001.3396  [hep-ph],               *
  *              Phys.Rev. D86 (2012) 095031;  arXiv:1208.4018  [hep-ph],               *
  *              Phys.Rev. D89 (2014) 035007;  arXiv:1309.4819  [hep-ph],               *
  *              Phys.Rev. D94 (2016) 055023;  arXiv:1606.03107 [hep-ph].               *
  *                                                                                     *
  ***************************************************************************************
  
   
   Command line: /work-zfs/lhc/heshy/JHUGen/xsecs/JHUGen_interference/JHUGenerator/xsecs/../JHUGen Unweighted=0 VegasNc0=99999999 VegasNc1=99999999 VegasNc2=99999999 PDFSet=3 DataFile=workdir/ZH_a1a3_11 MPhotonCutoff=0 Process=50 DecayMode1=9 ghz1=1,0 ghz4=0.144057,0
   
   Input Parameter:
    Collider: P-P, sqrt(s)=13000.00
    Resonance: spin=0, mass= 125.00 width=   0.00407
    DecayMode1: 9
    Z-boson: mass=91.188, width=2.4952
    Jet cuts:
            pT >=     0.00 GeV
        DeltaR >=     0.00
           mJJ >=     0.00 GeV
    Random seed:   338267997
    To reproduce results using this seed, JHUGen should be compiled with the same compiler:
      GNU Fortran (GCC) 4.9.3
    
    WidthScheme:   2
    PDFSet:   3
    Unweighted: F
    
    spin-0-VV couplings: 
      generate_as=F
      ghg2=  0.10000000E+01  0.00000000E+00i
      ghz1=  0.10000000E+01  0.00000000E+00i
      ghz4=  0.14405700E+00  0.00000000E+00i
      Lambda=  1000.0
    
    LHE output: workdir/ZH_a1a3_11.lhe
    Histogram output: workdir/ZH_a1a3_11.dat
    Log file: workdir/ZH_a1a3_11.log
    
  Running

  Input parameters for vegas:  ndim= 19   ncall= 99999999.
                              it=    0    itmx=    5
                              acc=-1.00    
                              mds=  0     nd=  50
                              (xl,xu)= (  0.00000     ,  1.00000     )
                                       (  0.00000     ,  1.00000     )
                                       (  0.00000     ,  1.00000     )
                                       (  0.00000     ,  1.00000     )
                                       (  0.00000     ,  1.00000     )
                                       (  0.00000     ,  1.00000     )
                                       (  0.00000     ,  1.00000     )
                                       (  0.00000     ,  1.00000     )
                                       (  0.00000     ,  1.00000     )
                                       (  0.00000     ,  1.00000     )
                                       (  0.00000     ,  1.00000     )
                                       (  0.00000     ,  1.00000     )
                                       (  0.00000     ,  1.00000     )
                                       (  0.00000     ,  1.00000     )
                                       (  0.00000     ,  1.00000     )
                                       (  0.00000     ,  1.00000     )
                                       (  0.00000     ,  1.00000     )
                                       (  0.00000     ,  1.00000     )
                                       (  0.00000     ,  1.00000     )

#********** Integration by Vegas (iteration       1) ************
#                                                               *
#  integral  =  2873832.1       accum. integral =  2873832.1    *
#  std. dev. =  934.59482       accum. std. dev =  934.59482    *
#   min/max. wt. =    0.00000             14.2490               *
#                                                               *
#*************   chi**2/iteration = -.1118E-05   ****************


#********** Integration by Vegas (iteration       2) ************
#                                                               *
#  integral  =  2873699.1       accum. integral =  2873744.4    *
#  std. dev. =  670.89025       accum. std. dev =  545.01198    *
#   min/max. wt. =    0.00000             10.4922               *
#                                                               *
#*************   chi**2/iteration = 0.1335E-01   ****************


#********** Integration by Vegas (iteration       3) ************
#                                                               *
#  integral  =  2874086.1       accum. integral =  2873890.6    *
#  std. dev. =  630.34614       accum. std. dev =  412.27191    *
#   min/max. wt. =    0.00000             14.1288               *
#                                                               *
#*************   chi**2/iteration = 0.9073E-01   ****************


#********** Integration by Vegas (iteration       4) ************
#                                                               *
#  integral  =  2873737.2       accum. integral =  2873843.8    *
#  std. dev. =  622.49423       accum. std. dev =  343.72454    *
#   min/max. wt. =    0.00000             14.1632               *
#                                                               *
#*************   chi**2/iteration = 0.7456E-01   ****************


#********** Integration by Vegas (iteration       5) ************
#                                                               *
#  integral  =  2874763.0       accum. integral =  2874059.3    *
#  std. dev. =  621.38577       accum. std. dev =  300.77162    *
#   min/max. wt. =    0.00000             17.0251               *
#                                                               *
#*************   chi**2/iteration = 0.4748       ****************


  Input parameters for vegas:  ndim= 19   ncall= 99999999.
                              it=    0    itmx=    1
                              acc=-1.00    
                              mds=  0     nd=  50
                              (xl,xu)= (  0.00000     ,  1.00000     )
                                       (  0.00000     ,  1.00000     )
                                       (  0.00000     ,  1.00000     )
                                       (  0.00000     ,  1.00000     )
                                       (  0.00000     ,  1.00000     )
                                       (  0.00000     ,  1.00000     )
                                       (  0.00000     ,  1.00000     )
                                       (  0.00000     ,  1.00000     )
                                       (  0.00000     ,  1.00000     )
                                       (  0.00000     ,  1.00000     )
                                       (  0.00000     ,  1.00000     )
                                       (  0.00000     ,  1.00000     )
                                       (  0.00000     ,  1.00000     )
                                       (  0.00000     ,  1.00000     )
                                       (  0.00000     ,  1.00000     )
                                       (  0.00000     ,  1.00000     )
                                       (  0.00000     ,  1.00000     )
                                       (  0.00000     ,  1.00000     )
                                       (  0.00000     ,  1.00000     )

#********** Integration by Vegas (iteration       1) ************
#                                                               *
#  integral  =  2873209.3       accum. integral =  2873209.3    *
#  std. dev. =  620.69168       accum. std. dev =  620.69168    *
#   min/max. wt. =    0.00000             11.9311               *
#                                                               *
#*************   chi**2/iteration =  0.000       ****************

 Done
