SLURM job running in:  /work-zfs/lhc/heshy/JHUGen/xsecs/JHUGen_interference/JHUGenerator/xsecs
  ****************************************
 
       NNPDFDriver version 1.0.3
   Grid: ./pdfs/NNPDF30_lo_as_0130.LHgrid                                                                    
  ****************************************
 
  
  ***************************************************************************************
  *                                JHU Generator v7.0.2                                 *
  ***************************************************************************************
  *                                                                                     *
  *   Spin and parity determination of single-produced resonances at hadron colliders   *
  *                                                                                     *
  *          I. Anderson, S. Bolognesi, F. Caola, Y. Gao, A. Gritsan, Z. Guo,           *
  *        C. Martin, K. Melnikov, R. Rontsch, H. Roskes, U. Sarica, M. Schulze,        *
  *                   N. Tran, A. Whitbeck, M. Xiao, C. You, Y. Zhou                    *
  *              Phys.Rev. D81 (2010) 075022;  arXiv:1001.3396  [hep-ph],               *
  *              Phys.Rev. D86 (2012) 095031;  arXiv:1208.4018  [hep-ph],               *
  *              Phys.Rev. D89 (2014) 035007;  arXiv:1309.4819  [hep-ph],               *
  *              Phys.Rev. D94 (2016) 055023;  arXiv:1606.03107 [hep-ph].               *
  *                                                                                     *
  ***************************************************************************************
  
   
   Command line: /work-zfs/lhc/heshy/JHUGen/xsecs/JHUGen_interference/JHUGenerator/xsecs/../JHUGen Unweighted=0 VegasNc0=99999999 VegasNc1=99999999 VegasNc2=99999999 PDFSet=3 DataFile=workdir/ZH_a1L1Zg_21 MPhotonCutoff=0 Process=50 DecayMode1=9 ghz1=1,0 ghzgs1_prime2=-642.953455038,0
   
   Input Parameter:
    Collider: P-P, sqrt(s)=13000.00
    Resonance: spin=0, mass= 125.00 width=   0.00407
    DecayMode1: 9
    Z-boson: mass=91.188, width=2.4952
    Jet cuts:
            pT >=     0.00 GeV
        DeltaR >=     0.00
           mJJ >=     0.00 GeV
    Random seed:   280265346
    To reproduce results using this seed, JHUGen should be compiled with the same compiler:
      GNU Fortran (GCC) 4.9.3
    
    WidthScheme:   2
    PDFSet:   3
    Unweighted: F
    
    spin-0-VV couplings: 
      generate_as=F
      ghg2=  0.10000000E+01  0.00000000E+00i
      ghz1=  0.10000000E+01  0.00000000E+00i
      m(gammastar) >=     0.00 GeV
      ghzgs1_prime2= -0.64295346E+03  0.00000000E+00i,  Lambda_zgs1=  1.0000E+04
      Lambda=  1000.0
    
    LHE output: workdir/ZH_a1L1Zg_21.lhe
    Histogram output: workdir/ZH_a1L1Zg_21.dat
    Log file: workdir/ZH_a1L1Zg_21.log
    
  Running

  Input parameters for vegas:  ndim= 19   ncall= 99999999.
                              it=    0    itmx=    5
                              acc=-1.00    
                              mds=  0     nd=  50
                              (xl,xu)= (  0.00000     ,  1.00000     )
                                       (  0.00000     ,  1.00000     )
                                       (  0.00000     ,  1.00000     )
                                       (  0.00000     ,  1.00000     )
                                       (  0.00000     ,  1.00000     )
                                       (  0.00000     ,  1.00000     )
                                       (  0.00000     ,  1.00000     )
                                       (  0.00000     ,  1.00000     )
                                       (  0.00000     ,  1.00000     )
                                       (  0.00000     ,  1.00000     )
                                       (  0.00000     ,  1.00000     )
                                       (  0.00000     ,  1.00000     )
                                       (  0.00000     ,  1.00000     )
                                       (  0.00000     ,  1.00000     )
                                       (  0.00000     ,  1.00000     )
                                       (  0.00000     ,  1.00000     )
                                       (  0.00000     ,  1.00000     )
                                       (  0.00000     ,  1.00000     )
                                       (  0.00000     ,  1.00000     )

#********** Integration by Vegas (iteration       1) ************
#                                                               *
#  integral  =  3479391.3       accum. integral =  3479391.3    *
#  std. dev. =  1045.6398       accum. std. dev =  1045.6398    *
#   min/max. wt. =    0.00000             4.23670               *
#                                                               *
#*************   chi**2/iteration = -.3573E-05   ****************


#********** Integration by Vegas (iteration       2) ************
#                                                               *
#  integral  =  3481099.2       accum. integral =  3480525.2    *
#  std. dev. =  744.33547       accum. std. dev =  606.34065    *
#   min/max. wt. =    0.00000             2.32020               *
#                                                               *
#*************   chi**2/iteration =  1.769       ****************


#********** Integration by Vegas (iteration       3) ************
#                                                               *
#  integral  =  3480900.0       accum. integral =  3480686.1    *
#  std. dev. =  699.19953       accum. std. dev =  458.07749    *
#   min/max. wt. =    0.00000             1.91719               *
#                                                               *
#*************   chi**2/iteration = 0.9666       ****************


#********** Integration by Vegas (iteration       4) ************
#                                                               *
#  integral  =  3481229.4       accum. integral =  3480852.3    *
#  std. dev. =  690.19173       accum. std. dev =  381.66131    *
#   min/max. wt. =    0.00000             2.50615               *
#                                                               *
#*************   chi**2/iteration = 0.7878       ****************


#********** Integration by Vegas (iteration       5) ************
#                                                               *
#  integral  =  3481277.8       accum. integral =  3480952.2    *
#  std. dev. =  689.09077       accum. std. dev =  333.86967    *
#   min/max. wt. =    0.00000             2.55943               *
#                                                               *
#*************   chi**2/iteration = 0.6638       ****************


  Input parameters for vegas:  ndim= 19   ncall= 99999999.
                              it=    0    itmx=    1
                              acc=-1.00    
                              mds=  0     nd=  50
                              (xl,xu)= (  0.00000     ,  1.00000     )
                                       (  0.00000     ,  1.00000     )
                                       (  0.00000     ,  1.00000     )
                                       (  0.00000     ,  1.00000     )
                                       (  0.00000     ,  1.00000     )
                                       (  0.00000     ,  1.00000     )
                                       (  0.00000     ,  1.00000     )
                                       (  0.00000     ,  1.00000     )
                                       (  0.00000     ,  1.00000     )
                                       (  0.00000     ,  1.00000     )
                                       (  0.00000     ,  1.00000     )
                                       (  0.00000     ,  1.00000     )
                                       (  0.00000     ,  1.00000     )
                                       (  0.00000     ,  1.00000     )
                                       (  0.00000     ,  1.00000     )
                                       (  0.00000     ,  1.00000     )
                                       (  0.00000     ,  1.00000     )
                                       (  0.00000     ,  1.00000     )
                                       (  0.00000     ,  1.00000     )

#********** Integration by Vegas (iteration       1) ************
#                                                               *
#  integral  =  3479489.9       accum. integral =  3479489.9    *
#  std. dev. =  687.83610       accum. std. dev =  687.83610    *
#   min/max. wt. =    0.00000             2.59286               *
#                                                               *
#*************   chi**2/iteration =  0.000       ****************

 Done
