SLURM job running in:  /work-zfs/lhc/heshy/JHUGen/xsecs/JHUGen_interference/JHUGenerator/xsecs
  ****************************************
 
       NNPDFDriver version 1.0.3
   Grid: ./pdfs/NNPDF30_lo_as_0130.LHgrid                                                                    
  ****************************************
 
  
  ***************************************************************************************
  *                                JHU Generator v7.0.2                                 *
  ***************************************************************************************
  *                                                                                     *
  *   Spin and parity determination of single-produced resonances at hadron colliders   *
  *                                                                                     *
  *          I. Anderson, S. Bolognesi, F. Caola, Y. Gao, A. Gritsan, Z. Guo,           *
  *        C. Martin, K. Melnikov, R. Rontsch, H. Roskes, U. Sarica, M. Schulze,        *
  *                   N. Tran, A. Whitbeck, M. Xiao, C. You, Y. Zhou                    *
  *              Phys.Rev. D81 (2010) 075022;  arXiv:1001.3396  [hep-ph],               *
  *              Phys.Rev. D86 (2012) 095031;  arXiv:1208.4018  [hep-ph],               *
  *              Phys.Rev. D89 (2014) 035007;  arXiv:1309.4819  [hep-ph],               *
  *              Phys.Rev. D94 (2016) 055023;  arXiv:1606.03107 [hep-ph].               *
  *                                                                                     *
  ***************************************************************************************
  
   
   Command line: /work-zfs/lhc/heshy/JHUGen/xsecs/JHUGen_interference/JHUGenerator/xsecs/../JHUGen Unweighted=0 VegasNc0=99999999 VegasNc1=99999999 VegasNc2=99999999 PDFSet=3 DataFile=workdir/ZH_a2a3_42 MPhotonCutoff=0 Process=50 DecayMode1=9 ghz1=0,0 ghz2=0.112481,0 ghz4=0.144057,0
   
   Input Parameter:
    Collider: P-P, sqrt(s)=13000.00
    Resonance: spin=0, mass= 125.00 width=   0.00407
    DecayMode1: 9
    Z-boson: mass=91.188, width=2.4952
    Jet cuts:
            pT >=     0.00 GeV
        DeltaR >=     0.00
           mJJ >=     0.00 GeV
    Random seed:   901651240
    To reproduce results using this seed, JHUGen should be compiled with the same compiler:
      GNU Fortran (GCC) 4.9.3
    
    WidthScheme:   2
    PDFSet:   3
    Unweighted: F
    
    spin-0-VV couplings: 
      generate_as=F
      ghg2=  0.10000000E+01  0.00000000E+00i
      ghz2=  0.11248100E+00  0.00000000E+00i
      ghz4=  0.14405700E+00  0.00000000E+00i
      Lambda=  1000.0
    
    LHE output: workdir/ZH_a2a3_42.lhe
    Histogram output: workdir/ZH_a2a3_42.dat
    Log file: workdir/ZH_a2a3_42.log
    
  Running

  Input parameters for vegas:  ndim= 19   ncall= 99999999.
                              it=    0    itmx=    5
                              acc=-1.00    
                              mds=  0     nd=  50
                              (xl,xu)= (  0.00000     ,  1.00000     )
                                       (  0.00000     ,  1.00000     )
                                       (  0.00000     ,  1.00000     )
                                       (  0.00000     ,  1.00000     )
                                       (  0.00000     ,  1.00000     )
                                       (  0.00000     ,  1.00000     )
                                       (  0.00000     ,  1.00000     )
                                       (  0.00000     ,  1.00000     )
                                       (  0.00000     ,  1.00000     )
                                       (  0.00000     ,  1.00000     )
                                       (  0.00000     ,  1.00000     )
                                       (  0.00000     ,  1.00000     )
                                       (  0.00000     ,  1.00000     )
                                       (  0.00000     ,  1.00000     )
                                       (  0.00000     ,  1.00000     )
                                       (  0.00000     ,  1.00000     )
                                       (  0.00000     ,  1.00000     )
                                       (  0.00000     ,  1.00000     )
                                       (  0.00000     ,  1.00000     )

#********** Integration by Vegas (iteration       1) ************
#                                                               *
#  integral  =  2874774.1       accum. integral =  2874774.1    *
#  std. dev. =  996.05212       accum. std. dev =  996.05212    *
#   min/max. wt. =    0.00000             48.9061               *
#                                                               *
#*************   chi**2/iteration =  0.000       ****************


#********** Integration by Vegas (iteration       2) ************
#                                                               *
#  integral  =  2874908.9       accum. integral =  2874867.6    *
#  std. dev. =  662.09500       accum. std. dev =  551.38643    *
#   min/max. wt. =    0.00000             18.2977               *
#                                                               *
#*************   chi**2/iteration = 0.1269E-01   ****************


#********** Integration by Vegas (iteration       3) ************
#                                                               *
#  integral  =  2875082.8       accum. integral =  2874963.5    *
#  std. dev. =  614.78146       accum. std. dev =  410.47422    *
#   min/max. wt. =    0.00000             17.5999               *
#                                                               *
#*************   chi**2/iteration = 0.4028E-01   ****************


#********** Integration by Vegas (iteration       4) ************
#                                                               *
#  integral  =  2874377.5       accum. integral =  2874778.1    *
#  std. dev. =  603.25524       accum. std. dev =  339.36808    *
#   min/max. wt. =    0.00000             14.9633               *
#                                                               *
#*************   chi**2/iteration = 0.2418       ****************


#********** Integration by Vegas (iteration       5) ************
#                                                               *
#  integral  =  2873839.0       accum. integral =  2874551.2    *
#  std. dev. =  601.08037       accum. std. dev =  295.52383    *
#   min/max. wt. =    0.00000             13.3544               *
#                                                               *
#*************   chi**2/iteration = 0.6439       ****************


  Input parameters for vegas:  ndim= 19   ncall= 99999999.
                              it=    0    itmx=    1
                              acc=-1.00    
                              mds=  0     nd=  50
                              (xl,xu)= (  0.00000     ,  1.00000     )
                                       (  0.00000     ,  1.00000     )
                                       (  0.00000     ,  1.00000     )
                                       (  0.00000     ,  1.00000     )
                                       (  0.00000     ,  1.00000     )
                                       (  0.00000     ,  1.00000     )
                                       (  0.00000     ,  1.00000     )
                                       (  0.00000     ,  1.00000     )
                                       (  0.00000     ,  1.00000     )
                                       (  0.00000     ,  1.00000     )
                                       (  0.00000     ,  1.00000     )
                                       (  0.00000     ,  1.00000     )
                                       (  0.00000     ,  1.00000     )
                                       (  0.00000     ,  1.00000     )
                                       (  0.00000     ,  1.00000     )
                                       (  0.00000     ,  1.00000     )
                                       (  0.00000     ,  1.00000     )
                                       (  0.00000     ,  1.00000     )
                                       (  0.00000     ,  1.00000     )

#********** Integration by Vegas (iteration       1) ************
#                                                               *
#  integral  =  2874003.3       accum. integral =  2874003.3    *
#  std. dev. =  599.80492       accum. std. dev =  599.80492    *
#   min/max. wt. =    0.00000             18.0181               *
#                                                               *
#*************   chi**2/iteration = 0.2714E-05   ****************

 Done
