SLURM job running in:  /work-zfs/lhc/heshy/JHUGen/xsecs/JHUGen_interference/JHUGenerator/xsecs
  ****************************************
 
       NNPDFDriver version 1.0.3
   Grid: ./pdfs/NNPDF30_lo_as_0130.LHgrid                                                                    
  ****************************************
 
  
  ***************************************************************************************
  *                                JHU Generator v7.0.2                                 *
  ***************************************************************************************
  *                                                                                     *
  *   Spin and parity determination of single-produced resonances at hadron colliders   *
  *                                                                                     *
  *          I. Anderson, S. Bolognesi, F. Caola, Y. Gao, A. Gritsan, Z. Guo,           *
  *        C. Martin, K. Melnikov, R. Rontsch, H. Roskes, U. Sarica, M. Schulze,        *
  *                   N. Tran, A. Whitbeck, M. Xiao, C. You, Y. Zhou                    *
  *              Phys.Rev. D81 (2010) 075022;  arXiv:1001.3396  [hep-ph],               *
  *              Phys.Rev. D86 (2012) 095031;  arXiv:1208.4018  [hep-ph],               *
  *              Phys.Rev. D89 (2014) 035007;  arXiv:1309.4819  [hep-ph],               *
  *              Phys.Rev. D94 (2016) 055023;  arXiv:1606.03107 [hep-ph].               *
  *                                                                                     *
  ***************************************************************************************
  
   
   Command line: /work-zfs/lhc/heshy/JHUGen/xsecs/JHUGen_interference/JHUGenerator/xsecs/../JHUGen Unweighted=0 VegasNc0=99999999 VegasNc1=99999999 VegasNc2=99999999 PDFSet=3 DataFile=workdir/ZH_a3L1_36 MPhotonCutoff=0 Process=50 DecayMode1=9 ghz1=0,0 ghz4=0.144057,0 ghz1_prime2=-517.788,0
   
   Input Parameter:
    Collider: P-P, sqrt(s)=13000.00
    Resonance: spin=0, mass= 125.00 width=   0.00407
    DecayMode1: 9
    Z-boson: mass=91.188, width=2.4952
    Jet cuts:
            pT >=     0.00 GeV
        DeltaR >=     0.00
           mJJ >=     0.00 GeV
    Random seed:    99945990
    To reproduce results using this seed, JHUGen should be compiled with the same compiler:
      GNU Fortran (GCC) 4.9.3
    
    WidthScheme:   2
    PDFSet:   3
    Unweighted: F
    
    spin-0-VV couplings: 
      generate_as=F
      ghg2=  0.10000000E+01  0.00000000E+00i
      ghz4=  0.14405700E+00  0.00000000E+00i
      ghz1_prime2= -0.51778800E+03  0.00000000E+00i,    Lambda_z1=  1.0000E+04
      Lambda=  1000.0
    
    LHE output: workdir/ZH_a3L1_36.lhe
    Histogram output: workdir/ZH_a3L1_36.dat
    Log file: workdir/ZH_a3L1_36.log
    
  Running

  Input parameters for vegas:  ndim= 19   ncall= 99999999.
                              it=    0    itmx=    5
                              acc=-1.00    
                              mds=  0     nd=  50
                              (xl,xu)= (  0.00000     ,  1.00000     )
                                       (  0.00000     ,  1.00000     )
                                       (  0.00000     ,  1.00000     )
                                       (  0.00000     ,  1.00000     )
                                       (  0.00000     ,  1.00000     )
                                       (  0.00000     ,  1.00000     )
                                       (  0.00000     ,  1.00000     )
                                       (  0.00000     ,  1.00000     )
                                       (  0.00000     ,  1.00000     )
                                       (  0.00000     ,  1.00000     )
                                       (  0.00000     ,  1.00000     )
                                       (  0.00000     ,  1.00000     )
                                       (  0.00000     ,  1.00000     )
                                       (  0.00000     ,  1.00000     )
                                       (  0.00000     ,  1.00000     )
                                       (  0.00000     ,  1.00000     )
                                       (  0.00000     ,  1.00000     )
                                       (  0.00000     ,  1.00000     )
                                       (  0.00000     ,  1.00000     )

#********** Integration by Vegas (iteration       3) ************
#                                                               *
#  integral  =  2875027.4       accum. integral =  2874446.5    *
#  std. dev. =  624.19211       accum. std. dev =  414.99512    *
#   min/max. wt. =    0.00000             4.30833               *
#                                                               *
#*************   chi**2/iteration = 0.9315       ****************


#********** Integration by Vegas (iteration       1) ************
#                                                               *
#  integral  =  2873859.1       accum. integral =  2873859.1    *
#  std. dev. =  999.19711       accum. std. dev =  999.19711    *
#   min/max. wt. =    0.00000             16.5983               *
#                                                               *
#*************   chi**2/iteration =  0.000       ****************


#********** Integration by Vegas (iteration       4) ************
#                                                               *
#  integral  =  2873752.0       accum. integral =  2874229.8    *
#  std. dev. =  616.14766       accum. std. dev =  344.20599    *
#   min/max. wt. =    0.00000             3.75189               *
#                                                               *
#*************   chi**2/iteration = 0.9123       ****************


#********** Integration by Vegas (iteration       2) ************
#                                                               *
#  integral  =  2874582.8       accum. integral =  2874359.2    *
#  std. dev. =  668.34268       accum. std. dev =  555.49995    *
#   min/max. wt. =    0.00000             5.61358               *
#                                                               *
#*************   chi**2/iteration = 0.3620       ****************


#********** Integration by Vegas (iteration       5) ************
#                                                               *
#  integral  =  2874862.0       accum. integral =  2874380.4    *
#  std. dev. =  615.58590       accum. std. dev =  300.42741    *
#   min/max. wt. =    0.00000             5.81270               *
#                                                               *
#*************   chi**2/iteration = 0.8852       ****************


  Input parameters for vegas:  ndim= 19   ncall= 99999999.
                              it=    0    itmx=    1
                              acc=-1.00    
                              mds=  0     nd=  50
                              (xl,xu)= (  0.00000     ,  1.00000     )
                                       (  0.00000     ,  1.00000     )
                                       (  0.00000     ,  1.00000     )
                                       (  0.00000     ,  1.00000     )
                                       (  0.00000     ,  1.00000     )
                                       (  0.00000     ,  1.00000     )
                                       (  0.00000     ,  1.00000     )
                                       (  0.00000     ,  1.00000     )
                                       (  0.00000     ,  1.00000     )
                                       (  0.00000     ,  1.00000     )
                                       (  0.00000     ,  1.00000     )
                                       (  0.00000     ,  1.00000     )
                                       (  0.00000     ,  1.00000     )
                                       (  0.00000     ,  1.00000     )
                                       (  0.00000     ,  1.00000     )
                                       (  0.00000     ,  1.00000     )
                                       (  0.00000     ,  1.00000     )
                                       (  0.00000     ,  1.00000     )
                                       (  0.00000     ,  1.00000     )

#********** Integration by Vegas (iteration       3) ************
#                                                               *
#  integral  =  2875388.9       accum. integral =  2874814.3    *
#  std. dev. =  624.42022       accum. std. dev =  415.01578    *
#   min/max. wt. =    0.00000             4.07806               *
#                                                               *
#*************   chi**2/iteration = 0.9398       ****************


#********** Integration by Vegas (iteration       1) ************
#                                                               *
#  integral  =  2873591.7       accum. integral =  2873591.7    *
#  std. dev. =  614.29605       accum. std. dev =  614.29605    *
#   min/max. wt. =    0.00000             5.25816               *
#                                                               *
#*************   chi**2/iteration =  0.000       ****************

 Done

#********** Integration by Vegas (iteration       4) ************
#                                                               *
#  integral  =  2872949.7       accum. integral =  2874232.8    *
#  std. dev. =  616.13711       accum. std. dev =  344.22460    *
#   min/max. wt. =    0.00000             4.36007               *
#                                                               *
#*************   chi**2/iteration =  2.725       ****************


#********** Integration by Vegas (iteration       5) ************
#                                                               *
#  integral  =  2875136.7       accum. integral =  2874448.3    *
#  std. dev. =  615.52747       accum. std. dev =  300.43218    *
#   min/max. wt. =    0.00000             3.99682               *
#                                                               *
#*************   chi**2/iteration =  2.454       ****************


  Input parameters for vegas:  ndim= 19   ncall= 99999999.
                              it=    0    itmx=    1
                              acc=-1.00    
                              mds=  0     nd=  50
                              (xl,xu)= (  0.00000     ,  1.00000     )
                                       (  0.00000     ,  1.00000     )
                                       (  0.00000     ,  1.00000     )
                                       (  0.00000     ,  1.00000     )
                                       (  0.00000     ,  1.00000     )
                                       (  0.00000     ,  1.00000     )
                                       (  0.00000     ,  1.00000     )
                                       (  0.00000     ,  1.00000     )
                                       (  0.00000     ,  1.00000     )
                                       (  0.00000     ,  1.00000     )
                                       (  0.00000     ,  1.00000     )
                                       (  0.00000     ,  1.00000     )
                                       (  0.00000     ,  1.00000     )
                                       (  0.00000     ,  1.00000     )
                                       (  0.00000     ,  1.00000     )
                                       (  0.00000     ,  1.00000     )
                                       (  0.00000     ,  1.00000     )
                                       (  0.00000     ,  1.00000     )
                                       (  0.00000     ,  1.00000     )

#********** Integration by Vegas (iteration       1) ************
#                                                               *
#  integral  =  2873410.9       accum. integral =  2873410.9    *
#  std. dev. =  614.29575       accum. std. dev =  614.29575    *
#   min/max. wt. =    0.00000             5.21131               *
#                                                               *
#*************   chi**2/iteration =  0.000       ****************

 Done
