SLURM job running in:  /work-zfs/lhc/heshy/JHUGen/xsecs/JHUGen_interference/JHUGenerator/xsecs
  ****************************************
 
       NNPDFDriver version 1.0.3
   Grid: ./pdfs/NNPDF30_lo_as_0130.LHgrid                                                                    
  ****************************************
 
  
  ***************************************************************************************
  *                                JHU Generator v7.0.2                                 *
  ***************************************************************************************
  *                                                                                     *
  *   Spin and parity determination of single-produced resonances at hadron colliders   *
  *                                                                                     *
  *          I. Anderson, S. Bolognesi, F. Caola, Y. Gao, A. Gritsan, Z. Guo,           *
  *        C. Martin, K. Melnikov, R. Rontsch, H. Roskes, U. Sarica, M. Schulze,        *
  *                   N. Tran, A. Whitbeck, M. Xiao, C. You, Y. Zhou                    *
  *              Phys.Rev. D81 (2010) 075022;  arXiv:1001.3396  [hep-ph],               *
  *              Phys.Rev. D86 (2012) 095031;  arXiv:1208.4018  [hep-ph],               *
  *              Phys.Rev. D89 (2014) 035007;  arXiv:1309.4819  [hep-ph],               *
  *              Phys.Rev. D94 (2016) 055023;  arXiv:1606.03107 [hep-ph].               *
  *                                                                                     *
  ***************************************************************************************
  
   
   Command line: /work-zfs/lhc/heshy/JHUGen/xsecs/JHUGen_interference/JHUGenerator/xsecs/../JHUGen Unweighted=0 VegasNc0=99999999 VegasNc1=99999999 VegasNc2=99999999 PDFSet=3 DataFile=workdir/ZH_L1Zg_6 MPhotonCutoff=0 Process=50 DecayMode1=9 ghz1=0,0 ghzgs1_prime2=1,0
   
   Input Parameter:
    Collider: P-P, sqrt(s)=13000.00
    Resonance: spin=0, mass= 125.00 width=   0.00407
    DecayMode1: 9
    Z-boson: mass=91.188, width=2.4952
    Jet cuts:
            pT >=     0.00 GeV
        DeltaR >=     0.00
           mJJ >=     0.00 GeV
    Random seed:   548278752
    To reproduce results using this seed, JHUGen should be compiled with the same compiler:
      GNU Fortran (GCC) 4.9.3
    
    WidthScheme:   2
    PDFSet:   3
    Unweighted: F
    
    spin-0-VV couplings: 
      generate_as=F
      ghg2=  0.10000000E+01  0.00000000E+00i
      m(gammastar) >=     0.00 GeV
      ghzgs1_prime2=  0.10000000E+01  0.00000000E+00i,  Lambda_zgs1=  1.0000E+04
      Lambda=  1000.0
    
    LHE output: workdir/ZH_L1Zg_6.lhe
    Histogram output: workdir/ZH_L1Zg_6.dat
    Log file: workdir/ZH_L1Zg_6.log
    
  Running

  Input parameters for vegas:  ndim= 19   ncall= 99999999.
                              it=    0    itmx=    5
                              acc=-1.00    
                              mds=  0     nd=  50
                              (xl,xu)= (  0.00000     ,  1.00000     )
                                       (  0.00000     ,  1.00000     )
                                       (  0.00000     ,  1.00000     )
                                       (  0.00000     ,  1.00000     )
                                       (  0.00000     ,  1.00000     )
                                       (  0.00000     ,  1.00000     )
                                       (  0.00000     ,  1.00000     )
                                       (  0.00000     ,  1.00000     )
                                       (  0.00000     ,  1.00000     )
                                       (  0.00000     ,  1.00000     )
                                       (  0.00000     ,  1.00000     )
                                       (  0.00000     ,  1.00000     )
                                       (  0.00000     ,  1.00000     )
                                       (  0.00000     ,  1.00000     )
                                       (  0.00000     ,  1.00000     )
                                       (  0.00000     ,  1.00000     )
                                       (  0.00000     ,  1.00000     )
                                       (  0.00000     ,  1.00000     )
                                       (  0.00000     ,  1.00000     )

#********** Integration by Vegas (iteration       1) ************
#                                                               *
#  integral  =  3.4593220       accum. integral =  3.4593220    *
#  std. dev. = 0.12881712E-02   accum. std. dev = 0.12881712E-02*
#   min/max. wt. =    0.00000            0.823874E-05           *
#                                                               *
#*************   chi**2/iteration = 0.1070E-05   ****************


#********** Integration by Vegas (iteration       2) ************
#                                                               *
#  integral  =  3.4586495       accum. integral =  3.4587832    *
#  std. dev. = 0.64158266E-03   accum. std. dev = 0.57432827E-03*
#   min/max. wt. =    0.00000            0.269760E-05           *
#                                                               *
#*************   chi**2/iteration = 0.2182       ****************


#********** Integration by Vegas (iteration       3) ************
#                                                               *
#  integral  =  3.4603654       accum. integral =  3.4595695    *
#  std. dev. = 0.57806799E-03   accum. std. dev = 0.40740062E-03*
#   min/max. wt. =    0.00000            0.316504E-05           *
#                                                               *
#*************   chi**2/iteration =  1.993       ****************


#********** Integration by Vegas (iteration       4) ************
#                                                               *
#  integral  =  3.4598916       accum. integral =  3.4596788    *
#  std. dev. = 0.56821874E-03   accum. std. dev = 0.33108949E-03*
#   min/max. wt. =    0.00000            0.242804E-05           *
#                                                               *
#*************   chi**2/iteration =  1.400       ****************


#********** Integration by Vegas (iteration       5) ************
#                                                               *
#  integral  =  3.4595491       accum. integral =  3.4596459    *
#  std. dev. = 0.56709208E-03   accum. std. dev = 0.28592542E-03*
#   min/max. wt. =    0.00000            0.275386E-05           *
#                                                               *
#*************   chi**2/iteration =  1.060       ****************


  Input parameters for vegas:  ndim= 19   ncall= 99999999.
                              it=    0    itmx=    1
                              acc=-1.00    
                              mds=  0     nd=  50
                              (xl,xu)= (  0.00000     ,  1.00000     )
                                       (  0.00000     ,  1.00000     )
                                       (  0.00000     ,  1.00000     )
                                       (  0.00000     ,  1.00000     )
                                       (  0.00000     ,  1.00000     )
                                       (  0.00000     ,  1.00000     )
                                       (  0.00000     ,  1.00000     )
                                       (  0.00000     ,  1.00000     )
                                       (  0.00000     ,  1.00000     )
                                       (  0.00000     ,  1.00000     )
                                       (  0.00000     ,  1.00000     )
                                       (  0.00000     ,  1.00000     )
                                       (  0.00000     ,  1.00000     )
                                       (  0.00000     ,  1.00000     )
                                       (  0.00000     ,  1.00000     )
                                       (  0.00000     ,  1.00000     )
                                       (  0.00000     ,  1.00000     )
                                       (  0.00000     ,  1.00000     )
                                       (  0.00000     ,  1.00000     )

#********** Integration by Vegas (iteration       1) ************
#                                                               *
#  integral  =  3.4599432       accum. integral =  3.4599432    *
#  std. dev. = 0.56616024E-03   accum. std. dev = 0.56616024E-03*
#   min/max. wt. =    0.00000            0.288111E-05           *
#                                                               *
#*************   chi**2/iteration =  0.000       ****************

 Done
